{"/Users/mspaxman/code/workingrepos/seanforyou23-syndesis-react-poc/packages/api/src/ApiContext.tsx": {"path":"/Users/mspaxman/code/workingrepos/seanforyou23-syndesis-react-poc/packages/api/src/ApiContext.tsx","statementMap":{"0":{"start":{"line":1,"column":0},"end":{"line":1,"column":31}},"1":{"start":{"line":9,"column":13},"end":{"line":13,"column":17}},"2":{"start":{"line":15,"column":13},"end":{"line":17,"column":2}}},"fnMap":{},"branchMap":{},"s":{"0":1,"1":1,"2":1},"f":{},"b":{}}
,"/Users/mspaxman/code/workingrepos/seanforyou23-syndesis-react-poc/packages/api/src/DVFetch.tsx": {"path":"/Users/mspaxman/code/workingrepos/seanforyou23-syndesis-react-poc/packages/api/src/DVFetch.tsx","statementMap":{"0":{"start":{"line":1,"column":0},"end":{"line":1,"column":31}},"1":{"start":{"line":2,"column":0},"end":{"line":2,"column":42}},"2":{"start":{"line":3,"column":0},"end":{"line":3,"column":51}},"3":{"start":{"line":17,"column":38},"end":{"line":17,"column":48}},"4":{"start":{"line":19,"column":4},"end":{"line":25,"column":6}},"5":{"start":{"line":22,"column":10},"end":{"line":22,"column":72}},"6":{"start":{"line":15,"column":0},"end":{"line":15,"column":13}}},"fnMap":{"0":{"name":"(anonymous_0)","decl":{"start":{"line":16,"column":9},"end":{"line":16,"column":15}},"loc":{"start":{"line":16,"column":15},"end":{"line":26,"column":3}}},"1":{"name":"(anonymous_1)","decl":{"start":{"line":21,"column":9},"end":{"line":21,"column":10}},"loc":{"start":{"line":22,"column":10},"end":{"line":22,"column":72}}}},"branchMap":{},"s":{"0":1,"1":1,"2":1,"3":0,"4":0,"5":0,"6":1},"f":{"0":0,"1":0},"b":{}}
,"/Users/mspaxman/code/workingrepos/seanforyou23-syndesis-react-poc/packages/api/src/Fetch.tsx": {"path":"/Users/mspaxman/code/workingrepos/seanforyou23-syndesis-react-poc/packages/api/src/Fetch.tsx","statementMap":{"0":{"start":{"line":1,"column":0},"end":{"line":1,"column":34}},"1":{"start":{"line":2,"column":0},"end":{"line":2,"column":31}},"2":{"start":{"line":3,"column":0},"end":{"line":3,"column":39}},"3":{"start":{"line":4,"column":0},"end":{"line":4,"column":55}},"4":{"start":{"line":31,"column":4},"end":{"line":31,"column":17}},"5":{"start":{"line":32,"column":4},"end":{"line":32,"column":37}},"6":{"start":{"line":33,"column":4},"end":{"line":38,"column":6}},"7":{"start":{"line":42,"column":4},"end":{"line":42,"column":16}},"8":{"start":{"line":47,"column":6},"end":{"line":47,"column":18}},"9":{"start":{"line":55,"column":4},"end":{"line":55,"column":74}},"10":{"start":{"line":59,"column":4},"end":{"line":62,"column":7}},"11":{"start":{"line":67,"column":6},"end":{"line":67,"column":39}},"12":{"start":{"line":68,"column":23},"end":{"line":73,"column":8}},"13":{"start":{"line":75,"column":8},"end":{"line":75,"column":45}},"14":{"start":{"line":82,"column":8},"end":{"line":82,"column":37}},"15":{"start":{"line":84,"column":10},"end":{"line":84,"column":58}},"16":{"start":{"line":87,"column":8},"end":{"line":87,"column":37}},"17":{"start":{"line":89,"column":6},"end":{"line":89,"column":61}},"18":{"start":{"line":91,"column":6},"end":{"line":97,"column":9}},"19":{"start":{"line":29,"column":0},"end":{"line":29,"column":13}}},"fnMap":{"0":{"name":"(anonymous_0)","decl":{"start":{"line":30,"column":2},"end":{"line":30,"column":21}},"loc":{"start":{"line":30,"column":42},"end":{"line":39,"column":3}}},"1":{"name":"(anonymous_1)","decl":{"start":{"line":41,"column":9},"end":{"line":41,"column":14}},"loc":{"start":{"line":41,"column":32},"end":{"line":43,"column":3}}},"2":{"name":"(anonymous_2)","decl":{"start":{"line":45,"column":9},"end":{"line":45,"column":14}},"loc":{"start":{"line":45,"column":59},"end":{"line":49,"column":3}}},"3":{"name":"(anonymous_3)","decl":{"start":{"line":51,"column":9},"end":{"line":51,"column":30}},"loc":{"start":{"line":53,"column":29},"end":{"line":56,"column":3}}},"4":{"name":"(anonymous_4)","decl":{"start":{"line":58,"column":9},"end":{"line":58,"column":15}},"loc":{"start":{"line":58,"column":15},"end":{"line":63,"column":3}}},"5":{"name":"(anonymous_5)","decl":{"start":{"line":65,"column":9},"end":{"line":65,"column":14}},"loc":{"start":{"line":65,"column":19},"end":{"line":99,"column":3}}}},"branchMap":{"0":{"loc":{"start":{"line":34,"column":12},"end":{"line":34,"column":35}},"type":"binary-expr","locations":[{"start":{"line":34,"column":12},"end":{"line":34,"column":35}},{"start":{"line":34,"column":39},"end":{"line":34,"column":62}}]},"1":{"loc":{"start":{"line":55,"column":11},"end":{"line":55,"column":40}},"type":"binary-expr","locations":[{"start":{"line":55,"column":11},"end":{"line":55,"column":40}},{"start":{"line":55,"column":44},"end":{"line":55,"column":73}}]},"2":{"loc":{"start":{"line":79,"column":8},"end":{"line":79,"column":31}},"type":"binary-expr","locations":[{"start":{"line":79,"column":8},"end":{"line":79,"column":31}},{"start":{"line":80,"column":8},"end":{"line":80,"column":64}}]}},"s":{"0":1,"1":1,"2":1,"3":1,"4":1,"5":1,"6":1,"7":1,"8":0,"9":1,"10":2,"11":1,"12":1,"13":0,"14":0,"15":0,"16":0,"17":0,"18":1,"19":1},"f":{"0":1,"1":1,"2":1,"3":1,"4":2,"5":1},"b":{"0":[1,1],"1":[1,1],"2":[0,0]}}
,"/Users/mspaxman/code/workingrepos/seanforyou23-syndesis-react-poc/packages/api/src/ServerEventsContext.tsx": {"path":"/Users/mspaxman/code/workingrepos/seanforyou23-syndesis-react-poc/packages/api/src/ServerEventsContext.tsx","statementMap":{"0":{"start":{"line":1,"column":0},"end":{"line":1,"column":31}},"1":{"start":{"line":11,"column":13},"end":{"line":11,"column":74}},"2":{"start":{"line":13,"column":13},"end":{"line":15,"column":2}}},"fnMap":{},"branchMap":{},"s":{"0":1,"1":1,"2":1},"f":{},"b":{}}
,"/Users/mspaxman/code/workingrepos/seanforyou23-syndesis-react-poc/packages/api/src/Stream.tsx": {"path":"/Users/mspaxman/code/workingrepos/seanforyou23-syndesis-react-poc/packages/api/src/Stream.tsx","statementMap":{"0":{"start":{"line":1,"column":0},"end":{"line":1,"column":40}},"1":{"start":{"line":2,"column":0},"end":{"line":2,"column":45}},"2":{"start":{"line":22,"column":9},"end":{"line":67,"column":4}},"3":{"start":{"line":24,"column":6},"end":{"line":26,"column":9}},"4":{"start":{"line":28,"column":6},"end":{"line":59,"column":11}},"5":{"start":{"line":34,"column":26},"end":{"line":34,"column":39}},"6":{"start":{"line":36,"column":10},"end":{"line":36,"column":42}},"7":{"start":{"line":37,"column":30},"end":{"line":37,"column":54}},"8":{"start":{"line":38,"column":27},"end":{"line":56,"column":11}},"9":{"start":{"line":46,"column":14},"end":{"line":48,"column":17}},"10":{"start":{"line":50,"column":14},"end":{"line":52,"column":17}},"11":{"start":{"line":54,"column":14},"end":{"line":54,"column":49}},"12":{"start":{"line":58,"column":10},"end":{"line":58,"column":44}},"13":{"start":{"line":61,"column":6},"end":{"line":65,"column":9}},"14":{"start":{"line":69,"column":9},"end":{"line":71,"column":4}},"15":{"start":{"line":70,"column":4},"end":{"line":70,"column":48}},"16":{"start":{"line":10,"column":8},"end":{"line":10,"column":29}},"17":{"start":{"line":12,"column":6},"end":{"line":12,"column":18}},"18":{"start":{"line":18,"column":6},"end":{"line":18,"column":27}},"19":{"start":{"line":4,"column":0},"end":{"line":4,"column":13}}},"fnMap":{"0":{"name":"(anonymous_0)","decl":{"start":{"line":4,"column":0},"end":{"line":4,"column":13}},"loc":{"start":{"line":4,"column":0},"end":{"line":72,"column":1}}},"1":{"name":"(anonymous_1)","decl":{"start":{"line":22,"column":16},"end":{"line":22,"column":21}},"loc":{"start":{"line":22,"column":27},"end":{"line":67,"column":3}}},"2":{"name":"(anonymous_2)","decl":{"start":{"line":34,"column":14},"end":{"line":34,"column":22}},"loc":{"start":{"line":34,"column":26},"end":{"line":34,"column":39}}},"3":{"name":"(anonymous_3)","decl":{"start":{"line":35,"column":14},"end":{"line":35,"column":18}},"loc":{"start":{"line":35,"column":21},"end":{"line":59,"column":9}}},"4":{"name":"(anonymous_4)","decl":{"start":{"line":38,"column":27},"end":{"line":38,"column":28}},"loc":{"start":{"line":44,"column":15},"end":{"line":56,"column":11}}},"5":{"name":"(anonymous_5)","decl":{"start":{"line":69,"column":18},"end":{"line":69,"column":23}},"loc":{"start":{"line":69,"column":29},"end":{"line":71,"column":3}}},"6":{"name":"(anonymous_6)","decl":{"start":{"line":7,"column":9},"end":{"line":7,"column":14}},"loc":{"start":{"line":7,"column":66},"end":{"line":14,"column":3}}},"7":{"name":"(anonymous_7)","decl":{"start":{"line":16,"column":9},"end":{"line":16,"column":29}},"loc":{"start":{"line":16,"column":29},"end":{"line":20,"column":3}}}},"branchMap":{"0":{"loc":{"start":{"line":51,"column":27},"end":{"line":51,"column":42}},"type":"binary-expr","locations":[{"start":{"line":51,"column":27},"end":{"line":51,"column":42}},{"start":{"line":51,"column":46},"end":{"line":51,"column":48}}]}},"s":{"0":1,"1":1,"2":0,"3":0,"4":0,"5":0,"6":0,"7":0,"8":0,"9":0,"10":0,"11":0,"12":0,"13":0,"14":0,"15":0,"16":0,"17":0,"18":0,"19":1},"f":{"0":0,"1":0,"2":0,"3":0,"4":0,"5":0,"6":0,"7":0},"b":{"0":[0,0]}}
,"/Users/mspaxman/code/workingrepos/seanforyou23-syndesis-react-poc/packages/api/src/SyndesisFetch.tsx": {"path":"/Users/mspaxman/code/workingrepos/seanforyou23-syndesis-react-poc/packages/api/src/SyndesisFetch.tsx","statementMap":{"0":{"start":{"line":1,"column":0},"end":{"line":1,"column":31}},"1":{"start":{"line":2,"column":0},"end":{"line":2,"column":42}},"2":{"start":{"line":3,"column":0},"end":{"line":3,"column":51}},"3":{"start":{"line":4,"column":0},"end":{"line":4,"column":34}},"4":{"start":{"line":18,"column":38},"end":{"line":18,"column":48}},"5":{"start":{"line":20,"column":26},"end":{"line":20,"column":49}},"6":{"start":{"line":22,"column":4},"end":{"line":33,"column":6}},"7":{"start":{"line":25,"column":10},"end":{"line":29,"column":null}},"8":{"start":{"line":16,"column":0},"end":{"line":16,"column":13}}},"fnMap":{"0":{"name":"(anonymous_0)","decl":{"start":{"line":17,"column":9},"end":{"line":17,"column":15}},"loc":{"start":{"line":17,"column":15},"end":{"line":34,"column":3}}},"1":{"name":"(anonymous_1)","decl":{"start":{"line":24,"column":9},"end":{"line":24,"column":10}},"loc":{"start":{"line":25,"column":10},"end":{"line":29,"column":null}}}},"branchMap":{"0":{"loc":{"start":{"line":20,"column":35},"end":{"line":20,"column":41}},"type":"cond-expr","locations":[{"start":{"line":20,"column":35},"end":{"line":20,"column":41}},{"start":{"line":20,"column":44},"end":{"line":20,"column":49}}]}},"s":{"0":1,"1":1,"2":1,"3":1,"4":0,"5":0,"6":0,"7":0,"8":1},"f":{"0":0,"1":0},"b":{"0":[0,0]}}
,"/Users/mspaxman/code/workingrepos/seanforyou23-syndesis-react-poc/packages/api/src/WithApiConnectors.tsx": {"path":"/Users/mspaxman/code/workingrepos/seanforyou23-syndesis-react-poc/packages/api/src/WithApiConnectors.tsx","statementMap":{"0":{"start":{"line":2,"column":0},"end":{"line":2,"column":31}},"1":{"start":{"line":4,"column":0},"end":{"line":4,"column":60}},"2":{"start":{"line":5,"column":0},"end":{"line":5,"column":48}},"3":{"start":{"line":6,"column":0},"end":{"line":6,"column":58}},"4":{"start":{"line":23,"column":4},"end":{"line":23,"column":47}},"5":{"start":{"line":27,"column":4},"end":{"line":55,"column":6}},"6":{"start":{"line":37,"column":12},"end":{"line":37,"column":49}},"7":{"start":{"line":39,"column":10},"end":{"line":52,"column":12}},"8":{"start":{"line":42,"column":16},"end":{"line":48,"column":null}},"9":{"start":{"line":48,"column":25},"end":{"line":48,"column":54}},"10":{"start":{"line":19,"column":0},"end":{"line":19,"column":13}}},"fnMap":{"0":{"name":"(anonymous_0)","decl":{"start":{"line":22,"column":9},"end":{"line":22,"column":21}},"loc":{"start":{"line":22,"column":42},"end":{"line":24,"column":3}}},"1":{"name":"(anonymous_1)","decl":{"start":{"line":26,"column":9},"end":{"line":26,"column":15}},"loc":{"start":{"line":26,"column":15},"end":{"line":56,"column":3}}},"2":{"name":"(anonymous_2)","decl":{"start":{"line":35,"column":9},"end":{"line":35,"column":10}},"loc":{"start":{"line":35,"column":32},"end":{"line":53,"column":9}}},"3":{"name":"(anonymous_3)","decl":{"start":{"line":41,"column":15},"end":{"line":41,"column":16}},"loc":{"start":{"line":42,"column":16},"end":{"line":48,"column":null}}},"4":{"name":"(anonymous_4)","decl":{"start":{"line":48,"column":19},"end":{"line":48,"column":22}},"loc":{"start":{"line":48,"column":25},"end":{"line":48,"column":54}}}},"branchMap":{},"s":{"0":1,"1":1,"2":1,"3":1,"4":0,"5":0,"6":0,"7":0,"8":0,"9":0,"10":1},"f":{"0":0,"1":0,"2":0,"3":0,"4":0},"b":{}}
,"/Users/mspaxman/code/workingrepos/seanforyou23-syndesis-react-poc/packages/api/src/WithChangeListener.tsx": {"path":"/Users/mspaxman/code/workingrepos/seanforyou23-syndesis-react-poc/packages/api/src/WithChangeListener.tsx","statementMap":{"0":{"start":{"line":1,"column":0},"end":{"line":1,"column":31}},"1":{"start":{"line":16,"column":4},"end":{"line":16,"column":17}},"2":{"start":{"line":17,"column":4},"end":{"line":17,"column":57}},"3":{"start":{"line":21,"column":4},"end":{"line":21,"column":33}},"4":{"start":{"line":25,"column":4},"end":{"line":25,"column":59}},"5":{"start":{"line":29,"column":4},"end":{"line":29,"column":61}},"6":{"start":{"line":34,"column":6},"end":{"line":34,"column":24}},"7":{"start":{"line":12,"column":0},"end":{"line":12,"column":13}}},"fnMap":{"0":{"name":"(anonymous_0)","decl":{"start":{"line":15,"column":2},"end":{"line":15,"column":21}},"loc":{"start":{"line":15,"column":52},"end":{"line":18,"column":3}}},"1":{"name":"(anonymous_1)","decl":{"start":{"line":20,"column":9},"end":{"line":20,"column":15}},"loc":{"start":{"line":20,"column":15},"end":{"line":22,"column":3}}},"2":{"name":"(anonymous_2)","decl":{"start":{"line":24,"column":9},"end":{"line":24,"column":14}},"loc":{"start":{"line":24,"column":32},"end":{"line":26,"column":3}}},"3":{"name":"(anonymous_3)","decl":{"start":{"line":28,"column":9},"end":{"line":28,"column":14}},"loc":{"start":{"line":28,"column":35},"end":{"line":30,"column":3}}},"4":{"name":"(anonymous_4)","decl":{"start":{"line":32,"column":9},"end":{"line":32,"column":23}},"loc":{"start":{"line":32,"column":43},"end":{"line":36,"column":3}}}},"branchMap":{},"s":{"0":1,"1":0,"2":0,"3":0,"4":0,"5":0,"6":0,"7":1},"f":{"0":0,"1":0,"2":0,"3":0,"4":0},"b":{}}
,"/Users/mspaxman/code/workingrepos/seanforyou23-syndesis-react-poc/packages/api/src/WithConnection.tsx": {"path":"/Users/mspaxman/code/workingrepos/seanforyou23-syndesis-react-poc/packages/api/src/WithConnection.tsx","statementMap":{"0":{"start":{"line":2,"column":0},"end":{"line":2,"column":31}},"1":{"start":{"line":4,"column":0},"end":{"line":4,"column":76}},"2":{"start":{"line":5,"column":0},"end":{"line":5,"column":48}},"3":{"start":{"line":20,"column":4},"end":{"line":43,"column":6}},"4":{"start":{"line":29,"column":10},"end":{"line":40,"column":12}},"5":{"start":{"line":18,"column":0},"end":{"line":18,"column":13}}},"fnMap":{"0":{"name":"(anonymous_0)","decl":{"start":{"line":19,"column":9},"end":{"line":19,"column":15}},"loc":{"start":{"line":19,"column":15},"end":{"line":44,"column":3}}},"1":{"name":"(anonymous_1)","decl":{"start":{"line":28,"column":9},"end":{"line":28,"column":10}},"loc":{"start":{"line":29,"column":10},"end":{"line":40,"column":12}}}},"branchMap":{"0":{"loc":{"start":{"line":34,"column":42},"end":{"line":34,"column":73}},"type":"cond-expr","locations":[{"start":{"line":34,"column":42},"end":{"line":34,"column":73}},{"start":{"line":34,"column":76},"end":{"line":34,"column":78}}]},"1":{"loc":{"start":{"line":37,"column":42},"end":{"line":37,"column":73}},"type":"cond-expr","locations":[{"start":{"line":37,"column":42},"end":{"line":37,"column":73}},{"start":{"line":37,"column":76},"end":{"line":37,"column":78}}]}},"s":{"0":1,"1":1,"2":1,"3":0,"4":0,"5":1},"f":{"0":0,"1":0},"b":{"0":[0,0],"1":[0,0]}}
,"/Users/mspaxman/code/workingrepos/seanforyou23-syndesis-react-poc/packages/api/src/WithConnections.tsx": {"path":"/Users/mspaxman/code/workingrepos/seanforyou23-syndesis-react-poc/packages/api/src/WithConnections.tsx","statementMap":{"0":{"start":{"line":2,"column":0},"end":{"line":2,"column":31}},"1":{"start":{"line":4,"column":0},"end":{"line":4,"column":60}},"2":{"start":{"line":5,"column":0},"end":{"line":5,"column":48}},"3":{"start":{"line":6,"column":0},"end":{"line":6,"column":58}},"4":{"start":{"line":10,"column":2},"end":{"line":12,"column":4}},"5":{"start":{"line":11,"column":9},"end":{"line":11,"column":65}},"6":{"start":{"line":9,"column":0},"end":{"line":9,"column":16}},"7":{"start":{"line":18,"column":2},"end":{"line":26,"column":5}},"8":{"start":{"line":21,"column":6},"end":{"line":21,"column":18}},"9":{"start":{"line":23,"column":4},"end":{"line":25,"column":7}},"10":{"start":{"line":24,"column":6},"end":{"line":24,"column":39}},"11":{"start":{"line":15,"column":0},"end":{"line":15,"column":16}},"12":{"start":{"line":30,"column":2},"end":{"line":42,"column":5}},"13":{"start":{"line":33,"column":6},"end":{"line":33,"column":18}},"14":{"start":{"line":37,"column":6},"end":{"line":37,"column":19}},"15":{"start":{"line":39,"column":4},"end":{"line":41,"column":7}},"16":{"start":{"line":40,"column":6},"end":{"line":40,"column":37}},"17":{"start":{"line":29,"column":0},"end":{"line":29,"column":16}},"18":{"start":{"line":66,"column":2},"end":{"line":77,"column":4}},"19":{"start":{"line":63,"column":0},"end":{"line":63,"column":16}},"20":{"start":{"line":82,"column":4},"end":{"line":82,"column":48}},"21":{"start":{"line":86,"column":4},"end":{"line":114,"column":6}},"22":{"start":{"line":96,"column":12},"end":{"line":96,"column":68}},"23":{"start":{"line":98,"column":10},"end":{"line":111,"column":12}},"24":{"start":{"line":101,"column":16},"end":{"line":107,"column":null}},"25":{"start":{"line":107,"column":25},"end":{"line":107,"column":73}},"26":{"start":{"line":80,"column":0},"end":{"line":80,"column":13}}},"fnMap":{"0":{"name":"getConnectionsForDisplay","decl":{"start":{"line":9,"column":16},"end":{"line":9,"column":40}},"loc":{"start":{"line":9,"column":74},"end":{"line":13,"column":1}}},"1":{"name":"(anonymous_1)","decl":{"start":{"line":11,"column":4},"end":{"line":11,"column":5}},"loc":{"start":{"line":11,"column":9},"end":{"line":11,"column":65}}},"2":{"name":"getConnectionsWithFromAction","decl":{"start":{"line":15,"column":16},"end":{"line":15,"column":44}},"loc":{"start":{"line":16,"column":35},"end":{"line":27,"column":1}}},"3":{"name":"(anonymous_3)","decl":{"start":{"line":18,"column":28},"end":{"line":18,"column":38}},"loc":{"start":{"line":18,"column":41},"end":{"line":26,"column":3}}},"4":{"name":"(anonymous_4)","decl":{"start":{"line":23,"column":45},"end":{"line":23,"column":51}},"loc":{"start":{"line":23,"column":54},"end":{"line":25,"column":5}}},"5":{"name":"getConnectionsWithToAction","decl":{"start":{"line":29,"column":16},"end":{"line":29,"column":42}},"loc":{"start":{"line":29,"column":76},"end":{"line":43,"column":1}}},"6":{"name":"(anonymous_6)","decl":{"start":{"line":30,"column":28},"end":{"line":30,"column":38}},"loc":{"start":{"line":30,"column":41},"end":{"line":42,"column":3}}},"7":{"name":"(anonymous_7)","decl":{"start":{"line":39,"column":45},"end":{"line":39,"column":51}},"loc":{"start":{"line":39,"column":54},"end":{"line":41,"column":5}}},"8":{"name":"transformResponse","decl":{"start":{"line":63,"column":16},"end":{"line":63,"column":33}},"loc":{"start":{"line":64,"column":50},"end":{"line":78,"column":1}}},"9":{"name":"(anonymous_9)","decl":{"start":{"line":81,"column":9},"end":{"line":81,"column":21}},"loc":{"start":{"line":81,"column":42},"end":{"line":83,"column":3}}},"10":{"name":"(anonymous_10)","decl":{"start":{"line":85,"column":9},"end":{"line":85,"column":15}},"loc":{"start":{"line":85,"column":15},"end":{"line":115,"column":3}}},"11":{"name":"(anonymous_11)","decl":{"start":{"line":94,"column":9},"end":{"line":94,"column":10}},"loc":{"start":{"line":94,"column":32},"end":{"line":112,"column":9}}},"12":{"name":"(anonymous_12)","decl":{"start":{"line":100,"column":15},"end":{"line":100,"column":16}},"loc":{"start":{"line":101,"column":16},"end":{"line":107,"column":null}}},"13":{"name":"(anonymous_13)","decl":{"start":{"line":107,"column":19},"end":{"line":107,"column":22}},"loc":{"start":{"line":107,"column":25},"end":{"line":107,"column":73}}}},"branchMap":{"0":{"loc":{"start":{"line":11,"column":9},"end":{"line":11,"column":20}},"type":"binary-expr","locations":[{"start":{"line":11,"column":9},"end":{"line":11,"column":20}},{"start":{"line":11,"column":24},"end":{"line":11,"column":65}}]}},"s":{"0":1,"1":1,"2":1,"3":1,"4":0,"5":0,"6":1,"7":0,"8":0,"9":0,"10":0,"11":1,"12":0,"13":0,"14":0,"15":0,"16":0,"17":1,"18":0,"19":1,"20":0,"21":0,"22":0,"23":0,"24":0,"25":0,"26":1},"f":{"0":0,"1":0,"2":0,"3":0,"4":0,"5":0,"6":0,"7":0,"8":0,"9":0,"10":0,"11":0,"12":0,"13":0},"b":{"0":[0,0]}}
,"/Users/mspaxman/code/workingrepos/seanforyou23-syndesis-react-poc/packages/api/src/WithConnectors.tsx": {"path":"/Users/mspaxman/code/workingrepos/seanforyou23-syndesis-react-poc/packages/api/src/WithConnectors.tsx","statementMap":{"0":{"start":{"line":2,"column":0},"end":{"line":2,"column":31}},"1":{"start":{"line":4,"column":0},"end":{"line":4,"column":60}},"2":{"start":{"line":5,"column":0},"end":{"line":5,"column":48}},"3":{"start":{"line":6,"column":0},"end":{"line":6,"column":58}},"4":{"start":{"line":21,"column":4},"end":{"line":21,"column":47}},"5":{"start":{"line":24,"column":4},"end":{"line":52,"column":6}},"6":{"start":{"line":34,"column":12},"end":{"line":34,"column":49}},"7":{"start":{"line":36,"column":10},"end":{"line":49,"column":12}},"8":{"start":{"line":39,"column":16},"end":{"line":45,"column":null}},"9":{"start":{"line":45,"column":25},"end":{"line":45,"column":54}},"10":{"start":{"line":19,"column":0},"end":{"line":19,"column":13}}},"fnMap":{"0":{"name":"(anonymous_0)","decl":{"start":{"line":20,"column":9},"end":{"line":20,"column":21}},"loc":{"start":{"line":20,"column":42},"end":{"line":22,"column":3}}},"1":{"name":"(anonymous_1)","decl":{"start":{"line":23,"column":9},"end":{"line":23,"column":15}},"loc":{"start":{"line":23,"column":15},"end":{"line":53,"column":3}}},"2":{"name":"(anonymous_2)","decl":{"start":{"line":32,"column":9},"end":{"line":32,"column":10}},"loc":{"start":{"line":32,"column":32},"end":{"line":50,"column":9}}},"3":{"name":"(anonymous_3)","decl":{"start":{"line":38,"column":15},"end":{"line":38,"column":16}},"loc":{"start":{"line":39,"column":16},"end":{"line":45,"column":null}}},"4":{"name":"(anonymous_4)","decl":{"start":{"line":45,"column":19},"end":{"line":45,"column":22}},"loc":{"start":{"line":45,"column":25},"end":{"line":45,"column":54}}}},"branchMap":{},"s":{"0":1,"1":1,"2":1,"3":1,"4":0,"5":0,"6":0,"7":0,"8":0,"9":0,"10":1},"f":{"0":0,"1":0,"2":0,"3":0,"4":0},"b":{}}
,"/Users/mspaxman/code/workingrepos/seanforyou23-syndesis-react-poc/packages/api/src/WithExtension.tsx": {"path":"/Users/mspaxman/code/workingrepos/seanforyou23-syndesis-react-poc/packages/api/src/WithExtension.tsx","statementMap":{"0":{"start":{"line":2,"column":0},"end":{"line":2,"column":31}},"1":{"start":{"line":4,"column":0},"end":{"line":4,"column":48}},"2":{"start":{"line":18,"column":4},"end":{"line":31,"column":6}},"3":{"start":{"line":29,"column":27},"end":{"line":29,"column":56}},"4":{"start":{"line":16,"column":0},"end":{"line":16,"column":13}}},"fnMap":{"0":{"name":"(anonymous_0)","decl":{"start":{"line":17,"column":9},"end":{"line":17,"column":15}},"loc":{"start":{"line":17,"column":15},"end":{"line":32,"column":3}}},"1":{"name":"(anonymous_1)","decl":{"start":{"line":29,"column":9},"end":{"line":29,"column":10}},"loc":{"start":{"line":29,"column":27},"end":{"line":29,"column":56}}}},"branchMap":{},"s":{"0":1,"1":1,"2":0,"3":0,"4":1},"f":{"0":0,"1":0},"b":{}}
,"/Users/mspaxman/code/workingrepos/seanforyou23-syndesis-react-poc/packages/api/src/WithExtensionHelpers.tsx": {"path":"/Users/mspaxman/code/workingrepos/seanforyou23-syndesis-react-poc/packages/api/src/WithExtensionHelpers.tsx","statementMap":{"0":{"start":{"line":2,"column":0},"end":{"line":2,"column":31}},"1":{"start":{"line":3,"column":0},"end":{"line":3,"column":55}},"2":{"start":{"line":4,"column":0},"end":{"line":4,"column":40}},"3":{"start":{"line":20,"column":4},"end":{"line":20,"column":17}},"4":{"start":{"line":21,"column":4},"end":{"line":21,"column":59}},"5":{"start":{"line":22,"column":4},"end":{"line":22,"column":59}},"6":{"start":{"line":23,"column":4},"end":{"line":23,"column":59}},"7":{"start":{"line":31,"column":21},"end":{"line":35,"column":6}},"8":{"start":{"line":38,"column":6},"end":{"line":38,"column":43}},"9":{"start":{"line":41,"column":4},"end":{"line":41,"column":29}},"10":{"start":{"line":49,"column":21},"end":{"line":53,"column":6}},"11":{"start":{"line":56,"column":6},"end":{"line":56,"column":43}},"12":{"start":{"line":59,"column":4},"end":{"line":59,"column":29}},"13":{"start":{"line":70,"column":17},"end":{"line":70,"column":31}},"14":{"start":{"line":71,"column":4},"end":{"line":71,"column":41}},"15":{"start":{"line":73,"column":16},"end":{"line":73,"column":49}},"16":{"start":{"line":75,"column":21},"end":{"line":84,"column":6}},"17":{"start":{"line":87,"column":6},"end":{"line":87,"column":43}},"18":{"start":{"line":90,"column":4},"end":{"line":90,"column":48}},"19":{"start":{"line":94,"column":4},"end":{"line":98,"column":7}},"20":{"start":{"line":16,"column":0},"end":{"line":16,"column":13}},"21":{"start":{"line":102,"column":13},"end":{"line":108,"column":2}},"22":{"start":{"line":105,"column":2},"end":{"line":106,"column":null}},"23":{"start":{"line":106,"column":19},"end":{"line":106,"column":77}}},"fnMap":{"0":{"name":"(anonymous_0)","decl":{"start":{"line":19,"column":2},"end":{"line":19,"column":14}},"loc":{"start":{"line":19,"column":61},"end":{"line":24,"column":3}}},"1":{"name":"(anonymous_1)","decl":{"start":{"line":30,"column":9},"end":{"line":30,"column":14}},"loc":{"start":{"line":30,"column":50},"end":{"line":42,"column":3}}},"2":{"name":"(anonymous_2)","decl":{"start":{"line":48,"column":9},"end":{"line":48,"column":14}},"loc":{"start":{"line":48,"column":50},"end":{"line":60,"column":3}}},"3":{"name":"(anonymous_3)","decl":{"start":{"line":66,"column":9},"end":{"line":66,"column":14}},"loc":{"start":{"line":68,"column":24},"end":{"line":91,"column":3}}},"4":{"name":"(anonymous_4)","decl":{"start":{"line":93,"column":9},"end":{"line":93,"column":15}},"loc":{"start":{"line":93,"column":15},"end":{"line":99,"column":3}}},"5":{"name":"(anonymous_5)","decl":{"start":{"line":104,"column":4},"end":{"line":104,"column":9}},"loc":{"start":{"line":105,"column":2},"end":{"line":106,"column":null}}},"6":{"name":"(anonymous_6)","decl":{"start":{"line":106,"column":5},"end":{"line":106,"column":15}},"loc":{"start":{"line":106,"column":19},"end":{"line":106,"column":77}}}},"branchMap":{"0":{"loc":{"start":{"line":83,"column":25},"end":{"line":83,"column":48}},"type":"cond-expr","locations":[{"start":{"line":83,"column":25},"end":{"line":83,"column":48}},{"start":{"line":83,"column":51},"end":{"line":83,"column":54}}]}},"s":{"0":1,"1":1,"2":1,"3":0,"4":0,"5":0,"6":0,"7":0,"8":0,"9":0,"10":0,"11":0,"12":0,"13":0,"14":0,"15":0,"16":0,"17":0,"18":0,"19":0,"20":1,"21":1,"22":0,"23":0},"f":{"0":0,"1":0,"2":0,"3":0,"4":0,"5":0,"6":0},"b":{"0":[0,0]}}
,"/Users/mspaxman/code/workingrepos/seanforyou23-syndesis-react-poc/packages/api/src/WithExtensionIntegrations.tsx": {"path":"/Users/mspaxman/code/workingrepos/seanforyou23-syndesis-react-poc/packages/api/src/WithExtensionIntegrations.tsx","statementMap":{"0":{"start":{"line":2,"column":0},"end":{"line":2,"column":31}},"1":{"start":{"line":4,"column":0},"end":{"line":4,"column":60}},"2":{"start":{"line":5,"column":0},"end":{"line":5,"column":48}},"3":{"start":{"line":6,"column":0},"end":{"line":6,"column":58}},"4":{"start":{"line":23,"column":4},"end":{"line":26,"column":6}},"5":{"start":{"line":30,"column":4},"end":{"line":54,"column":6}},"6":{"start":{"line":36,"column":10},"end":{"line":50,"column":null}},"7":{"start":{"line":41,"column":16},"end":{"line":47,"column":null}},"8":{"start":{"line":47,"column":25},"end":{"line":47,"column":54}},"9":{"start":{"line":19,"column":0},"end":{"line":19,"column":13}}},"fnMap":{"0":{"name":"(anonymous_0)","decl":{"start":{"line":22,"column":9},"end":{"line":22,"column":21}},"loc":{"start":{"line":22,"column":42},"end":{"line":27,"column":3}}},"1":{"name":"(anonymous_1)","decl":{"start":{"line":29,"column":9},"end":{"line":29,"column":15}},"loc":{"start":{"line":29,"column":15},"end":{"line":55,"column":3}}},"2":{"name":"(anonymous_2)","decl":{"start":{"line":35,"column":9},"end":{"line":35,"column":10}},"loc":{"start":{"line":36,"column":10},"end":{"line":50,"column":null}}},"3":{"name":"(anonymous_3)","decl":{"start":{"line":40,"column":15},"end":{"line":40,"column":16}},"loc":{"start":{"line":41,"column":16},"end":{"line":47,"column":null}}},"4":{"name":"(anonymous_4)","decl":{"start":{"line":47,"column":19},"end":{"line":47,"column":22}},"loc":{"start":{"line":47,"column":25},"end":{"line":47,"column":54}}}},"branchMap":{"0":{"loc":{"start":{"line":25,"column":6},"end":{"line":25,"column":35}},"type":"binary-expr","locations":[{"start":{"line":25,"column":6},"end":{"line":25,"column":35}},{"start":{"line":25,"column":39},"end":{"line":25,"column":79}}]},"1":{"loc":{"start":{"line":37,"column":12},"end":{"line":37,"column":41}},"type":"cond-expr","locations":[{"start":{"line":37,"column":12},"end":{"line":37,"column":41}},{"start":{"line":39,"column":12},"end":{"line":49,"column":null}}]}},"s":{"0":1,"1":1,"2":1,"3":1,"4":0,"5":0,"6":0,"7":0,"8":0,"9":1},"f":{"0":0,"1":0,"2":0,"3":0,"4":0},"b":{"0":[0,0],"1":[0,0]}}
,"/Users/mspaxman/code/workingrepos/seanforyou23-syndesis-react-poc/packages/api/src/WithExtensions.tsx": {"path":"/Users/mspaxman/code/workingrepos/seanforyou23-syndesis-react-poc/packages/api/src/WithExtensions.tsx","statementMap":{"0":{"start":{"line":2,"column":0},"end":{"line":2,"column":31}},"1":{"start":{"line":4,"column":0},"end":{"line":4,"column":60}},"2":{"start":{"line":5,"column":0},"end":{"line":5,"column":48}},"3":{"start":{"line":6,"column":0},"end":{"line":6,"column":58}},"4":{"start":{"line":24,"column":4},"end":{"line":24,"column":39}},"5":{"start":{"line":28,"column":4},"end":{"line":52,"column":6}},"6":{"start":{"line":34,"column":10},"end":{"line":48,"column":null}},"7":{"start":{"line":39,"column":16},"end":{"line":45,"column":null}},"8":{"start":{"line":45,"column":25},"end":{"line":45,"column":54}},"9":{"start":{"line":22,"column":0},"end":{"line":22,"column":13}}},"fnMap":{"0":{"name":"(anonymous_0)","decl":{"start":{"line":23,"column":9},"end":{"line":23,"column":21}},"loc":{"start":{"line":23,"column":42},"end":{"line":25,"column":3}}},"1":{"name":"(anonymous_1)","decl":{"start":{"line":27,"column":9},"end":{"line":27,"column":15}},"loc":{"start":{"line":27,"column":15},"end":{"line":53,"column":3}}},"2":{"name":"(anonymous_2)","decl":{"start":{"line":33,"column":9},"end":{"line":33,"column":10}},"loc":{"start":{"line":34,"column":10},"end":{"line":48,"column":null}}},"3":{"name":"(anonymous_3)","decl":{"start":{"line":38,"column":15},"end":{"line":38,"column":16}},"loc":{"start":{"line":39,"column":16},"end":{"line":45,"column":null}}},"4":{"name":"(anonymous_4)","decl":{"start":{"line":45,"column":19},"end":{"line":45,"column":22}},"loc":{"start":{"line":45,"column":25},"end":{"line":45,"column":54}}}},"branchMap":{"0":{"loc":{"start":{"line":35,"column":12},"end":{"line":35,"column":41}},"type":"cond-expr","locations":[{"start":{"line":35,"column":12},"end":{"line":35,"column":41}},{"start":{"line":37,"column":12},"end":{"line":47,"column":null}}]}},"s":{"0":1,"1":1,"2":1,"3":1,"4":0,"5":0,"6":0,"7":0,"8":0,"9":1},"f":{"0":0,"1":0,"2":0,"3":0,"4":0},"b":{"0":[0,0]}}
,"/Users/mspaxman/code/workingrepos/seanforyou23-syndesis-react-poc/packages/api/src/WithIntegrationHelpers.tsx": {"path":"/Users/mspaxman/code/workingrepos/seanforyou23-syndesis-react-poc/packages/api/src/WithIntegrationHelpers.tsx","statementMap":{"0":{"start":{"line":9,"column":0},"end":{"line":9,"column":38}},"1":{"start":{"line":10,"column":0},"end":{"line":10,"column":28}},"2":{"start":{"line":11,"column":0},"end":{"line":11,"column":31}},"3":{"start":{"line":12,"column":0},"end":{"line":12,"column":55}},"4":{"start":{"line":13,"column":0},"end":{"line":13,"column":40}},"5":{"start":{"line":15,"column":13},"end":{"line":18,"column":17}},"6":{"start":{"line":155,"column":4},"end":{"line":155,"column":17}},"7":{"start":{"line":156,"column":4},"end":{"line":156,"column":55}},"8":{"start":{"line":157,"column":4},"end":{"line":157,"column":67}},"9":{"start":{"line":158,"column":4},"end":{"line":158,"column":59}},"10":{"start":{"line":159,"column":4},"end":{"line":159,"column":43}},"11":{"start":{"line":160,"column":4},"end":{"line":160,"column":61}},"12":{"start":{"line":161,"column":4},"end":{"line":161,"column":71}},"13":{"start":{"line":162,"column":4},"end":{"line":162,"column":43}},"14":{"start":{"line":163,"column":4},"end":{"line":163,"column":45}},"15":{"start":{"line":172,"column":23},"end":{"line":179,"column":8}},"16":{"start":{"line":181,"column":8},"end":{"line":181,"column":45}},"17":{"start":{"line":183,"column":6},"end":{"line":183,"column":57}},"18":{"start":{"line":185,"column":6},"end":{"line":185,"column":18}},"19":{"start":{"line":197,"column":29},"end":{"line":200,"column":null}},"20":{"start":{"line":202,"column":4},"end":{"line":228,"column":7}},"21":{"start":{"line":204,"column":8},"end":{"line":204,"column":25}},"22":{"start":{"line":207,"column":8},"end":{"line":211,"column":10}},"23":{"start":{"line":214,"column":8},"end":{"line":214,"column":37}},"24":{"start":{"line":223,"column":8},"end":{"line":223,"column":51}},"25":{"start":{"line":225,"column":6},"end":{"line":225,"column":33}},"26":{"start":{"line":226,"column":6},"end":{"line":226,"column":57}},"27":{"start":{"line":227,"column":6},"end":{"line":227,"column":80}},"28":{"start":{"line":239,"column":29},"end":{"line":242,"column":null}},"29":{"start":{"line":244,"column":4},"end":{"line":269,"column":7}},"30":{"start":{"line":246,"column":8},"end":{"line":246,"column":25}},"31":{"start":{"line":249,"column":8},"end":{"line":253,"column":10}},"32":{"start":{"line":256,"column":8},"end":{"line":256,"column":37}},"33":{"start":{"line":265,"column":8},"end":{"line":265,"column":51}},"34":{"start":{"line":267,"column":6},"end":{"line":267,"column":33}},"35":{"start":{"line":268,"column":6},"end":{"line":268,"column":48}},"36":{"start":{"line":279,"column":29},"end":{"line":282,"column":null}},"37":{"start":{"line":284,"column":4},"end":{"line":316,"column":7}},"38":{"start":{"line":286,"column":8},"end":{"line":286,"column":25}},"39":{"start":{"line":289,"column":8},"end":{"line":293,"column":10}},"40":{"start":{"line":296,"column":8},"end":{"line":296,"column":37}},"41":{"start":{"line":305,"column":8},"end":{"line":305,"column":51}},"42":{"start":{"line":307,"column":6},"end":{"line":307,"column":33}},"43":{"start":{"line":309,"column":8},"end":{"line":309,"column":50}},"44":{"start":{"line":311,"column":8},"end":{"line":311,"column":59}},"45":{"start":{"line":312,"column":8},"end":{"line":314,"column":10}},"46":{"start":{"line":320,"column":4},"end":{"line":320,"column":27}},"47":{"start":{"line":324,"column":21},"end":{"line":331,"column":6}},"48":{"start":{"line":333,"column":6},"end":{"line":333,"column":43}},"49":{"start":{"line":335,"column":4},"end":{"line":337,"column":37}},"50":{"start":{"line":341,"column":4},"end":{"line":343,"column":7}},"51":{"start":{"line":342,"column":6},"end":{"line":342,"column":34}},"52":{"start":{"line":348,"column":6},"end":{"line":348,"column":45}},"53":{"start":{"line":350,"column":6},"end":{"line":350,"column":67}},"54":{"start":{"line":356,"column":6},"end":{"line":356,"column":51}},"55":{"start":{"line":358,"column":6},"end":{"line":360,"column":8}},"56":{"start":{"line":365,"column":4},"end":{"line":365,"column":50}},"57":{"start":{"line":369,"column":4},"end":{"line":372,"column":6}},"58":{"start":{"line":376,"column":4},"end":{"line":376,"column":50}},"59":{"start":{"line":380,"column":4},"end":{"line":380,"column":54}},"60":{"start":{"line":384,"column":4},"end":{"line":397,"column":7}},"61":{"start":{"line":151,"column":0},"end":{"line":151,"column":13}},"62":{"start":{"line":426,"column":13},"end":{"line":432,"column":2}},"63":{"start":{"line":429,"column":2},"end":{"line":430,"column":null}},"64":{"start":{"line":430,"column":19},"end":{"line":430,"column":79}}},"fnMap":{"0":{"name":"(anonymous_0)","decl":{"start":{"line":154,"column":2},"end":{"line":154,"column":14}},"loc":{"start":{"line":154,"column":63},"end":{"line":164,"column":3}}},"1":{"name":"(anonymous_1)","decl":{"start":{"line":166,"column":9},"end":{"line":166,"column":14}},"loc":{"start":{"line":169,"column":29},"end":{"line":187,"column":3}}},"2":{"name":"(anonymous_2)","decl":{"start":{"line":189,"column":9},"end":{"line":189,"column":14}},"loc":{"start":{"line":195,"column":29},"end":{"line":229,"column":3}}},"3":{"name":"(anonymous_3)","decl":{"start":{"line":202,"column":32},"end":{"line":202,"column":37}},"loc":{"start":{"line":202,"column":40},"end":{"line":228,"column":5}}},"4":{"name":"(anonymous_4)","decl":{"start":{"line":231,"column":9},"end":{"line":231,"column":14}},"loc":{"start":{"line":237,"column":29},"end":{"line":270,"column":3}}},"5":{"name":"(anonymous_5)","decl":{"start":{"line":244,"column":32},"end":{"line":244,"column":37}},"loc":{"start":{"line":244,"column":40},"end":{"line":269,"column":5}}},"6":{"name":"(anonymous_6)","decl":{"start":{"line":271,"column":9},"end":{"line":271,"column":14}},"loc":{"start":{"line":277,"column":29},"end":{"line":317,"column":3}}},"7":{"name":"(anonymous_7)","decl":{"start":{"line":284,"column":32},"end":{"line":284,"column":37}},"loc":{"start":{"line":284,"column":40},"end":{"line":316,"column":5}}},"8":{"name":"(anonymous_8)","decl":{"start":{"line":319,"column":9},"end":{"line":319,"column":28}},"loc":{"start":{"line":319,"column":28},"end":{"line":321,"column":3}}},"9":{"name":"(anonymous_9)","decl":{"start":{"line":323,"column":9},"end":{"line":323,"column":14}},"loc":{"start":{"line":323,"column":55},"end":{"line":338,"column":3}}},"10":{"name":"(anonymous_10)","decl":{"start":{"line":340,"column":9},"end":{"line":340,"column":16}},"loc":{"start":{"line":340,"column":55},"end":{"line":344,"column":3}}},"11":{"name":"(anonymous_11)","decl":{"start":{"line":341,"column":32},"end":{"line":341,"column":47}},"loc":{"start":{"line":341,"column":50},"end":{"line":343,"column":5}}},"12":{"name":"(anonymous_12)","decl":{"start":{"line":346,"column":9},"end":{"line":346,"column":17}},"loc":{"start":{"line":346,"column":56},"end":{"line":352,"column":3}}},"13":{"name":"(anonymous_13)","decl":{"start":{"line":354,"column":9},"end":{"line":354,"column":16}},"loc":{"start":{"line":354,"column":69},"end":{"line":362,"column":3}}},"14":{"name":"(anonymous_14)","decl":{"start":{"line":364,"column":9},"end":{"line":364,"column":19}},"loc":{"start":{"line":364,"column":52},"end":{"line":366,"column":3}}},"15":{"name":"(anonymous_15)","decl":{"start":{"line":368,"column":9},"end":{"line":368,"column":20}},"loc":{"start":{"line":368,"column":53},"end":{"line":373,"column":3}}},"16":{"name":"(anonymous_16)","decl":{"start":{"line":375,"column":9},"end":{"line":375,"column":16}},"loc":{"start":{"line":375,"column":49},"end":{"line":377,"column":3}}},"17":{"name":"(anonymous_17)","decl":{"start":{"line":379,"column":9},"end":{"line":379,"column":22}},"loc":{"start":{"line":379,"column":55},"end":{"line":381,"column":3}}},"18":{"name":"(anonymous_18)","decl":{"start":{"line":383,"column":9},"end":{"line":383,"column":15}},"loc":{"start":{"line":383,"column":15},"end":{"line":398,"column":3}}},"19":{"name":"(anonymous_19)","decl":{"start":{"line":428,"column":4},"end":{"line":428,"column":9}},"loc":{"start":{"line":429,"column":2},"end":{"line":430,"column":null}}},"20":{"name":"(anonymous_20)","decl":{"start":{"line":430,"column":5},"end":{"line":430,"column":15}},"loc":{"start":{"line":430,"column":19},"end":{"line":430,"column":79}}}},"branchMap":{"0":{"loc":{"start":{"line":227,"column":43},"end":{"line":227,"column":53}},"type":"binary-expr","locations":[{"start":{"line":227,"column":43},"end":{"line":227,"column":53}},{"start":{"line":227,"column":57},"end":{"line":227,"column":59}}]},"1":{"loc":{"start":{"line":313,"column":23},"end":{"line":313,"column":33}},"type":"binary-expr","locations":[{"start":{"line":313,"column":23},"end":{"line":313,"column":33}},{"start":{"line":313,"column":37},"end":{"line":313,"column":39}}]},"2":{"loc":{"start":{"line":327,"column":31},"end":{"line":327,"column":36}},"type":"cond-expr","locations":[{"start":{"line":327,"column":31},"end":{"line":327,"column":36}},{"start":{"line":327,"column":39},"end":{"line":327,"column":45}}]},"3":{"loc":{"start":{"line":329,"column":10},"end":{"line":329,"column":63}},"type":"cond-expr","locations":[{"start":{"line":329,"column":10},"end":{"line":329,"column":63}},{"start":{"line":330,"column":10},"end":{"line":330,"column":45}}]},"4":{"loc":{"start":{"line":336,"column":10},"end":{"line":336,"column":31}},"type":"cond-expr","locations":[{"start":{"line":336,"column":10},"end":{"line":336,"column":31}},{"start":{"line":337,"column":8},"end":{"line":337,"column":36}}]},"5":{"loc":{"start":{"line":370,"column":6},"end":{"line":370,"column":44}},"type":"binary-expr","locations":[{"start":{"line":370,"column":6},"end":{"line":370,"column":44}},{"start":{"line":371,"column":6},"end":{"line":371,"column":46}}]}},"s":{"0":1,"1":1,"2":1,"3":1,"4":1,"5":1,"6":0,"7":0,"8":0,"9":0,"10":0,"11":0,"12":0,"13":0,"14":0,"15":0,"16":0,"17":0,"18":0,"19":0,"20":0,"21":0,"22":0,"23":0,"24":0,"25":0,"26":0,"27":0,"28":0,"29":0,"30":0,"31":0,"32":0,"33":0,"34":0,"35":0,"36":0,"37":0,"38":0,"39":0,"40":0,"41":0,"42":0,"43":0,"44":0,"45":0,"46":0,"47":0,"48":0,"49":0,"50":0,"51":0,"52":0,"53":0,"54":0,"55":0,"56":0,"57":0,"58":0,"59":0,"60":0,"61":1,"62":1,"63":0,"64":0},"f":{"0":0,"1":0,"2":0,"3":0,"4":0,"5":0,"6":0,"7":0,"8":0,"9":0,"10":0,"11":0,"12":0,"13":0,"14":0,"15":0,"16":0,"17":0,"18":0,"19":0,"20":0},"b":{"0":[0,0],"1":[0,0],"2":[0,0],"3":[0,0],"4":[0,0],"5":[0,0]}}
,"/Users/mspaxman/code/workingrepos/seanforyou23-syndesis-react-poc/packages/api/src/WithIntegrations.tsx": {"path":"/Users/mspaxman/code/workingrepos/seanforyou23-syndesis-react-poc/packages/api/src/WithIntegrations.tsx","statementMap":{"0":{"start":{"line":2,"column":0},"end":{"line":2,"column":31}},"1":{"start":{"line":4,"column":0},"end":{"line":4,"column":60}},"2":{"start":{"line":5,"column":0},"end":{"line":5,"column":48}},"3":{"start":{"line":6,"column":0},"end":{"line":6,"column":58}},"4":{"start":{"line":21,"column":4},"end":{"line":23,"column":6}},"5":{"start":{"line":27,"column":4},"end":{"line":51,"column":6}},"6":{"start":{"line":33,"column":10},"end":{"line":47,"column":null}},"7":{"start":{"line":38,"column":16},"end":{"line":44,"column":null}},"8":{"start":{"line":44,"column":25},"end":{"line":44,"column":54}},"9":{"start":{"line":19,"column":0},"end":{"line":19,"column":13}}},"fnMap":{"0":{"name":"(anonymous_0)","decl":{"start":{"line":20,"column":9},"end":{"line":20,"column":21}},"loc":{"start":{"line":20,"column":42},"end":{"line":24,"column":3}}},"1":{"name":"(anonymous_1)","decl":{"start":{"line":26,"column":9},"end":{"line":26,"column":15}},"loc":{"start":{"line":26,"column":15},"end":{"line":52,"column":3}}},"2":{"name":"(anonymous_2)","decl":{"start":{"line":32,"column":9},"end":{"line":32,"column":10}},"loc":{"start":{"line":33,"column":10},"end":{"line":47,"column":null}}},"3":{"name":"(anonymous_3)","decl":{"start":{"line":37,"column":15},"end":{"line":37,"column":16}},"loc":{"start":{"line":38,"column":16},"end":{"line":44,"column":null}}},"4":{"name":"(anonymous_4)","decl":{"start":{"line":44,"column":19},"end":{"line":44,"column":22}},"loc":{"start":{"line":44,"column":25},"end":{"line":44,"column":54}}}},"branchMap":{"0":{"loc":{"start":{"line":22,"column":6},"end":{"line":22,"column":35}},"type":"binary-expr","locations":[{"start":{"line":22,"column":6},"end":{"line":22,"column":35}},{"start":{"line":22,"column":39},"end":{"line":22,"column":79}}]},"1":{"loc":{"start":{"line":34,"column":12},"end":{"line":34,"column":41}},"type":"cond-expr","locations":[{"start":{"line":34,"column":12},"end":{"line":34,"column":41}},{"start":{"line":36,"column":12},"end":{"line":46,"column":null}}]}},"s":{"0":1,"1":1,"2":1,"3":1,"4":0,"5":0,"6":0,"7":0,"8":0,"9":1},"f":{"0":0,"1":0,"2":0,"3":0,"4":0},"b":{"0":[0,0],"1":[0,0]}}
,"/Users/mspaxman/code/workingrepos/seanforyou23-syndesis-react-poc/packages/api/src/WithIntegrationsMetrics.tsx": {"path":"/Users/mspaxman/code/workingrepos/seanforyou23-syndesis-react-poc/packages/api/src/WithIntegrationsMetrics.tsx","statementMap":{"0":{"start":{"line":2,"column":0},"end":{"line":2,"column":31}},"1":{"start":{"line":4,"column":0},"end":{"line":4,"column":48}},"2":{"start":{"line":5,"column":0},"end":{"line":5,"column":44}},"3":{"start":{"line":16,"column":4},"end":{"line":41,"column":6}},"4":{"start":{"line":32,"column":12},"end":{"line":32,"column":49}},"5":{"start":{"line":34,"column":10},"end":{"line":38,"column":12}},"6":{"start":{"line":36,"column":21},"end":{"line":36,"column":50}},"7":{"start":{"line":12,"column":0},"end":{"line":12,"column":13}}},"fnMap":{"0":{"name":"(anonymous_0)","decl":{"start":{"line":15,"column":9},"end":{"line":15,"column":15}},"loc":{"start":{"line":15,"column":15},"end":{"line":42,"column":3}}},"1":{"name":"(anonymous_1)","decl":{"start":{"line":30,"column":9},"end":{"line":30,"column":10}},"loc":{"start":{"line":30,"column":32},"end":{"line":39,"column":9}}},"2":{"name":"(anonymous_2)","decl":{"start":{"line":36,"column":15},"end":{"line":36,"column":18}},"loc":{"start":{"line":36,"column":21},"end":{"line":36,"column":50}}}},"branchMap":{},"s":{"0":1,"1":1,"2":1,"3":0,"4":0,"5":0,"6":0,"7":1},"f":{"0":0,"1":0,"2":0},"b":{}}
,"/Users/mspaxman/code/workingrepos/seanforyou23-syndesis-react-poc/packages/api/src/WithMonitoredIntegrations.tsx": {"path":"/Users/mspaxman/code/workingrepos/seanforyou23-syndesis-react-poc/packages/api/src/WithMonitoredIntegrations.tsx","statementMap":{"0":{"start":{"line":6,"column":0},"end":{"line":6,"column":31}},"1":{"start":{"line":8,"column":0},"end":{"line":8,"column":60}},"2":{"start":{"line":9,"column":0},"end":{"line":9,"column":48}},"3":{"start":{"line":10,"column":0},"end":{"line":10,"column":58}},"4":{"start":{"line":11,"column":0},"end":{"line":11,"column":77}},"5":{"start":{"line":28,"column":4},"end":{"line":31,"column":6}},"6":{"start":{"line":37,"column":4},"end":{"line":47,"column":40}},"7":{"start":{"line":42,"column":42},"end":{"line":42,"column":66}},"8":{"start":{"line":50,"column":4},"end":{"line":89,"column":6}},"9":{"start":{"line":53,"column":10},"end":{"line":85,"column":null}},"10":{"start":{"line":59,"column":29},"end":{"line":61,"column":null}},"11":{"start":{"line":63,"column":16},"end":{"line":63,"column":63}},"12":{"start":{"line":65,"column":14},"end":{"line":84,"column":16}},"13":{"start":{"line":68,"column":20},"end":{"line":80,"column":null}},"14":{"start":{"line":75,"column":37},"end":{"line":77,"column":null}},"15":{"start":{"line":79,"column":24},"end":{"line":79,"column":71}},"16":{"start":{"line":24,"column":0},"end":{"line":24,"column":13}}},"fnMap":{"0":{"name":"(anonymous_0)","decl":{"start":{"line":27,"column":9},"end":{"line":27,"column":21}},"loc":{"start":{"line":27,"column":42},"end":{"line":32,"column":3}}},"1":{"name":"(anonymous_1)","decl":{"start":{"line":33,"column":9},"end":{"line":33,"column":33}},"loc":{"start":{"line":35,"column":50},"end":{"line":48,"column":3}}},"2":{"name":"(anonymous_3)","decl":{"start":{"line":42,"column":12},"end":{"line":42,"column":13}},"loc":{"start":{"line":42,"column":42},"end":{"line":42,"column":66}}},"3":{"name":"(anonymous_4)","decl":{"start":{"line":49,"column":9},"end":{"line":49,"column":15}},"loc":{"start":{"line":49,"column":15},"end":{"line":90,"column":3}}},"4":{"name":"(anonymous_5)","decl":{"start":{"line":52,"column":9},"end":{"line":52,"column":10}},"loc":{"start":{"line":53,"column":10},"end":{"line":85,"column":null}}},"5":{"name":"(anonymous_6)","decl":{"start":{"line":57,"column":13},"end":{"line":57,"column":14}},"loc":{"start":{"line":57,"column":36},"end":{"line":85,"column":13}}},"6":{"name":"(anonymous_7)","decl":{"start":{"line":67,"column":19},"end":{"line":67,"column":20}},"loc":{"start":{"line":68,"column":20},"end":{"line":80,"column":null}}},"7":{"name":"(anonymous_8)","decl":{"start":{"line":74,"column":23},"end":{"line":74,"column":26}},"loc":{"start":{"line":74,"column":28},"end":{"line":80,"column":23}}}},"branchMap":{"0":{"loc":{"start":{"line":29,"column":6},"end":{"line":29,"column":46}},"type":"binary-expr","locations":[{"start":{"line":29,"column":6},"end":{"line":29,"column":46}},{"start":{"line":30,"column":6},"end":{"line":30,"column":60}}]}},"s":{"0":1,"1":1,"2":1,"3":1,"4":1,"5":0,"6":0,"7":0,"8":0,"9":0,"10":0,"11":0,"12":0,"13":0,"14":0,"15":0,"16":1},"f":{"0":0,"1":0,"2":0,"3":0,"4":0,"5":0,"6":0,"7":0},"b":{"0":[0,0]}}
,"/Users/mspaxman/code/workingrepos/seanforyou23-syndesis-react-poc/packages/api/src/WithPolling.tsx": {"path":"/Users/mspaxman/code/workingrepos/seanforyou23-syndesis-react-poc/packages/api/src/WithPolling.tsx","statementMap":{"0":{"start":{"line":1,"column":0},"end":{"line":1,"column":31}},"1":{"start":{"line":13,"column":4},"end":{"line":13,"column":17}},"2":{"start":{"line":14,"column":4},"end":{"line":14,"column":41}},"3":{"start":{"line":18,"column":4},"end":{"line":18,"column":24}},"4":{"start":{"line":22,"column":4},"end":{"line":22,"column":23}},"5":{"start":{"line":26,"column":4},"end":{"line":26,"column":33}},"6":{"start":{"line":30,"column":4},"end":{"line":30,"column":22}},"7":{"start":{"line":34,"column":4},"end":{"line":34,"column":23}},"8":{"start":{"line":38,"column":4},"end":{"line":38,"column":23}},"9":{"start":{"line":40,"column":6},"end":{"line":40,"column":78}},"10":{"start":{"line":46,"column":6},"end":{"line":46,"column":39}},"11":{"start":{"line":47,"column":6},"end":{"line":47,"column":36}},"12":{"start":{"line":9,"column":0},"end":{"line":9,"column":13}}},"fnMap":{"0":{"name":"(anonymous_0)","decl":{"start":{"line":12,"column":2},"end":{"line":12,"column":21}},"loc":{"start":{"line":12,"column":45},"end":{"line":15,"column":3}}},"1":{"name":"(anonymous_1)","decl":{"start":{"line":17,"column":9},"end":{"line":17,"column":14}},"loc":{"start":{"line":17,"column":32},"end":{"line":19,"column":3}}},"2":{"name":"(anonymous_2)","decl":{"start":{"line":21,"column":9},"end":{"line":21,"column":14}},"loc":{"start":{"line":21,"column":35},"end":{"line":23,"column":3}}},"3":{"name":"(anonymous_3)","decl":{"start":{"line":25,"column":9},"end":{"line":25,"column":15}},"loc":{"start":{"line":25,"column":15},"end":{"line":27,"column":3}}},"4":{"name":"(anonymous_4)","decl":{"start":{"line":29,"column":9},"end":{"line":29,"column":15}},"loc":{"start":{"line":29,"column":15},"end":{"line":31,"column":3}}},"5":{"name":"(anonymous_5)","decl":{"start":{"line":33,"column":9},"end":{"line":33,"column":18}},"loc":{"start":{"line":33,"column":35},"end":{"line":35,"column":3}}},"6":{"name":"(anonymous_6)","decl":{"start":{"line":37,"column":10},"end":{"line":37,"column":22}},"loc":{"start":{"line":37,"column":22},"end":{"line":42,"column":3}}},"7":{"name":"(anonymous_7)","decl":{"start":{"line":44,"column":10},"end":{"line":44,"column":21}},"loc":{"start":{"line":44,"column":21},"end":{"line":49,"column":3}}}},"branchMap":{},"s":{"0":1,"1":0,"2":0,"3":0,"4":0,"5":0,"6":0,"7":0,"8":0,"9":0,"10":0,"11":0,"12":1},"f":{"0":0,"1":0,"2":0,"3":0,"4":0,"5":0,"6":0,"7":0},"b":{}}
,"/Users/mspaxman/code/workingrepos/seanforyou23-syndesis-react-poc/packages/api/src/WithServerEvents.tsx": {"path":"/Users/mspaxman/code/workingrepos/seanforyou23-syndesis-react-poc/packages/api/src/WithServerEvents.tsx","statementMap":{"0":{"start":{"line":1,"column":0},"end":{"line":1,"column":31}},"1":{"start":{"line":2,"column":0},"end":{"line":2,"column":55}},"2":{"start":{"line":29,"column":23},"end":{"line":29,"column":27}},"3":{"start":{"line":46,"column":4},"end":{"line":46,"column":17}},"4":{"start":{"line":35,"column":10},"end":{"line":35,"column":27}},"5":{"start":{"line":36,"column":10},"end":{"line":36,"column":26}},"6":{"start":{"line":37,"column":10},"end":{"line":37,"column":29}},"7":{"start":{"line":38,"column":10},"end":{"line":38,"column":22}},"8":{"start":{"line":39,"column":10},"end":{"line":39,"column":41}},"9":{"start":{"line":47,"column":4},"end":{"line":47,"column":30}},"10":{"start":{"line":48,"column":4},"end":{"line":48,"column":31}},"11":{"start":{"line":49,"column":4},"end":{"line":49,"column":73}},"12":{"start":{"line":50,"column":4},"end":{"line":50,"column":75}},"13":{"start":{"line":51,"column":4},"end":{"line":51,"column":77}},"14":{"start":{"line":52,"column":4},"end":{"line":52,"column":79}},"15":{"start":{"line":56,"column":4},"end":{"line":56,"column":63}},"16":{"start":{"line":60,"column":4},"end":{"line":60,"column":65}},"17":{"start":{"line":64,"column":4},"end":{"line":64,"column":76}},"18":{"start":{"line":64,"column":60},"end":{"line":64,"column":74}},"19":{"start":{"line":68,"column":4},"end":{"line":68,"column":78}},"20":{"start":{"line":68,"column":62},"end":{"line":68,"column":76}},"21":{"start":{"line":72,"column":4},"end":{"line":72,"column":17}},"22":{"start":{"line":76,"column":4},"end":{"line":76,"column":27}},"23":{"start":{"line":77,"column":4},"end":{"line":77,"column":17}},"24":{"start":{"line":78,"column":4},"end":{"line":78,"column":30}},"25":{"start":{"line":79,"column":4},"end":{"line":79,"column":31}},"26":{"start":{"line":83,"column":4},"end":{"line":88,"column":7}},"27":{"start":{"line":92,"column":4},"end":{"line":92,"column":25}},"28":{"start":{"line":93,"column":4},"end":{"line":93,"column":26}},"29":{"start":{"line":95,"column":6},"end":{"line":95,"column":29}},"30":{"start":{"line":96,"column":6},"end":{"line":96,"column":33}},"31":{"start":{"line":99,"column":6},"end":{"line":99,"column":31}},"32":{"start":{"line":100,"column":6},"end":{"line":100,"column":35}},"33":{"start":{"line":105,"column":4},"end":{"line":105,"column":49}},"34":{"start":{"line":109,"column":4},"end":{"line":109,"column":17}},"35":{"start":{"line":111,"column":6},"end":{"line":111,"column":13}},"36":{"start":{"line":113,"column":4},"end":{"line":113,"column":19}},"37":{"start":{"line":115,"column":22},"end":{"line":115,"column":36}},"38":{"start":{"line":117,"column":6},"end":{"line":117,"column":22}},"39":{"start":{"line":119,"column":4},"end":{"line":134,"column":20}},"40":{"start":{"line":124,"column":10},"end":{"line":124,"column":37}},"41":{"start":{"line":125,"column":10},"end":{"line":125,"column":16}},"42":{"start":{"line":127,"column":10},"end":{"line":127,"column":38}},"43":{"start":{"line":128,"column":10},"end":{"line":128,"column":16}},"44":{"start":{"line":131,"column":10},"end":{"line":131,"column":55}},"45":{"start":{"line":132,"column":10},"end":{"line":132,"column":16}},"46":{"start":{"line":139,"column":6},"end":{"line":139,"column":13}},"47":{"start":{"line":141,"column":4},"end":{"line":141,"column":25}},"48":{"start":{"line":143,"column":23},"end":{"line":148,"column":8}},"49":{"start":{"line":149,"column":24},"end":{"line":149,"column":45}},"50":{"start":{"line":150,"column":6},"end":{"line":150,"column":37}},"51":{"start":{"line":152,"column":28},"end":{"line":152,"column":68}},"52":{"start":{"line":153,"column":8},"end":{"line":153,"column":60}},"53":{"start":{"line":155,"column":8},"end":{"line":155,"column":30}},"54":{"start":{"line":156,"column":8},"end":{"line":156,"column":28}},"55":{"start":{"line":157,"column":8},"end":{"line":157,"column":45}},"56":{"start":{"line":159,"column":8},"end":{"line":159,"column":30}},"57":{"start":{"line":160,"column":8},"end":{"line":160,"column":28}},"58":{"start":{"line":162,"column":8},"end":{"line":164,"column":10}},"59":{"start":{"line":167,"column":6},"end":{"line":167,"column":28}},"60":{"start":{"line":168,"column":6},"end":{"line":168,"column":18}},"61":{"start":{"line":173,"column":4},"end":{"line":175,"column":7}},"62":{"start":{"line":174,"column":6},"end":{"line":174,"column":29}},"63":{"start":{"line":179,"column":4},"end":{"line":181,"column":7}},"64":{"start":{"line":180,"column":6},"end":{"line":180,"column":28}},"65":{"start":{"line":185,"column":4},"end":{"line":185,"column":44}},"66":{"start":{"line":186,"column":4},"end":{"line":192,"column":7}},"67":{"start":{"line":187,"column":6},"end":{"line":187,"column":26}},"68":{"start":{"line":188,"column":6},"end":{"line":188,"column":28}},"69":{"start":{"line":189,"column":6},"end":{"line":189,"column":36}},"70":{"start":{"line":191,"column":6},"end":{"line":191,"column":35}},"71":{"start":{"line":193,"column":4},"end":{"line":198,"column":7}},"72":{"start":{"line":194,"column":6},"end":{"line":194,"column":26}},"73":{"start":{"line":195,"column":20},"end":{"line":195,"column":58}},"74":{"start":{"line":197,"column":6},"end":{"line":197,"column":34}},"75":{"start":{"line":199,"column":20},"end":{"line":202,"column":5}},"76":{"start":{"line":201,"column":6},"end":{"line":201,"column":28}},"77":{"start":{"line":203,"column":4},"end":{"line":203,"column":56}},"78":{"start":{"line":204,"column":4},"end":{"line":204,"column":56}},"79":{"start":{"line":205,"column":4},"end":{"line":205,"column":28}},"80":{"start":{"line":209,"column":4},"end":{"line":209,"column":40}},"81":{"start":{"line":210,"column":4},"end":{"line":229,"column":6}},"82":{"start":{"line":211,"column":6},"end":{"line":211,"column":26}},"83":{"start":{"line":212,"column":6},"end":{"line":212,"column":28}},"84":{"start":{"line":213,"column":27},"end":{"line":213,"column":66}},"85":{"start":{"line":216,"column":10},"end":{"line":216,"column":40}},"86":{"start":{"line":218,"column":10},"end":{"line":218,"column":46}},"87":{"start":{"line":219,"column":10},"end":{"line":219,"column":16}},"88":{"start":{"line":221,"column":24},"end":{"line":221,"column":69}},"89":{"start":{"line":223,"column":10},"end":{"line":223,"column":38}},"90":{"start":{"line":224,"column":10},"end":{"line":224,"column":16}},"91":{"start":{"line":230,"column":4},"end":{"line":233,"column":6}},"92":{"start":{"line":232,"column":6},"end":{"line":232,"column":28}},"93":{"start":{"line":234,"column":4},"end":{"line":234,"column":26}},"94":{"start":{"line":31,"column":0},"end":{"line":31,"column":13}}},"fnMap":{"0":{"name":"(anonymous_0)","decl":{"start":{"line":45,"column":2},"end":{"line":45,"column":21}},"loc":{"start":{"line":45,"column":44},"end":{"line":53,"column":3}}},"1":{"name":"(anonymous_1)","decl":{"start":{"line":55,"column":9},"end":{"line":55,"column":31}},"loc":{"start":{"line":55,"column":71},"end":{"line":57,"column":3}}},"2":{"name":"(anonymous_2)","decl":{"start":{"line":59,"column":9},"end":{"line":59,"column":32}},"loc":{"start":{"line":59,"column":73},"end":{"line":61,"column":3}}},"3":{"name":"(anonymous_3)","decl":{"start":{"line":63,"column":9},"end":{"line":63,"column":33}},"loc":{"start":{"line":63,"column":73},"end":{"line":65,"column":3}}},"4":{"name":"(anonymous_4)","decl":{"start":{"line":64,"column":55},"end":{"line":64,"column":56}},"loc":{"start":{"line":64,"column":60},"end":{"line":64,"column":74}}},"5":{"name":"(anonymous_5)","decl":{"start":{"line":67,"column":9},"end":{"line":67,"column":34}},"loc":{"start":{"line":67,"column":75},"end":{"line":69,"column":3}}},"6":{"name":"(anonymous_6)","decl":{"start":{"line":68,"column":57},"end":{"line":68,"column":58}},"loc":{"start":{"line":68,"column":62},"end":{"line":68,"column":76}}},"7":{"name":"(anonymous_7)","decl":{"start":{"line":71,"column":9},"end":{"line":71,"column":14}},"loc":{"start":{"line":71,"column":32},"end":{"line":73,"column":3}}},"8":{"name":"(anonymous_8)","decl":{"start":{"line":75,"column":9},"end":{"line":75,"column":14}},"loc":{"start":{"line":75,"column":35},"end":{"line":80,"column":3}}},"9":{"name":"(anonymous_9)","decl":{"start":{"line":82,"column":9},"end":{"line":82,"column":15}},"loc":{"start":{"line":82,"column":15},"end":{"line":89,"column":3}}},"10":{"name":"(anonymous_10)","decl":{"start":{"line":91,"column":10},"end":{"line":91,"column":15}},"loc":{"start":{"line":91,"column":15},"end":{"line":102,"column":3}}},"11":{"name":"(anonymous_11)","decl":{"start":{"line":104,"column":10},"end":{"line":104,"column":15}},"loc":{"start":{"line":104,"column":15},"end":{"line":106,"column":3}}},"12":{"name":"(anonymous_12)","decl":{"start":{"line":108,"column":10},"end":{"line":108,"column":19}},"loc":{"start":{"line":108,"column":30},"end":{"line":135,"column":3}}},"13":{"name":"(anonymous_13)","decl":{"start":{"line":119,"column":15},"end":{"line":119,"column":18}},"loc":{"start":{"line":119,"column":20},"end":{"line":134,"column":5}}},"14":{"name":"(anonymous_14)","decl":{"start":{"line":137,"column":10},"end":{"line":137,"column":15}},"loc":{"start":{"line":137,"column":63},"end":{"line":170,"column":3}}},"15":{"name":"(anonymous_15)","decl":{"start":{"line":172,"column":10},"end":{"line":172,"column":26}},"loc":{"start":{"line":172,"column":54},"end":{"line":176,"column":3}}},"16":{"name":"(anonymous_16)","decl":{"start":{"line":173,"column":34},"end":{"line":173,"column":42}},"loc":{"start":{"line":173,"column":45},"end":{"line":175,"column":5}}},"17":{"name":"(anonymous_17)","decl":{"start":{"line":178,"column":10},"end":{"line":178,"column":25}},"loc":{"start":{"line":178,"column":51},"end":{"line":182,"column":3}}},"18":{"name":"(anonymous_18)","decl":{"start":{"line":179,"column":33},"end":{"line":179,"column":41}},"loc":{"start":{"line":179,"column":44},"end":{"line":181,"column":5}}},"19":{"name":"(anonymous_19)","decl":{"start":{"line":184,"column":10},"end":{"line":184,"column":28}},"loc":{"start":{"line":184,"column":40},"end":{"line":206,"column":3}}},"20":{"name":"(anonymous_20)","decl":{"start":{"line":186,"column":49},"end":{"line":186,"column":50}},"loc":{"start":{"line":186,"column":64},"end":{"line":192,"column":5}}},"21":{"name":"(anonymous_21)","decl":{"start":{"line":193,"column":54},"end":{"line":193,"column":55}},"loc":{"start":{"line":193,"column":69},"end":{"line":198,"column":5}}},"22":{"name":"(anonymous_22)","decl":{"start":{"line":199,"column":20},"end":{"line":199,"column":21}},"loc":{"start":{"line":199,"column":35},"end":{"line":202,"column":5}}},"23":{"name":"(anonymous_23)","decl":{"start":{"line":208,"column":10},"end":{"line":208,"column":26}},"loc":{"start":{"line":208,"column":38},"end":{"line":235,"column":3}}},"24":{"name":"(anonymous_24)","decl":{"start":{"line":210,"column":31},"end":{"line":210,"column":36}},"loc":{"start":{"line":210,"column":39},"end":{"line":229,"column":5}}},"25":{"name":"(anonymous_25)","decl":{"start":{"line":230,"column":29},"end":{"line":230,"column":34}},"loc":{"start":{"line":230,"column":37},"end":{"line":233,"column":5}}}},"branchMap":{"0":{"loc":{"start":{"line":123,"column":8},"end":{"line":125,"column":16}},"type":"switch","locations":[{"start":{"line":123,"column":8},"end":{"line":125,"column":16}},{"start":{"line":126,"column":8},"end":{"line":128,"column":16}},{"start":{"line":129,"column":8},"end":{"line":132,"column":16}}]},"1":{"loc":{"start":{"line":138,"column":8},"end":{"line":138,"column":21}},"type":"binary-expr","locations":[{"start":{"line":138,"column":8},"end":{"line":138,"column":21}},{"start":{"line":138,"column":25},"end":{"line":138,"column":37}},{"start":{"line":138,"column":41},"end":{"line":138,"column":56}}]},"2":{"loc":{"start":{"line":215,"column":8},"end":{"line":219,"column":16}},"type":"switch","locations":[{"start":{"line":215,"column":8},"end":{"line":219,"column":16}},{"start":{"line":220,"column":8},"end":{"line":224,"column":16}},{"start":{"line":225,"column":8},"end":{"line":225,"column":16}}]}},"s":{"0":1,"1":1,"2":1,"3":0,"4":0,"5":0,"6":0,"7":0,"8":0,"9":0,"10":0,"11":0,"12":0,"13":0,"14":0,"15":0,"16":0,"17":0,"18":0,"19":0,"20":0,"21":0,"22":0,"23":0,"24":0,"25":0,"26":0,"27":0,"28":0,"29":0,"30":0,"31":0,"32":0,"33":0,"34":0,"35":0,"36":0,"37":0,"38":0,"39":0,"40":0,"41":0,"42":0,"43":0,"44":0,"45":0,"46":0,"47":0,"48":0,"49":0,"50":0,"51":0,"52":0,"53":0,"54":0,"55":0,"56":0,"57":0,"58":0,"59":0,"60":0,"61":0,"62":0,"63":0,"64":0,"65":0,"66":0,"67":0,"68":0,"69":0,"70":0,"71":0,"72":0,"73":0,"74":0,"75":0,"76":0,"77":0,"78":0,"79":0,"80":0,"81":0,"82":0,"83":0,"84":0,"85":0,"86":0,"87":0,"88":0,"89":0,"90":0,"91":0,"92":0,"93":0,"94":1},"f":{"0":0,"1":0,"2":0,"3":0,"4":0,"5":0,"6":0,"7":0,"8":0,"9":0,"10":0,"11":0,"12":0,"13":0,"14":0,"15":0,"16":0,"17":0,"18":0,"19":0,"20":0,"21":0,"22":0,"23":0,"24":0,"25":0},"b":{"0":[0,0,0],"1":[0,0,0],"2":[0,0,0]}}
,"/Users/mspaxman/code/workingrepos/seanforyou23-syndesis-react-poc/packages/api/src/WithViews.tsx": {"path":"/Users/mspaxman/code/workingrepos/seanforyou23-syndesis-react-poc/packages/api/src/WithViews.tsx","statementMap":{"0":{"start":{"line":2,"column":0},"end":{"line":2,"column":31}},"1":{"start":{"line":3,"column":0},"end":{"line":3,"column":36}},"2":{"start":{"line":18,"column":4},"end":{"line":28,"column":6}},"3":{"start":{"line":26,"column":33},"end":{"line":26,"column":62}},"4":{"start":{"line":16,"column":0},"end":{"line":16,"column":13}}},"fnMap":{"0":{"name":"(anonymous_0)","decl":{"start":{"line":17,"column":9},"end":{"line":17,"column":15}},"loc":{"start":{"line":17,"column":15},"end":{"line":29,"column":3}}},"1":{"name":"(anonymous_1)","decl":{"start":{"line":26,"column":9},"end":{"line":26,"column":10}},"loc":{"start":{"line":26,"column":33},"end":{"line":26,"column":62}}}},"branchMap":{},"s":{"0":1,"1":1,"2":0,"3":0,"4":1},"f":{"0":0,"1":0},"b":{}}
,"/Users/mspaxman/code/workingrepos/seanforyou23-syndesis-react-poc/packages/api/src/WithVirtualization.tsx": {"path":"/Users/mspaxman/code/workingrepos/seanforyou23-syndesis-react-poc/packages/api/src/WithVirtualization.tsx","statementMap":{"0":{"start":{"line":2,"column":0},"end":{"line":2,"column":31}},"1":{"start":{"line":3,"column":0},"end":{"line":3,"column":36}},"2":{"start":{"line":20,"column":4},"end":{"line":43,"column":6}},"3":{"start":{"line":41,"column":27},"end":{"line":41,"column":56}},"4":{"start":{"line":16,"column":0},"end":{"line":16,"column":13}}},"fnMap":{"0":{"name":"(anonymous_0)","decl":{"start":{"line":19,"column":9},"end":{"line":19,"column":15}},"loc":{"start":{"line":19,"column":15},"end":{"line":44,"column":3}}},"1":{"name":"(anonymous_1)","decl":{"start":{"line":41,"column":9},"end":{"line":41,"column":10}},"loc":{"start":{"line":41,"column":27},"end":{"line":41,"column":56}}}},"branchMap":{},"s":{"0":1,"1":1,"2":0,"3":0,"4":1},"f":{"0":0,"1":0},"b":{}}
,"/Users/mspaxman/code/workingrepos/seanforyou23-syndesis-react-poc/packages/api/src/WithVirtualizationHelpers.tsx": {"path":"/Users/mspaxman/code/workingrepos/seanforyou23-syndesis-react-poc/packages/api/src/WithVirtualizationHelpers.tsx","statementMap":{"0":{"start":{"line":2,"column":0},"end":{"line":2,"column":31}},"1":{"start":{"line":3,"column":0},"end":{"line":3,"column":55}},"2":{"start":{"line":4,"column":0},"end":{"line":4,"column":40}},"3":{"start":{"line":6,"column":23},"end":{"line":6,"column":51}},"4":{"start":{"line":27,"column":4},"end":{"line":27,"column":17}},"5":{"start":{"line":28,"column":4},"end":{"line":28,"column":69}},"6":{"start":{"line":29,"column":4},"end":{"line":29,"column":69}},"7":{"start":{"line":30,"column":4},"end":{"line":30,"column":71}},"8":{"start":{"line":31,"column":4},"end":{"line":31,"column":67}},"9":{"start":{"line":49,"column":21},"end":{"line":54,"column":6}},"10":{"start":{"line":56,"column":6},"end":{"line":56,"column":43}},"11":{"start":{"line":59,"column":4},"end":{"line":59,"column":29}},"12":{"start":{"line":67,"column":21},"end":{"line":71,"column":6}},"13":{"start":{"line":74,"column":6},"end":{"line":74,"column":43}},"14":{"start":{"line":77,"column":4},"end":{"line":77,"column":29}},"15":{"start":{"line":91,"column":21},"end":{"line":96,"column":6}},"16":{"start":{"line":99,"column":6},"end":{"line":99,"column":43}},"17":{"start":{"line":102,"column":4},"end":{"line":102,"column":29}},"18":{"start":{"line":110,"column":21},"end":{"line":114,"column":6}},"19":{"start":{"line":117,"column":6},"end":{"line":117,"column":43}},"20":{"start":{"line":120,"column":4},"end":{"line":120,"column":29}},"21":{"start":{"line":124,"column":4},"end":{"line":129,"column":7}},"22":{"start":{"line":23,"column":0},"end":{"line":23,"column":13}},"23":{"start":{"line":133,"column":13},"end":{"line":141,"column":2}},"24":{"start":{"line":136,"column":2},"end":{"line":139,"column":null}},"25":{"start":{"line":138,"column":6},"end":{"line":138,"column":69}}},"fnMap":{"0":{"name":"(anonymous_0)","decl":{"start":{"line":26,"column":2},"end":{"line":26,"column":14}},"loc":{"start":{"line":26,"column":66},"end":{"line":32,"column":3}}},"1":{"name":"(anonymous_1)","decl":{"start":{"line":39,"column":9},"end":{"line":39,"column":14}},"loc":{"start":{"line":41,"column":21},"end":{"line":60,"column":3}}},"2":{"name":"(anonymous_2)","decl":{"start":{"line":66,"column":9},"end":{"line":66,"column":14}},"loc":{"start":{"line":66,"column":62},"end":{"line":78,"column":3}}},"3":{"name":"(anonymous_3)","decl":{"start":{"line":84,"column":9},"end":{"line":84,"column":14}},"loc":{"start":{"line":85,"column":30},"end":{"line":103,"column":3}}},"4":{"name":"(anonymous_4)","decl":{"start":{"line":109,"column":9},"end":{"line":109,"column":14}},"loc":{"start":{"line":109,"column":50},"end":{"line":121,"column":3}}},"5":{"name":"(anonymous_5)","decl":{"start":{"line":123,"column":9},"end":{"line":123,"column":15}},"loc":{"start":{"line":123,"column":15},"end":{"line":130,"column":3}}},"6":{"name":"(anonymous_6)","decl":{"start":{"line":135,"column":4},"end":{"line":135,"column":9}},"loc":{"start":{"line":136,"column":2},"end":{"line":139,"column":null}}},"7":{"name":"(anonymous_7)","decl":{"start":{"line":137,"column":5},"end":{"line":137,"column":15}},"loc":{"start":{"line":138,"column":6},"end":{"line":138,"column":69}}}},"branchMap":{"0":{"loc":{"start":{"line":46,"column":35},"end":{"line":46,"column":48}},"type":"cond-expr","locations":[{"start":{"line":46,"column":35},"end":{"line":46,"column":48}},{"start":{"line":46,"column":51},"end":{"line":46,"column":53}}]}},"s":{"0":1,"1":1,"2":1,"3":1,"4":0,"5":0,"6":0,"7":0,"8":0,"9":0,"10":0,"11":0,"12":0,"13":0,"14":0,"15":0,"16":0,"17":0,"18":0,"19":0,"20":0,"21":0,"22":1,"23":1,"24":0,"25":0},"f":{"0":0,"1":0,"2":0,"3":0,"4":0,"5":0,"6":0,"7":0},"b":{"0":[0,0]}}
,"/Users/mspaxman/code/workingrepos/seanforyou23-syndesis-react-poc/packages/api/src/WithVirtualizations.tsx": {"path":"/Users/mspaxman/code/workingrepos/seanforyou23-syndesis-react-poc/packages/api/src/WithVirtualizations.tsx","statementMap":{"0":{"start":{"line":2,"column":0},"end":{"line":2,"column":31}},"1":{"start":{"line":3,"column":0},"end":{"line":3,"column":36}},"2":{"start":{"line":14,"column":4},"end":{"line":21,"column":6}},"3":{"start":{"line":19,"column":33},"end":{"line":19,"column":62}},"4":{"start":{"line":10,"column":0},"end":{"line":10,"column":13}}},"fnMap":{"0":{"name":"(anonymous_0)","decl":{"start":{"line":13,"column":9},"end":{"line":13,"column":15}},"loc":{"start":{"line":13,"column":15},"end":{"line":22,"column":3}}},"1":{"name":"(anonymous_1)","decl":{"start":{"line":19,"column":9},"end":{"line":19,"column":10}},"loc":{"start":{"line":19,"column":33},"end":{"line":19,"column":62}}}},"branchMap":{},"s":{"0":1,"1":1,"2":0,"3":0,"4":1},"f":{"0":0,"1":0},"b":{}}
,"/Users/mspaxman/code/workingrepos/seanforyou23-syndesis-react-poc/packages/api/src/callFetch.ts": {"path":"/Users/mspaxman/code/workingrepos/seanforyou23-syndesis-react-poc/packages/api/src/callFetch.ts","statementMap":{"0":{"start":{"line":50,"column":21},"end":{"line":50,"column":29}},"1":{"start":{"line":51,"column":4},"end":{"line":51,"column":31}},"2":{"start":{"line":55,"column":26},"end":{"line":55,"column":40}},"3":{"start":{"line":56,"column":4},"end":{"line":56,"column":41}},"4":{"start":{"line":60,"column":29},"end":{"line":60,"column":45}},"5":{"start":{"line":61,"column":4},"end":{"line":61,"column":46}},"6":{"start":{"line":64,"column":2},"end":{"line":76,"column":5}},"7":{"start":{"line":38,"column":0},"end":{"line":38,"column":16}}},"fnMap":{"0":{"name":"callFetch","decl":{"start":{"line":38,"column":16},"end":{"line":38,"column":25}},"loc":{"start":{"line":48,"column":9},"end":{"line":77,"column":1}}}},"branchMap":{"0":{"loc":{"start":{"line":41,"column":12},"end":{"line":41,"column":14}},"type":"default-arg","locations":[{"start":{"line":41,"column":12},"end":{"line":41,"column":14}}]},"1":{"loc":{"start":{"line":43,"column":23},"end":{"line":43,"column":27}},"type":"default-arg","locations":[{"start":{"line":43,"column":23},"end":{"line":43,"column":27}}]},"2":{"loc":{"start":{"line":44,"column":16},"end":{"line":44,"column":49}},"type":"default-arg","locations":[{"start":{"line":44,"column":16},"end":{"line":44,"column":49}}]},"3":{"loc":{"start":{"line":45,"column":18},"end":{"line":45,"column":22}},"type":"default-arg","locations":[{"start":{"line":45,"column":18},"end":{"line":45,"column":22}}]},"4":{"loc":{"start":{"line":46,"column":11},"end":{"line":46,"column":44}},"type":"default-arg","locations":[{"start":{"line":46,"column":11},"end":{"line":46,"column":44}}]},"5":{"loc":{"start":{"line":47,"column":26},"end":{"line":47,"column":30}},"type":"default-arg","locations":[{"start":{"line":47,"column":26},"end":{"line":47,"column":30}}]},"6":{"loc":{"start":{"line":66,"column":8},"end":{"line":66,"column":28}},"type":"cond-expr","locations":[{"start":{"line":66,"column":8},"end":{"line":66,"column":28}},{"start":{"line":67,"column":8},"end":{"line":67,"column":12}}]}},"s":{"0":1,"1":1,"2":1,"3":1,"4":1,"5":1,"6":1,"7":1},"f":{"0":1},"b":{"0":[1],"1":[1],"2":[1],"3":[1],"4":[1],"5":[1],"6":[0,0]}}
,"/Users/mspaxman/code/workingrepos/seanforyou23-syndesis-react-poc/packages/api/src/index.ts": {"path":"/Users/mspaxman/code/workingrepos/seanforyou23-syndesis-react-poc/packages/api/src/index.ts","statementMap":{"0":{"start":{"line":1,"column":0},"end":{"line":1,"column":29}},"1":{"start":{"line":2,"column":0},"end":{"line":2,"column":32}},"2":{"start":{"line":3,"column":0},"end":{"line":3,"column":28}},"3":{"start":{"line":4,"column":0},"end":{"line":4,"column":26}},"4":{"start":{"line":5,"column":0},"end":{"line":5,"column":24}},"5":{"start":{"line":6,"column":0},"end":{"line":6,"column":38}},"6":{"start":{"line":7,"column":0},"end":{"line":7,"column":25}},"7":{"start":{"line":8,"column":0},"end":{"line":8,"column":41}},"8":{"start":{"line":9,"column":0},"end":{"line":9,"column":36}},"9":{"start":{"line":10,"column":0},"end":{"line":10,"column":32}},"10":{"start":{"line":11,"column":0},"end":{"line":11,"column":39}},"11":{"start":{"line":12,"column":0},"end":{"line":12,"column":44}},"12":{"start":{"line":13,"column":0},"end":{"line":13,"column":33}},"13":{"start":{"line":14,"column":0},"end":{"line":14,"column":35}},"14":{"start":{"line":15,"column":0},"end":{"line":15,"column":44}},"15":{"start":{"line":16,"column":0},"end":{"line":16,"column":42}},"16":{"start":{"line":17,"column":0},"end":{"line":17,"column":34}},"17":{"start":{"line":18,"column":0},"end":{"line":18,"column":33}},"18":{"start":{"line":19,"column":0},"end":{"line":19,"column":33}},"19":{"start":{"line":20,"column":0},"end":{"line":20,"column":30}},"20":{"start":{"line":21,"column":0},"end":{"line":21,"column":37}},"21":{"start":{"line":22,"column":0},"end":{"line":22,"column":35}},"22":{"start":{"line":23,"column":0},"end":{"line":23,"column":37}},"23":{"start":{"line":24,"column":0},"end":{"line":24,"column":28}},"24":{"start":{"line":25,"column":0},"end":{"line":25,"column":44}},"25":{"start":{"line":26,"column":0},"end":{"line":26,"column":37}},"26":{"start":{"line":27,"column":0},"end":{"line":27,"column":38}}},"fnMap":{},"branchMap":{},"s":{"0":1,"1":1,"2":1,"3":1,"4":1,"5":1,"6":1,"7":1,"8":1,"9":1,"10":1,"11":1,"12":1,"13":1,"14":1,"15":1,"16":1,"17":1,"18":1,"19":1,"20":1,"21":1,"22":1,"23":1,"24":1,"25":1,"26":1},"f":{},"b":{}}
,"/Users/mspaxman/code/workingrepos/seanforyou23-syndesis-react-poc/packages/api/src/integrationHelpers/deserializeIntegration.ts": {"path":"/Users/mspaxman/code/workingrepos/seanforyou23-syndesis-react-poc/packages/api/src/integrationHelpers/deserializeIntegration.ts","statementMap":{"0":{"start":{"line":3,"column":13},"end":{"line":4,"column":57}},"1":{"start":{"line":4,"column":2},"end":{"line":4,"column":56}}},"fnMap":{"0":{"name":"(anonymous_0)","decl":{"start":{"line":3,"column":38},"end":{"line":3,"column":39}},"loc":{"start":{"line":4,"column":2},"end":{"line":4,"column":56}}}},"branchMap":{},"s":{"0":1,"1":0},"f":{"0":0},"b":{}}
,"/Users/mspaxman/code/workingrepos/seanforyou23-syndesis-react-poc/packages/api/src/integrationHelpers/helpers.ts": {"path":"/Users/mspaxman/code/workingrepos/seanforyou23-syndesis-react-poc/packages/api/src/integrationHelpers/helpers.ts","statementMap":{"0":{"start":{"line":11,"column":2},"end":{"line":11,"column":51}},"1":{"start":{"line":11,"column":29},"end":{"line":11,"column":49}},"2":{"start":{"line":10,"column":0},"end":{"line":10,"column":16}},"3":{"start":{"line":15,"column":2},"end":{"line":15,"column":49}},"4":{"start":{"line":15,"column":29},"end":{"line":15,"column":47}},"5":{"start":{"line":14,"column":0},"end":{"line":14,"column":16}},"6":{"start":{"line":22,"column":4},"end":{"line":22,"column":79}},"7":{"start":{"line":24,"column":2},"end":{"line":24,"column":30}},"8":{"start":{"line":18,"column":0},"end":{"line":18,"column":16}},"9":{"start":{"line":28,"column":2},"end":{"line":28,"column":27}},"10":{"start":{"line":27,"column":0},"end":{"line":27,"column":16}},"11":{"start":{"line":32,"column":17},"end":{"line":32,"column":53}},"12":{"start":{"line":32,"column":35},"end":{"line":32,"column":52}},"13":{"start":{"line":34,"column":4},"end":{"line":34,"column":55}},"14":{"start":{"line":36,"column":2},"end":{"line":36,"column":16}},"15":{"start":{"line":31,"column":0},"end":{"line":31,"column":16}},"16":{"start":{"line":41,"column":4},"end":{"line":41,"column":74}},"17":{"start":{"line":43,"column":2},"end":{"line":43,"column":27}},"18":{"start":{"line":39,"column":0},"end":{"line":39,"column":16}},"19":{"start":{"line":50,"column":4},"end":{"line":50,"column":65}},"20":{"start":{"line":52,"column":2},"end":{"line":52,"column":44}},"21":{"start":{"line":46,"column":0},"end":{"line":46,"column":16}},"22":{"start":{"line":60,"column":4},"end":{"line":60,"column":78}},"23":{"start":{"line":62,"column":2},"end":{"line":62,"column":21}},"24":{"start":{"line":55,"column":0},"end":{"line":55,"column":16}},"25":{"start":{"line":71,"column":4},"end":{"line":71,"column":70}},"26":{"start":{"line":73,"column":2},"end":{"line":73,"column":25}},"27":{"start":{"line":65,"column":0},"end":{"line":65,"column":16}}},"fnMap":{"0":{"name":"getActionsWithFrom","decl":{"start":{"line":10,"column":16},"end":{"line":10,"column":34}},"loc":{"start":{"line":10,"column":57},"end":{"line":12,"column":1}}},"1":{"name":"(anonymous_1)","decl":{"start":{"line":11,"column":24},"end":{"line":11,"column":25}},"loc":{"start":{"line":11,"column":29},"end":{"line":11,"column":49}}},"2":{"name":"getActionsWithTo","decl":{"start":{"line":14,"column":16},"end":{"line":14,"column":32}},"loc":{"start":{"line":14,"column":55},"end":{"line":16,"column":1}}},"3":{"name":"(anonymous_3)","decl":{"start":{"line":15,"column":24},"end":{"line":15,"column":25}},"loc":{"start":{"line":15,"column":29},"end":{"line":15,"column":47}}},"4":{"name":"getConnectionConnector","decl":{"start":{"line":18,"column":16},"end":{"line":18,"column":38}},"loc":{"start":{"line":19,"column":32},"end":{"line":25,"column":1}}},"5":{"name":"getConnectorActions","decl":{"start":{"line":27,"column":16},"end":{"line":27,"column":35}},"loc":{"start":{"line":27,"column":56},"end":{"line":29,"column":1}}},"6":{"name":"getActionById","decl":{"start":{"line":31,"column":16},"end":{"line":31,"column":29}},"loc":{"start":{"line":31,"column":65},"end":{"line":37,"column":1}}},"7":{"name":"(anonymous_7)","decl":{"start":{"line":32,"column":30},"end":{"line":32,"column":31}},"loc":{"start":{"line":32,"column":35},"end":{"line":32,"column":52}}},"8":{"name":"getActionDescriptor","decl":{"start":{"line":39,"column":16},"end":{"line":39,"column":35}},"loc":{"start":{"line":39,"column":50},"end":{"line":44,"column":1}}},"9":{"name":"getActionSteps","decl":{"start":{"line":46,"column":16},"end":{"line":46,"column":30}},"loc":{"start":{"line":47,"column":30},"end":{"line":53,"column":1}}},"10":{"name":"getActionStep","decl":{"start":{"line":55,"column":16},"end":{"line":55,"column":29}},"loc":{"start":{"line":57,"column":14},"end":{"line":63,"column":1}}},"11":{"name":"getActionStepDefinition","decl":{"start":{"line":65,"column":16},"end":{"line":65,"column":39}},"loc":{"start":{"line":66,"column":28},"end":{"line":74,"column":1}}}},"branchMap":{"0":{"loc":{"start":{"line":10,"column":55},"end":{"line":10,"column":57}},"type":"default-arg","locations":[{"start":{"line":10,"column":55},"end":{"line":10,"column":57}}]},"1":{"loc":{"start":{"line":14,"column":53},"end":{"line":14,"column":55}},"type":"default-arg","locations":[{"start":{"line":14,"column":53},"end":{"line":14,"column":55}}]}},"s":{"0":0,"1":0,"2":1,"3":0,"4":0,"5":1,"6":0,"7":0,"8":1,"9":0,"10":1,"11":0,"12":0,"13":0,"14":0,"15":1,"16":0,"17":0,"18":1,"19":0,"20":0,"21":1,"22":0,"23":0,"24":1,"25":0,"26":0,"27":1},"f":{"0":0,"1":0,"2":0,"3":0,"4":0,"5":0,"6":0,"7":0,"8":0,"9":0,"10":0,"11":0},"b":{"0":[0],"1":[0]}}
,"/Users/mspaxman/code/workingrepos/seanforyou23-syndesis-react-poc/packages/api/src/integrationHelpers/index.ts": {"path":"/Users/mspaxman/code/workingrepos/seanforyou23-syndesis-react-poc/packages/api/src/integrationHelpers/index.ts","statementMap":{"0":{"start":{"line":1,"column":0},"end":{"line":1,"column":26}},"1":{"start":{"line":2,"column":0},"end":{"line":2,"column":39}},"2":{"start":{"line":3,"column":0},"end":{"line":3,"column":41}}},"fnMap":{},"branchMap":{},"s":{"0":1,"1":1,"2":1},"f":{},"b":{}}
,"/Users/mspaxman/code/workingrepos/seanforyou23-syndesis-react-poc/packages/api/src/integrationHelpers/serializeIntegration.ts": {"path":"/Users/mspaxman/code/workingrepos/seanforyou23-syndesis-react-poc/packages/api/src/integrationHelpers/serializeIntegration.ts","statementMap":{"0":{"start":{"line":3,"column":13},"end":{"line":4,"column":46}},"1":{"start":{"line":4,"column":2},"end":{"line":4,"column":45}}},"fnMap":{"0":{"name":"(anonymous_0)","decl":{"start":{"line":3,"column":36},"end":{"line":3,"column":37}},"loc":{"start":{"line":4,"column":2},"end":{"line":4,"column":45}}}},"branchMap":{},"s":{"0":1,"1":0},"f":{"0":0},"b":{}}
}
