TN:
SF:/Users/mspaxman/code/workingrepos/seanforyou23-syndesis-react-poc/packages/api/src/ApiContext.tsx
FNF:0
FNH:0
DA:1,1
DA:9,1
DA:15,1
LF:3
LH:3
BRF:0
BRH:0
end_of_record
TN:
SF:/Users/mspaxman/code/workingrepos/seanforyou23-syndesis-react-poc/packages/api/src/DVFetch.tsx
FN:16,(anonymous_0)
FN:21,(anonymous_1)
FNF:2
FNH:0
FNDA:0,(anonymous_0)
FNDA:0,(anonymous_1)
DA:1,1
DA:2,1
DA:3,1
DA:15,1
DA:17,0
DA:19,0
DA:22,0
LF:7
LH:4
BRF:0
BRH:0
end_of_record
TN:
SF:/Users/mspaxman/code/workingrepos/seanforyou23-syndesis-react-poc/packages/api/src/Fetch.tsx
FN:30,(anonymous_0)
FN:41,(anonymous_1)
FN:45,(anonymous_2)
FN:51,(anonymous_3)
FN:58,(anonymous_4)
FN:65,(anonymous_5)
FNF:6
FNH:6
FNDA:1,(anonymous_0)
FNDA:1,(anonymous_1)
FNDA:1,(anonymous_2)
FNDA:1,(anonymous_3)
FNDA:2,(anonymous_4)
FNDA:1,(anonymous_5)
DA:1,1
DA:2,1
DA:3,1
DA:4,1
DA:29,1
DA:31,1
DA:32,1
DA:33,1
DA:42,1
DA:47,0
DA:55,1
DA:59,2
DA:67,1
DA:68,1
DA:75,0
DA:82,0
DA:84,0
DA:87,0
DA:89,0
DA:91,1
LF:20
LH:14
BRDA:34,0,0,1
BRDA:34,0,1,1
BRDA:55,1,0,1
BRDA:55,1,1,1
BRDA:79,2,0,0
BRDA:79,2,1,0
BRF:6
BRH:4
end_of_record
TN:
SF:/Users/mspaxman/code/workingrepos/seanforyou23-syndesis-react-poc/packages/api/src/ServerEventsContext.tsx
FNF:0
FNH:0
DA:1,1
DA:11,1
DA:13,1
LF:3
LH:3
BRF:0
BRH:0
end_of_record
TN:
SF:/Users/mspaxman/code/workingrepos/seanforyou23-syndesis-react-poc/packages/api/src/Stream.tsx
FN:4,(anonymous_0)
FN:22,(anonymous_1)
FN:34,(anonymous_2)
FN:35,(anonymous_3)
FN:38,(anonymous_4)
FN:69,(anonymous_5)
FN:7,(anonymous_6)
FN:16,(anonymous_7)
FNF:8
FNH:0
FNDA:0,(anonymous_0)
FNDA:0,(anonymous_1)
FNDA:0,(anonymous_2)
FNDA:0,(anonymous_3)
FNDA:0,(anonymous_4)
FNDA:0,(anonymous_5)
FNDA:0,(anonymous_6)
FNDA:0,(anonymous_7)
DA:1,1
DA:2,1
DA:4,1
DA:10,0
DA:12,0
DA:18,0
DA:22,0
DA:24,0
DA:28,0
DA:34,0
DA:36,0
DA:37,0
DA:38,0
DA:46,0
DA:50,0
DA:54,0
DA:58,0
DA:61,0
DA:69,0
DA:70,0
LF:20
LH:3
BRDA:51,0,0,0
BRDA:51,0,1,0
BRF:2
BRH:0
end_of_record
TN:
SF:/Users/mspaxman/code/workingrepos/seanforyou23-syndesis-react-poc/packages/api/src/SyndesisFetch.tsx
FN:17,(anonymous_0)
FN:24,(anonymous_1)
FNF:2
FNH:0
FNDA:0,(anonymous_0)
FNDA:0,(anonymous_1)
DA:1,1
DA:2,1
DA:3,1
DA:4,1
DA:16,1
DA:18,0
DA:20,0
DA:22,0
DA:25,0
LF:9
LH:5
BRDA:20,0,0,0
BRDA:20,0,1,0
BRF:2
BRH:0
end_of_record
TN:
SF:/Users/mspaxman/code/workingrepos/seanforyou23-syndesis-react-poc/packages/api/src/WithApiConnectors.tsx
FN:22,(anonymous_0)
FN:26,(anonymous_1)
FN:35,(anonymous_2)
FN:41,(anonymous_3)
FN:48,(anonymous_4)
FNF:5
FNH:0
FNDA:0,(anonymous_0)
FNDA:0,(anonymous_1)
FNDA:0,(anonymous_2)
FNDA:0,(anonymous_3)
FNDA:0,(anonymous_4)
DA:2,1
DA:4,1
DA:5,1
DA:6,1
DA:19,1
DA:23,0
DA:27,0
DA:37,0
DA:39,0
DA:42,0
DA:48,0
LF:11
LH:5
BRF:0
BRH:0
end_of_record
TN:
SF:/Users/mspaxman/code/workingrepos/seanforyou23-syndesis-react-poc/packages/api/src/WithChangeListener.tsx
FN:15,(anonymous_0)
FN:20,(anonymous_1)
FN:24,(anonymous_2)
FN:28,(anonymous_3)
FN:32,(anonymous_4)
FNF:5
FNH:0
FNDA:0,(anonymous_0)
FNDA:0,(anonymous_1)
FNDA:0,(anonymous_2)
FNDA:0,(anonymous_3)
FNDA:0,(anonymous_4)
DA:1,1
DA:12,1
DA:16,0
DA:17,0
DA:21,0
DA:25,0
DA:29,0
DA:34,0
LF:8
LH:2
BRF:0
BRH:0
end_of_record
TN:
SF:/Users/mspaxman/code/workingrepos/seanforyou23-syndesis-react-poc/packages/api/src/WithConnection.tsx
FN:19,(anonymous_0)
FN:28,(anonymous_1)
FNF:2
FNH:0
FNDA:0,(anonymous_0)
FNDA:0,(anonymous_1)
DA:2,1
DA:4,1
DA:5,1
DA:18,1
DA:20,0
DA:29,0
LF:6
LH:4
BRDA:34,0,0,0
BRDA:34,0,1,0
BRDA:37,1,0,0
BRDA:37,1,1,0
BRF:4
BRH:0
end_of_record
TN:
SF:/Users/mspaxman/code/workingrepos/seanforyou23-syndesis-react-poc/packages/api/src/WithConnections.tsx
FN:9,getConnectionsForDisplay
FN:11,(anonymous_1)
FN:15,getConnectionsWithFromAction
FN:18,(anonymous_3)
FN:23,(anonymous_4)
FN:29,getConnectionsWithToAction
FN:30,(anonymous_6)
FN:39,(anonymous_7)
FN:63,transformResponse
FN:81,(anonymous_9)
FN:85,(anonymous_10)
FN:94,(anonymous_11)
FN:100,(anonymous_12)
FN:107,(anonymous_13)
FNF:14
FNH:0
FNDA:0,getConnectionsForDisplay
FNDA:0,(anonymous_1)
FNDA:0,getConnectionsWithFromAction
FNDA:0,(anonymous_3)
FNDA:0,(anonymous_4)
FNDA:0,getConnectionsWithToAction
FNDA:0,(anonymous_6)
FNDA:0,(anonymous_7)
FNDA:0,transformResponse
FNDA:0,(anonymous_9)
FNDA:0,(anonymous_10)
FNDA:0,(anonymous_11)
FNDA:0,(anonymous_12)
FNDA:0,(anonymous_13)
DA:2,1
DA:4,1
DA:5,1
DA:6,1
DA:9,1
DA:10,0
DA:11,0
DA:15,1
DA:18,0
DA:21,0
DA:23,0
DA:24,0
DA:29,1
DA:30,0
DA:33,0
DA:37,0
DA:39,0
DA:40,0
DA:63,1
DA:66,0
DA:80,1
DA:82,0
DA:86,0
DA:96,0
DA:98,0
DA:101,0
DA:107,0
LF:27
LH:9
BRDA:11,0,0,0
BRDA:11,0,1,0
BRF:2
BRH:0
end_of_record
TN:
SF:/Users/mspaxman/code/workingrepos/seanforyou23-syndesis-react-poc/packages/api/src/WithConnectors.tsx
FN:20,(anonymous_0)
FN:23,(anonymous_1)
FN:32,(anonymous_2)
FN:38,(anonymous_3)
FN:45,(anonymous_4)
FNF:5
FNH:0
FNDA:0,(anonymous_0)
FNDA:0,(anonymous_1)
FNDA:0,(anonymous_2)
FNDA:0,(anonymous_3)
FNDA:0,(anonymous_4)
DA:2,1
DA:4,1
DA:5,1
DA:6,1
DA:19,1
DA:21,0
DA:24,0
DA:34,0
DA:36,0
DA:39,0
DA:45,0
LF:11
LH:5
BRF:0
BRH:0
end_of_record
TN:
SF:/Users/mspaxman/code/workingrepos/seanforyou23-syndesis-react-poc/packages/api/src/WithExtension.tsx
FN:17,(anonymous_0)
FN:29,(anonymous_1)
FNF:2
FNH:0
FNDA:0,(anonymous_0)
FNDA:0,(anonymous_1)
DA:2,1
DA:4,1
DA:16,1
DA:18,0
DA:29,0
LF:5
LH:3
BRF:0
BRH:0
end_of_record
TN:
SF:/Users/mspaxman/code/workingrepos/seanforyou23-syndesis-react-poc/packages/api/src/WithExtensionHelpers.tsx
FN:19,(anonymous_0)
FN:30,(anonymous_1)
FN:48,(anonymous_2)
FN:66,(anonymous_3)
FN:93,(anonymous_4)
FN:104,(anonymous_5)
FN:106,(anonymous_6)
FNF:7
FNH:0
FNDA:0,(anonymous_0)
FNDA:0,(anonymous_1)
FNDA:0,(anonymous_2)
FNDA:0,(anonymous_3)
FNDA:0,(anonymous_4)
FNDA:0,(anonymous_5)
FNDA:0,(anonymous_6)
DA:2,1
DA:3,1
DA:4,1
DA:16,1
DA:20,0
DA:21,0
DA:22,0
DA:23,0
DA:31,0
DA:38,0
DA:41,0
DA:49,0
DA:56,0
DA:59,0
DA:70,0
DA:71,0
DA:73,0
DA:75,0
DA:87,0
DA:90,0
DA:94,0
DA:102,1
DA:105,0
DA:106,0
LF:24
LH:5
BRDA:83,0,0,0
BRDA:83,0,1,0
BRF:2
BRH:0
end_of_record
TN:
SF:/Users/mspaxman/code/workingrepos/seanforyou23-syndesis-react-poc/packages/api/src/WithExtensionIntegrations.tsx
FN:22,(anonymous_0)
FN:29,(anonymous_1)
FN:35,(anonymous_2)
FN:40,(anonymous_3)
FN:47,(anonymous_4)
FNF:5
FNH:0
FNDA:0,(anonymous_0)
FNDA:0,(anonymous_1)
FNDA:0,(anonymous_2)
FNDA:0,(anonymous_3)
FNDA:0,(anonymous_4)
DA:2,1
DA:4,1
DA:5,1
DA:6,1
DA:19,1
DA:23,0
DA:30,0
DA:36,0
DA:41,0
DA:47,0
LF:10
LH:5
BRDA:25,0,0,0
BRDA:25,0,1,0
BRDA:37,1,0,0
BRDA:37,1,1,0
BRF:4
BRH:0
end_of_record
TN:
SF:/Users/mspaxman/code/workingrepos/seanforyou23-syndesis-react-poc/packages/api/src/WithExtensions.tsx
FN:23,(anonymous_0)
FN:27,(anonymous_1)
FN:33,(anonymous_2)
FN:38,(anonymous_3)
FN:45,(anonymous_4)
FNF:5
FNH:0
FNDA:0,(anonymous_0)
FNDA:0,(anonymous_1)
FNDA:0,(anonymous_2)
FNDA:0,(anonymous_3)
FNDA:0,(anonymous_4)
DA:2,1
DA:4,1
DA:5,1
DA:6,1
DA:22,1
DA:24,0
DA:28,0
DA:34,0
DA:39,0
DA:45,0
LF:10
LH:5
BRDA:35,0,0,0
BRDA:35,0,1,0
BRF:2
BRH:0
end_of_record
TN:
SF:/Users/mspaxman/code/workingrepos/seanforyou23-syndesis-react-poc/packages/api/src/WithIntegrationHelpers.tsx
FN:154,(anonymous_0)
FN:166,(anonymous_1)
FN:189,(anonymous_2)
FN:202,(anonymous_3)
FN:231,(anonymous_4)
FN:244,(anonymous_5)
FN:271,(anonymous_6)
FN:284,(anonymous_7)
FN:319,(anonymous_8)
FN:323,(anonymous_9)
FN:340,(anonymous_10)
FN:341,(anonymous_11)
FN:346,(anonymous_12)
FN:354,(anonymous_13)
FN:364,(anonymous_14)
FN:368,(anonymous_15)
FN:375,(anonymous_16)
FN:379,(anonymous_17)
FN:383,(anonymous_18)
FN:428,(anonymous_19)
FN:430,(anonymous_20)
FNF:21
FNH:0
FNDA:0,(anonymous_0)
FNDA:0,(anonymous_1)
FNDA:0,(anonymous_2)
FNDA:0,(anonymous_3)
FNDA:0,(anonymous_4)
FNDA:0,(anonymous_5)
FNDA:0,(anonymous_6)
FNDA:0,(anonymous_7)
FNDA:0,(anonymous_8)
FNDA:0,(anonymous_9)
FNDA:0,(anonymous_10)
FNDA:0,(anonymous_11)
FNDA:0,(anonymous_12)
FNDA:0,(anonymous_13)
FNDA:0,(anonymous_14)
FNDA:0,(anonymous_15)
FNDA:0,(anonymous_16)
FNDA:0,(anonymous_17)
FNDA:0,(anonymous_18)
FNDA:0,(anonymous_19)
FNDA:0,(anonymous_20)
DA:9,1
DA:10,1
DA:11,1
DA:12,1
DA:13,1
DA:15,1
DA:151,1
DA:155,0
DA:156,0
DA:157,0
DA:158,0
DA:159,0
DA:160,0
DA:161,0
DA:162,0
DA:163,0
DA:172,0
DA:181,0
DA:183,0
DA:185,0
DA:197,0
DA:202,0
DA:204,0
DA:207,0
DA:214,0
DA:223,0
DA:225,0
DA:226,0
DA:227,0
DA:239,0
DA:244,0
DA:246,0
DA:249,0
DA:256,0
DA:265,0
DA:267,0
DA:268,0
DA:279,0
DA:284,0
DA:286,0
DA:289,0
DA:296,0
DA:305,0
DA:307,0
DA:309,0
DA:311,0
DA:312,0
DA:320,0
DA:324,0
DA:333,0
DA:335,0
DA:341,0
DA:342,0
DA:348,0
DA:350,0
DA:356,0
DA:358,0
DA:365,0
DA:369,0
DA:376,0
DA:380,0
DA:384,0
DA:426,1
DA:429,0
DA:430,0
LF:65
LH:8
BRDA:227,0,0,0
BRDA:227,0,1,0
BRDA:313,1,0,0
BRDA:313,1,1,0
BRDA:327,2,0,0
BRDA:327,2,1,0
BRDA:329,3,0,0
BRDA:329,3,1,0
BRDA:336,4,0,0
BRDA:336,4,1,0
BRDA:370,5,0,0
BRDA:370,5,1,0
BRF:12
BRH:0
end_of_record
TN:
SF:/Users/mspaxman/code/workingrepos/seanforyou23-syndesis-react-poc/packages/api/src/WithIntegrations.tsx
FN:20,(anonymous_0)
FN:26,(anonymous_1)
FN:32,(anonymous_2)
FN:37,(anonymous_3)
FN:44,(anonymous_4)
FNF:5
FNH:0
FNDA:0,(anonymous_0)
FNDA:0,(anonymous_1)
FNDA:0,(anonymous_2)
FNDA:0,(anonymous_3)
FNDA:0,(anonymous_4)
DA:2,1
DA:4,1
DA:5,1
DA:6,1
DA:19,1
DA:21,0
DA:27,0
DA:33,0
DA:38,0
DA:44,0
LF:10
LH:5
BRDA:22,0,0,0
BRDA:22,0,1,0
BRDA:34,1,0,0
BRDA:34,1,1,0
BRF:4
BRH:0
end_of_record
TN:
SF:/Users/mspaxman/code/workingrepos/seanforyou23-syndesis-react-poc/packages/api/src/WithIntegrationsMetrics.tsx
FN:15,(anonymous_0)
FN:30,(anonymous_1)
FN:36,(anonymous_2)
FNF:3
FNH:0
FNDA:0,(anonymous_0)
FNDA:0,(anonymous_1)
FNDA:0,(anonymous_2)
DA:2,1
DA:4,1
DA:5,1
DA:12,1
DA:16,0
DA:32,0
DA:34,0
DA:36,0
LF:8
LH:4
BRF:0
BRH:0
end_of_record
TN:
SF:/Users/mspaxman/code/workingrepos/seanforyou23-syndesis-react-poc/packages/api/src/WithMonitoredIntegrations.tsx
FN:27,(anonymous_0)
FN:33,(anonymous_1)
FN:42,(anonymous_3)
FN:49,(anonymous_4)
FN:52,(anonymous_5)
FN:57,(anonymous_6)
FN:67,(anonymous_7)
FN:74,(anonymous_8)
FNF:8
FNH:0
FNDA:0,(anonymous_0)
FNDA:0,(anonymous_1)
FNDA:0,(anonymous_3)
FNDA:0,(anonymous_4)
FNDA:0,(anonymous_5)
FNDA:0,(anonymous_6)
FNDA:0,(anonymous_7)
FNDA:0,(anonymous_8)
DA:6,1
DA:8,1
DA:9,1
DA:10,1
DA:11,1
DA:24,1
DA:28,0
DA:37,0
DA:42,0
DA:50,0
DA:53,0
DA:59,0
DA:63,0
DA:65,0
DA:68,0
DA:75,0
DA:79,0
LF:17
LH:6
BRDA:29,0,0,0
BRDA:29,0,1,0
BRF:2
BRH:0
end_of_record
TN:
SF:/Users/mspaxman/code/workingrepos/seanforyou23-syndesis-react-poc/packages/api/src/WithPolling.tsx
FN:12,(anonymous_0)
FN:17,(anonymous_1)
FN:21,(anonymous_2)
FN:25,(anonymous_3)
FN:29,(anonymous_4)
FN:33,(anonymous_5)
FN:37,(anonymous_6)
FN:44,(anonymous_7)
FNF:8
FNH:0
FNDA:0,(anonymous_0)
FNDA:0,(anonymous_1)
FNDA:0,(anonymous_2)
FNDA:0,(anonymous_3)
FNDA:0,(anonymous_4)
FNDA:0,(anonymous_5)
FNDA:0,(anonymous_6)
FNDA:0,(anonymous_7)
DA:1,1
DA:9,1
DA:13,0
DA:14,0
DA:18,0
DA:22,0
DA:26,0
DA:30,0
DA:34,0
DA:38,0
DA:40,0
DA:46,0
DA:47,0
LF:13
LH:2
BRF:0
BRH:0
end_of_record
TN:
SF:/Users/mspaxman/code/workingrepos/seanforyou23-syndesis-react-poc/packages/api/src/WithServerEvents.tsx
FN:45,(anonymous_0)
FN:55,(anonymous_1)
FN:59,(anonymous_2)
FN:63,(anonymous_3)
FN:64,(anonymous_4)
FN:67,(anonymous_5)
FN:68,(anonymous_6)
FN:71,(anonymous_7)
FN:75,(anonymous_8)
FN:82,(anonymous_9)
FN:91,(anonymous_10)
FN:104,(anonymous_11)
FN:108,(anonymous_12)
FN:119,(anonymous_13)
FN:137,(anonymous_14)
FN:172,(anonymous_15)
FN:173,(anonymous_16)
FN:178,(anonymous_17)
FN:179,(anonymous_18)
FN:184,(anonymous_19)
FN:186,(anonymous_20)
FN:193,(anonymous_21)
FN:199,(anonymous_22)
FN:208,(anonymous_23)
FN:210,(anonymous_24)
FN:230,(anonymous_25)
FNF:26
FNH:0
FNDA:0,(anonymous_0)
FNDA:0,(anonymous_1)
FNDA:0,(anonymous_2)
FNDA:0,(anonymous_3)
FNDA:0,(anonymous_4)
FNDA:0,(anonymous_5)
FNDA:0,(anonymous_6)
FNDA:0,(anonymous_7)
FNDA:0,(anonymous_8)
FNDA:0,(anonymous_9)
FNDA:0,(anonymous_10)
FNDA:0,(anonymous_11)
FNDA:0,(anonymous_12)
FNDA:0,(anonymous_13)
FNDA:0,(anonymous_14)
FNDA:0,(anonymous_15)
FNDA:0,(anonymous_16)
FNDA:0,(anonymous_17)
FNDA:0,(anonymous_18)
FNDA:0,(anonymous_19)
FNDA:0,(anonymous_20)
FNDA:0,(anonymous_21)
FNDA:0,(anonymous_22)
FNDA:0,(anonymous_23)
FNDA:0,(anonymous_24)
FNDA:0,(anonymous_25)
DA:1,1
DA:2,1
DA:29,1
DA:31,1
DA:35,0
DA:36,0
DA:37,0
DA:38,0
DA:39,0
DA:46,0
DA:47,0
DA:48,0
DA:49,0
DA:50,0
DA:51,0
DA:52,0
DA:56,0
DA:60,0
DA:64,0
DA:68,0
DA:72,0
DA:76,0
DA:77,0
DA:78,0
DA:79,0
DA:83,0
DA:92,0
DA:93,0
DA:95,0
DA:96,0
DA:99,0
DA:100,0
DA:105,0
DA:109,0
DA:111,0
DA:113,0
DA:115,0
DA:117,0
DA:119,0
DA:124,0
DA:125,0
DA:127,0
DA:128,0
DA:131,0
DA:132,0
DA:139,0
DA:141,0
DA:143,0
DA:149,0
DA:150,0
DA:152,0
DA:153,0
DA:155,0
DA:156,0
DA:157,0
DA:159,0
DA:160,0
DA:162,0
DA:167,0
DA:168,0
DA:173,0
DA:174,0
DA:179,0
DA:180,0
DA:185,0
DA:186,0
DA:187,0
DA:188,0
DA:189,0
DA:191,0
DA:193,0
DA:194,0
DA:195,0
DA:197,0
DA:199,0
DA:201,0
DA:203,0
DA:204,0
DA:205,0
DA:209,0
DA:210,0
DA:211,0
DA:212,0
DA:213,0
DA:216,0
DA:218,0
DA:219,0
DA:221,0
DA:223,0
DA:224,0
DA:230,0
DA:232,0
DA:234,0
LF:93
LH:4
BRDA:123,0,0,0
BRDA:123,0,1,0
BRDA:123,0,2,0
BRDA:138,1,0,0
BRDA:138,1,1,0
BRDA:138,1,2,0
BRDA:215,2,0,0
BRDA:215,2,1,0
BRDA:215,2,2,0
BRF:9
BRH:0
end_of_record
TN:
SF:/Users/mspaxman/code/workingrepos/seanforyou23-syndesis-react-poc/packages/api/src/WithViews.tsx
FN:17,(anonymous_0)
FN:26,(anonymous_1)
FNF:2
FNH:0
FNDA:0,(anonymous_0)
FNDA:0,(anonymous_1)
DA:2,1
DA:3,1
DA:16,1
DA:18,0
DA:26,0
LF:5
LH:3
BRF:0
BRH:0
end_of_record
TN:
SF:/Users/mspaxman/code/workingrepos/seanforyou23-syndesis-react-poc/packages/api/src/WithVirtualization.tsx
FN:19,(anonymous_0)
FN:41,(anonymous_1)
FNF:2
FNH:0
FNDA:0,(anonymous_0)
FNDA:0,(anonymous_1)
DA:2,1
DA:3,1
DA:16,1
DA:20,0
DA:41,0
LF:5
LH:3
BRF:0
BRH:0
end_of_record
TN:
SF:/Users/mspaxman/code/workingrepos/seanforyou23-syndesis-react-poc/packages/api/src/WithVirtualizationHelpers.tsx
FN:26,(anonymous_0)
FN:39,(anonymous_1)
FN:66,(anonymous_2)
FN:84,(anonymous_3)
FN:109,(anonymous_4)
FN:123,(anonymous_5)
FN:135,(anonymous_6)
FN:137,(anonymous_7)
FNF:8
FNH:0
FNDA:0,(anonymous_0)
FNDA:0,(anonymous_1)
FNDA:0,(anonymous_2)
FNDA:0,(anonymous_3)
FNDA:0,(anonymous_4)
FNDA:0,(anonymous_5)
FNDA:0,(anonymous_6)
FNDA:0,(anonymous_7)
DA:2,1
DA:3,1
DA:4,1
DA:6,1
DA:23,1
DA:27,0
DA:28,0
DA:29,0
DA:30,0
DA:31,0
DA:49,0
DA:56,0
DA:59,0
DA:67,0
DA:74,0
DA:77,0
DA:91,0
DA:99,0
DA:102,0
DA:110,0
DA:117,0
DA:120,0
DA:124,0
DA:133,1
DA:136,0
DA:138,0
LF:26
LH:6
BRDA:46,0,0,0
BRDA:46,0,1,0
BRF:2
BRH:0
end_of_record
TN:
SF:/Users/mspaxman/code/workingrepos/seanforyou23-syndesis-react-poc/packages/api/src/WithVirtualizations.tsx
FN:13,(anonymous_0)
FN:19,(anonymous_1)
FNF:2
FNH:0
FNDA:0,(anonymous_0)
FNDA:0,(anonymous_1)
DA:2,1
DA:3,1
DA:10,1
DA:14,0
DA:19,0
LF:5
LH:3
BRF:0
BRH:0
end_of_record
TN:
SF:/Users/mspaxman/code/workingrepos/seanforyou23-syndesis-react-poc/packages/api/src/callFetch.ts
FN:38,callFetch
FNF:1
FNH:1
FNDA:1,callFetch
DA:38,1
DA:50,1
DA:51,1
DA:55,1
DA:56,1
DA:60,1
DA:61,1
DA:64,1
LF:8
LH:8
BRDA:41,0,0,1
BRDA:43,1,0,1
BRDA:44,2,0,1
BRDA:45,3,0,1
BRDA:46,4,0,1
BRDA:47,5,0,1
BRDA:66,6,0,0
BRDA:66,6,1,0
BRF:8
BRH:6
end_of_record
TN:
SF:/Users/mspaxman/code/workingrepos/seanforyou23-syndesis-react-poc/packages/api/src/index.ts
FNF:0
FNH:0
DA:1,1
DA:2,1
DA:3,1
DA:4,1
DA:5,1
DA:6,1
DA:7,1
DA:8,1
DA:9,1
DA:10,1
DA:11,1
DA:12,1
DA:13,1
DA:14,1
DA:15,1
DA:16,1
DA:17,1
DA:18,1
DA:19,1
DA:20,1
DA:21,1
DA:22,1
DA:23,1
DA:24,1
DA:25,1
DA:26,1
DA:27,1
LF:27
LH:27
BRF:0
BRH:0
end_of_record
TN:
SF:/Users/mspaxman/code/workingrepos/seanforyou23-syndesis-react-poc/packages/api/src/integrationHelpers/deserializeIntegration.ts
FN:3,(anonymous_0)
FNF:1
FNH:0
FNDA:0,(anonymous_0)
DA:3,1
DA:4,0
LF:2
LH:1
BRF:0
BRH:0
end_of_record
TN:
SF:/Users/mspaxman/code/workingrepos/seanforyou23-syndesis-react-poc/packages/api/src/integrationHelpers/helpers.ts
FN:10,getActionsWithFrom
FN:11,(anonymous_1)
FN:14,getActionsWithTo
FN:15,(anonymous_3)
FN:18,getConnectionConnector
FN:27,getConnectorActions
FN:31,getActionById
FN:32,(anonymous_7)
FN:39,getActionDescriptor
FN:46,getActionSteps
FN:55,getActionStep
FN:65,getActionStepDefinition
FNF:12
FNH:0
FNDA:0,getActionsWithFrom
FNDA:0,(anonymous_1)
FNDA:0,getActionsWithTo
FNDA:0,(anonymous_3)
FNDA:0,getConnectionConnector
FNDA:0,getConnectorActions
FNDA:0,getActionById
FNDA:0,(anonymous_7)
FNDA:0,getActionDescriptor
FNDA:0,getActionSteps
FNDA:0,getActionStep
FNDA:0,getActionStepDefinition
DA:10,1
DA:11,0
DA:14,1
DA:15,0
DA:18,1
DA:22,0
DA:24,0
DA:27,1
DA:28,0
DA:31,1
DA:32,0
DA:34,0
DA:36,0
DA:39,1
DA:41,0
DA:43,0
DA:46,1
DA:50,0
DA:52,0
DA:55,1
DA:60,0
DA:62,0
DA:65,1
DA:71,0
DA:73,0
LF:25
LH:9
BRDA:10,0,0,0
BRDA:14,1,0,0
BRF:2
BRH:0
end_of_record
TN:
SF:/Users/mspaxman/code/workingrepos/seanforyou23-syndesis-react-poc/packages/api/src/integrationHelpers/index.ts
FNF:0
FNH:0
DA:1,1
DA:2,1
DA:3,1
LF:3
LH:3
BRF:0
BRH:0
end_of_record
TN:
SF:/Users/mspaxman/code/workingrepos/seanforyou23-syndesis-react-poc/packages/api/src/integrationHelpers/serializeIntegration.ts
FN:3,(anonymous_0)
FNF:1
FNH:0
FNDA:0,(anonymous_0)
DA:3,1
DA:4,0
LF:2
LH:1
BRF:0
BRH:0
end_of_record
