<?xml version="1.0" encoding="UTF-8"?>
<coverage generated="1554837505044" clover="3.2.0">
  <project timestamp="1554837505045" name="All files">
    <metrics statements="1185" coveredstatements="36" conditionals="348" coveredconditionals="3" methods="469" coveredmethods="13" elements="2002" coveredelements="52" complexity="0" loc="1185" ncloc="1185" packages="33" files="107" classes="107">
      <package name="src">
        <metrics statements="52" coveredstatements="0" conditionals="27" coveredconditionals="0" methods="17" coveredmethods="0"/>
        <file name="index.tsx" path="/Users/mspaxman/code/workingrepos/seanforyou23-syndesis-react-poc/syndesis/src/index.tsx">
          <metrics statements="16" coveredstatements="0" conditionals="0" coveredconditionals="0" methods="1" coveredmethods="0"/>
          <line num="1" count="0" type="stmt"/>
          <line num="2" count="0" type="stmt"/>
          <line num="3" count="0" type="stmt"/>
          <line num="4" count="0" type="stmt"/>
          <line num="5" count="0" type="stmt"/>
          <line num="6" count="0" type="stmt"/>
          <line num="7" count="0" type="stmt"/>
          <line num="8" count="0" type="stmt"/>
          <line num="9" count="0" type="stmt"/>
          <line num="10" count="0" type="stmt"/>
          <line num="11" count="0" type="stmt"/>
          <line num="12" count="0" type="stmt"/>
          <line num="13" count="0" type="stmt"/>
          <line num="15" count="0" type="stmt"/>
          <line num="20" count="0" type="stmt"/>
          <line num="67" count="0" type="stmt"/>
        </file>
        <file name="registerServiceWorker.ts" path="/Users/mspaxman/code/workingrepos/seanforyou23-syndesis-react-poc/syndesis/src/registerServiceWorker.ts">
          <metrics statements="32" coveredstatements="0" conditionals="23" coveredconditionals="0" methods="15" coveredmethods="0"/>
          <line num="12" count="0" type="stmt"/>
          <line num="23" count="0" type="cond" truecount="0" falsecount="4"/>
          <line num="25" count="0" type="stmt"/>
          <line num="29" count="0" type="cond" truecount="0" falsecount="2"/>
          <line num="33" count="0" type="stmt"/>
          <line num="36" count="0" type="stmt"/>
          <line num="37" count="0" type="stmt"/>
          <line num="39" count="0" type="cond" truecount="0" falsecount="2"/>
          <line num="41" count="0" type="stmt"/>
          <line num="45" count="0" type="stmt"/>
          <line num="46" count="0" type="stmt"/>
          <line num="53" count="0" type="stmt"/>
          <line num="60" count="0" type="stmt"/>
          <line num="63" count="0" type="stmt"/>
          <line num="64" count="0" type="stmt"/>
          <line num="65" count="0" type="cond" truecount="0" falsecount="2"/>
          <line num="66" count="0" type="stmt"/>
          <line num="67" count="0" type="cond" truecount="0" falsecount="2"/>
          <line num="68" count="0" type="cond" truecount="0" falsecount="2"/>
          <line num="73" count="0" type="stmt"/>
          <line num="78" count="0" type="stmt"/>
          <line num="86" count="0" type="stmt"/>
          <line num="92" count="0" type="stmt"/>
          <line num="95" count="0" type="cond" truecount="0" falsecount="2"/>
          <line num="100" count="0" type="stmt"/>
          <line num="101" count="0" type="stmt"/>
          <line num="102" count="0" type="stmt"/>
          <line num="107" count="0" type="stmt"/>
          <line num="111" count="0" type="stmt"/>
          <line num="118" count="0" type="cond" truecount="0" falsecount="2"/>
          <line num="119" count="0" type="stmt"/>
          <line num="120" count="0" type="stmt"/>
        </file>
        <file name="setupProxy.js" path="/Users/mspaxman/code/workingrepos/seanforyou23-syndesis-react-poc/syndesis/src/setupProxy.js">
          <metrics statements="4" coveredstatements="0" conditionals="4" coveredconditionals="0" methods="1" coveredmethods="0"/>
          <line num="2" count="0" type="stmt"/>
          <line num="4" count="0" type="stmt"/>
          <line num="5" count="0" type="cond" truecount="0" falsecount="2"/>
          <line num="6" count="0" type="stmt"/>
        </file>
        <file name="setupTests.ts" path="/Users/mspaxman/code/workingrepos/seanforyou23-syndesis-react-poc/syndesis/src/setupTests.ts">
          <metrics statements="0" coveredstatements="0" conditionals="0" coveredconditionals="0" methods="0" coveredmethods="0"/>
        </file>
      </package>
      <package name="src.app">
        <metrics statements="41" coveredstatements="20" conditionals="10" coveredconditionals="0" methods="22" coveredmethods="12"/>
        <file name="App.tsx" path="/Users/mspaxman/code/workingrepos/seanforyou23-syndesis-react-poc/syndesis/src/app/App.tsx">
          <metrics statements="31" coveredstatements="18" conditionals="10" coveredconditionals="0" methods="19" coveredmethods="12"/>
          <line num="57" count="1" type="stmt"/>
          <line num="58" count="1" type="stmt"/>
          <line num="59" count="1" type="stmt"/>
          <line num="60" count="1" type="stmt"/>
          <line num="61" count="1" type="stmt"/>
          <line num="62" count="1" type="stmt"/>
          <line num="63" count="1" type="stmt"/>
          <line num="67" count="0" type="stmt"/>
          <line num="68" count="0" type="stmt"/>
          <line num="71" count="0" type="stmt"/>
          <line num="77" count="0" type="stmt"/>
          <line num="97" count="0" type="cond" truecount="0" falsecount="2"/>
          <line num="104" count="0" type="stmt"/>
          <line num="106" count="0" type="stmt"/>
          <line num="109" count="0" type="cond" truecount="0" falsecount="3"/>
          <line num="111" count="0" type="stmt"/>
          <line num="113" count="0" type="stmt"/>
          <line num="115" count="0" type="stmt"/>
          <line num="120" count="0" type="stmt"/>
          <line num="126" count="0" type="stmt"/>
          <line num="132" count="1" type="stmt"/>
          <line num="140" count="1" type="stmt"/>
          <line num="141" count="2" type="stmt"/>
          <line num="153" count="1" type="stmt"/>
          <line num="156" count="1" type="stmt"/>
          <line num="158" count="1" type="stmt"/>
          <line num="177" count="1" type="stmt"/>
          <line num="196" count="1" type="stmt"/>
          <line num="198" count="1" type="stmt"/>
          <line num="219" count="1" type="stmt"/>
          <line num="226" count="2" type="stmt"/>
        </file>
        <file name="AppContext.tsx" path="/Users/mspaxman/code/workingrepos/seanforyou23-syndesis-react-poc/syndesis/src/app/AppContext.tsx">
          <metrics statements="2" coveredstatements="2" conditionals="0" coveredconditionals="0" methods="0" coveredmethods="0"/>
          <line num="18" count="1" type="stmt"/>
          <line num="20" count="1" type="stmt"/>
        </file>
        <file name="WithConfig.tsx" path="/Users/mspaxman/code/workingrepos/seanforyou23-syndesis-react-poc/syndesis/src/app/WithConfig.tsx">
          <metrics statements="8" coveredstatements="0" conditionals="0" coveredconditionals="0" methods="3" coveredmethods="0"/>
          <line num="1" count="0" type="stmt"/>
          <line num="48" count="0" type="stmt"/>
          <line num="55" count="0" type="stmt"/>
          <line num="56" count="0" type="stmt"/>
          <line num="59" count="0" type="stmt"/>
          <line num="60" count="0" type="stmt"/>
          <line num="65" count="0" type="stmt"/>
          <line num="73" count="0" type="stmt"/>
        </file>
        <file name="index.ts" path="/Users/mspaxman/code/workingrepos/seanforyou23-syndesis-react-poc/syndesis/src/app/index.ts">
          <metrics statements="0" coveredstatements="0" conditionals="0" coveredconditionals="0" methods="0" coveredmethods="0"/>
        </file>
      </package>
      <package name="src.i18n">
        <metrics statements="2" coveredstatements="2" conditionals="2" coveredconditionals="1" methods="0" coveredmethods="0"/>
        <file name="index.ts" path="/Users/mspaxman/code/workingrepos/seanforyou23-syndesis-react-poc/syndesis/src/i18n/index.ts">
          <metrics statements="2" coveredstatements="2" conditionals="2" coveredconditionals="1" methods="0" coveredmethods="0"/>
          <line num="5" count="1" type="stmt"/>
          <line num="40" count="1" type="stmt"/>
        </file>
      </package>
      <package name="src.i18n.locales">
        <metrics statements="12" coveredstatements="12" conditionals="0" coveredconditionals="0" methods="0" coveredmethods="0"/>
        <file name="index.ts" path="/Users/mspaxman/code/workingrepos/seanforyou23-syndesis-react-poc/syndesis/src/i18n/locales/index.ts">
          <metrics statements="12" coveredstatements="12" conditionals="0" coveredconditionals="0" methods="0" coveredmethods="0"/>
          <line num="17" count="1" type="stmt"/>
          <line num="18" count="1" type="stmt"/>
          <line num="21" count="1" type="stmt"/>
          <line num="22" count="1" type="stmt"/>
          <line num="25" count="1" type="stmt"/>
          <line num="26" count="1" type="stmt"/>
          <line num="29" count="1" type="stmt"/>
          <line num="30" count="1" type="stmt"/>
          <line num="33" count="1" type="stmt"/>
          <line num="34" count="1" type="stmt"/>
          <line num="37" count="1" type="stmt"/>
          <line num="38" count="1" type="stmt"/>
        </file>
      </package>
      <package name="src.modules">
        <metrics statements="13" coveredstatements="0" conditionals="10" coveredconditionals="0" methods="5" coveredmethods="0"/>
        <file name="index.ts" path="/Users/mspaxman/code/workingrepos/seanforyou23-syndesis-react-poc/syndesis/src/modules/index.ts">
          <metrics statements="5" coveredstatements="0" conditionals="10" coveredconditionals="0" methods="5" coveredmethods="0"/>
          <line num="1" count="0" type="cond" truecount="0" falsecount="2"/>
          <line num="2" count="0" type="cond" truecount="0" falsecount="2"/>
          <line num="3" count="0" type="cond" truecount="0" falsecount="2"/>
          <line num="4" count="0" type="cond" truecount="0" falsecount="2"/>
          <line num="5" count="0" type="cond" truecount="0" falsecount="2"/>
        </file>
        <file name="resolvers.ts" path="/Users/mspaxman/code/workingrepos/seanforyou23-syndesis-react-poc/syndesis/src/modules/resolvers.ts">
          <metrics statements="5" coveredstatements="0" conditionals="0" coveredconditionals="0" methods="0" coveredmethods="0"/>
          <line num="1" count="0" type="stmt"/>
          <line num="2" count="0" type="stmt"/>
          <line num="3" count="0" type="stmt"/>
          <line num="4" count="0" type="stmt"/>
          <line num="5" count="0" type="stmt"/>
        </file>
        <file name="routes.ts" path="/Users/mspaxman/code/workingrepos/seanforyou23-syndesis-react-poc/syndesis/src/modules/routes.ts">
          <metrics statements="3" coveredstatements="0" conditionals="0" coveredconditionals="0" methods="0" coveredmethods="0"/>
          <line num="1" count="0" type="stmt"/>
          <line num="2" count="0" type="stmt"/>
          <line num="3" count="0" type="stmt"/>
        </file>
      </package>
      <package name="src.modules.connections">
        <metrics statements="16" coveredstatements="0" conditionals="0" coveredconditionals="0" methods="3" coveredmethods="0"/>
        <file name="ConnectionsApp.tsx" path="/Users/mspaxman/code/workingrepos/seanforyou23-syndesis-react-poc/syndesis/src/modules/connections/ConnectionsApp.tsx">
          <metrics statements="7" coveredstatements="0" conditionals="0" coveredconditionals="0" methods="1" coveredmethods="0"/>
          <line num="1" count="0" type="stmt"/>
          <line num="2" count="0" type="stmt"/>
          <line num="3" count="0" type="stmt"/>
          <line num="4" count="0" type="stmt"/>
          <line num="5" count="0" type="stmt"/>
          <line num="6" count="0" type="stmt"/>
          <line num="10" count="0" type="stmt"/>
        </file>
        <file name="index.tsx" path="/Users/mspaxman/code/workingrepos/seanforyou23-syndesis-react-poc/syndesis/src/modules/connections/index.tsx">
          <metrics statements="5" coveredstatements="0" conditionals="0" coveredconditionals="0" methods="1" coveredmethods="0"/>
          <line num="1" count="0" type="stmt"/>
          <line num="2" count="0" type="stmt"/>
          <line num="3" count="0" type="stmt"/>
          <line num="4" count="0" type="stmt"/>
          <line num="8" count="0" type="stmt"/>
        </file>
        <file name="resolvers.ts" path="/Users/mspaxman/code/workingrepos/seanforyou23-syndesis-react-poc/syndesis/src/modules/connections/resolvers.ts">
          <metrics statements="3" coveredstatements="0" conditionals="0" coveredconditionals="0" methods="1" coveredmethods="0"/>
          <line num="3" count="0" type="stmt"/>
          <line num="4" count="0" type="stmt"/>
          <line num="12" count="0" type="stmt"/>
        </file>
        <file name="routes.ts" path="/Users/mspaxman/code/workingrepos/seanforyou23-syndesis-react-poc/syndesis/src/modules/connections/routes.ts">
          <metrics statements="1" coveredstatements="0" conditionals="0" coveredconditionals="0" methods="0" coveredmethods="0"/>
          <line num="2" count="0" type="stmt"/>
        </file>
      </package>
      <package name="src.modules.connections.pages">
        <metrics statements="24" coveredstatements="0" conditionals="8" coveredconditionals="0" methods="12" coveredmethods="0"/>
        <file name="ConnectionsPage.tsx" path="/Users/mspaxman/code/workingrepos/seanforyou23-syndesis-react-poc/syndesis/src/modules/connections/pages/ConnectionsPage.tsx">
          <metrics statements="6" coveredstatements="0" conditionals="0" coveredconditionals="0" methods="3" coveredmethods="0"/>
          <line num="1" count="0" type="stmt"/>
          <line num="3" count="0" type="stmt"/>
          <line num="4" count="0" type="stmt"/>
          <line num="7" count="0" type="stmt"/>
          <line num="12" count="0" type="stmt"/>
          <line num="15" count="0" type="stmt"/>
        </file>
        <file name="ConnectorFormPage.tsx" path="/Users/mspaxman/code/workingrepos/seanforyou23-syndesis-react-poc/syndesis/src/modules/connections/pages/ConnectorFormPage.tsx">
          <metrics statements="7" coveredstatements="0" conditionals="6" coveredconditionals="0" methods="3" coveredmethods="0"/>
          <line num="2" count="0" type="stmt"/>
          <line num="3" count="0" type="stmt"/>
          <line num="4" count="0" type="stmt"/>
          <line num="5" count="0" type="stmt"/>
          <line num="17" count="0" type="stmt"/>
          <line num="23" count="0" type="stmt"/>
          <line num="25" count="0" type="stmt"/>
        </file>
        <file name="ConnectorsPage.tsx" path="/Users/mspaxman/code/workingrepos/seanforyou23-syndesis-react-poc/syndesis/src/modules/connections/pages/ConnectorsPage.tsx">
          <metrics statements="11" coveredstatements="0" conditionals="2" coveredconditionals="0" methods="6" coveredmethods="0"/>
          <line num="1" count="0" type="stmt"/>
          <line num="3" count="0" type="stmt"/>
          <line num="9" count="0" type="stmt"/>
          <line num="10" count="0" type="stmt"/>
          <line num="11" count="0" type="stmt"/>
          <line num="17" count="0" type="stmt"/>
          <line num="22" count="0" type="stmt"/>
          <line num="25" count="0" type="stmt"/>
          <line num="32" count="0" type="stmt"/>
          <line num="41" count="0" type="stmt"/>
          <line num="42" count="0" type="stmt"/>
        </file>
      </package>
      <package name="src.modules.connections.shared">
        <metrics statements="45" coveredstatements="0" conditionals="13" coveredconditionals="0" methods="18" coveredmethods="0"/>
        <file name="Connections.tsx" path="/Users/mspaxman/code/workingrepos/seanforyou23-syndesis-react-poc/syndesis/src/modules/connections/shared/Connections.tsx">
          <metrics statements="7" coveredstatements="0" conditionals="2" coveredconditionals="0" methods="4" coveredmethods="0"/>
          <line num="2" count="0" type="stmt"/>
          <line num="8" count="0" type="stmt"/>
          <line num="10" count="0" type="stmt"/>
          <line num="21" count="0" type="stmt"/>
          <line num="29" count="0" type="stmt"/>
          <line num="38" count="0" type="stmt"/>
          <line num="39" count="0" type="stmt"/>
        </file>
        <file name="ConnectionsWithToolbar.tsx" path="/Users/mspaxman/code/workingrepos/seanforyou23-syndesis-react-poc/syndesis/src/modules/connections/shared/ConnectionsWithToolbar.tsx">
          <metrics statements="25" coveredstatements="0" conditionals="4" coveredconditionals="0" methods="7" coveredmethods="0"/>
          <line num="2" count="0" type="stmt"/>
          <line num="8" count="0" type="stmt"/>
          <line num="9" count="0" type="stmt"/>
          <line num="10" count="0" type="stmt"/>
          <line num="11" count="0" type="stmt"/>
          <line num="12" count="0" type="stmt"/>
          <line num="13" count="0" type="stmt"/>
          <line num="21" count="0" type="stmt"/>
          <line num="22" count="0" type="stmt"/>
          <line num="23" count="0" type="stmt"/>
          <line num="24" count="0" type="stmt"/>
          <line num="25" count="0" type="stmt"/>
          <line num="29" count="0" type="stmt"/>
          <line num="31" count="0" type="cond" truecount="0" falsecount="2"/>
          <line num="32" count="0" type="cond" truecount="0" falsecount="2"/>
          <line num="33" count="0" type="stmt"/>
          <line num="37" count="0" type="stmt"/>
          <line num="40" count="0" type="stmt"/>
          <line num="47" count="0" type="stmt"/>
          <line num="49" count="0" type="stmt"/>
          <line num="55" count="0" type="stmt"/>
          <line num="69" count="0" type="stmt"/>
          <line num="72" count="0" type="stmt"/>
          <line num="77" count="0" type="stmt"/>
          <line num="84" count="0" type="stmt"/>
        </file>
        <file name="WithConnectorCreationForm.tsx" path="/Users/mspaxman/code/workingrepos/seanforyou23-syndesis-react-poc/syndesis/src/modules/connections/shared/WithConnectorCreationForm.tsx">
          <metrics statements="10" coveredstatements="0" conditionals="1" coveredconditionals="0" methods="4" coveredmethods="0"/>
          <line num="1" count="0" type="stmt"/>
          <line num="8" count="0" type="stmt"/>
          <line num="10" count="0" type="stmt"/>
          <line num="28" count="0" type="stmt"/>
          <line num="35" count="0" type="stmt"/>
          <line num="36" count="0" type="stmt"/>
          <line num="39" count="0" type="stmt"/>
          <line num="40" count="0" type="stmt"/>
          <line num="45" count="0" type="stmt"/>
          <line num="53" count="0" type="stmt"/>
        </file>
        <file name="index.ts" path="/Users/mspaxman/code/workingrepos/seanforyou23-syndesis-react-poc/syndesis/src/modules/connections/shared/index.ts">
          <metrics statements="3" coveredstatements="0" conditionals="6" coveredconditionals="0" methods="3" coveredmethods="0"/>
          <line num="1" count="0" type="cond" truecount="0" falsecount="2"/>
          <line num="2" count="0" type="cond" truecount="0" falsecount="2"/>
          <line num="3" count="0" type="cond" truecount="0" falsecount="2"/>
        </file>
      </package>
      <package name="src.modules.customizations">
        <metrics statements="27" coveredstatements="0" conditionals="6" coveredconditionals="0" methods="5" coveredmethods="0"/>
        <file name="CustomizationsApp.tsx" path="/Users/mspaxman/code/workingrepos/seanforyou23-syndesis-react-poc/syndesis/src/modules/customizations/CustomizationsApp.tsx">
          <metrics statements="8" coveredstatements="0" conditionals="0" coveredconditionals="0" methods="1" coveredmethods="0"/>
          <line num="1" count="0" type="stmt"/>
          <line num="2" count="0" type="stmt"/>
          <line num="3" count="0" type="stmt"/>
          <line num="4" count="0" type="stmt"/>
          <line num="5" count="0" type="stmt"/>
          <line num="6" count="0" type="stmt"/>
          <line num="7" count="0" type="stmt"/>
          <line num="11" count="0" type="stmt"/>
        </file>
        <file name="customizationsUtils.ts" path="/Users/mspaxman/code/workingrepos/seanforyou23-syndesis-react-poc/syndesis/src/modules/customizations/customizationsUtils.ts">
          <metrics statements="9" coveredstatements="0" conditionals="6" coveredconditionals="0" methods="1" coveredmethods="0"/>
          <line num="2" count="0" type="stmt"/>
          <line num="9" count="0" type="stmt"/>
          <line num="11" count="0" type="cond" truecount="0" falsecount="2"/>
          <line num="12" count="0" type="stmt"/>
          <line num="15" count="0" type="cond" truecount="0" falsecount="2"/>
          <line num="16" count="0" type="stmt"/>
          <line num="19" count="0" type="cond" truecount="0" falsecount="2"/>
          <line num="20" count="0" type="stmt"/>
          <line num="23" count="0" type="stmt"/>
        </file>
        <file name="index.tsx" path="/Users/mspaxman/code/workingrepos/seanforyou23-syndesis-react-poc/syndesis/src/modules/customizations/index.tsx">
          <metrics statements="5" coveredstatements="0" conditionals="0" coveredconditionals="0" methods="1" coveredmethods="0"/>
          <line num="1" count="0" type="stmt"/>
          <line num="2" count="0" type="stmt"/>
          <line num="3" count="0" type="stmt"/>
          <line num="4" count="0" type="stmt"/>
          <line num="8" count="0" type="stmt"/>
        </file>
        <file name="resolvers.ts" path="/Users/mspaxman/code/workingrepos/seanforyou23-syndesis-react-poc/syndesis/src/modules/customizations/resolvers.ts">
          <metrics statements="4" coveredstatements="0" conditionals="0" coveredconditionals="0" methods="2" coveredmethods="0"/>
          <line num="3" count="0" type="stmt"/>
          <line num="4" count="0" type="stmt"/>
          <line num="10" count="0" type="stmt"/>
          <line num="30" count="0" type="stmt"/>
        </file>
        <file name="routes.ts" path="/Users/mspaxman/code/workingrepos/seanforyou23-syndesis-react-poc/syndesis/src/modules/customizations/routes.ts">
          <metrics statements="1" coveredstatements="0" conditionals="0" coveredconditionals="0" methods="0" coveredmethods="0"/>
          <line num="1" count="0" type="stmt"/>
        </file>
      </package>
      <package name="src.modules.customizations.pages">
        <metrics statements="144" coveredstatements="0" conditionals="30" coveredconditionals="0" methods="54" coveredmethods="0"/>
        <file name="ApiConnectorsPage.tsx" path="/Users/mspaxman/code/workingrepos/seanforyou23-syndesis-react-poc/syndesis/src/modules/customizations/pages/ApiConnectorsPage.tsx">
          <metrics statements="37" coveredstatements="0" conditionals="4" coveredconditionals="0" methods="15" coveredmethods="0"/>
          <line num="1" count="0" type="stmt"/>
          <line num="3" count="0" type="stmt"/>
          <line num="11" count="0" type="stmt"/>
          <line num="16" count="0" type="stmt"/>
          <line num="17" count="0" type="stmt"/>
          <line num="18" count="0" type="stmt"/>
          <line num="19" count="0" type="stmt"/>
          <line num="20" count="0" type="stmt"/>
          <line num="28" count="0" type="stmt"/>
          <line num="29" count="0" type="stmt"/>
          <line num="30" count="0" type="stmt"/>
          <line num="31" count="0" type="stmt"/>
          <line num="32" count="0" type="stmt"/>
          <line num="36" count="0" type="stmt"/>
          <line num="37" count="0" type="cond" truecount="0" falsecount="2"/>
          <line num="38" count="0" type="stmt"/>
          <line num="42" count="0" type="stmt"/>
          <line num="45" count="0" type="stmt"/>
          <line num="48" count="0" type="stmt"/>
          <line num="55" count="0" type="stmt"/>
          <line num="57" count="0" type="stmt"/>
          <line num="63" count="0" type="stmt"/>
          <line num="67" count="0" type="stmt"/>
          <line num="71" count="0" type="stmt"/>
          <line num="73" count="0" type="cond" truecount="0" falsecount="2"/>
          <line num="74" count="0" type="stmt"/>
          <line num="77" count="0" type="stmt"/>
          <line num="82" count="0" type="stmt"/>
          <line num="87" count="0" type="stmt"/>
          <line num="91" count="0" type="stmt"/>
          <line num="94" count="0" type="stmt"/>
          <line num="99" count="0" type="stmt"/>
          <line num="106" count="0" type="stmt"/>
          <line num="109" count="0" type="stmt"/>
          <line num="154" count="0" type="stmt"/>
          <line num="156" count="0" type="stmt"/>
          <line num="159" count="0" type="stmt"/>
        </file>
        <file name="ExtensionDetailsPage.tsx" path="/Users/mspaxman/code/workingrepos/seanforyou23-syndesis-react-poc/syndesis/src/modules/customizations/pages/ExtensionDetailsPage.tsx">
          <metrics statements="28" coveredstatements="0" conditionals="12" coveredconditionals="0" methods="11" coveredmethods="0"/>
          <line num="1" count="0" type="stmt"/>
          <line num="3" count="0" type="stmt"/>
          <line num="11" count="0" type="stmt"/>
          <line num="12" count="0" type="stmt"/>
          <line num="13" count="0" type="stmt"/>
          <line num="14" count="0" type="stmt"/>
          <line num="15" count="0" type="stmt"/>
          <line num="16" count="0" type="stmt"/>
          <line num="17" count="0" type="stmt"/>
          <line num="40" count="0" type="cond" truecount="0" falsecount="2"/>
          <line num="41" count="0" type="stmt"/>
          <line num="44" count="0" type="cond" truecount="0" falsecount="2"/>
          <line num="45" count="0" type="stmt"/>
          <line num="48" count="0" type="cond" truecount="0" falsecount="2"/>
          <line num="49" count="0" type="stmt"/>
          <line num="52" count="0" type="stmt"/>
          <line num="56" count="0" type="stmt"/>
          <line num="60" count="0" type="stmt"/>
          <line num="64" count="0" type="stmt"/>
          <line num="67" count="0" type="stmt"/>
          <line num="70" count="0" type="stmt"/>
          <line num="71" count="0" type="stmt"/>
          <line num="74" count="0" type="stmt"/>
          <line num="76" count="0" type="stmt"/>
          <line num="82" count="0" type="stmt"/>
          <line num="89" count="0" type="stmt"/>
          <line num="91" count="0" type="stmt"/>
          <line num="188" count="0" type="stmt"/>
        </file>
        <file name="ExtensionImportPage.tsx" path="/Users/mspaxman/code/workingrepos/seanforyou23-syndesis-react-poc/syndesis/src/modules/customizations/pages/ExtensionImportPage.tsx">
          <metrics statements="40" coveredstatements="0" conditionals="10" coveredconditionals="0" methods="12" coveredmethods="0"/>
          <line num="1" count="0" type="stmt"/>
          <line num="3" count="0" type="stmt"/>
          <line num="12" count="0" type="stmt"/>
          <line num="13" count="0" type="stmt"/>
          <line num="14" count="0" type="stmt"/>
          <line num="15" count="0" type="stmt"/>
          <line num="16" count="0" type="stmt"/>
          <line num="17" count="0" type="stmt"/>
          <line num="18" count="0" type="stmt"/>
          <line num="19" count="0" type="stmt"/>
          <line num="20" count="0" type="stmt"/>
          <line num="60" count="0" type="stmt"/>
          <line num="61" count="0" type="stmt"/>
          <line num="68" count="0" type="cond" truecount="0" falsecount="2"/>
          <line num="69" count="0" type="stmt"/>
          <line num="71" count="0" type="stmt"/>
          <line num="73" count="0" type="stmt"/>
          <line num="77" count="0" type="stmt"/>
          <line num="86" count="0" type="stmt"/>
          <line num="93" count="0" type="stmt"/>
          <line num="96" count="0" type="stmt"/>
          <line num="97" count="0" type="stmt"/>
          <line num="103" count="0" type="stmt"/>
          <line num="104" count="0" type="stmt"/>
          <line num="106" count="0" type="stmt"/>
          <line num="109" count="0" type="stmt"/>
          <line num="111" count="0" type="stmt"/>
          <line num="114" count="0" type="stmt"/>
          <line num="116" count="0" type="stmt"/>
          <line num="126" count="0" type="stmt"/>
          <line num="128" count="0" type="stmt"/>
          <line num="134" count="0" type="stmt"/>
          <line num="144" count="0" type="stmt"/>
          <line num="157" count="0" type="stmt"/>
          <line num="158" count="0" type="stmt"/>
          <line num="159" count="0" type="stmt"/>
          <line num="160" count="0" type="stmt"/>
          <line num="167" count="0" type="stmt"/>
          <line num="170" count="0" type="stmt"/>
          <line num="235" count="0" type="stmt"/>
        </file>
        <file name="ExtensionsPage.tsx" path="/Users/mspaxman/code/workingrepos/seanforyou23-syndesis-react-poc/syndesis/src/modules/customizations/pages/ExtensionsPage.tsx">
          <metrics statements="39" coveredstatements="0" conditionals="4" coveredconditionals="0" methods="16" coveredmethods="0"/>
          <line num="1" count="0" type="stmt"/>
          <line num="3" count="0" type="stmt"/>
          <line num="11" count="0" type="stmt"/>
          <line num="12" count="0" type="stmt"/>
          <line num="13" count="0" type="stmt"/>
          <line num="14" count="0" type="stmt"/>
          <line num="15" count="0" type="stmt"/>
          <line num="16" count="0" type="stmt"/>
          <line num="17" count="0" type="stmt"/>
          <line num="25" count="0" type="stmt"/>
          <line num="26" count="0" type="stmt"/>
          <line num="27" count="0" type="stmt"/>
          <line num="28" count="0" type="stmt"/>
          <line num="29" count="0" type="stmt"/>
          <line num="33" count="0" type="stmt"/>
          <line num="34" count="0" type="cond" truecount="0" falsecount="2"/>
          <line num="35" count="0" type="stmt"/>
          <line num="39" count="0" type="stmt"/>
          <line num="42" count="0" type="stmt"/>
          <line num="45" count="0" type="stmt"/>
          <line num="52" count="0" type="stmt"/>
          <line num="54" count="0" type="stmt"/>
          <line num="60" count="0" type="stmt"/>
          <line num="64" count="0" type="stmt"/>
          <line num="69" count="0" type="stmt"/>
          <line num="71" count="0" type="cond" truecount="0" falsecount="2"/>
          <line num="72" count="0" type="stmt"/>
          <line num="75" count="0" type="stmt"/>
          <line num="84" count="0" type="stmt"/>
          <line num="87" count="0" type="stmt"/>
          <line num="88" count="0" type="stmt"/>
          <line num="91" count="0" type="stmt"/>
          <line num="94" count="0" type="stmt"/>
          <line num="99" count="0" type="stmt"/>
          <line num="106" count="0" type="stmt"/>
          <line num="109" count="0" type="stmt"/>
          <line num="156" count="0" type="stmt"/>
          <line num="158" count="0" type="stmt"/>
          <line num="162" count="0" type="stmt"/>
        </file>
      </package>
      <package name="src.modules.customizations.shared">
        <metrics statements="19" coveredstatements="0" conditionals="2" coveredconditionals="0" methods="7" coveredmethods="0"/>
        <file name="CustomizationsNavBar.tsx" path="/Users/mspaxman/code/workingrepos/seanforyou23-syndesis-react-poc/syndesis/src/modules/customizations/shared/CustomizationsNavBar.tsx">
          <metrics statements="6" coveredstatements="0" conditionals="0" coveredconditionals="0" methods="2" coveredmethods="0"/>
          <line num="1" count="0" type="stmt"/>
          <line num="2" count="0" type="stmt"/>
          <line num="3" count="0" type="stmt"/>
          <line num="4" count="0" type="stmt"/>
          <line num="17" count="0" type="stmt"/>
          <line num="20" count="0" type="stmt"/>
        </file>
        <file name="ExtensionIntegrations.tsx" path="/Users/mspaxman/code/workingrepos/seanforyou23-syndesis-react-poc/syndesis/src/modules/customizations/shared/ExtensionIntegrations.tsx">
          <metrics statements="13" coveredstatements="0" conditionals="2" coveredconditionals="0" methods="5" coveredmethods="0"/>
          <line num="1" count="0" type="stmt"/>
          <line num="2" count="0" type="stmt"/>
          <line num="7" count="0" type="stmt"/>
          <line num="8" count="0" type="stmt"/>
          <line num="9" count="0" type="stmt"/>
          <line num="10" count="0" type="stmt"/>
          <line num="25" count="0" type="cond" truecount="0" falsecount="2"/>
          <line num="26" count="0" type="stmt"/>
          <line num="29" count="0" type="stmt"/>
          <line num="35" count="0" type="stmt"/>
          <line num="38" count="0" type="stmt"/>
          <line num="45" count="0" type="stmt"/>
          <line num="47" count="0" type="stmt"/>
        </file>
      </package>
      <package name="src.modules.dashboard">
        <metrics statements="16" coveredstatements="0" conditionals="0" coveredconditionals="0" methods="5" coveredmethods="0"/>
        <file name="DashboardApp.tsx" path="/Users/mspaxman/code/workingrepos/seanforyou23-syndesis-react-poc/syndesis/src/modules/dashboard/DashboardApp.tsx">
          <metrics statements="4" coveredstatements="0" conditionals="0" coveredconditionals="0" methods="1" coveredmethods="0"/>
          <line num="1" count="0" type="stmt"/>
          <line num="2" count="0" type="stmt"/>
          <line num="3" count="0" type="stmt"/>
          <line num="11" count="0" type="stmt"/>
        </file>
        <file name="index.tsx" path="/Users/mspaxman/code/workingrepos/seanforyou23-syndesis-react-poc/syndesis/src/modules/dashboard/index.tsx">
          <metrics statements="8" coveredstatements="0" conditionals="0" coveredconditionals="0" methods="3" coveredmethods="0"/>
          <line num="1" count="0" type="stmt"/>
          <line num="2" count="0" type="stmt"/>
          <line num="3" count="0" type="stmt"/>
          <line num="4" count="0" type="stmt"/>
          <line num="6" count="0" type="stmt"/>
          <line num="7" count="0" type="stmt"/>
          <line num="13" count="0" type="stmt"/>
          <line num="15" count="0" type="stmt"/>
        </file>
        <file name="resolvers.ts" path="/Users/mspaxman/code/workingrepos/seanforyou23-syndesis-react-poc/syndesis/src/modules/dashboard/resolvers.ts">
          <metrics statements="3" coveredstatements="0" conditionals="0" coveredconditionals="0" methods="1" coveredmethods="0"/>
          <line num="2" count="0" type="stmt"/>
          <line num="3" count="0" type="stmt"/>
          <line num="13" count="0" type="stmt"/>
        </file>
        <file name="routes.ts" path="/Users/mspaxman/code/workingrepos/seanforyou23-syndesis-react-poc/syndesis/src/modules/dashboard/routes.ts">
          <metrics statements="1" coveredstatements="0" conditionals="0" coveredconditionals="0" methods="0" coveredmethods="0"/>
          <line num="1" count="0" type="stmt"/>
        </file>
      </package>
      <package name="src.modules.dashboard.pages">
        <metrics statements="35" coveredstatements="0" conditionals="13" coveredconditionals="0" methods="19" coveredmethods="0"/>
        <file name="DashboardPage.tsx" path="/Users/mspaxman/code/workingrepos/seanforyou23-syndesis-react-poc/syndesis/src/modules/dashboard/pages/DashboardPage.tsx">
          <metrics statements="35" coveredstatements="0" conditionals="13" coveredconditionals="0" methods="19" coveredmethods="0"/>
          <line num="1" count="0" type="stmt"/>
          <line num="11" count="0" type="stmt"/>
          <line num="22" count="0" type="stmt"/>
          <line num="23" count="0" type="stmt"/>
          <line num="24" count="0" type="stmt"/>
          <line num="25" count="0" type="stmt"/>
          <line num="26" count="0" type="stmt"/>
          <line num="27" count="0" type="stmt"/>
          <line num="39" count="0" type="stmt"/>
          <line num="41" count="0" type="cond" truecount="0" falsecount="2"/>
          <line num="42" count="0" type="stmt"/>
          <line num="57" count="0" type="stmt"/>
          <line num="63" count="0" type="cond" truecount="0" falsecount="2"/>
          <line num="64" count="0" type="cond" truecount="0" falsecount="2"/>
          <line num="65" count="0" type="stmt"/>
          <line num="71" count="0" type="stmt"/>
          <line num="72" count="0" type="stmt"/>
          <line num="81" count="0" type="stmt"/>
          <line num="83" count="0" type="stmt"/>
          <line num="89" count="0" type="stmt"/>
          <line num="92" count="0" type="stmt"/>
          <line num="93" count="0" type="stmt"/>
          <line num="95" count="0" type="stmt"/>
          <line num="96" count="0" type="stmt"/>
          <line num="98" count="0" type="cond" truecount="0" falsecount="2"/>
          <line num="105" count="0" type="stmt"/>
          <line num="111" count="0" type="stmt"/>
          <line num="113" count="0" type="stmt"/>
          <line num="115" count="0" type="stmt"/>
          <line num="118" count="0" type="stmt"/>
          <line num="121" count="0" type="stmt"/>
          <line num="125" count="0" type="stmt"/>
          <line num="128" count="0" type="stmt"/>
          <line num="228" count="0" type="stmt"/>
          <line num="229" count="0" type="stmt"/>
        </file>
      </package>
      <package name="src.modules.data">
        <metrics statements="23" coveredstatements="0" conditionals="0" coveredconditionals="0" methods="7" coveredmethods="0"/>
        <file name="DataApp.tsx" path="/Users/mspaxman/code/workingrepos/seanforyou23-syndesis-react-poc/syndesis/src/modules/data/DataApp.tsx">
          <metrics statements="10" coveredstatements="0" conditionals="0" coveredconditionals="0" methods="1" coveredmethods="0"/>
          <line num="1" count="0" type="stmt"/>
          <line num="2" count="0" type="stmt"/>
          <line num="3" count="0" type="stmt"/>
          <line num="4" count="0" type="stmt"/>
          <line num="5" count="0" type="stmt"/>
          <line num="6" count="0" type="stmt"/>
          <line num="7" count="0" type="stmt"/>
          <line num="8" count="0" type="stmt"/>
          <line num="9" count="0" type="stmt"/>
          <line num="13" count="0" type="stmt"/>
        </file>
        <file name="index.tsx" path="/Users/mspaxman/code/workingrepos/seanforyou23-syndesis-react-poc/syndesis/src/modules/data/index.tsx">
          <metrics statements="6" coveredstatements="0" conditionals="0" coveredconditionals="0" methods="2" coveredmethods="0"/>
          <line num="1" count="0" type="stmt"/>
          <line num="2" count="0" type="stmt"/>
          <line num="3" count="0" type="stmt"/>
          <line num="5" count="0" type="stmt"/>
          <line num="6" count="0" type="stmt"/>
          <line num="12" count="0" type="stmt"/>
        </file>
        <file name="resolvers.ts" path="/Users/mspaxman/code/workingrepos/seanforyou23-syndesis-react-poc/syndesis/src/modules/data/resolvers.ts">
          <metrics statements="6" coveredstatements="0" conditionals="0" coveredconditionals="0" methods="4" coveredmethods="0"/>
          <line num="3" count="0" type="stmt"/>
          <line num="4" count="0" type="stmt"/>
          <line num="11" count="0" type="stmt"/>
          <line num="22" count="0" type="stmt"/>
          <line num="33" count="0" type="stmt"/>
          <line num="44" count="0" type="stmt"/>
        </file>
        <file name="routes.ts" path="/Users/mspaxman/code/workingrepos/seanforyou23-syndesis-react-poc/syndesis/src/modules/data/routes.ts">
          <metrics statements="1" coveredstatements="0" conditionals="0" coveredconditionals="0" methods="0" coveredmethods="0"/>
          <line num="1" count="0" type="stmt"/>
        </file>
      </package>
      <package name="src.modules.data.pages">
        <metrics statements="117" coveredstatements="0" conditionals="8" coveredconditionals="0" methods="48" coveredmethods="0"/>
        <file name="VirtualizationCreatePage.tsx" path="/Users/mspaxman/code/workingrepos/seanforyou23-syndesis-react-poc/syndesis/src/modules/data/pages/VirtualizationCreatePage.tsx">
          <metrics statements="23" coveredstatements="0" conditionals="2" coveredconditionals="0" methods="7" coveredmethods="0"/>
          <line num="1" count="0" type="stmt"/>
          <line num="2" count="0" type="stmt"/>
          <line num="3" count="0" type="stmt"/>
          <line num="4" count="0" type="stmt"/>
          <line num="5" count="0" type="stmt"/>
          <line num="6" count="0" type="stmt"/>
          <line num="7" count="0" type="stmt"/>
          <line num="8" count="0" type="stmt"/>
          <line num="9" count="0" type="stmt"/>
          <line num="13" count="0" type="stmt"/>
          <line num="39" count="0" type="stmt"/>
          <line num="40" count="0" type="stmt"/>
          <line num="42" count="0" type="cond" truecount="0" falsecount="2"/>
          <line num="43" count="0" type="stmt"/>
          <line num="45" count="0" type="stmt"/>
          <line num="48" count="0" type="stmt"/>
          <line num="52" count="0" type="stmt"/>
          <line num="54" count="0" type="stmt"/>
          <line num="55" count="0" type="stmt"/>
          <line num="60" count="0" type="stmt"/>
          <line num="62" count="0" type="stmt"/>
          <line num="65" count="0" type="stmt"/>
          <line num="95" count="0" type="stmt"/>
        </file>
        <file name="VirtualizationMetricsPage.tsx" path="/Users/mspaxman/code/workingrepos/seanforyou23-syndesis-react-poc/syndesis/src/modules/data/pages/VirtualizationMetricsPage.tsx">
          <metrics statements="6" coveredstatements="0" conditionals="0" coveredconditionals="0" methods="2" coveredmethods="0"/>
          <line num="2" count="0" type="stmt"/>
          <line num="3" count="0" type="stmt"/>
          <line num="4" count="0" type="stmt"/>
          <line num="27" count="0" type="stmt"/>
          <line num="29" count="0" type="stmt"/>
          <line num="33" count="0" type="stmt"/>
        </file>
        <file name="VirtualizationRelationshipPage.tsx" path="/Users/mspaxman/code/workingrepos/seanforyou23-syndesis-react-poc/syndesis/src/modules/data/pages/VirtualizationRelationshipPage.tsx">
          <metrics statements="6" coveredstatements="0" conditionals="0" coveredconditionals="0" methods="2" coveredmethods="0"/>
          <line num="2" count="0" type="stmt"/>
          <line num="3" count="0" type="stmt"/>
          <line num="4" count="0" type="stmt"/>
          <line num="28" count="0" type="stmt"/>
          <line num="30" count="0" type="stmt"/>
          <line num="33" count="0" type="stmt"/>
        </file>
        <file name="VirtualizationSqlQueryPage.tsx" path="/Users/mspaxman/code/workingrepos/seanforyou23-syndesis-react-poc/syndesis/src/modules/data/pages/VirtualizationSqlQueryPage.tsx">
          <metrics statements="6" coveredstatements="0" conditionals="0" coveredconditionals="0" methods="2" coveredmethods="0"/>
          <line num="2" count="0" type="stmt"/>
          <line num="3" count="0" type="stmt"/>
          <line num="4" count="0" type="stmt"/>
          <line num="27" count="0" type="stmt"/>
          <line num="29" count="0" type="stmt"/>
          <line num="32" count="0" type="stmt"/>
        </file>
        <file name="VirtualizationViewsPage.tsx" path="/Users/mspaxman/code/workingrepos/seanforyou23-syndesis-react-poc/syndesis/src/modules/data/pages/VirtualizationViewsPage.tsx">
          <metrics statements="36" coveredstatements="0" conditionals="2" coveredconditionals="0" methods="16" coveredmethods="0"/>
          <line num="1" count="0" type="stmt"/>
          <line num="4" count="0" type="stmt"/>
          <line num="5" count="0" type="stmt"/>
          <line num="6" count="0" type="stmt"/>
          <line num="7" count="0" type="stmt"/>
          <line num="9" count="0" type="stmt"/>
          <line num="17" count="0" type="stmt"/>
          <line num="22" count="0" type="stmt"/>
          <line num="23" count="0" type="stmt"/>
          <line num="47" count="0" type="stmt"/>
          <line num="48" count="0" type="stmt"/>
          <line num="49" count="0" type="stmt"/>
          <line num="50" count="0" type="stmt"/>
          <line num="51" count="0" type="stmt"/>
          <line num="55" count="0" type="stmt"/>
          <line num="56" count="0" type="cond" truecount="0" falsecount="2"/>
          <line num="57" count="0" type="stmt"/>
          <line num="61" count="0" type="stmt"/>
          <line num="64" count="0" type="stmt"/>
          <line num="67" count="0" type="stmt"/>
          <line num="74" count="0" type="stmt"/>
          <line num="76" count="0" type="stmt"/>
          <line num="82" count="0" type="stmt"/>
          <line num="89" count="0" type="stmt"/>
          <line num="94" count="0" type="stmt"/>
          <line num="99" count="0" type="stmt"/>
          <line num="104" count="0" type="stmt"/>
          <line num="108" count="0" type="stmt"/>
          <line num="114" count="0" type="stmt"/>
          <line num="119" count="0" type="stmt"/>
          <line num="124" count="0" type="stmt"/>
          <line num="130" count="0" type="stmt"/>
          <line num="133" count="0" type="stmt"/>
          <line num="185" count="0" type="stmt"/>
          <line num="187" count="0" type="stmt"/>
          <line num="194" count="0" type="stmt"/>
        </file>
        <file name="VirtualizationsPage.tsx" path="/Users/mspaxman/code/workingrepos/seanforyou23-syndesis-react-poc/syndesis/src/modules/data/pages/VirtualizationsPage.tsx">
          <metrics statements="40" coveredstatements="0" conditionals="4" coveredconditionals="0" methods="19" coveredmethods="0"/>
          <line num="1" count="0" type="stmt"/>
          <line num="3" count="0" type="stmt"/>
          <line num="11" count="0" type="stmt"/>
          <line num="12" count="0" type="stmt"/>
          <line num="13" count="0" type="stmt"/>
          <line num="14" count="0" type="stmt"/>
          <line num="15" count="0" type="stmt"/>
          <line num="23" count="0" type="stmt"/>
          <line num="24" count="0" type="stmt"/>
          <line num="25" count="0" type="stmt"/>
          <line num="26" count="0" type="stmt"/>
          <line num="28" count="0" type="stmt"/>
          <line num="32" count="0" type="stmt"/>
          <line num="34" count="0" type="cond" truecount="0" falsecount="2"/>
          <line num="35" count="0" type="stmt"/>
          <line num="41" count="0" type="stmt"/>
          <line num="47" count="0" type="stmt"/>
          <line num="50" count="0" type="stmt"/>
          <line num="57" count="0" type="stmt"/>
          <line num="59" count="0" type="stmt"/>
          <line num="65" count="0" type="stmt"/>
          <line num="68" count="0" type="stmt"/>
          <line num="73" count="0" type="stmt"/>
          <line num="78" count="0" type="stmt"/>
          <line num="83" count="0" type="stmt"/>
          <line num="88" count="0" type="stmt"/>
          <line num="92" count="0" type="stmt"/>
          <line num="100" count="0" type="stmt"/>
          <line num="101" count="0" type="stmt"/>
          <line num="104" count="0" type="stmt"/>
          <line num="105" count="0" type="stmt"/>
          <line num="108" count="0" type="stmt"/>
          <line num="109" count="0" type="stmt"/>
          <line num="112" count="0" type="stmt"/>
          <line num="115" count="0" type="stmt"/>
          <line num="120" count="0" type="stmt"/>
          <line num="127" count="0" type="stmt"/>
          <line num="130" count="0" type="stmt"/>
          <line num="187" count="0" type="stmt"/>
          <line num="192" count="0" type="stmt"/>
        </file>
      </package>
      <package name="src.modules.data.shared">
        <metrics statements="14" coveredstatements="0" conditionals="0" coveredconditionals="0" methods="6" coveredmethods="0"/>
        <file name="HeaderView.tsx" path="/Users/mspaxman/code/workingrepos/seanforyou23-syndesis-react-poc/syndesis/src/modules/data/shared/HeaderView.tsx">
          <metrics statements="8" coveredstatements="0" conditionals="0" coveredconditionals="0" methods="4" coveredmethods="0"/>
          <line num="1" count="0" type="stmt"/>
          <line num="2" count="0" type="stmt"/>
          <line num="3" count="0" type="stmt"/>
          <line num="4" count="0" type="stmt"/>
          <line num="14" count="0" type="stmt"/>
          <line num="18" count="0" type="stmt"/>
          <line num="21" count="0" type="stmt"/>
          <line num="28" count="0" type="stmt"/>
        </file>
        <file name="VirtualizationNavBar.tsx" path="/Users/mspaxman/code/workingrepos/seanforyou23-syndesis-react-poc/syndesis/src/modules/data/shared/VirtualizationNavBar.tsx">
          <metrics statements="6" coveredstatements="0" conditionals="0" coveredconditionals="0" methods="2" coveredmethods="0"/>
          <line num="1" count="0" type="stmt"/>
          <line num="2" count="0" type="stmt"/>
          <line num="3" count="0" type="stmt"/>
          <line num="4" count="0" type="stmt"/>
          <line num="17" count="0" type="stmt"/>
          <line num="20" count="0" type="stmt"/>
        </file>
      </package>
      <package name="src.modules.integrations">
        <metrics statements="53" coveredstatements="0" conditionals="0" coveredconditionals="0" methods="26" coveredmethods="0"/>
        <file name="IntegrationCreatorApp.tsx" path="/Users/mspaxman/code/workingrepos/seanforyou23-syndesis-react-poc/syndesis/src/modules/integrations/IntegrationCreatorApp.tsx">
          <metrics statements="9" coveredstatements="0" conditionals="0" coveredconditionals="0" methods="1" coveredmethods="0"/>
          <line num="1" count="0" type="stmt"/>
          <line num="2" count="0" type="stmt"/>
          <line num="3" count="0" type="stmt"/>
          <line num="4" count="0" type="stmt"/>
          <line num="5" count="0" type="stmt"/>
          <line num="6" count="0" type="stmt"/>
          <line num="7" count="0" type="stmt"/>
          <line num="8" count="0" type="stmt"/>
          <line num="32" count="0" type="stmt"/>
        </file>
        <file name="IntegrationEditorApp.tsx" path="/Users/mspaxman/code/workingrepos/seanforyou23-syndesis-react-poc/syndesis/src/modules/integrations/IntegrationEditorApp.tsx">
          <metrics statements="11" coveredstatements="0" conditionals="0" coveredconditionals="0" methods="2" coveredmethods="0"/>
          <line num="2" count="0" type="stmt"/>
          <line num="3" count="0" type="stmt"/>
          <line num="4" count="0" type="stmt"/>
          <line num="5" count="0" type="stmt"/>
          <line num="6" count="0" type="stmt"/>
          <line num="7" count="0" type="stmt"/>
          <line num="8" count="0" type="stmt"/>
          <line num="9" count="0" type="stmt"/>
          <line num="10" count="0" type="stmt"/>
          <line num="38" count="0" type="stmt"/>
          <line num="41" count="0" type="stmt"/>
        </file>
        <file name="index.tsx" path="/Users/mspaxman/code/workingrepos/seanforyou23-syndesis-react-poc/syndesis/src/modules/integrations/index.tsx">
          <metrics statements="7" coveredstatements="0" conditionals="0" coveredconditionals="0" methods="1" coveredmethods="0"/>
          <line num="1" count="0" type="stmt"/>
          <line num="2" count="0" type="stmt"/>
          <line num="3" count="0" type="stmt"/>
          <line num="4" count="0" type="stmt"/>
          <line num="5" count="0" type="stmt"/>
          <line num="6" count="0" type="stmt"/>
          <line num="27" count="0" type="stmt"/>
        </file>
        <file name="resolvers.ts" path="/Users/mspaxman/code/workingrepos/seanforyou23-syndesis-react-poc/syndesis/src/modules/integrations/resolvers.ts">
          <metrics statements="24" coveredstatements="0" conditionals="0" coveredconditionals="0" methods="22" coveredmethods="0"/>
          <line num="3" count="0" type="stmt"/>
          <line num="4" count="0" type="stmt"/>
          <line num="17" count="0" type="stmt"/>
          <line num="34" count="0" type="stmt"/>
          <line num="55" count="0" type="stmt"/>
          <line num="70" count="0" type="stmt"/>
          <line num="100" count="0" type="stmt"/>
          <line num="119" count="0" type="stmt"/>
          <line num="131" count="0" type="stmt"/>
          <line num="146" count="0" type="stmt"/>
          <line num="173" count="0" type="stmt"/>
          <line num="195" count="0" type="stmt"/>
          <line num="214" count="0" type="stmt"/>
          <line num="233" count="0" type="stmt"/>
          <line num="245" count="0" type="stmt"/>
          <line num="256" count="0" type="stmt"/>
          <line num="268" count="0" type="stmt"/>
          <line num="283" count="0" type="stmt"/>
          <line num="299" count="0" type="stmt"/>
          <line num="327" count="0" type="stmt"/>
          <line num="350" count="0" type="stmt"/>
          <line num="370" count="0" type="stmt"/>
          <line num="390" count="0" type="stmt"/>
          <line num="403" count="0" type="stmt"/>
        </file>
        <file name="routes.ts" path="/Users/mspaxman/code/workingrepos/seanforyou23-syndesis-react-poc/syndesis/src/modules/integrations/routes.ts">
          <metrics statements="2" coveredstatements="0" conditionals="0" coveredconditionals="0" methods="0" coveredmethods="0"/>
          <line num="2" count="0" type="stmt"/>
          <line num="8" count="0" type="stmt"/>
        </file>
      </package>
      <package name="src.modules.integrations.components">
        <metrics statements="66" coveredstatements="0" conditionals="41" coveredconditionals="0" methods="26" coveredmethods="0"/>
        <file name="IntegrationCreatorBreadcrumbs.tsx" path="/Users/mspaxman/code/workingrepos/seanforyou23-syndesis-react-poc/syndesis/src/modules/integrations/components/IntegrationCreatorBreadcrumbs.tsx">
          <metrics statements="7" coveredstatements="0" conditionals="0" coveredconditionals="0" methods="3" coveredmethods="0"/>
          <line num="1" count="0" type="stmt"/>
          <line num="2" count="0" type="stmt"/>
          <line num="37" count="0" type="stmt"/>
          <line num="38" count="0" type="stmt"/>
          <line num="39" count="0" type="stmt"/>
          <line num="43" count="0" type="stmt"/>
          <line num="49" count="0" type="stmt"/>
        </file>
        <file name="IntegrationEditorBreadcrumbs.tsx" path="/Users/mspaxman/code/workingrepos/seanforyou23-syndesis-react-poc/syndesis/src/modules/integrations/components/IntegrationEditorBreadcrumbs.tsx">
          <metrics statements="7" coveredstatements="0" conditionals="0" coveredconditionals="0" methods="3" coveredmethods="0"/>
          <line num="1" count="0" type="stmt"/>
          <line num="2" count="0" type="stmt"/>
          <line num="32" count="0" type="stmt"/>
          <line num="33" count="0" type="stmt"/>
          <line num="34" count="0" type="stmt"/>
          <line num="38" count="0" type="stmt"/>
          <line num="44" count="0" type="stmt"/>
        </file>
        <file name="IntegrationEditorSidebar.tsx" path="/Users/mspaxman/code/workingrepos/seanforyou23-syndesis-react-poc/syndesis/src/modules/integrations/components/IntegrationEditorSidebar.tsx">
          <metrics statements="10" coveredstatements="0" conditionals="10" coveredconditionals="0" methods="3" coveredmethods="0"/>
          <line num="2" count="0" type="stmt"/>
          <line num="7" count="0" type="stmt"/>
          <line num="70" count="0" type="stmt"/>
          <line num="73" count="0" type="stmt"/>
          <line num="74" count="0" type="stmt"/>
          <line num="76" count="0" type="cond" truecount="0" falsecount="2"/>
          <line num="77" count="0" type="stmt"/>
          <line num="78" count="0" type="cond" truecount="0" falsecount="2"/>
          <line num="81" count="0" type="stmt"/>
          <line num="90" count="0" type="stmt"/>
        </file>
        <file name="IntegrationEditorStepAdder.tsx" path="/Users/mspaxman/code/workingrepos/seanforyou23-syndesis-react-poc/syndesis/src/modules/integrations/components/IntegrationEditorStepAdder.tsx">
          <metrics statements="4" coveredstatements="0" conditionals="2" coveredconditionals="0" methods="2" coveredmethods="0"/>
          <line num="2" count="0" type="stmt"/>
          <line num="9" count="0" type="stmt"/>
          <line num="63" count="0" type="stmt"/>
          <line num="66" count="0" type="stmt"/>
        </file>
        <file name="Integrations.tsx" path="/Users/mspaxman/code/workingrepos/seanforyou23-syndesis-react-poc/syndesis/src/modules/integrations/components/Integrations.tsx">
          <metrics statements="33" coveredstatements="0" conditionals="19" coveredconditionals="0" methods="10" coveredmethods="0"/>
          <line num="1" count="0" type="stmt"/>
          <line num="3" count="0" type="stmt"/>
          <line num="11" count="0" type="stmt"/>
          <line num="12" count="0" type="stmt"/>
          <line num="13" count="0" type="stmt"/>
          <line num="14" count="0" type="stmt"/>
          <line num="15" count="0" type="stmt"/>
          <line num="25" count="0" type="stmt"/>
          <line num="28" count="0" type="stmt"/>
          <line num="30" count="0" type="stmt"/>
          <line num="32" count="0" type="stmt"/>
          <line num="40" count="0" type="stmt"/>
          <line num="42" count="0" type="stmt"/>
          <line num="43" count="0" type="stmt"/>
          <line num="49" count="0" type="stmt"/>
          <line num="51" count="0" type="stmt"/>
          <line num="53" count="0" type="stmt"/>
          <line num="55" count="0" type="stmt"/>
          <line num="57" count="0" type="stmt"/>
          <line num="59" count="0" type="stmt"/>
          <line num="61" count="0" type="stmt"/>
          <line num="63" count="0" type="stmt"/>
          <line num="65" count="0" type="stmt"/>
          <line num="66" count="0" type="cond" truecount="0" falsecount="2"/>
          <line num="67" count="0" type="stmt"/>
          <line num="69" count="0" type="cond" truecount="0" falsecount="2"/>
          <line num="70" count="0" type="stmt"/>
          <line num="72" count="0" type="cond" truecount="0" falsecount="2"/>
          <line num="73" count="0" type="stmt"/>
          <line num="75" count="0" type="stmt"/>
          <line num="76" count="0" type="stmt"/>
          <line num="77" count="0" type="stmt"/>
          <line num="141" count="0" type="stmt"/>
        </file>
        <file name="index.ts" path="/Users/mspaxman/code/workingrepos/seanforyou23-syndesis-react-poc/syndesis/src/modules/integrations/components/index.ts">
          <metrics statements="5" coveredstatements="0" conditionals="10" coveredconditionals="0" methods="5" coveredmethods="0"/>
          <line num="1" count="0" type="cond" truecount="0" falsecount="2"/>
          <line num="2" count="0" type="cond" truecount="0" falsecount="2"/>
          <line num="3" count="0" type="cond" truecount="0" falsecount="2"/>
          <line num="4" count="0" type="cond" truecount="0" falsecount="2"/>
          <line num="5" count="0" type="cond" truecount="0" falsecount="2"/>
        </file>
      </package>
      <package name="src.modules.integrations.pages">
        <metrics statements="68" coveredstatements="0" conditionals="20" coveredconditionals="0" methods="35" coveredmethods="0"/>
        <file name="IntegrationsPage.tsx" path="/Users/mspaxman/code/workingrepos/seanforyou23-syndesis-react-poc/syndesis/src/modules/integrations/pages/IntegrationsPage.tsx">
          <metrics statements="43" coveredstatements="0" conditionals="12" coveredconditionals="0" methods="15" coveredmethods="0"/>
          <line num="1" count="0" type="stmt"/>
          <line num="3" count="0" type="stmt"/>
          <line num="9" count="0" type="stmt"/>
          <line num="10" count="0" type="stmt"/>
          <line num="11" count="0" type="stmt"/>
          <line num="12" count="0" type="stmt"/>
          <line num="13" count="0" type="stmt"/>
          <line num="14" count="0" type="stmt"/>
          <line num="15" count="0" type="stmt"/>
          <line num="23" count="0" type="stmt"/>
          <line num="24" count="0" type="stmt"/>
          <line num="25" count="0" type="stmt"/>
          <line num="26" count="0" type="stmt"/>
          <line num="28" count="0" type="cond" truecount="0" falsecount="2"/>
          <line num="29" count="0" type="stmt"/>
          <line num="31" count="0" type="cond" truecount="0" falsecount="2"/>
          <line num="32" count="0" type="stmt"/>
          <line num="33" count="0" type="stmt"/>
          <line num="36" count="0" type="stmt"/>
          <line num="37" count="0" type="stmt"/>
          <line num="41" count="0" type="stmt"/>
          <line num="42" count="0" type="cond" truecount="0" falsecount="2"/>
          <line num="46" count="0" type="stmt"/>
          <line num="51" count="0" type="stmt"/>
          <line num="53" count="0" type="cond" truecount="0" falsecount="2"/>
          <line num="54" count="0" type="cond" truecount="0" falsecount="2"/>
          <line num="55" count="0" type="cond" truecount="0" falsecount="2"/>
          <line num="56" count="0" type="stmt"/>
          <line num="58" count="0" type="stmt"/>
          <line num="64" count="0" type="stmt"/>
          <line num="67" count="0" type="stmt"/>
          <line num="74" count="0" type="stmt"/>
          <line num="83" count="0" type="stmt"/>
          <line num="87" count="0" type="stmt"/>
          <line num="95" count="0" type="stmt"/>
          <line num="101" count="0" type="stmt"/>
          <line num="107" count="0" type="stmt"/>
          <line num="111" count="0" type="stmt"/>
          <line num="114" count="0" type="stmt"/>
          <line num="116" count="0" type="stmt"/>
          <line num="118" count="0" type="stmt"/>
          <line num="123" count="0" type="stmt"/>
          <line num="130" count="0" type="stmt"/>
        </file>
        <file name="TestAtlasmapPage.tsx" path="/Users/mspaxman/code/workingrepos/seanforyou23-syndesis-react-poc/syndesis/src/modules/integrations/pages/TestAtlasmapPage.tsx">
          <metrics statements="10" coveredstatements="0" conditionals="0" coveredconditionals="0" methods="4" coveredmethods="0"/>
          <line num="1" count="0" type="stmt"/>
          <line num="6" count="0" type="stmt"/>
          <line num="7" count="0" type="stmt"/>
          <line num="19" count="0" type="stmt"/>
          <line num="20" count="0" type="stmt"/>
          <line num="21" count="0" type="stmt"/>
          <line num="22" count="0" type="stmt"/>
          <line num="26" count="0" type="stmt"/>
          <line num="32" count="0" type="stmt"/>
          <line num="38" count="0" type="stmt"/>
        </file>
        <file name="index.ts" path="/Users/mspaxman/code/workingrepos/seanforyou23-syndesis-react-poc/syndesis/src/modules/integrations/pages/index.ts">
          <metrics statements="4" coveredstatements="0" conditionals="8" coveredconditionals="0" methods="4" coveredmethods="0"/>
          <line num="1" count="0" type="cond" truecount="0" falsecount="2"/>
          <line num="2" count="0" type="cond" truecount="0" falsecount="2"/>
          <line num="3" count="0" type="cond" truecount="0" falsecount="2"/>
          <line num="4" count="0" type="cond" truecount="0" falsecount="2"/>
        </file>
        <file name="resolversHelpers.ts" path="/Users/mspaxman/code/workingrepos/seanforyou23-syndesis-react-poc/syndesis/src/modules/integrations/pages/resolversHelpers.ts">
          <metrics statements="11" coveredstatements="0" conditionals="0" coveredconditionals="0" methods="12" coveredmethods="0"/>
          <line num="2" count="0" type="stmt"/>
          <line num="8" count="0" type="stmt"/>
          <line num="18" count="0" type="stmt"/>
          <line num="27" count="0" type="stmt"/>
          <line num="28" count="0" type="stmt"/>
          <line num="36" count="0" type="stmt"/>
          <line num="43" count="0" type="stmt"/>
          <line num="50" count="0" type="stmt"/>
          <line num="59" count="0" type="stmt"/>
          <line num="60" count="0" type="stmt"/>
          <line num="68" count="0" type="stmt"/>
        </file>
      </package>
      <package name="src.modules.integrations.pages.create">
        <metrics statements="4" coveredstatements="0" conditionals="0" coveredconditionals="0" methods="0" coveredmethods="0"/>
        <file name="index.ts" path="/Users/mspaxman/code/workingrepos/seanforyou23-syndesis-react-poc/syndesis/src/modules/integrations/pages/create/index.ts">
          <metrics statements="4" coveredstatements="0" conditionals="0" coveredconditionals="0" methods="0" coveredmethods="0"/>
          <line num="1" count="0" type="stmt"/>
          <line num="2" count="0" type="stmt"/>
          <line num="3" count="0" type="stmt"/>
          <line num="5" count="0" type="stmt"/>
        </file>
      </package>
      <package name="src.modules.integrations.pages.create.configure">
        <metrics statements="3" coveredstatements="0" conditionals="0" coveredconditionals="0" methods="0" coveredmethods="0"/>
        <file name="index.ts" path="/Users/mspaxman/code/workingrepos/seanforyou23-syndesis-react-poc/syndesis/src/modules/integrations/pages/create/configure/index.ts">
          <metrics statements="3" coveredstatements="0" conditionals="0" coveredconditionals="0" methods="0" coveredmethods="0"/>
          <line num="1" count="0" type="stmt"/>
          <line num="2" count="0" type="stmt"/>
          <line num="3" count="0" type="stmt"/>
        </file>
      </package>
      <package name="src.modules.integrations.pages.create.configure.addConnection">
        <metrics statements="52" coveredstatements="0" conditionals="27" coveredconditionals="0" methods="21" coveredmethods="0"/>
        <file name="ConfigureActionPage.tsx" path="/Users/mspaxman/code/workingrepos/seanforyou23-syndesis-react-poc/syndesis/src/modules/integrations/pages/create/configure/addConnection/ConfigureActionPage.tsx">
          <metrics statements="20" coveredstatements="0" conditionals="11" coveredconditionals="0" methods="5" coveredmethods="0"/>
          <line num="1" count="0" type="stmt"/>
          <line num="3" count="0" type="stmt"/>
          <line num="4" count="0" type="stmt"/>
          <line num="5" count="0" type="stmt"/>
          <line num="6" count="0" type="stmt"/>
          <line num="7" count="0" type="stmt"/>
          <line num="11" count="0" type="stmt"/>
          <line num="12" count="0" type="stmt"/>
          <line num="63" count="0" type="stmt"/>
          <line num="66" count="0" type="stmt"/>
          <line num="75" count="0" type="stmt"/>
          <line num="76" count="0" type="stmt"/>
          <line num="77" count="0" type="stmt"/>
          <line num="78" count="0" type="stmt"/>
          <line num="83" count="0" type="stmt"/>
          <line num="93" count="0" type="cond" truecount="0" falsecount="2"/>
          <line num="94" count="0" type="stmt"/>
          <line num="105" count="0" type="stmt"/>
          <line num="113" count="0" type="stmt"/>
          <line num="122" count="0" type="stmt"/>
        </file>
        <file name="SelectActionPage.tsx" path="/Users/mspaxman/code/workingrepos/seanforyou23-syndesis-react-poc/syndesis/src/modules/integrations/pages/create/configure/addConnection/SelectActionPage.tsx">
          <metrics statements="15" coveredstatements="0" conditionals="8" coveredconditionals="0" methods="7" coveredmethods="0"/>
          <line num="1" count="0" type="stmt"/>
          <line num="3" count="0" type="stmt"/>
          <line num="10" count="0" type="stmt"/>
          <line num="11" count="0" type="stmt"/>
          <line num="12" count="0" type="stmt"/>
          <line num="13" count="0" type="stmt"/>
          <line num="17" count="0" type="stmt"/>
          <line num="57" count="0" type="stmt"/>
          <line num="60" count="0" type="stmt"/>
          <line num="62" count="0" type="stmt"/>
          <line num="69" count="0" type="stmt"/>
          <line num="76" count="0" type="stmt"/>
          <line num="77" count="0" type="stmt"/>
          <line num="118" count="0" type="stmt"/>
          <line num="120" count="0" type="stmt"/>
        </file>
        <file name="SelectConnectionPage.tsx" path="/Users/mspaxman/code/workingrepos/seanforyou23-syndesis-react-poc/syndesis/src/modules/integrations/pages/create/configure/addConnection/SelectConnectionPage.tsx">
          <metrics statements="14" coveredstatements="0" conditionals="2" coveredconditionals="0" methods="6" coveredmethods="0"/>
          <line num="1" count="0" type="stmt"/>
          <line num="3" count="0" type="stmt"/>
          <line num="10" count="0" type="stmt"/>
          <line num="11" count="0" type="stmt"/>
          <line num="12" count="0" type="stmt"/>
          <line num="13" count="0" type="stmt"/>
          <line num="17" count="0" type="stmt"/>
          <line num="49" count="0" type="stmt"/>
          <line num="52" count="0" type="stmt"/>
          <line num="59" count="0" type="stmt"/>
          <line num="60" count="0" type="stmt"/>
          <line num="75" count="0" type="stmt"/>
          <line num="88" count="0" type="stmt"/>
          <line num="90" count="0" type="stmt"/>
        </file>
        <file name="index.ts" path="/Users/mspaxman/code/workingrepos/seanforyou23-syndesis-react-poc/syndesis/src/modules/integrations/pages/create/configure/addConnection/index.ts">
          <metrics statements="3" coveredstatements="0" conditionals="6" coveredconditionals="0" methods="3" coveredmethods="0"/>
          <line num="1" count="0" type="cond" truecount="0" falsecount="2"/>
          <line num="2" count="0" type="cond" truecount="0" falsecount="2"/>
          <line num="3" count="0" type="cond" truecount="0" falsecount="2"/>
        </file>
      </package>
      <package name="src.modules.integrations.pages.create.configure.editConnection">
        <metrics statements="37" coveredstatements="0" conditionals="15" coveredconditionals="0" methods="14" coveredmethods="0"/>
        <file name="ConfigureActionPage.tsx" path="/Users/mspaxman/code/workingrepos/seanforyou23-syndesis-react-poc/syndesis/src/modules/integrations/pages/create/configure/editConnection/ConfigureActionPage.tsx">
          <metrics statements="20" coveredstatements="0" conditionals="7" coveredconditionals="0" methods="5" coveredmethods="0"/>
          <line num="1" count="0" type="stmt"/>
          <line num="3" count="0" type="stmt"/>
          <line num="4" count="0" type="stmt"/>
          <line num="5" count="0" type="stmt"/>
          <line num="6" count="0" type="stmt"/>
          <line num="7" count="0" type="stmt"/>
          <line num="11" count="0" type="stmt"/>
          <line num="12" count="0" type="stmt"/>
          <line num="59" count="0" type="stmt"/>
          <line num="62" count="0" type="stmt"/>
          <line num="71" count="0" type="stmt"/>
          <line num="72" count="0" type="stmt"/>
          <line num="73" count="0" type="stmt"/>
          <line num="74" count="0" type="stmt"/>
          <line num="79" count="0" type="stmt"/>
          <line num="87" count="0" type="cond" truecount="0" falsecount="2"/>
          <line num="88" count="0" type="stmt"/>
          <line num="99" count="0" type="stmt"/>
          <line num="107" count="0" type="stmt"/>
          <line num="116" count="0" type="stmt"/>
        </file>
        <file name="SelectActionPage.tsx" path="/Users/mspaxman/code/workingrepos/seanforyou23-syndesis-react-poc/syndesis/src/modules/integrations/pages/create/configure/editConnection/SelectActionPage.tsx">
          <metrics statements="15" coveredstatements="0" conditionals="4" coveredconditionals="0" methods="7" coveredmethods="0"/>
          <line num="1" count="0" type="stmt"/>
          <line num="3" count="0" type="stmt"/>
          <line num="10" count="0" type="stmt"/>
          <line num="11" count="0" type="stmt"/>
          <line num="12" count="0" type="stmt"/>
          <line num="13" count="0" type="stmt"/>
          <line num="17" count="0" type="stmt"/>
          <line num="54" count="0" type="stmt"/>
          <line num="57" count="0" type="stmt"/>
          <line num="58" count="0" type="stmt"/>
          <line num="61" count="0" type="stmt"/>
          <line num="68" count="0" type="stmt"/>
          <line num="75" count="0" type="stmt"/>
          <line num="93" count="0" type="stmt"/>
          <line num="95" count="0" type="stmt"/>
        </file>
        <file name="index.ts" path="/Users/mspaxman/code/workingrepos/seanforyou23-syndesis-react-poc/syndesis/src/modules/integrations/pages/create/configure/editConnection/index.ts">
          <metrics statements="2" coveredstatements="0" conditionals="4" coveredconditionals="0" methods="2" coveredmethods="0"/>
          <line num="1" count="0" type="cond" truecount="0" falsecount="2"/>
          <line num="2" count="0" type="cond" truecount="0" falsecount="2"/>
        </file>
      </package>
      <package name="src.modules.integrations.pages.create.configure.main">
        <metrics statements="31" coveredstatements="0" conditionals="4" coveredconditionals="0" methods="10" coveredmethods="0"/>
        <file name="AddStepPage.tsx" path="/Users/mspaxman/code/workingrepos/seanforyou23-syndesis-react-poc/syndesis/src/modules/integrations/pages/create/configure/main/AddStepPage.tsx">
          <metrics statements="11" coveredstatements="0" conditionals="0" coveredconditionals="0" methods="3" coveredmethods="0"/>
          <line num="1" count="0" type="stmt"/>
          <line num="3" count="0" type="stmt"/>
          <line num="4" count="0" type="stmt"/>
          <line num="5" count="0" type="stmt"/>
          <line num="6" count="0" type="stmt"/>
          <line num="7" count="0" type="stmt"/>
          <line num="11" count="0" type="stmt"/>
          <line num="12" count="0" type="stmt"/>
          <line num="38" count="0" type="stmt"/>
          <line num="41" count="0" type="stmt"/>
          <line num="54" count="0" type="stmt"/>
        </file>
        <file name="SaveIntegrationPage.tsx" path="/Users/mspaxman/code/workingrepos/seanforyou23-syndesis-react-poc/syndesis/src/modules/integrations/pages/create/configure/main/SaveIntegrationPage.tsx">
          <metrics statements="18" coveredstatements="0" conditionals="0" coveredconditionals="0" methods="5" coveredmethods="0"/>
          <line num="1" count="0" type="stmt"/>
          <line num="2" count="0" type="stmt"/>
          <line num="4" count="0" type="stmt"/>
          <line num="5" count="0" type="stmt"/>
          <line num="6" count="0" type="stmt"/>
          <line num="7" count="0" type="stmt"/>
          <line num="8" count="0" type="stmt"/>
          <line num="9" count="0" type="stmt"/>
          <line num="37" count="0" type="stmt"/>
          <line num="40" count="0" type="stmt"/>
          <line num="42" count="0" type="stmt"/>
          <line num="46" count="0" type="stmt"/>
          <line num="48" count="0" type="stmt"/>
          <line num="49" count="0" type="stmt"/>
          <line num="51" count="0" type="stmt"/>
          <line num="53" count="0" type="stmt"/>
          <line num="65" count="0" type="stmt"/>
          <line num="82" count="0" type="stmt"/>
        </file>
        <file name="index.ts" path="/Users/mspaxman/code/workingrepos/seanforyou23-syndesis-react-poc/syndesis/src/modules/integrations/pages/create/configure/main/index.ts">
          <metrics statements="2" coveredstatements="0" conditionals="4" coveredconditionals="0" methods="2" coveredmethods="0"/>
          <line num="1" count="0" type="cond" truecount="0" falsecount="2"/>
          <line num="2" count="0" type="cond" truecount="0" falsecount="2"/>
        </file>
      </package>
      <package name="src.modules.integrations.pages.create.finish">
        <metrics statements="53" coveredstatements="0" conditionals="23" coveredconditionals="0" methods="22" coveredmethods="0"/>
        <file name="FinishActionPage.tsx" path="/Users/mspaxman/code/workingrepos/seanforyou23-syndesis-react-poc/syndesis/src/modules/integrations/pages/create/finish/FinishActionPage.tsx">
          <metrics statements="14" coveredstatements="0" conditionals="8" coveredconditionals="0" methods="7" coveredmethods="0"/>
          <line num="1" count="0" type="stmt"/>
          <line num="3" count="0" type="stmt"/>
          <line num="13" count="0" type="stmt"/>
          <line num="14" count="0" type="stmt"/>
          <line num="15" count="0" type="stmt"/>
          <line num="16" count="0" type="stmt"/>
          <line num="17" count="0" type="stmt"/>
          <line num="58" count="0" type="stmt"/>
          <line num="64" count="0" type="stmt"/>
          <line num="66" count="0" type="stmt"/>
          <line num="75" count="0" type="stmt"/>
          <line num="122" count="0" type="stmt"/>
          <line num="129" count="0" type="stmt"/>
          <line num="131" count="0" type="stmt"/>
        </file>
        <file name="FinishConfigurationPage.tsx" path="/Users/mspaxman/code/workingrepos/seanforyou23-syndesis-react-poc/syndesis/src/modules/integrations/pages/create/finish/FinishConfigurationPage.tsx">
          <metrics statements="23" coveredstatements="0" conditionals="7" coveredconditionals="0" methods="6" coveredmethods="0"/>
          <line num="1" count="0" type="stmt"/>
          <line num="3" count="0" type="stmt"/>
          <line num="9" count="0" type="stmt"/>
          <line num="10" count="0" type="stmt"/>
          <line num="11" count="0" type="stmt"/>
          <line num="12" count="0" type="stmt"/>
          <line num="13" count="0" type="stmt"/>
          <line num="14" count="0" type="stmt"/>
          <line num="66" count="0" type="stmt"/>
          <line num="69" count="0" type="stmt"/>
          <line num="84" count="0" type="stmt"/>
          <line num="85" count="0" type="stmt"/>
          <line num="87" count="0" type="stmt"/>
          <line num="88" count="0" type="stmt"/>
          <line num="93" count="0" type="stmt"/>
          <line num="97" count="0" type="stmt"/>
          <line num="102" count="0" type="stmt"/>
          <line num="110" count="0" type="cond" truecount="0" falsecount="2"/>
          <line num="111" count="0" type="stmt"/>
          <line num="123" count="0" type="stmt"/>
          <line num="130" count="0" type="stmt"/>
          <line num="139" count="0" type="stmt"/>
          <line num="148" count="0" type="stmt"/>
        </file>
        <file name="FinishConnectionPage.tsx" path="/Users/mspaxman/code/workingrepos/seanforyou23-syndesis-react-poc/syndesis/src/modules/integrations/pages/create/finish/FinishConnectionPage.tsx">
          <metrics statements="13" coveredstatements="0" conditionals="2" coveredconditionals="0" methods="6" coveredmethods="0"/>
          <line num="1" count="0" type="stmt"/>
          <line num="3" count="0" type="stmt"/>
          <line num="13" count="0" type="stmt"/>
          <line num="14" count="0" type="stmt"/>
[...]
          <line num="16" count="0" type="stmt"/>
          <line num="17" count="0" type="stmt"/>
          <line num="54" count="0" type="stmt"/>
          <line num="57" count="0" type="stmt"/>
          <line num="60" count="0" type="stmt"/>
          <line num="67" count="0" type="stmt"/>
          <line num="76" count="0" type="stmt"/>
          <line num="123" count="0" type="stmt"/>
          <line num="125" count="0" type="stmt"/>
        </file>
        <file name="StartConfigurationPage.tsx" path="/Users/mspaxman/code/workingrepos/seanforyou23-syndesis-react-poc/syndesis/src/modules/integrations/pages/create/start/StartConfigurationPage.tsx">
          <metrics statements="22" coveredstatements="0" conditionals="8" coveredconditionals="0" methods="6" coveredmethods="0"/>
          <line num="1" count="0" type="stmt"/>
          <line num="3" count="0" type="stmt"/>
          <line num="9" count="0" type="stmt"/>
          <line num="10" count="0" type="stmt"/>
          <line num="11" count="0" type="stmt"/>
          <line num="12" count="0" type="stmt"/>
          <line num="13" count="0" type="stmt"/>
          <line num="14" count="0" type="stmt"/>
          <line num="62" count="0" type="stmt"/>
          <line num="65" count="0" type="stmt"/>
          <line num="78" count="0" type="stmt"/>
          <line num="80" count="0" type="stmt"/>
          <line num="81" count="0" type="stmt"/>
          <line num="86" count="0" type="stmt"/>
          <line num="90" count="0" type="stmt"/>
          <line num="95" count="0" type="stmt"/>
          <line num="103" count="0" type="cond" truecount="0" falsecount="2"/>
          <line num="104" count="0" type="stmt"/>
          <line num="114" count="0" type="stmt"/>
          <line num="123" count="0" type="stmt"/>
          <line num="132" count="0" type="stmt"/>
          <line num="141" count="0" type="stmt"/>
        </file>
        <file name="StartConnectionPage.tsx" path="/Users/mspaxman/code/workingrepos/seanforyou23-syndesis-react-poc/syndesis/src/modules/integrations/pages/create/start/StartConnectionPage.tsx">
          <metrics statements="12" coveredstatements="0" conditionals="2" coveredconditionals="0" methods="5" coveredmethods="0"/>
          <line num="1" count="0" type="stmt"/>
          <line num="2" count="0" type="stmt"/>
          <line num="12" count="0" type="stmt"/>
          <line num="13" count="0" type="stmt"/>
          <line num="14" count="0" type="stmt"/>
          <line num="15" count="0" type="stmt"/>
          <line num="16" count="0" type="stmt"/>
          <line num="27" count="0" type="stmt"/>
          <line num="33" count="0" type="stmt"/>
          <line num="59" count="0" type="stmt"/>
          <line num="74" count="0" type="stmt"/>
          <line num="76" count="0" type="stmt"/>
        </file>
        <file name="index.ts" path="/Users/mspaxman/code/workingrepos/seanforyou23-syndesis-react-poc/syndesis/src/modules/integrations/pages/create/start/index.ts">
          <metrics statements="3" coveredstatements="0" conditionals="6" coveredconditionals="0" methods="3" coveredmethods="0"/>
          <line num="1" count="0" type="cond" truecount="0" falsecount="2"/>
          <line num="2" count="0" type="cond" truecount="0" falsecount="2"/>
          <line num="3" count="0" type="cond" truecount="0" falsecount="2"/>
        </file>
      </package>
      <package name="src.modules.integrations.pages.integration">
        <metrics statements="2" coveredstatements="0" conditionals="0" coveredconditionals="0" methods="0" coveredmethods="0"/>
        <file name="index.ts" path="/Users/mspaxman/code/workingrepos/seanforyou23-syndesis-react-poc/syndesis/src/modules/integrations/pages/integration/index.ts">
          <metrics statements="2" coveredstatements="0" conditionals="0" coveredconditionals="0" methods="0" coveredmethods="0"/>
          <line num="1" count="0" type="stmt"/>
          <line num="3" count="0" type="stmt"/>
        </file>
      </package>
      <package name="src.modules.integrations.pages.integration.edit">
        <metrics statements="3" coveredstatements="0" conditionals="0" coveredconditionals="0" methods="0" coveredmethods="0"/>
        <file name="index.ts" path="/Users/mspaxman/code/workingrepos/seanforyou23-syndesis-react-poc/syndesis/src/modules/integrations/pages/integration/edit/index.ts">
          <metrics statements="3" coveredstatements="0" conditionals="0" coveredconditionals="0" methods="0" coveredmethods="0"/>
          <line num="1" count="0" type="stmt"/>
          <line num="2" count="0" type="stmt"/>
          <line num="3" count="0" type="stmt"/>
        </file>
      </package>
      <package name="src.modules.integrations.pages.integration.edit.addConnection">
        <metrics statements="52" coveredstatements="0" conditionals="27" coveredconditionals="0" methods="21" coveredmethods="0"/>
        <file name="ConfigureActionPage.tsx" path="/Users/mspaxman/code/workingrepos/seanforyou23-syndesis-react-poc/syndesis/src/modules/integrations/pages/integration/edit/addConnection/ConfigureActionPage.tsx">
          <metrics statements="20" coveredstatements="0" conditionals="11" coveredconditionals="0" methods="5" coveredmethods="0"/>
          <line num="1" count="0" type="stmt"/>
          <line num="3" count="0" type="stmt"/>
          <line num="4" count="0" type="stmt"/>
          <line num="5" count="0" type="stmt"/>
          <line num="6" count="0" type="stmt"/>
          <line num="7" count="0" type="stmt"/>
          <line num="11" count="0" type="stmt"/>
          <line num="12" count="0" type="stmt"/>
          <line num="61" count="0" type="stmt"/>
          <line num="64" count="0" type="stmt"/>
          <line num="73" count="0" type="stmt"/>
          <line num="74" count="0" type="stmt"/>
          <line num="75" count="0" type="stmt"/>
          <line num="76" count="0" type="stmt"/>
          <line num="81" count="0" type="stmt"/>
          <line num="91" count="0" type="cond" truecount="0" falsecount="2"/>
          <line num="92" count="0" type="stmt"/>
          <line num="103" count="0" type="stmt"/>
          <line num="111" count="0" type="stmt"/>
          <line num="120" count="0" type="stmt"/>
        </file>
        <file name="SelectActionPage.tsx" path="/Users/mspaxman/code/workingrepos/seanforyou23-syndesis-react-poc/syndesis/src/modules/integrations/pages/integration/edit/addConnection/SelectActionPage.tsx">
          <metrics statements="15" coveredstatements="0" conditionals="8" coveredconditionals="0" methods="7" coveredmethods="0"/>
          <line num="1" count="0" type="stmt"/>
          <line num="3" count="0" type="stmt"/>
          <line num="10" count="0" type="stmt"/>
          <line num="11" count="0" type="stmt"/>
          <line num="12" count="0" type="stmt"/>
          <line num="13" count="0" type="stmt"/>
          <line num="17" count="0" type="stmt"/>
          <line num="54" count="0" type="stmt"/>
          <line num="57" count="0" type="stmt"/>
          <line num="59" count="0" type="stmt"/>
          <line num="66" count="0" type="stmt"/>
          <line num="73" count="0" type="stmt"/>
          <line num="74" count="0" type="stmt"/>
          <line num="115" count="0" type="stmt"/>
          <line num="117" count="0" type="stmt"/>
        </file>
        <file name="SelectConnectionPage.tsx" path="/Users/mspaxman/code/workingrepos/seanforyou23-syndesis-react-poc/syndesis/src/modules/integrations/pages/integration/edit/addConnection/SelectConnectionPage.tsx">
          <metrics statements="14" coveredstatements="0" conditionals="2" coveredconditionals="0" methods="6" coveredmethods="0"/>
          <line num="1" count="0" type="stmt"/>
          <line num="3" count="0" type="stmt"/>
          <line num="10" count="0" type="stmt"/>
          <line num="11" count="0" type="stmt"/>
          <line num="12" count="0" type="stmt"/>
          <line num="13" count="0" type="stmt"/>
          <line num="17" count="0" type="stmt"/>
          <line num="48" count="0" type="stmt"/>
          <line num="51" count="0" type="stmt"/>
          <line num="58" count="0" type="stmt"/>
          <line num="59" count="0" type="stmt"/>
          <line num="74" count="0" type="stmt"/>
          <line num="87" count="0" type="stmt"/>
          <line num="89" count="0" type="stmt"/>
        </file>
        <file name="index.ts" path="/Users/mspaxman/code/workingrepos/seanforyou23-syndesis-react-poc/syndesis/src/modules/integrations/pages/integration/edit/addConnection/index.ts">
          <metrics statements="3" coveredstatements="0" conditionals="6" coveredconditionals="0" methods="3" coveredmethods="0"/>
          <line num="1" count="0" type="cond" truecount="0" falsecount="2"/>
          <line num="2" count="0" type="cond" truecount="0" falsecount="2"/>
          <line num="3" count="0" type="cond" truecount="0" falsecount="2"/>
        </file>
      </package>
      <package name="src.modules.integrations.pages.integration.edit.editConnection">
        <metrics statements="37" coveredstatements="0" conditionals="15" coveredconditionals="0" methods="14" coveredmethods="0"/>
        <file name="ConfigureActionPage.tsx" path="/Users/mspaxman/code/workingrepos/seanforyou23-syndesis-react-poc/syndesis/src/modules/integrations/pages/integration/edit/editConnection/ConfigureActionPage.tsx">
          <metrics statements="20" coveredstatements="0" conditionals="7" coveredconditionals="0" methods="5" coveredmethods="0"/>
          <line num="1" count="0" type="stmt"/>
          <line num="3" count="0" type="stmt"/>
          <line num="4" count="0" type="stmt"/>
          <line num="5" count="0" type="stmt"/>
          <line num="6" count="0" type="stmt"/>
          <line num="7" count="0" type="stmt"/>
          <line num="11" count="0" type="stmt"/>
          <line num="12" count="0" type="stmt"/>
          <line num="57" count="0" type="stmt"/>
          <line num="60" count="0" type="stmt"/>
          <line num="69" count="0" type="stmt"/>
          <line num="70" count="0" type="stmt"/>
          <line num="71" count="0" type="stmt"/>
          <line num="72" count="0" type="stmt"/>
          <line num="77" count="0" type="stmt"/>
          <line num="85" count="0" type="cond" truecount="0" falsecount="2"/>
          <line num="86" count="0" type="stmt"/>
          <line num="97" count="0" type="stmt"/>
          <line num="105" count="0" type="stmt"/>
          <line num="114" count="0" type="stmt"/>
        </file>
        <file name="SelectActionPage.tsx" path="/Users/mspaxman/code/workingrepos/seanforyou23-syndesis-react-poc/syndesis/src/modules/integrations/pages/integration/edit/editConnection/SelectActionPage.tsx">
          <metrics statements="15" coveredstatements="0" conditionals="4" coveredconditionals="0" methods="7" coveredmethods="0"/>
          <line num="1" count="0" type="stmt"/>
          <line num="3" count="0" type="stmt"/>
          <line num="10" count="0" type="stmt"/>
          <line num="11" count="0" type="stmt"/>
          <line num="12" count="0" type="stmt"/>
          <line num="13" count="0" type="stmt"/>
          <line num="17" count="0" type="stmt"/>
          <line num="53" count="0" type="stmt"/>
          <line num="56" count="0" type="stmt"/>
          <line num="57" count="0" type="stmt"/>
          <line num="60" count="0" type="stmt"/>
          <line num="67" count="0" type="stmt"/>
          <line num="74" count="0" type="stmt"/>
          <line num="92" count="0" type="stmt"/>
          <line num="94" count="0" type="stmt"/>
        </file>
        <file name="index.ts" path="/Users/mspaxman/code/workingrepos/seanforyou23-syndesis-react-poc/syndesis/src/modules/integrations/pages/integration/edit/editConnection/index.ts">
          <metrics statements="2" coveredstatements="0" conditionals="4" coveredconditionals="0" methods="2" coveredmethods="0"/>
          <line num="1" count="0" type="cond" truecount="0" falsecount="2"/>
          <line num="2" count="0" type="cond" truecount="0" falsecount="2"/>
        </file>
      </package>
      <package name="src.modules.integrations.pages.integration.edit.main">
        <metrics statements="31" coveredstatements="0" conditionals="4" coveredconditionals="0" methods="10" coveredmethods="0"/>
        <file name="AddStepPage.tsx" path="/Users/mspaxman/code/workingrepos/seanforyou23-syndesis-react-poc/syndesis/src/modules/integrations/pages/integration/edit/main/AddStepPage.tsx">
          <metrics statements="11" coveredstatements="0" conditionals="0" coveredconditionals="0" methods="3" coveredmethods="0"/>
          <line num="1" count="0" type="stmt"/>
          <line num="3" count="0" type="stmt"/>
          <line num="4" count="0" type="stmt"/>
          <line num="5" count="0" type="stmt"/>
          <line num="6" count="0" type="stmt"/>
          <line num="7" count="0" type="stmt"/>
          <line num="11" count="0" type="stmt"/>
          <line num="12" count="0" type="stmt"/>
          <line num="41" count="0" type="stmt"/>
          <line num="44" count="0" type="stmt"/>
          <line num="57" count="0" type="stmt"/>
        </file>
        <file name="SaveIntegrationPage.tsx" path="/Users/mspaxman/code/workingrepos/seanforyou23-syndesis-react-poc/syndesis/src/modules/integrations/pages/integration/edit/main/SaveIntegrationPage.tsx">
          <metrics statements="18" coveredstatements="0" conditionals="0" coveredconditionals="0" methods="5" coveredmethods="0"/>
          <line num="1" count="0" type="stmt"/>
          <line num="2" count="0" type="stmt"/>
          <line num="4" count="0" type="stmt"/>
          <line num="5" count="0" type="stmt"/>
          <line num="6" count="0" type="stmt"/>
          <line num="7" count="0" type="stmt"/>
          <line num="8" count="0" type="stmt"/>
          <line num="9" count="0" type="stmt"/>
          <line num="37" count="0" type="stmt"/>
          <line num="40" count="0" type="stmt"/>
          <line num="42" count="0" type="stmt"/>
          <line num="46" count="0" type="stmt"/>
          <line num="48" count="0" type="stmt"/>
          <line num="49" count="0" type="stmt"/>
          <line num="51" count="0" type="stmt"/>
          <line num="53" count="0" type="stmt"/>
          <line num="65" count="0" type="stmt"/>
          <line num="82" count="0" type="stmt"/>
        </file>
        <file name="index.ts" path="/Users/mspaxman/code/workingrepos/seanforyou23-syndesis-react-poc/syndesis/src/modules/integrations/pages/integration/edit/main/index.ts">
          <metrics statements="2" coveredstatements="0" conditionals="4" coveredconditionals="0" methods="2" coveredmethods="0"/>
          <line num="1" count="0" type="cond" truecount="0" falsecount="2"/>
          <line num="2" count="0" type="cond" truecount="0" falsecount="2"/>
        </file>
      </package>
      <package name="src.modules.integrations.shared">
        <metrics statements="23" coveredstatements="0" conditionals="4" coveredconditionals="0" methods="8" coveredmethods="0"/>
        <file name="WithConfigurationForm.tsx" path="/Users/mspaxman/code/workingrepos/seanforyou23-syndesis-react-poc/syndesis/src/modules/integrations/shared/WithConfigurationForm.tsx">
          <metrics statements="22" coveredstatements="0" conditionals="2" coveredconditionals="0" methods="7" coveredmethods="0"/>
          <line num="1" count="0" type="stmt"/>
          <line num="10" count="0" type="stmt"/>
          <line num="12" count="0" type="stmt"/>
          <line num="16" count="0" type="stmt"/>
          <line num="116" count="0" type="stmt"/>
          <line num="120" count="0" type="stmt"/>
          <line num="121" count="0" type="stmt"/>
          <line num="122" count="0" type="stmt"/>
          <line num="123" count="0" type="stmt"/>
          <line num="124" count="0" type="stmt"/>
          <line num="126" count="0" type="stmt"/>
          <line num="127" count="0" type="stmt"/>
          <line num="131" count="0" type="stmt"/>
          <line num="136" count="0" type="stmt"/>
          <line num="138" count="0" type="stmt"/>
          <line num="147" count="0" type="stmt"/>
          <line num="168" count="0" type="stmt"/>
          <line num="173" count="0" type="stmt"/>
          <line num="174" count="0" type="stmt"/>
          <line num="180" count="0" type="stmt"/>
          <line num="197" count="0" type="stmt"/>
          <line num="201" count="0" type="stmt"/>
        </file>
        <file name="index.ts" path="/Users/mspaxman/code/workingrepos/seanforyou23-syndesis-react-poc/syndesis/src/modules/integrations/shared/index.ts">
          <metrics statements="1" coveredstatements="0" conditionals="2" coveredconditionals="0" methods="1" coveredmethods="0"/>
          <line num="1" count="0" type="cond" truecount="0" falsecount="2"/>
        </file>
      </package>
      <package name="src.shared">
        <metrics statements="19" coveredstatements="2" conditionals="14" coveredconditionals="2" methods="13" coveredmethods="1"/>
        <file name="ModuleLoader.tsx" path="/Users/mspaxman/code/workingrepos/seanforyou23-syndesis-react-poc/syndesis/src/shared/ModuleLoader.tsx">
          <metrics statements="7" coveredstatements="0" conditionals="6" coveredconditionals="0" methods="2" coveredmethods="0"/>
          <line num="8" count="0" type="cond" truecount="0" falsecount="4"/>
          <line num="9" count="0" type="stmt"/>
          <line num="10" count="0" type="stmt"/>
          <line num="13" count="0" type="stmt"/>
          <line num="25" count="0" type="cond" truecount="0" falsecount="2"/>
          <line num="26" count="0" type="stmt"/>
          <line num="28" count="0" type="stmt"/>
        </file>
        <file name="PageNotFound.tsx" path="/Users/mspaxman/code/workingrepos/seanforyou23-syndesis-react-poc/syndesis/src/shared/PageNotFound.tsx">
          <metrics statements="3" coveredstatements="1" conditionals="0" coveredconditionals="0" methods="2" coveredmethods="0"/>
          <line num="5" count="1" type="stmt"/>
          <line num="6" count="0" type="stmt"/>
          <line num="8" count="0" type="stmt"/>
        </file>
        <file name="PageTitle.tsx" path="/Users/mspaxman/code/workingrepos/seanforyou23-syndesis-react-poc/syndesis/src/shared/PageTitle.tsx">
          <metrics statements="2" coveredstatements="0" conditionals="2" coveredconditionals="0" methods="2" coveredmethods="0"/>
          <line num="20" count="0" type="stmt"/>
          <line num="23" count="0" type="stmt"/>
        </file>
        <file name="WithClosedNavigation.tsx" path="/Users/mspaxman/code/workingrepos/seanforyou23-syndesis-react-poc/syndesis/src/shared/WithClosedNavigation.tsx">
          <metrics statements="3" coveredstatements="0" conditionals="0" coveredconditionals="0" methods="3" coveredmethods="0"/>
          <line num="17" count="0" type="stmt"/>
          <line num="21" count="0" type="stmt"/>
          <line num="25" count="0" type="stmt"/>
        </file>
        <file name="WithErrorBoundary.tsx" path="/Users/mspaxman/code/workingrepos/seanforyou23-syndesis-react-poc/syndesis/src/shared/WithErrorBoundary.tsx">
          <metrics statements="4" coveredstatements="1" conditionals="6" coveredconditionals="2" methods="4" coveredmethods="1"/>
          <line num="21" count="0" type="stmt"/>
          <line num="31" count="0" type="stmt"/>
          <line num="38" count="1" type="cond" truecount="2" falsecount="2"/>
          <line num="47" count="0" type="stmt"/>
        </file>
        <file name="index.ts" path="/Users/mspaxman/code/workingrepos/seanforyou23-syndesis-react-poc/syndesis/src/shared/index.ts">
          <metrics statements="0" coveredstatements="0" conditionals="0" coveredconditionals="0" methods="0" coveredmethods="0"/>
        </file>
      </package>
    </metrics>
  </project>
</coverage>
