{"/Users/mspaxman/code/workingrepos/seanforyou23-syndesis-react-poc/syndesis/src/index.tsx": {"path":"/Users/mspaxman/code/workingrepos/seanforyou23-syndesis-react-poc/syndesis/src/index.tsx","statementMap":{"0":{"start":{"line":1,"column":0},"end":{"line":null,"column":-1}},"1":{"start":{"line":2,"column":0},"end":{"line":null,"column":-1}},"2":{"start":{"line":3,"column":0},"end":{"line":null,"column":-1}},"3":{"start":{"line":4,"column":0},"end":{"line":null,"column":-1}},"4":{"start":{"line":5,"column":0},"end":{"line":null,"column":-1}},"5":{"start":{"line":6,"column":0},"end":{"line":null,"column":-1}},"6":{"start":{"line":7,"column":0},"end":{"line":null,"column":-1}},"7":{"start":{"line":8,"column":0},"end":{"line":null,"column":-1}},"8":{"start":{"line":9,"column":0},"end":{"line":null,"column":-1}},"9":{"start":{"line":10,"column":0},"end":{"line":null,"column":-1}},"10":{"start":{"line":11,"column":0},"end":{"line":null,"column":-1}},"11":{"start":{"line":12,"column":0},"end":{"line":null,"column":-1}},"12":{"start":{"line":13,"column":0},"end":{"line":null,"column":-1}},"13":{"start":{"line":15,"column":0},"end":{"line":null,"column":-1}},"14":{"start":{"line":20,"column":10},"end":{"line":18,"column":6}},"15":{"start":{"line":67,"column":0},"end":{"line":null,"column":-1}}},"fnMap":{"0":{"name":"(anonymous_0)","decl":{"start":{"line":19,"column":9},"end":{"line":19,"column":10}},"loc":{"start":{"line":20,"column":10},"end":{"line":18,"column":6}}}},"branchMap":{},"s":{"0":0,"1":0,"2":0,"3":0,"4":0,"5":0,"6":0,"7":0,"8":0,"9":0,"10":0,"11":0,"12":0,"13":0,"14":0,"15":0},"f":{"0":0},"b":{}}
,"/Users/mspaxman/code/workingrepos/seanforyou23-syndesis-react-poc/syndesis/src/registerServiceWorker.ts": {"path":"/Users/mspaxman/code/workingrepos/seanforyou23-syndesis-react-poc/syndesis/src/registerServiceWorker.ts","statementMap":{"0":{"start":{"line":12,"column":20},"end":{"line":12,"column":0}},"1":{"start":{"line":23,"column":2},"end":{"line":56,"column":3}},"2":{"start":{"line":25,"column":22},"end":{"line":25,"column":4}},"3":{"start":{"line":29,"column":4},"end":{"line":34,"column":5}},"4":{"start":{"line":33,"column":6},"end":{"line":null,"column":-1}},"5":{"start":{"line":36,"column":4},"end":{"line":null,"column":-1}},"6":{"start":{"line":37,"column":21},"end":{"line":37,"column":6}},"7":{"start":{"line":39,"column":6},"end":{"line":54,"column":7}},"8":{"start":{"line":41,"column":8},"end":{"line":39,"column":23}},"9":{"start":{"line":45,"column":8},"end":{"line":null,"column":-1}},"10":{"start":{"line":46,"column":10},"end":{"line":null,"column":-1}},"11":{"start":{"line":53,"column":8},"end":{"line":null,"column":-1}},"12":{"start":{"line":60,"column":2},"end":{"line":null,"column":-1}},"13":{"start":{"line":63,"column":6},"end":{"line":null,"column":-1}},"14":{"start":{"line":64,"column":33},"end":{"line":64,"column":8}},"15":{"start":{"line":65,"column":8},"end":{"line":82,"column":9}},"16":{"start":{"line":66,"column":10},"end":{"line":null,"column":-1}},"17":{"start":{"line":67,"column":12},"end":{"line":80,"column":13}},"18":{"start":{"line":68,"column":14},"end":{"line":79,"column":15}},"19":{"start":{"line":73,"column":16},"end":{"line":null,"column":-1}},"20":{"start":{"line":78,"column":16},"end":{"line":null,"column":-1}},"21":{"start":{"line":86,"column":6},"end":{"line":null,"column":-1}},"22":{"start":{"line":92,"column":2},"end":{"line":null,"column":-1}},"23":{"start":{"line":95,"column":6},"end":{"line":108,"column":7}},"24":{"start":{"line":100,"column":8},"end":{"line":null,"column":-1}},"25":{"start":{"line":101,"column":10},"end":{"line":null,"column":-1}},"26":{"start":{"line":102,"column":12},"end":{"line":null,"column":-1}},"27":{"start":{"line":107,"column":8},"end":{"line":null,"column":-1}},"28":{"start":{"line":111,"column":6},"end":{"line":null,"column":-1}},"29":{"start":{"line":118,"column":2},"end":{"line":122,"column":3}},"30":{"start":{"line":119,"column":4},"end":{"line":null,"column":-1}},"31":{"start":{"line":120,"column":6},"end":{"line":null,"column":-1}}},"fnMap":{"0":{"name":"register","decl":{"start":{"line":22,"column":24},"end":{"line":22,"column":15}},"loc":{"start":{"line":22,"column":35},"end":{"line":57,"column":1}}},"1":{"name":"(anonymous_1)","decl":{"start":{"line":36,"column":36},"end":{"line":36,"column":41}},"loc":{"start":{"line":36,"column":42},"end":{"line":36,"column":4}}},"2":{"name":"(anonymous_2)","decl":{"start":{"line":45,"column":43},"end":{"line":45,"column":48}},"loc":{"start":{"line":45,"column":49},"end":{"line":45,"column":8}}},"3":{"name":"registerValidSW","decl":{"start":{"line":59,"column":9},"end":{"line":59,"column":0}},"loc":{"start":{"line":59,"column":40},"end":{"line":88,"column":1}}},"4":{"name":"(anonymous_4)","decl":{"start":{"line":62,"column":10},"end":{"line":62,"column":21}},"loc":{"start":{"line":62,"column":26},"end":{"line":60,"column":2}}},"5":{"name":"(anonymous_5)","decl":{"start":{"line":63,"column":35},"end":{"line":63,"column":40}},"loc":{"start":{"line":63,"column":41},"end":{"line":63,"column":6}}},"6":{"name":"(anonymous_6)","decl":{"start":{"line":66,"column":43},"end":{"line":66,"column":48}},"loc":{"start":{"line":66,"column":49},"end":{"line":66,"column":10}}},"7":{"name":"(anonymous_7)","decl":{"start":{"line":85,"column":11},"end":{"line":85,"column":15}},"loc":{"start":{"line":85,"column":20},"end":{"line":60,"column":2}}},"8":{"name":"checkValidServiceWorker","decl":{"start":{"line":90,"column":9},"end":{"line":90,"column":0}},"loc":{"start":{"line":90,"column":48},"end":{"line":115,"column":1}}},"9":{"name":"(anonymous_9)","decl":{"start":{"line":93,"column":10},"end":{"line":93,"column":17}},"loc":{"start":{"line":93,"column":22},"end":{"line":92,"column":2}}},"10":{"name":"(anonymous_10)","decl":{"start":{"line":100,"column":43},"end":{"line":100,"column":54}},"loc":{"start":{"line":100,"column":59},"end":{"line":100,"column":8}}},"11":{"name":"(anonymous_11)","decl":{"start":{"line":101,"column":41},"end":{"line":101,"column":46}},"loc":{"start":{"line":101,"column":47},"end":{"line":101,"column":10}}},"12":{"name":"(anonymous_12)","decl":{"start":{"line":110,"column":11},"end":{"line":110,"column":16}},"loc":{"start":{"line":110,"column":17},"end":{"line":92,"column":2}}},"13":{"name":"unregister","decl":{"start":{"line":117,"column":16},"end":{"line":117,"column":7}},"loc":{"start":{"line":117,"column":29},"end":{"line":123,"column":1}}},"14":{"name":"(anonymous_14)","decl":{"start":{"line":119,"column":39},"end":{"line":119,"column":50}},"loc":{"start":{"line":119,"column":55},"end":{"line":119,"column":4}}}},"branchMap":{"0":{"loc":{"start":{"line":13,"column":2},"end":{"line":13,"column":1}},"type":"binary-expr","locations":[{"start":{"line":13,"column":2},"end":{"line":13,"column":1}},{"start":{"line":15,"column":4},"end":{"line":13,"column":2}},{"start":{"line":17,"column":4},"end":{"line":12,"column":27}}]},"1":{"loc":{"start":{"line":23,"column":2},"end":{"line":56,"column":3}},"type":"if","locations":[{"start":{"line":23,"column":2},"end":{"line":56,"column":3}},{"start":{"line":23,"column":2},"end":{"line":56,"column":3}}]},"2":{"loc":{"start":{"line":23,"column":6},"end":{"line":23,"column":5}},"type":"binary-expr","locations":[{"start":{"line":23,"column":6},"end":{"line":23,"column":5}},{"start":{"line":23,"column":47},"end":{"line":23,"column":2}}]},"3":{"loc":{"start":{"line":29,"column":4},"end":{"line":34,"column":5}},"type":"if","locations":[{"start":{"line":29,"column":4},"end":{"line":34,"column":5}},{"start":{"line":29,"column":4},"end":{"line":34,"column":5}}]},"4":{"loc":{"start":{"line":39,"column":6},"end":{"line":54,"column":7}},"type":"if","locations":[{"start":{"line":39,"column":6},"end":{"line":54,"column":7}},{"start":{"line":39,"column":6},"end":{"line":54,"column":7}}]},"5":{"loc":{"start":{"line":65,"column":8},"end":{"line":82,"column":9}},"type":"if","locations":[{"start":{"line":65,"column":8},"end":{"line":82,"column":9}},{"start":{"line":65,"column":8},"end":{"line":82,"column":9}}]},"6":{"loc":{"start":{"line":67,"column":12},"end":{"line":80,"column":13}},"type":"if","locations":[{"start":{"line":67,"column":12},"end":{"line":80,"column":13}},{"start":{"line":67,"column":12},"end":{"line":80,"column":13}}]},"7":{"loc":{"start":{"line":68,"column":14},"end":{"line":79,"column":15}},"type":"if","locations":[{"start":{"line":68,"column":14},"end":{"line":79,"column":15}},{"start":{"line":68,"column":14},"end":{"line":79,"column":15}}]},"8":{"loc":{"start":{"line":95,"column":6},"end":{"line":108,"column":7}},"type":"if","locations":[{"start":{"line":95,"column":6},"end":{"line":108,"column":7}},{"start":{"line":95,"column":6},"end":{"line":108,"column":7}}]},"9":{"loc":{"start":{"line":96,"column":8},"end":{"line":96,"column":7}},"type":"binary-expr","locations":[{"start":{"line":96,"column":8},"end":{"line":96,"column":7}},{"start":{"line":97,"column":8},"end":{"line":95,"column":6}}]},"10":{"loc":{"start":{"line":118,"column":2},"end":{"line":122,"column":3}},"type":"if","locations":[{"start":{"line":118,"column":2},"end":{"line":122,"column":3}},{"start":{"line":118,"column":2},"end":{"line":122,"column":3}}]}},"s":{"0":0,"1":0,"2":0,"3":0,"4":0,"5":0,"6":0,"7":0,"8":0,"9":0,"10":0,"11":0,"12":0,"13":0,"14":0,"15":0,"16":0,"17":0,"18":0,"19":0,"20":0,"21":0,"22":0,"23":0,"24":0,"25":0,"26":0,"27":0,"28":0,"29":0,"30":0,"31":0},"f":{"0":0,"1":0,"2":0,"3":0,"4":0,"5":0,"6":0,"7":0,"8":0,"9":0,"10":0,"11":0,"12":0,"13":0,"14":0},"b":{"0":[0,0,0],"1":[0,0],"2":[0,0],"3":[0,0],"4":[0,0],"5":[0,0],"6":[0,0],"7":[0,0],"8":[0,0],"9":[0,0],"10":[0,0]}}
,"/Users/mspaxman/code/workingrepos/seanforyou23-syndesis-react-poc/syndesis/src/setupProxy.js": {"path":"/Users/mspaxman/code/workingrepos/seanforyou23-syndesis-react-poc/syndesis/src/setupProxy.js","statementMap":{"0":{"start":{"line":2,"column":14},"end":{"line":2,"column":0}},"1":{"start":{"line":4,"column":0},"end":{"line":null,"column":-1}},"2":{"start":{"line":5,"column":2},"end":{"line":19,"column":3}},"3":{"start":{"line":6,"column":4},"end":{"line":null,"column":-1}}},"fnMap":{"0":{"name":"(anonymous_0)","decl":{"start":{"line":4,"column":17},"end":{"line":4,"column":25}},"loc":{"start":{"line":4,"column":31},"end":{"line":4,"column":0}}}},"branchMap":{"0":{"loc":{"start":{"line":5,"column":2},"end":{"line":19,"column":3}},"type":"if","locations":[{"start":{"line":5,"column":2},"end":{"line":19,"column":3}},{"start":{"line":5,"column":2},"end":{"line":19,"column":3}}]},"1":{"loc":{"start":{"line":15,"column":18},"end":{"line":15,"column":17}},"type":"binary-expr","locations":[{"start":{"line":15,"column":18},"end":{"line":15,"column":17}},{"start":{"line":15,"column":48},"end":{"line":null,"column":-1}}]}},"s":{"0":0,"1":0,"2":0,"3":0},"f":{"0":0},"b":{"0":[0,0],"1":[0,0]}}
,"/Users/mspaxman/code/workingrepos/seanforyou23-syndesis-react-poc/syndesis/src/setupTests.ts": {"path":"/Users/mspaxman/code/workingrepos/seanforyou23-syndesis-react-poc/syndesis/src/setupTests.ts","statementMap":{},"fnMap":{},"branchMap":{},"s":{},"f":{},"b":{},"_coverageSchema":"332fd63041d2c1bcb487cc26dd0d5f7d97098a6c","hash":"484f8b01c845e630848c6a89c2222988c8653868"}
,"/Users/mspaxman/code/workingrepos/seanforyou23-syndesis-react-poc/syndesis/src/app/App.tsx": {"path":"/Users/mspaxman/code/workingrepos/seanforyou23-syndesis-react-poc/syndesis/src/app/App.tsx","statementMap":{"0":{"start":{"line":57,"column":4},"end":{"line":57,"column":17}},"1":{"start":{"line":58,"column":4},"end":{"line":58,"column":41}},"2":{"start":{"line":59,"column":4},"end":{"line":59,"column":53}},"3":{"start":{"line":60,"column":4},"end":{"line":60,"column":57}},"4":{"start":{"line":61,"column":4},"end":{"line":61,"column":57}},"5":{"start":{"line":62,"column":4},"end":{"line":62,"column":61}},"6":{"start":{"line":63,"column":4},"end":{"line":63,"column":77}},"7":{"start":{"line":67,"column":26},"end":{"line":69,"column":5}},"8":{"start":{"line":68,"column":28},"end":{"line":68,"column":55}},"9":{"start":{"line":71,"column":4},"end":{"line":73,"column":7}},"10":{"start":{"line":77,"column":4},"end":{"line":86,"column":7}},"11":{"start":{"line":97,"column":4},"end":{"line":105,"column":5}},"12":{"start":{"line":104,"column":6},"end":{"line":104,"column":23}},"13":{"start":{"line":106,"column":20},"end":{"line":108,"column":45}},"14":{"start":{"line":109,"column":4},"end":{"line":116,"column":5}},"15":{"start":{"line":111,"column":8},"end":{"line":111,"column":32}},"16":{"start":{"line":113,"column":8},"end":{"line":113,"column":34}},"17":{"start":{"line":115,"column":8},"end":{"line":115,"column":25}},"18":{"start":{"line":120,"column":4},"end":{"line":122,"column":7}},"19":{"start":{"line":126,"column":4},"end":{"line":128,"column":7}},"20":{"start":{"line":132,"column":4},"end":{"line":136,"column":6}},"21":{"start":{"line":140,"column":4},"end":{"line":149,"column":7}},"22":{"start":{"line":141,"column":6},"end":{"line":148,"column":8}},"23":{"start":{"line":153,"column":4},"end":{"line":253,"column":6}},"24":{"start":{"line":156,"column":10},"end":{"line":250,"column":23}},"25":{"start":{"line":158,"column":14},"end":{"line":248,"column":27}},"26":{"start":{"line":177,"column":18},"end":{"line":246,"column":40}},"27":{"start":{"line":196,"column":26},"end":{"line":242,"column":45}},"28":{"start":{"line":198,"column":30},"end":{"line":240,"column":61}},"29":{"start":{"line":219,"column":38},"end":{"line":236,"column":58}},"30":{"start":{"line":226,"column":46},"end":{"line":231,"column":48}}},"fnMap":{"0":{"name":"(anonymous_0)","decl":{"start":{"line":56,"column":2},"end":{"line":56,"column":3}},"loc":{"start":{"line":56,"column":36},"end":{"line":64,"column":3}},"line":56},"1":{"name":"(anonymous_1)","decl":{"start":{"line":66,"column":2},"end":{"line":66,"column":3}},"loc":{"start":{"line":66,"column":64},"end":{"line":74,"column":3}},"line":66},"2":{"name":"(anonymous_2)","decl":{"start":{"line":68,"column":6},"end":{"line":68,"column":7}},"loc":{"start":{"line":68,"column":28},"end":{"line":68,"column":55}},"line":68},"3":{"name":"(anonymous_3)","decl":{"start":{"line":76,"column":2},"end":{"line":76,"column":3}},"loc":{"start":{"line":76,"column":64},"end":{"line":87,"column":3}},"line":76},"4":{"name":"(anonymous_4)","decl":{"start":{"line":89,"column":2},"end":{"line":89,"column":3}},"loc":{"start":{"line":89,"column":18},"end":{"line":91,"column":3}},"line":89},"5":{"name":"(anonymous_5)","decl":{"start":{"line":93,"column":2},"end":{"line":93,"column":3}},"loc":{"start":{"line":96,"column":24},"end":{"line":117,"column":3}},"line":96},"6":{"name":"(anonymous_6)","decl":{"start":{"line":119,"column":2},"end":{"line":119,"column":3}},"loc":{"start":{"line":119,"column":32},"end":{"line":123,"column":3}},"line":119},"7":{"name":"(anonymous_7)","decl":{"start":{"line":125,"column":2},"end":{"line":125,"column":3}},"loc":{"start":{"line":125,"column":32},"end":{"line":129,"column":3}},"line":125},"8":{"name":"(anonymous_8)","decl":{"start":{"line":131,"column":2},"end":{"line":131,"column":3}},"loc":{"start":{"line":131,"column":44},"end":{"line":137,"column":3}},"line":131},"9":{"name":"(anonymous_9)","decl":{"start":{"line":139,"column":2},"end":{"line":139,"column":3}},"loc":{"start":{"line":139,"column":29},"end":{"line":150,"column":3}},"line":139},"10":{"name":"(anonymous_10)","decl":{"start":{"line":140,"column":33},"end":{"line":140,"column":34}},"loc":{"start":{"line":141,"column":6},"end":{"line":148,"column":8}},"line":141},"11":{"name":"(anonymous_11)","decl":{"start":{"line":152,"column":2},"end":{"line":152,"column":3}},"loc":{"start":{"line":152,"column":18},"end":{"line":254,"column":3}},"line":152},"12":{"name":"(anonymous_12)","decl":{"start":{"line":155,"column":9},"end":{"line":155,"column":10}},"loc":{"start":{"line":156,"column":10},"end":{"line":250,"column":23}},"line":156},"13":{"name":"(anonymous_13)","decl":{"start":{"line":157,"column":13},"end":{"line":157,"column":14}},"loc":{"start":{"line":158,"column":14},"end":{"line":248,"column":27}},"line":158},"14":{"name":"(anonymous_14)","decl":{"start":{"line":176,"column":17},"end":{"line":176,"column":18}},"loc":{"start":{"line":177,"column":18},"end":{"line":246,"column":40}},"line":177},"15":{"name":"(anonymous_15)","decl":{"start":{"line":195,"column":25},"end":{"line":195,"column":26}},"loc":{"start":{"line":196,"column":26},"end":{"line":242,"column":45}},"line":196},"16":{"name":"(anonymous_16)","decl":{"start":{"line":197,"column":29},"end":{"line":197,"column":30}},"loc":{"start":{"line":198,"column":30},"end":{"line":240,"column":61}},"line":198},"17":{"name":"(anonymous_17)","decl":{"start":{"line":218,"column":37},"end":{"line":218,"column":38}},"loc":{"start":{"line":219,"column":38},"end":{"line":236,"column":58}},"line":219},"18":{"name":"(anonymous_18)","decl":{"start":{"line":222,"column":44},"end":{"line":222,"column":45}},"loc":{"start":{"line":226,"column":46},"end":{"line":231,"column":48}},"line":226}},"branchMap":{"0":{"loc":{"start":{"line":97,"column":4},"end":{"line":105,"column":5}},"type":"if","locations":[{"start":{"line":97,"column":4},"end":{"line":105,"column":5}},{"start":{"line":97,"column":4},"end":{"line":105,"column":5}}],"line":97},"1":{"loc":{"start":{"line":98,"column":6},"end":{"line":102,"column":25}},"type":"binary-expr","locations":[{"start":{"line":98,"column":6},"end":{"line":98,"column":13}},{"start":{"line":99,"column":6},"end":{"line":99,"column":17}},{"start":{"line":100,"column":6},"end":{"line":100,"column":26}},{"start":{"line":101,"column":6},"end":{"line":101,"column":27}},{"start":{"line":102,"column":6},"end":{"line":102,"column":25}}],"line":98},"2":{"loc":{"start":{"line":109,"column":4},"end":{"line":116,"column":5}},"type":"switch","locations":[{"start":{"line":110,"column":6},"end":{"line":111,"column":32}},{"start":{"line":112,"column":6},"end":{"line":113,"column":34}},{"start":{"line":114,"column":6},"end":{"line":115,"column":25}}],"line":109}},"s":{"0":1,"1":1,"2":1,"3":1,"4":1,"5":1,"6":1,"7":0,"8":0,"9":0,"10":0,"11":0,"12":0,"13":0,"14":0,"15":0,"16":0,"17":0,"18":0,"19":0,"20":1,"21":1,"22":2,"23":1,"24":1,"25":1,"26":1,"27":1,"28":1,"29":1,"30":2},"f":{"0":1,"1":0,"2":0,"3":0,"4":0,"5":0,"6":0,"7":0,"8":1,"9":1,"10":2,"11":1,"12":1,"13":1,"14":1,"15":1,"16":1,"17":1,"18":2},"b":{"0":[0,0],"1":[0,0,0,0,0],"2":[0,0,0]},"_coverageSchema":"332fd63041d2c1bcb487cc26dd0d5f7d97098a6c","hash":"e4a24424b0c3ec02e1ddaeece091680857d3f569"}
,"/Users/mspaxman/code/workingrepos/seanforyou23-syndesis-react-poc/syndesis/src/app/AppContext.tsx": {"path":"/Users/mspaxman/code/workingrepos/seanforyou23-syndesis-react-poc/syndesis/src/app/AppContext.tsx","statementMap":{"0":{"start":{"line":18,"column":38},"end":{"line":18,"column":55}},"1":{"start":{"line":20,"column":26},"end":{"line":22,"column":1}}},"fnMap":{},"branchMap":{},"s":{"0":1,"1":1},"f":{},"b":{},"_coverageSchema":"332fd63041d2c1bcb487cc26dd0d5f7d97098a6c","hash":"04188a68d3227489fe71f9ea8b54d08df89fbe51"}
,"/Users/mspaxman/code/workingrepos/seanforyou23-syndesis-react-poc/syndesis/src/app/WithConfig.tsx": {"path":"/Users/mspaxman/code/workingrepos/seanforyou23-syndesis-react-poc/syndesis/src/app/WithConfig.tsx","statementMap":{"0":{"start":{"line":1,"column":0},"end":{"line":null,"column":-1}},"1":{"start":{"line":48,"column":2},"end":{"line":null,"column":-1}},"2":{"start":{"line":55,"column":4},"end":{"line":69,"column":5}},"3":{"start":{"line":56,"column":29},"end":{"line":56,"column":6}},"4":{"start":{"line":59,"column":21},"end":{"line":59,"column":6}},"5":{"start":{"line":60,"column":6},"end":{"line":null,"column":-1}},"6":{"start":{"line":65,"column":6},"end":{"line":null,"column":-1}},"7":{"start":{"line":73,"column":4},"end":{"line":null,"column":-1}}},"fnMap":{"0":{"name":"(anonymous_0)","decl":{"start":{"line":48,"column":2},"end":{"line":null,"column":-1}},"loc":{"start":{"line":48,"column":2},"end":{"line":null,"column":-1}}},"1":{"name":"(anonymous_1)","decl":{"start":{"line":54,"column":2},"end":{"line":54,"column":14}},"loc":{"start":{"line":54,"column":35},"end":{"line":70,"column":3}}},"2":{"name":"(anonymous_2)","decl":{"start":{"line":72,"column":9},"end":{"line":72,"column":1}},"loc":{"start":{"line":72,"column":18},"end":{"line":74,"column":3}}}},"branchMap":{},"s":{"0":0,"1":0,"2":0,"3":0,"4":0,"5":0,"6":0,"7":0},"f":{"0":0,"1":0,"2":0},"b":{}}
,"/Users/mspaxman/code/workingrepos/seanforyou23-syndesis-react-poc/syndesis/src/app/index.ts": {"path":"/Users/mspaxman/code/workingrepos/seanforyou23-syndesis-react-poc/syndesis/src/app/index.ts","statementMap":{},"fnMap":{},"branchMap":{},"s":{},"f":{},"b":{},"_coverageSchema":"332fd63041d2c1bcb487cc26dd0d5f7d97098a6c","hash":"4db65469ee72df32c56cf260cf85d6ad1c767667"}
,"/Users/mspaxman/code/workingrepos/seanforyou23-syndesis-react-poc/syndesis/src/i18n/index.ts": {"path":"/Users/mspaxman/code/workingrepos/seanforyou23-syndesis-react-poc/syndesis/src/i18n/index.ts","statementMap":{"0":{"start":{"line":5,"column":16},"end":{"line":38,"column":21}},"1":{"start":{"line":40,"column":0},"end":{"line":40,"column":41}}},"fnMap":{},"branchMap":{"0":{"loc":{"start":{"line":34,"column":15},"end":{"line":34,"column":66}},"type":"cond-expr","locations":[{"start":{"line":34,"column":55},"end":{"line":34,"column":59}},{"start":{"line":34,"column":62},"end":{"line":34,"column":66}}],"line":34}},"s":{"0":1,"1":1},"f":{},"b":{"0":[0,1]},"_coverageSchema":"332fd63041d2c1bcb487cc26dd0d5f7d97098a6c","hash":"248ea02962f8346b064cf14f43197aca5d2a4c0f"}
,"/Users/mspaxman/code/workingrepos/seanforyou23-syndesis-react-poc/syndesis/src/i18n/locales/index.ts": {"path":"/Users/mspaxman/code/workingrepos/seanforyou23-syndesis-react-poc/syndesis/src/i18n/locales/index.ts","statementMap":{"0":{"start":{"line":17,"column":0},"end":{"line":17,"column":18}},"1":{"start":{"line":18,"column":0},"end":{"line":18,"column":18}},"2":{"start":{"line":21,"column":0},"end":{"line":21,"column":42}},"3":{"start":{"line":22,"column":0},"end":{"line":22,"column":42}},"4":{"start":{"line":25,"column":0},"end":{"line":25,"column":48}},"5":{"start":{"line":26,"column":0},"end":{"line":26,"column":48}},"6":{"start":{"line":29,"column":0},"end":{"line":29,"column":38}},"7":{"start":{"line":30,"column":0},"end":{"line":30,"column":38}},"8":{"start":{"line":33,"column":0},"end":{"line":33,"column":28}},"9":{"start":{"line":34,"column":0},"end":{"line":34,"column":28}},"10":{"start":{"line":37,"column":0},"end":{"line":37,"column":44}},"11":{"start":{"line":38,"column":0},"end":{"line":38,"column":44}}},"fnMap":{},"branchMap":{},"s":{"0":1,"1":1,"2":1,"3":1,"4":1,"5":1,"6":1,"7":1,"8":1,"9":1,"10":1,"11":1},"f":{},"b":{},"_coverageSchema":"332fd63041d2c1bcb487cc26dd0d5f7d97098a6c","hash":"ea5f3748c86a0bc15cf28edb6bb7da3a88ccda37"}
,"/Users/mspaxman/code/workingrepos/seanforyou23-syndesis-react-poc/syndesis/src/modules/index.ts": {"path":"/Users/mspaxman/code/workingrepos/seanforyou23-syndesis-react-poc/syndesis/src/modules/index.ts","statementMap":{"0":{"start":{"line":1,"column":0},"end":{"line":null,"column":-1}},"1":{"start":{"line":2,"column":0},"end":{"line":null,"column":-1}},"2":{"start":{"line":3,"column":0},"end":{"line":null,"column":-1}},"3":{"start":{"line":4,"column":0},"end":{"line":null,"column":-1}},"4":{"start":{"line":5,"column":0},"end":{"line":null,"column":-1}}},"fnMap":{"0":{"name":"(anonymous_0)","decl":{"start":{"line":1,"column":0},"end":{"line":null,"column":-1}},"loc":{"start":{"line":1,"column":0},"end":{"line":null,"column":-1}}},"1":{"name":"(anonymous_2)","decl":{"start":{"line":2,"column":0},"end":{"line":null,"column":-1}},"loc":{"start":{"line":2,"column":0},"end":{"line":null,"column":-1}}},"2":{"name":"(anonymous_4)","decl":{"start":{"line":3,"column":0},"end":{"line":null,"column":-1}},"loc":{"start":{"line":3,"column":0},"end":{"line":null,"column":-1}}},"3":{"name":"(anonymous_6)","decl":{"start":{"line":4,"column":0},"end":{"line":null,"column":-1}},"loc":{"start":{"line":4,"column":0},"end":{"line":null,"column":-1}}},"4":{"name":"(anonymous_8)","decl":{"start":{"line":5,"column":0},"end":{"line":null,"column":-1}},"loc":{"start":{"line":5,"column":0},"end":{"line":null,"column":-1}}}},"branchMap":{"0":{"loc":{"start":{"line":1,"column":0},"end":{"line":null,"column":-1}},"type":"if","locations":[{"start":{"line":1,"column":0},"end":{"line":null,"column":-1}},{"start":{"line":1,"column":0},"end":{"line":null,"column":-1}}]},"1":{"loc":{"start":{"line":2,"column":0},"end":{"line":null,"column":-1}},"type":"if","locations":[{"start":{"line":2,"column":0},"end":{"line":null,"column":-1}},{"start":{"line":2,"column":0},"end":{"line":null,"column":-1}}]},"2":{"loc":{"start":{"line":3,"column":0},"end":{"line":null,"column":-1}},"type":"if","locations":[{"start":{"line":3,"column":0},"end":{"line":null,"column":-1}},{"start":{"line":3,"column":0},"end":{"line":null,"column":-1}}]},"3":{"loc":{"start":{"line":4,"column":0},"end":{"line":null,"column":-1}},"type":"if","locations":[{"start":{"line":4,"column":0},"end":{"line":null,"column":-1}},{"start":{"line":4,"column":0},"end":{"line":null,"column":-1}}]},"4":{"loc":{"start":{"line":5,"column":0},"end":{"line":null,"column":-1}},"type":"if","locations":[{"start":{"line":5,"column":0},"end":{"line":null,"column":-1}},{"start":{"line":5,"column":0},"end":{"line":null,"column":-1}}]}},"s":{"0":0,"1":0,"2":0,"3":0,"4":0},"f":{"0":0,"1":0,"2":0,"3":0,"4":0},"b":{"0":[0,0],"1":[0,0],"2":[0,0],"3":[0,0],"4":[0,0]}}
,"/Users/mspaxman/code/workingrepos/seanforyou23-syndesis-react-poc/syndesis/src/modules/resolvers.ts": {"path":"/Users/mspaxman/code/workingrepos/seanforyou23-syndesis-react-poc/syndesis/src/modules/resolvers.ts","statementMap":{"0":{"start":{"line":1,"column":0},"end":{"line":null,"column":-1}},"1":{"start":{"line":2,"column":0},"end":{"line":null,"column":-1}},"2":{"start":{"line":3,"column":0},"end":{"line":null,"column":-1}},"3":{"start":{"line":4,"column":0},"end":{"line":null,"column":-1}},"4":{"start":{"line":5,"column":0},"end":{"line":null,"column":-1}}},"fnMap":{},"branchMap":{},"s":{"0":0,"1":0,"2":0,"3":0,"4":0},"f":{},"b":{}}
,"/Users/mspaxman/code/workingrepos/seanforyou23-syndesis-react-poc/syndesis/src/modules/routes.ts": {"path":"/Users/mspaxman/code/workingrepos/seanforyou23-syndesis-react-poc/syndesis/src/modules/routes.ts","statementMap":{"0":{"start":{"line":1,"column":0},"end":{"line":null,"column":-1}},"1":{"start":{"line":2,"column":0},"end":{"line":null,"column":-1}},"2":{"start":{"line":3,"column":0},"end":{"line":null,"column":-1}}},"fnMap":{},"branchMap":{},"s":{"0":0,"1":0,"2":0},"f":{},"b":{}}
,"/Users/mspaxman/code/workingrepos/seanforyou23-syndesis-react-poc/syndesis/src/modules/connections/ConnectionsApp.tsx": {"path":"/Users/mspaxman/code/workingrepos/seanforyou23-syndesis-react-poc/syndesis/src/modules/connections/ConnectionsApp.tsx","statementMap":{"0":{"start":{"line":1,"column":0},"end":{"line":null,"column":-1}},"1":{"start":{"line":2,"column":0},"end":{"line":null,"column":-1}},"2":{"start":{"line":3,"column":0},"end":{"line":null,"column":-1}},"3":{"start":{"line":4,"column":0},"end":{"line":null,"column":-1}},"4":{"start":{"line":5,"column":0},"end":{"line":null,"column":-1}},"5":{"start":{"line":6,"column":0},"end":{"line":null,"column":-1}},"6":{"start":{"line":10,"column":4},"end":{"line":null,"column":-1}}},"fnMap":{"0":{"name":"(anonymous_0)","decl":{"start":{"line":9,"column":9},"end":{"line":9,"column":1}},"loc":{"start":{"line":9,"column":18},"end":{"line":29,"column":3}}}},"branchMap":{},"s":{"0":0,"1":0,"2":0,"3":0,"4":0,"5":0,"6":0},"f":{"0":0},"b":{}}
,"/Users/mspaxman/code/workingrepos/seanforyou23-syndesis-react-poc/syndesis/src/modules/connections/index.tsx": {"path":"/Users/mspaxman/code/workingrepos/seanforyou23-syndesis-react-poc/syndesis/src/modules/connections/index.tsx","statementMap":{"0":{"start":{"line":1,"column":0},"end":{"line":null,"column":-1}},"1":{"start":{"line":2,"column":0},"end":{"line":null,"column":-1}},"2":{"start":{"line":3,"column":0},"end":{"line":null,"column":-1}},"3":{"start":{"line":4,"column":0},"end":{"line":null,"column":-1}},"4":{"start":{"line":8,"column":4},"end":{"line":null,"column":-1}}},"fnMap":{"0":{"name":"(anonymous_0)","decl":{"start":{"line":7,"column":9},"end":{"line":7,"column":1}},"loc":{"start":{"line":7,"column":18},"end":{"line":13,"column":3}}}},"branchMap":{},"s":{"0":0,"1":0,"2":0,"3":0,"4":0},"f":{"0":0},"b":{}}
,"/Users/mspaxman/code/workingrepos/seanforyou23-syndesis-react-poc/syndesis/src/modules/connections/resolvers.ts": {"path":"/Users/mspaxman/code/workingrepos/seanforyou23-syndesis-react-poc/syndesis/src/modules/connections/resolvers.ts","statementMap":{"0":{"start":{"line":3,"column":0},"end":{"line":null,"column":-1}},"1":{"start":{"line":4,"column":0},"end":{"line":null,"column":-1}},"2":{"start":{"line":12,"column":61},"end":{"line":12,"column":41}}},"fnMap":{"0":{"name":"(anonymous_0)","decl":{"start":{"line":12,"column":41},"end":{"line":12,"column":42}},"loc":{"start":{"line":12,"column":61},"end":{"line":12,"column":41}}}},"branchMap":{},"s":{"0":0,"1":0,"2":0},"f":{"0":0},"b":{}}
,"/Users/mspaxman/code/workingrepos/seanforyou23-syndesis-react-poc/syndesis/src/modules/connections/routes.ts": {"path":"/Users/mspaxman/code/workingrepos/seanforyou23-syndesis-react-poc/syndesis/src/modules/connections/routes.ts","statementMap":{"0":{"start":{"line":2,"column":0},"end":{"line":null,"column":-1}}},"fnMap":{},"branchMap":{},"s":{"0":0},"f":{},"b":{}}
,"/Users/mspaxman/code/workingrepos/seanforyou23-syndesis-react-poc/syndesis/src/modules/connections/pages/ConnectionsPage.tsx": {"path":"/Users/mspaxman/code/workingrepos/seanforyou23-syndesis-react-poc/syndesis/src/modules/connections/pages/ConnectionsPage.tsx","statementMap":{"0":{"start":{"line":1,"column":0},"end":{"line":null,"column":-1}},"1":{"start":{"line":3,"column":0},"end":{"line":null,"column":-1}},"2":{"start":{"line":4,"column":0},"end":{"line":null,"column":-1}},"3":{"start":{"line":7,"column":2},"end":{"line":null,"column":-1}},"4":{"start":{"line":12,"column":4},"end":{"line":null,"column":-1}},"5":{"start":{"line":15,"column":10},"end":{"line":13,"column":6}}},"fnMap":{"0":{"name":"getConnectionHref","decl":{"start":{"line":6,"column":9},"end":{"line":6,"column":0}},"loc":{"start":{"line":6,"column":51},"end":{"line":8,"column":1}}},"1":{"name":"(anonymous_1)","decl":{"start":{"line":11,"column":9},"end":{"line":11,"column":1}},"loc":{"start":{"line":11,"column":18},"end":{"line":24,"column":3}}},"2":{"name":"(anonymous_2)","decl":{"start":{"line":14,"column":9},"end":{"line":14,"column":10}},"loc":{"start":{"line":15,"column":10},"end":{"line":13,"column":6}}}},"branchMap":{},"s":{"0":0,"1":0,"2":0,"3":0,"4":0,"5":0},"f":{"0":0,"1":0,"2":0},"b":{}}
,"/Users/mspaxman/code/workingrepos/seanforyou23-syndesis-react-poc/syndesis/src/modules/connections/pages/ConnectorFormPage.tsx": {"path":"/Users/mspaxman/code/workingrepos/seanforyou23-syndesis-react-poc/syndesis/src/modules/connections/pages/ConnectorFormPage.tsx","statementMap":{"0":{"start":{"line":2,"column":0},"end":{"line":null,"column":-1}},"1":{"start":{"line":3,"column":0},"end":{"line":null,"column":-1}},"2":{"start":{"line":4,"column":0},"end":{"line":null,"column":-1}},"3":{"start":{"line":5,"column":0},"end":{"line":null,"column":-1}},"4":{"start":{"line":17,"column":4},"end":{"line":null,"column":-1}},"5":{"start":{"line":23,"column":10},"end":{"line":18,"column":6}},"6":{"start":{"line":25,"column":14},"end":{"line":23,"column":10}}},"fnMap":{"0":{"name":"(anonymous_0)","decl":{"start":{"line":16,"column":9},"end":{"line":16,"column":1}},"loc":{"start":{"line":16,"column":18},"end":{"line":44,"column":3}}},"1":{"name":"(anonymous_1)","decl":{"start":{"line":22,"column":9},"end":{"line":22,"column":10}},"loc":{"start":{"line":23,"column":10},"end":{"line":18,"column":6}}},"2":{"name":"(anonymous_2)","decl":{"start":{"line":24,"column":13},"end":{"line":24,"column":14}},"loc":{"start":{"line":25,"column":14},"end":{"line":23,"column":10}}}},"branchMap":{"0":{"loc":{"start":{"line":27,"column":18},"end":{"line":26,"column":17}},"type":"cond-expr","locations":[{"start":{"line":27,"column":18},"end":{"line":26,"column":17}},{"start":{"line":36,"column":18},"end":{"line":25,"column":14}}]},"1":{"loc":{"start":{"line":26,"column":17},"end":{"line":26,"column":24}},"type":"binary-expr","locations":[{"start":{"line":26,"column":17},"end":{"line":26,"column":24}},{"start":{"line":26,"column":28},"end":{"line":26,"column":17}}]},"2":{"loc":{"start":{"line":28,"column":20},"end":{"line":27,"column":25}},"type":"cond-expr","locations":[{"start":{"line":28,"column":20},"end":{"line":27,"column":25}},{"start":{"line":30,"column":20},"end":{"line":26,"column":17}}]}},"s":{"0":0,"1":0,"2":0,"3":0,"4":0,"5":0,"6":0},"f":{"0":0,"1":0,"2":0},"b":{"0":[0,0],"1":[0,0],"2":[0,0]}}
,"/Users/mspaxman/code/workingrepos/seanforyou23-syndesis-react-poc/syndesis/src/modules/connections/pages/ConnectorsPage.tsx": {"path":"/Users/mspaxman/code/workingrepos/seanforyou23-syndesis-react-poc/syndesis/src/modules/connections/pages/ConnectorsPage.tsx","statementMap":{"0":{"start":{"line":1,"column":0},"end":{"line":null,"column":-1}},"1":{"start":{"line":3,"column":0},"end":{"line":null,"column":-1}},"2":{"start":{"line":9,"column":0},"end":{"line":null,"column":-1}},"3":{"start":{"line":10,"column":0},"end":{"line":null,"column":-1}},"4":{"start":{"line":11,"column":0},"end":{"line":null,"column":-1}},"5":{"start":{"line":17,"column":2},"end":{"line":null,"column":-1}},"6":{"start":{"line":22,"column":4},"end":{"line":null,"column":-1}},"7":{"start":{"line":25,"column":10},"end":{"line":23,"column":6}},"8":{"start":{"line":32,"column":20},"end":{"line":31,"column":19}},"9":{"start":{"line":41,"column":16},"end":{"line":26,"column":12}},"10":{"start":{"line":42,"column":18},"end":{"line":41,"column":16}}},"fnMap":{"0":{"name":"getConnectionHref","decl":{"start":{"line":13,"column":16},"end":{"line":13,"column":7}},"loc":{"start":{"line":16,"column":10},"end":{"line":18,"column":1}}},"1":{"name":"(anonymous_1)","decl":{"start":{"line":21,"column":9},"end":{"line":21,"column":1}},"loc":{"start":{"line":21,"column":18},"end":{"line":60,"column":3}}},"2":{"name":"(anonymous_2)","decl":{"start":{"line":24,"column":9},"end":{"line":24,"column":10}},"loc":{"start":{"line":25,"column":10},"end":{"line":23,"column":6}}},"3":{"name":"(anonymous_3)","decl":{"start":{"line":31,"column":44},"end":{"line":31,"column":45}},"loc":{"start":{"line":32,"column":20},"end":{"line":31,"column":19}}},"4":{"name":"(anonymous_4)","decl":{"start":{"line":40,"column":15},"end":{"line":41,"column":15}},"loc":{"start":{"line":41,"column":16},"end":{"line":26,"column":12}}},"5":{"name":"(anonymous_5)","decl":{"start":{"line":41,"column":31},"end":{"line":41,"column":32}},"loc":{"start":{"line":42,"column":18},"end":{"line":41,"column":16}}}},"branchMap":{"0":{"loc":{"start":{"line":45,"column":35},"end":{"line":45,"column":34}},"type":"binary-expr","locations":[{"start":{"line":45,"column":35},"end":{"line":45,"column":34}},{"start":{"line":45,"column":60},"end":{"line":43,"column":20}}]}},"s":{"0":0,"1":0,"2":0,"3":0,"4":0,"5":0,"6":0,"7":0,"8":0,"9":0,"10":0},"f":{"0":0,"1":0,"2":0,"3":0,"4":0,"5":0},"b":{"0":[0,0]}}
,"/Users/mspaxman/code/workingrepos/seanforyou23-syndesis-react-poc/syndesis/src/modules/connections/shared/Connections.tsx": {"path":"/Users/mspaxman/code/workingrepos/seanforyou23-syndesis-react-poc/syndesis/src/modules/connections/shared/Connections.tsx","statementMap":{"0":{"start":{"line":2,"column":0},"end":{"line":null,"column":-1}},"1":{"start":{"line":8,"column":0},"end":{"line":null,"column":-1}},"2":{"start":{"line":10,"column":0},"end":{"line":null,"column":-1}},"3":{"start":{"line":21,"column":4},"end":{"line":null,"column":-1}},"4":{"start":{"line":29,"column":16},"end":{"line":28,"column":15}},"5":{"start":{"line":38,"column":12},"end":{"line":23,"column":8}},"6":{"start":{"line":39,"column":14},"end":{"line":38,"column":12}}},"fnMap":{"0":{"name":"(anonymous_0)","decl":{"start":{"line":20,"column":9},"end":{"line":20,"column":1}},"loc":{"start":{"line":20,"column":18},"end":{"line":52,"column":3}}},"1":{"name":"(anonymous_1)","decl":{"start":{"line":28,"column":40},"end":{"line":28,"column":41}},"loc":{"start":{"line":29,"column":16},"end":{"line":28,"column":15}}},"2":{"name":"(anonymous_2)","decl":{"start":{"line":37,"column":11},"end":{"line":38,"column":11}},"loc":{"start":{"line":38,"column":12},"end":{"line":23,"column":8}}},"3":{"name":"(anonymous_3)","decl":{"start":{"line":38,"column":39},"end":{"line":38,"column":40}},"loc":{"start":{"line":39,"column":14},"end":{"line":38,"column":12}}}},"branchMap":{"0":{"loc":{"start":{"line":42,"column":31},"end":{"line":42,"column":30}},"type":"binary-expr","locations":[{"start":{"line":42,"column":31},"end":{"line":42,"column":30}},{"start":{"line":42,"column":48},"end":{"line":40,"column":16}}]}},"s":{"0":0,"1":0,"2":0,"3":0,"4":0,"5":0,"6":0},"f":{"0":0,"1":0,"2":0,"3":0},"b":{"0":[0,0]}}
,"/Users/mspaxman/code/workingrepos/seanforyou23-syndesis-react-poc/syndesis/src/modules/connections/shared/ConnectionsWithToolbar.tsx": {"path":"/Users/mspaxman/code/workingrepos/seanforyou23-syndesis-react-poc/syndesis/src/modules/connections/shared/ConnectionsWithToolbar.tsx","statementMap":{"0":{"start":{"line":2,"column":0},"end":{"line":null,"column":-1}},"1":{"start":{"line":8,"column":0},"end":{"line":null,"column":-1}},"2":{"start":{"line":9,"column":0},"end":{"line":null,"column":-1}},"3":{"start":{"line":10,"column":0},"end":{"line":null,"column":-1}},"4":{"start":{"line":11,"column":0},"end":{"line":null,"column":-1}},"5":{"start":{"line":12,"column":0},"end":{"line":null,"column":-1}},"6":{"start":{"line":13,"column":0},"end":{"line":null,"column":-1}},"7":{"start":{"line":21,"column":37},"end":{"line":21,"column":2}},"8":{"start":{"line":22,"column":2},"end":{"line":null,"column":-1}},"9":{"start":{"line":23,"column":25},"end":{"line":23,"column":4}},"10":{"start":{"line":24,"column":4},"end":{"line":null,"column":-1}},"11":{"start":{"line":25,"column":25},"end":{"line":24,"column":35}},"12":{"start":{"line":29,"column":2},"end":{"line":null,"column":-1}},"13":{"start":{"line":31,"column":19},"end":{"line":31,"column":6}},"14":{"start":{"line":32,"column":20},"end":{"line":32,"column":6}},"15":{"start":{"line":33,"column":6},"end":{"line":null,"column":-1}},"16":{"start":{"line":37,"column":2},"end":{"line":null,"column":-1}},"17":{"start":{"line":40,"column":21},"end":{"line":40,"column":0}},"18":{"start":{"line":47,"column":20},"end":{"line":47,"column":0}},"19":{"start":{"line":49,"column":19},"end":{"line":49,"column":0}},"20":{"start":{"line":55,"column":31},"end":{"line":55,"column":0}},"21":{"start":{"line":69,"column":4},"end":{"line":null,"column":-1}},"22":{"start":{"line":72,"column":10},"end":{"line":70,"column":6}},"23":{"start":{"line":77,"column":51},"end":{"line":77,"column":14}},"24":{"start":{"line":84,"column":14},"end":{"line":null,"column":-1}}},"fnMap":{"0":{"name":"getFilteredAndSortedConnections","decl":{"start":{"line":15,"column":9},"end":{"line":15,"column":0}},"loc":{"start":{"line":20,"column":2},"end":{"line":38,"column":1}}},"1":{"name":"(anonymous_1)","decl":{"start":{"line":22,"column":25},"end":{"line":22,"column":23}},"loc":{"start":{"line":22,"column":51},"end":{"line":22,"column":2}}},"2":{"name":"(anonymous_2)","decl":{"start":{"line":25,"column":7},"end":{"line":25,"column":6}},"loc":{"start":{"line":25,"column":25},"end":{"line":24,"column":35}}},"3":{"name":"(anonymous_3)","decl":{"start":{"line":30,"column":4},"end":{"line":30,"column":5}},"loc":{"start":{"line":30,"column":18},"end":{"line":29,"column":33}}},"4":{"name":"(anonymous_4)","decl":{"start":{"line":68,"column":9},"end":{"line":68,"column":1}},"loc":{"start":{"line":68,"column":18},"end":{"line":110,"column":3}}},"5":{"name":"(anonymous_5)","decl":{"start":{"line":71,"column":9},"end":{"line":71,"column":10}},"loc":{"start":{"line":72,"column":10},"end":{"line":70,"column":6}}},"6":{"name":"(anonymous_6)","decl":{"start":{"line":76,"column":13},"end":{"line":76,"column":19}},"loc":{"start":{"line":76,"column":24},"end":{"line":72,"column":10}}}},"branchMap":{"0":{"loc":{"start":{"line":31,"column":37},"end":{"line":31,"column":34}},"type":"cond-expr","locations":[{"start":{"line":31,"column":37},"end":{"line":31,"column":34}},{"start":{"line":31,"column":43},"end":{"line":31,"column":6}}]},"1":{"loc":{"start":{"line":32,"column":38},"end":{"line":32,"column":35}},"type":"cond-expr","locations":[{"start":{"line":32,"column":38},"end":{"line":32,"column":35}},{"start":{"line":32,"column":44},"end":{"line":32,"column":6}}]}},"s":{"0":0,"1":0,"2":0,"3":0,"4":0,"5":0,"6":0,"7":0,"8":0,"9":0,"10":0,"11":0,"12":0,"13":0,"14":0,"15":0,"16":0,"17":0,"18":0,"19":0,"20":0,"21":0,"22":0,"23":0,"24":0},"f":{"0":0,"1":0,"2":0,"3":0,"4":0,"5":0,"6":0},"b":{"0":[0,0],"1":[0,0]}}
,"/Users/mspaxman/code/workingrepos/seanforyou23-syndesis-react-poc/syndesis/src/modules/connections/shared/WithConnectorCreationForm.tsx": {"path":"/Users/mspaxman/code/workingrepos/seanforyou23-syndesis-react-poc/syndesis/src/modules/connections/shared/WithConnectorCreationForm.tsx","statementMap":{"0":{"start":{"line":1,"column":0},"end":{"line":null,"column":-1}},"1":{"start":{"line":8,"column":2},"end":{"line":null,"column":-1}},"2":{"start":{"line":10,"column":6},"end":{"line":null,"column":-1}},"3":{"start":{"line":28,"column":2},"end":{"line":null,"column":-1}},"4":{"start":{"line":35,"column":4},"end":{"line":49,"column":5}},"5":{"start":{"line":36,"column":6},"end":{"line":null,"column":-1}},"6":{"start":{"line":39,"column":31},"end":{"line":35,"column":8}},"7":{"start":{"line":35,"column":8},"end":{"line":35,"column":7}},"8":{"start":{"line":40,"column":6},"end":{"line":null,"column":-1}},"9":{"start":{"line":45,"column":6},"end":{"line":null,"column":-1}},"10":{"start":{"line":53,"column":4},"end":{"line":null,"column":-1}}},"fnMap":{"0":{"name":"loadModule","decl":{"start":{"line":7,"column":16},"end":{"line":7,"column":7}},"loc":{"start":{"line":7,"column":75},"end":{"line":12,"column":1}}},"1":{"name":"(anonymous_1)","decl":{"start":{"line":28,"column":2},"end":{"line":null,"column":-1}},"loc":{"start":{"line":28,"column":2},"end":{"line":null,"column":-1}}},"2":{"name":"(anonymous_2)","decl":{"start":{"line":34,"column":2},"end":{"line":34,"column":14}},"loc":{"start":{"line":34,"column":35},"end":{"line":50,"column":3}}},"3":{"name":"(anonymous_3)","decl":{"start":{"line":52,"column":9},"end":{"line":52,"column":1}},"loc":{"start":{"line":52,"column":18},"end":{"line":54,"column":3}}}},"branchMap":{"0":{"loc":{"start":{"line":9,"column":4},"end":{"line":10,"column":6}},"type":"switch","locations":[{"start":{"line":9,"column":4},"end":{"line":10,"column":6}}]}},"s":{"0":0,"1":0,"2":0,"3":0,"4":0,"5":0,"6":0,"7":0,"8":0,"9":0,"10":0},"f":{"0":0,"1":0,"2":0,"3":0},"b":{"0":[0]}}
,"/Users/mspaxman/code/workingrepos/seanforyou23-syndesis-react-poc/syndesis/src/modules/connections/shared/index.ts": {"path":"/Users/mspaxman/code/workingrepos/seanforyou23-syndesis-react-poc/syndesis/src/modules/connections/shared/index.ts","statementMap":{"0":{"start":{"line":1,"column":0},"end":{"line":null,"column":-1}},"1":{"start":{"line":2,"column":0},"end":{"line":null,"column":-1}},"2":{"start":{"line":3,"column":0},"end":{"line":null,"column":-1}}},"fnMap":{"0":{"name":"(anonymous_0)","decl":{"start":{"line":1,"column":0},"end":{"line":null,"column":-1}},"loc":{"start":{"line":1,"column":0},"end":{"line":null,"column":-1}}},"1":{"name":"(anonymous_2)","decl":{"start":{"line":2,"column":0},"end":{"line":null,"column":-1}},"loc":{"start":{"line":2,"column":0},"end":{"line":null,"column":-1}}},"2":{"name":"(anonymous_4)","decl":{"start":{"line":3,"column":0},"end":{"line":null,"column":-1}},"loc":{"start":{"line":3,"column":0},"end":{"line":null,"column":-1}}}},"branchMap":{"0":{"loc":{"start":{"line":1,"column":0},"end":{"line":null,"column":-1}},"type":"if","locations":[{"start":{"line":1,"column":0},"end":{"line":null,"column":-1}},{"start":{"line":1,"column":0},"end":{"line":null,"column":-1}}]},"1":{"loc":{"start":{"line":2,"column":0},"end":{"line":null,"column":-1}},"type":"if","locations":[{"start":{"line":2,"column":0},"end":{"line":null,"column":-1}},{"start":{"line":2,"column":0},"end":{"line":null,"column":-1}}]},"2":{"loc":{"start":{"line":3,"column":0},"end":{"line":null,"column":-1}},"type":"if","locations":[{"start":{"line":3,"column":0},"end":{"line":null,"column":-1}},{"start":{"line":3,"column":0},"end":{"line":null,"column":-1}}]}},"s":{"0":0,"1":0,"2":0},"f":{"0":0,"1":0,"2":0},"b":{"0":[0,0],"1":[0,0],"2":[0,0]}}
,"/Users/mspaxman/code/workingrepos/seanforyou23-syndesis-react-poc/syndesis/src/modules/customizations/CustomizationsApp.tsx": {"path":"/Users/mspaxman/code/workingrepos/seanforyou23-syndesis-react-poc/syndesis/src/modules/customizations/CustomizationsApp.tsx","statementMap":{"0":{"start":{"line":1,"column":0},"end":{"line":null,"column":-1}},"1":{"start":{"line":2,"column":0},"end":{"line":null,"column":-1}},"2":{"start":{"line":3,"column":0},"end":{"line":null,"column":-1}},"3":{"start":{"line":4,"column":0},"end":{"line":null,"column":-1}},"4":{"start":{"line":5,"column":0},"end":{"line":null,"column":-1}},"5":{"start":{"line":6,"column":0},"end":{"line":null,"column":-1}},"6":{"start":{"line":7,"column":0},"end":{"line":null,"column":-1}},"7":{"start":{"line":11,"column":4},"end":{"line":null,"column":-1}}},"fnMap":{"0":{"name":"(anonymous_0)","decl":{"start":{"line":10,"column":9},"end":{"line":10,"column":1}},"loc":{"start":{"line":10,"column":18},"end":{"line":41,"column":3}}}},"branchMap":{},"s":{"0":0,"1":0,"2":0,"3":0,"4":0,"5":0,"6":0,"7":0},"f":{"0":0},"b":{}}
,"/Users/mspaxman/code/workingrepos/seanforyou23-syndesis-react-poc/syndesis/src/modules/customizations/customizationsUtils.ts": {"path":"/Users/mspaxman/code/workingrepos/seanforyou23-syndesis-react-poc/syndesis/src/modules/customizations/customizationsUtils.ts","statementMap":{"0":{"start":{"line":2,"column":0},"end":{"line":null,"column":-1}},"1":{"start":{"line":9,"column":15},"end":{"line":9,"column":2}},"2":{"start":{"line":11,"column":2},"end":{"line":13,"column":3}},"3":{"start":{"line":12,"column":4},"end":{"line":null,"column":-1}},"4":{"start":{"line":15,"column":2},"end":{"line":17,"column":3}},"5":{"start":{"line":16,"column":4},"end":{"line":null,"column":-1}},"6":{"start":{"line":19,"column":2},"end":{"line":21,"column":3}},"7":{"start":{"line":20,"column":4},"end":{"line":null,"column":-1}},"8":{"start":{"line":23,"column":2},"end":{"line":null,"column":-1}}},"fnMap":{"0":{"name":"getExtensionTypeName","decl":{"start":{"line":8,"column":16},"end":{"line":8,"column":7}},"loc":{"start":{"line":8,"column":59},"end":{"line":24,"column":1}}}},"branchMap":{"0":{"loc":{"start":{"line":11,"column":2},"end":{"line":13,"column":3}},"type":"if","locations":[{"start":{"line":11,"column":2},"end":{"line":13,"column":3}},{"start":{"line":11,"column":2},"end":{"line":13,"column":3}}]},"1":{"loc":{"start":{"line":15,"column":2},"end":{"line":17,"column":3}},"type":"if","locations":[{"start":{"line":15,"column":2},"end":{"line":17,"column":3}},{"start":{"line":15,"column":2},"end":{"line":17,"column":3}}]},"2":{"loc":{"start":{"line":19,"column":2},"end":{"line":21,"column":3}},"type":"if","locations":[{"start":{"line":19,"column":2},"end":{"line":21,"column":3}},{"start":{"line":19,"column":2},"end":{"line":21,"column":3}}]}},"s":{"0":0,"1":0,"2":0,"3":0,"4":0,"5":0,"6":0,"7":0,"8":0},"f":{"0":0},"b":{"0":[0,0],"1":[0,0],"2":[0,0]}}
,"/Users/mspaxman/code/workingrepos/seanforyou23-syndesis-react-poc/syndesis/src/modules/customizations/index.tsx": {"path":"/Users/mspaxman/code/workingrepos/seanforyou23-syndesis-react-poc/syndesis/src/modules/customizations/index.tsx","statementMap":{"0":{"start":{"line":1,"column":0},"end":{"line":null,"column":-1}},"1":{"start":{"line":2,"column":0},"end":{"line":null,"column":-1}},"2":{"start":{"line":3,"column":0},"end":{"line":null,"column":-1}},"3":{"start":{"line":4,"column":0},"end":{"line":null,"column":-1}},"4":{"start":{"line":8,"column":4},"end":{"line":null,"column":-1}}},"fnMap":{"0":{"name":"(anonymous_0)","decl":{"start":{"line":7,"column":9},"end":{"line":7,"column":1}},"loc":{"start":{"line":7,"column":18},"end":{"line":13,"column":3}}}},"branchMap":{},"s":{"0":0,"1":0,"2":0,"3":0,"4":0},"f":{"0":0},"b":{}}
,"/Users/mspaxman/code/workingrepos/seanforyou23-syndesis-react-poc/syndesis/src/modules/customizations/resolvers.ts": {"path":"/Users/mspaxman/code/workingrepos/seanforyou23-syndesis-react-poc/syndesis/src/modules/customizations/resolvers.ts","statementMap":{"0":{"start":{"line":3,"column":0},"end":{"line":null,"column":-1}},"1":{"start":{"line":4,"column":0},"end":{"line":null,"column":-1}},"2":{"start":{"line":10,"column":29},"end":{"line":10,"column":6}},"3":{"start":{"line":30,"column":26},"end":{"line":30,"column":6}}},"fnMap":{"0":{"name":"(anonymous_0)","decl":{"start":{"line":10,"column":6},"end":{"line":10,"column":7}},"loc":{"start":{"line":10,"column":29},"end":{"line":10,"column":6}}},"1":{"name":"(anonymous_1)","decl":{"start":{"line":30,"column":6},"end":{"line":30,"column":7}},"loc":{"start":{"line":30,"column":26},"end":{"line":30,"column":6}}}},"branchMap":{},"s":{"0":0,"1":0,"2":0,"3":0},"f":{"0":0,"1":0},"b":{}}
,"/Users/mspaxman/code/workingrepos/seanforyou23-syndesis-react-poc/syndesis/src/modules/customizations/routes.ts": {"path":"/Users/mspaxman/code/workingrepos/seanforyou23-syndesis-react-poc/syndesis/src/modules/customizations/routes.ts","statementMap":{"0":{"start":{"line":1,"column":0},"end":{"line":null,"column":-1}}},"fnMap":{},"branchMap":{},"s":{"0":0},"f":{},"b":{}}
,"/Users/mspaxman/code/workingrepos/seanforyou23-syndesis-react-poc/syndesis/src/modules/customizations/pages/ApiConnectorsPage.tsx": {"path":"/Users/mspaxman/code/workingrepos/seanforyou23-syndesis-react-poc/syndesis/src/modules/customizations/pages/ApiConnectorsPage.tsx","statementMap":{"0":{"start":{"line":1,"column":0},"end":{"line":null,"column":-1}},"1":{"start":{"line":3,"column":0},"end":{"line":null,"column":-1}},"2":{"start":{"line":11,"column":0},"end":{"line":null,"column":-1}},"3":{"start":{"line":16,"column":0},"end":{"line":null,"column":-1}},"4":{"start":{"line":17,"column":0},"end":{"line":null,"column":-1}},"5":{"start":{"line":18,"column":0},"end":{"line":null,"column":-1}},"6":{"start":{"line":19,"column":0},"end":{"line":null,"column":-1}},"7":{"start":{"line":20,"column":0},"end":{"line":null,"column":-1}},"8":{"start":{"line":28,"column":26},"end":{"line":28,"column":2}},"9":{"start":{"line":29,"column":2},"end":{"line":null,"column":-1}},"10":{"start":{"line":30,"column":25},"end":{"line":30,"column":4}},"11":{"start":{"line":31,"column":4},"end":{"line":null,"column":-1}},"12":{"start":{"line":32,"column":6},"end":{"line":31,"column":24}},"13":{"start":{"line":36,"column":2},"end":{"line":null,"column":-1}},"14":{"start":{"line":37,"column":4},"end":{"line":36,"column":67}},"15":{"start":{"line":38,"column":6},"end":{"line":null,"column":-1}},"16":{"start":{"line":42,"column":4},"end":{"line":null,"column":-1}},"17":{"start":{"line":45,"column":2},"end":{"line":null,"column":-1}},"18":{"start":{"line":48,"column":21},"end":{"line":48,"column":0}},"19":{"start":{"line":55,"column":35},"end":{"line":55,"column":0}},"20":{"start":{"line":57,"column":19},"end":{"line":57,"column":0}},"21":{"start":{"line":63,"column":31},"end":{"line":63,"column":0}},"22":{"start":{"line":67,"column":4},"end":{"line":null,"column":-1}},"23":{"start":{"line":71,"column":22},"end":{"line":71,"column":4}},"24":{"start":{"line":73,"column":4},"end":{"line":75,"column":5}},"25":{"start":{"line":74,"column":6},"end":{"line":null,"column":-1}},"26":{"start":{"line":77,"column":4},"end":{"line":null,"column":-1}},"27":{"start":{"line":82,"column":4},"end":{"line":null,"column":-1}},"28":{"start":{"line":87,"column":4},"end":{"line":null,"column":-1}},"29":{"start":{"line":91,"column":4},"end":{"line":null,"column":-1}},"30":{"start":{"line":94,"column":10},"end":{"line":92,"column":6}},"31":{"start":{"line":99,"column":40},"end":{"line":99,"column":14}},"32":{"start":{"line":106,"column":14},"end":{"line":null,"column":-1}},"33":{"start":{"line":109,"column":20},"end":{"line":107,"column":16}},"34":{"start":{"line":154,"column":28},"end":{"line":139,"column":24}},"35":{"start":{"line":156,"column":32},"end":{"line":154,"column":28}},"36":{"start":{"line":159,"column":32},"end":{"line":154,"column":28}}},"fnMap":{"0":{"name":"getFilteredAndSortedApiConnectors","decl":{"start":{"line":22,"column":9},"end":{"line":22,"column":0}},"loc":{"start":{"line":27,"column":2},"end":{"line":46,"column":1}}},"1":{"name":"(anonymous_1)","decl":{"start":{"line":29,"column":25},"end":{"line":29,"column":23}},"loc":{"start":{"line":29,"column":51},"end":{"line":29,"column":2}}},"2":{"name":"(anonymous_2)","decl":{"start":{"line":31,"column":50},"end":{"line":31,"column":48}},"loc":{"start":{"line":32,"column":6},"end":{"line":31,"column":24}}},"3":{"name":"(anonymous_3)","decl":{"start":{"line":36,"column":45},"end":{"line":36,"column":46}},"loc":{"start":{"line":36,"column":67},"end":{"line":36,"column":22}}},"4":{"name":"(anonymous_4)","decl":{"start":{"line":66,"column":9},"end":{"line":66,"column":1}},"loc":{"start":{"line":66,"column":52},"end":{"line":68,"column":3}}},"5":{"name":"(anonymous_5)","decl":{"start":{"line":70,"column":9},"end":{"line":70,"column":1}},"loc":{"start":{"line":70,"column":50},"end":{"line":78,"column":3}}},"6":{"name":"(anonymous_6)","decl":{"start":{"line":80,"column":9},"end":{"line":80,"column":1}},"loc":{"start":{"line":80,"column":46},"end":{"line":83,"column":3}}},"7":{"name":"(anonymous_7)","decl":{"start":{"line":85,"column":9},"end":{"line":85,"column":1}},"loc":{"start":{"line":85,"column":47},"end":{"line":88,"column":3}}},"8":{"name":"(anonymous_8)","decl":{"start":{"line":90,"column":9},"end":{"line":90,"column":1}},"loc":{"start":{"line":90,"column":18},"end":{"line":188,"column":3}}},"9":{"name":"(anonymous_9)","decl":{"start":{"line":93,"column":9},"end":{"line":93,"column":10}},"loc":{"start":{"line":94,"column":10},"end":{"line":92,"column":6}}},"10":{"name":"(anonymous_10)","decl":{"start":{"line":98,"column":13},"end":{"line":98,"column":19}},"loc":{"start":{"line":98,"column":24},"end":{"line":94,"column":10}}},"11":{"name":"(anonymous_11)","decl":{"start":{"line":108,"column":19},"end":{"line":108,"column":20}},"loc":{"start":{"line":109,"column":20},"end":{"line":107,"column":16}}},"12":{"name":"(anonymous_12)","decl":{"start":{"line":153,"column":27},"end":{"line":154,"column":27}},"loc":{"start":{"line":154,"column":28},"end":{"line":139,"column":24}}},"13":{"name":"(anonymous_13)","decl":{"start":{"line":155,"column":39},"end":{"line":155,"column":37}},"loc":{"start":{"line":156,"column":32},"end":{"line":154,"column":28}}},"14":{"name":"(anonymous_14)","decl":{"start":{"line":158,"column":35},"end":{"line":158,"column":36}},"loc":{"start":{"line":159,"column":32},"end":{"line":154,"column":28}}}},"branchMap":{"0":{"loc":{"start":{"line":37,"column":4},"end":{"line":36,"column":67}},"type":"if","locations":[{"start":{"line":37,"column":4},"end":{"line":36,"column":67}},{"start":{"line":37,"column":4},"end":{"line":36,"column":67}}]},"1":{"loc":{"start":{"line":73,"column":4},"end":{"line":75,"column":5}},"type":"if","locations":[{"start":{"line":73,"column":4},"end":{"line":75,"column":5}},{"start":{"line":73,"column":4},"end":{"line":75,"column":5}}]}},"s":{"0":0,"1":0,"2":0,"3":0,"4":0,"5":0,"6":0,"7":0,"8":0,"9":0,"10":0,"11":0,"12":0,"13":0,"14":0,"15":0,"16":0,"17":0,"18":0,"19":0,"20":0,"21":0,"22":0,"23":0,"24":0,"25":0,"26":0,"27":0,"28":0,"29":0,"30":0,"31":0,"32":0,"33":0,"34":0,"35":0,"36":0},"f":{"0":0,"1":0,"2":0,"3":0,"4":0,"5":0,"6":0,"7":0,"8":0,"9":0,"10":0,"11":0,"12":0,"13":0,"14":0},"b":{"0":[0,0],"1":[0,0]}}
,"/Users/mspaxman/code/workingrepos/seanforyou23-syndesis-react-poc/syndesis/src/modules/customizations/pages/ExtensionDetailsPage.tsx": {"path":"/Users/mspaxman/code/workingrepos/seanforyou23-syndesis-react-poc/syndesis/src/modules/customizations/pages/ExtensionDetailsPage.tsx","statementMap":{"0":{"start":{"line":1,"column":0},"end":{"line":null,"column":-1}},"1":{"start":{"line":3,"column":0},"end":{"line":null,"column":-1}},"2":{"start":{"line":11,"column":0},"end":{"line":null,"column":-1}},"3":{"start":{"line":12,"column":0},"end":{"line":null,"column":-1}},"4":{"start":{"line":13,"column":0},"end":{"line":null,"column":-1}},"5":{"start":{"line":14,"column":0},"end":{"line":null,"column":-1}},"6":{"start":{"line":15,"column":0},"end":{"line":null,"column":-1}},"7":{"start":{"line":16,"column":0},"end":{"line":null,"column":-1}},"8":{"start":{"line":17,"column":0},"end":{"line":null,"column":-1}},"9":{"start":{"line":40,"column":4},"end":{"line":42,"column":5}},"10":{"start":{"line":41,"column":6},"end":{"line":null,"column":-1}},"11":{"start":{"line":44,"column":4},"end":{"line":46,"column":5}},"12":{"start":{"line":45,"column":6},"end":{"line":null,"column":-1}},"13":{"start":{"line":48,"column":4},"end":{"line":50,"column":5}},"14":{"start":{"line":49,"column":6},"end":{"line":null,"column":-1}},"15":{"start":{"line":52,"column":4},"end":{"line":null,"column":-1}},"16":{"start":{"line":56,"column":4},"end":{"line":null,"column":-1}},"17":{"start":{"line":60,"column":4},"end":{"line":null,"column":-1}},"18":{"start":{"line":64,"column":4},"end":{"line":null,"column":-1}},"19":{"start":{"line":67,"column":10},"end":{"line":null,"column":-1}},"20":{"start":{"line":70,"column":37},"end":{"line":70,"column":16}},"21":{"start":{"line":71,"column":18},"end":{"line":70,"column":49}},"22":{"start":{"line":74,"column":18},"end":{"line":null,"column":-1}},"23":{"start":{"line":76,"column":16},"end":{"line":null,"column":-1}},"24":{"start":{"line":82,"column":22},"end":{"line":77,"column":18}},"25":{"start":{"line":89,"column":26},"end":{"line":82,"column":22}},"26":{"start":{"line":91,"column":30},"end":{"line":89,"column":26}},"27":{"start":{"line":188,"column":43},"end":{"line":187,"column":40}}},"fnMap":{"0":{"name":"(anonymous_0)","decl":{"start":{"line":39,"column":9},"end":{"line":39,"column":1}},"loc":{"start":{"line":39,"column":46},"end":{"line":53,"column":3}}},"1":{"name":"(anonymous_1)","decl":{"start":{"line":55,"column":9},"end":{"line":55,"column":1}},"loc":{"start":{"line":55,"column":58},"end":{"line":57,"column":3}}},"2":{"name":"(anonymous_2)","decl":{"start":{"line":59,"column":9},"end":{"line":59,"column":1}},"loc":{"start":{"line":59,"column":30},"end":{"line":61,"column":3}}},"3":{"name":"(anonymous_3)","decl":{"start":{"line":63,"column":9},"end":{"line":63,"column":1}},"loc":{"start":{"line":63,"column":18},"end":{"line":210,"column":3}}},"4":{"name":"(anonymous_4)","decl":{"start":{"line":66,"column":9},"end":{"line":66,"column":10}},"loc":{"start":{"line":66,"column":58},"end":{"line":65,"column":6}}},"5":{"name":"(anonymous_5)","decl":{"start":{"line":69,"column":15},"end":{"line":69,"column":16}},"loc":{"start":{"line":69,"column":40},"end":{"line":68,"column":12}}},"6":{"name":"(anonymous_6)","decl":{"start":{"line":70,"column":37},"end":{"line":70,"column":48}},"loc":{"start":{"line":70,"column":49},"end":{"line":70,"column":16}}},"7":{"name":"(anonymous_7)","decl":{"start":{"line":81,"column":21},"end":{"line":81,"column":22}},"loc":{"start":{"line":82,"column":22},"end":{"line":77,"column":18}}},"8":{"name":"(anonymous_8)","decl":{"start":{"line":88,"column":25},"end":{"line":89,"column":25}},"loc":{"start":{"line":89,"column":26},"end":{"line":82,"column":22}}},"9":{"name":"(anonymous_9)","decl":{"start":{"line":90,"column":29},"end":{"line":90,"column":30}},"loc":{"start":{"line":91,"column":30},"end":{"line":89,"column":26}}},"10":{"name":"(anonymous_10)","decl":{"start":{"line":187,"column":41},"end":{"line":187,"column":39}},"loc":{"start":{"line":188,"column":43},"end":{"line":187,"column":40}}}},"branchMap":{"0":{"loc":{"start":{"line":40,"column":4},"end":{"line":42,"column":5}},"type":"if","locations":[{"start":{"line":40,"column":4},"end":{"line":42,"column":5}},{"start":{"line":40,"column":4},"end":{"line":42,"column":5}}]},"1":{"loc":{"start":{"line":44,"column":4},"end":{"line":46,"column":5}},"type":"if","locations":[{"start":{"line":44,"column":4},"end":{"line":46,"column":5}},{"start":{"line":44,"column":4},"end":{"line":46,"column":5}}]},"2":{"loc":{"start":{"line":48,"column":4},"end":{"line":50,"column":5}},"type":"if","locations":[{"start":{"line":48,"column":4},"end":{"line":50,"column":5}},{"start":{"line":48,"column":4},"end":{"line":50,"column":5}}]},"3":{"loc":{"start":{"line":132,"column":40},"end":{"line":131,"column":36}},"type":"cond-expr","locations":[{"start":{"line":132,"column":40},"end":{"line":131,"column":36}},{"start":{"line":135,"column":40},"end":{"line":108,"column":32}}]},"4":{"loc":{"start":{"line":136,"column":40},"end":{"line":135,"column":40}},"type":"cond-expr","locations":[{"start":{"line":136,"column":40},"end":{"line":135,"column":40}},{"start":{"line":139,"column":40},"end":{"line":108,"column":32}}]},"5":{"loc":{"start":{"line":172,"column":44},"end":{"line":171,"column":40}},"type":"cond-expr","locations":[{"start":{"line":172,"column":44},"end":{"line":171,"column":40}},{"start":{"line":175,"column":44},"end":{"line":165,"column":36}}]}},"s":{"0":0,"1":0,"2":0,"3":0,"4":0,"5":0,"6":0,"7":0,"8":0,"9":0,"10":0,"11":0,"12":0,"13":0,"14":0,"15":0,"16":0,"17":0,"18":0,"19":0,"20":0,"21":0,"22":0,"23":0,"24":0,"25":0,"26":0,"27":0},"f":{"0":0,"1":0,"2":0,"3":0,"4":0,"5":0,"6":0,"7":0,"8":0,"9":0,"10":0},"b":{"0":[0,0],"1":[0,0],"2":[0,0],"3":[0,0],"4":[0,0],"5":[0,0]}}
,"/Users/mspaxman/code/workingrepos/seanforyou23-syndesis-react-poc/syndesis/src/modules/customizations/pages/ExtensionImportPage.tsx": {"path":"/Users/mspaxman/code/workingrepos/seanforyou23-syndesis-react-poc/syndesis/src/modules/customizations/pages/ExtensionImportPage.tsx","statementMap":{"0":{"start":{"line":1,"column":0},"end":{"line":null,"column":-1}},"1":{"start":{"line":3,"column":0},"end":{"line":null,"column":-1}},"2":{"start":{"line":12,"column":0},"end":{"line":null,"column":-1}},"3":{"start":{"line":13,"column":0},"end":{"line":null,"column":-1}},"4":{"start":{"line":14,"column":0},"end":{"line":null,"column":-1}},"5":{"start":{"line":15,"column":0},"end":{"line":null,"column":-1}},"6":{"start":{"line":16,"column":0},"end":{"line":null,"column":-1}},"7":{"start":{"line":17,"column":0},"end":{"line":null,"column":-1}},"8":{"start":{"line":18,"column":0},"end":{"line":null,"column":-1}},"9":{"start":{"line":19,"column":0},"end":{"line":null,"column":-1}},"10":{"start":{"line":20,"column":0},"end":{"line":null,"column":-1}},"11":{"start":{"line":60,"column":4},"end":{"line":null,"column":-1}},"12":{"start":{"line":61,"column":4},"end":{"line":null,"column":-1}},"13":{"start":{"line":68,"column":4},"end":{"line":75,"column":5}},"14":{"start":{"line":69,"column":6},"end":{"line":null,"column":-1}},"15":{"start":{"line":71,"column":10},"end":{"line":null,"column":-1}},"16":{"start":{"line":73,"column":10},"end":{"line":null,"column":-1}},"17":{"start":{"line":77,"column":4},"end":{"line":null,"column":-1}},"18":{"start":{"line":86,"column":4},"end":{"line":null,"column":-1}},"19":{"start":{"line":93,"column":4},"end":{"line":null,"column":-1}},"20":{"start":{"line":96,"column":46},"end":{"line":96,"column":10}},"21":{"start":{"line":97,"column":25},"end":{"line":97,"column":12}},"22":{"start":{"line":103,"column":12},"end":{"line":null,"column":-1}},"23":{"start":{"line":104,"column":12},"end":{"line":null,"column":-1}},"24":{"start":{"line":106,"column":10},"end":{"line":null,"column":-1}},"25":{"start":{"line":109,"column":16},"end":{"line":107,"column":12}},"26":{"start":{"line":111,"column":55},"end":{"line":111,"column":20}},"27":{"start":{"line":114,"column":22},"end":{"line":155,"column":23}},"28":{"start":{"line":116,"column":24},"end":{"line":114,"column":26}},"29":{"start":{"line":126,"column":41},"end":{"line":126,"column":24}},"30":{"start":{"line":128,"column":24},"end":{"line":114,"column":26}},"31":{"start":{"line":134,"column":24},"end":{"line":null,"column":-1}},"32":{"start":{"line":144,"column":24},"end":{"line":null,"column":-1}},"33":{"start":{"line":157,"column":41},"end":{"line":157,"column":20}},"34":{"start":{"line":158,"column":22},"end":{"line":165,"column":23}},"35":{"start":{"line":159,"column":24},"end":{"line":null,"column":-1}},"36":{"start":{"line":160,"column":24},"end":{"line":null,"column":-1}},"37":{"start":{"line":167,"column":20},"end":{"line":null,"column":-1}},"38":{"start":{"line":170,"column":26},"end":{"line":168,"column":22}},"39":{"start":{"line":235,"column":37},"end":{"line":234,"column":34}}},"fnMap":{"0":{"name":"(anonymous_0)","decl":{"start":{"line":59,"column":9},"end":{"line":59,"column":1}},"loc":{"start":{"line":59,"column":32},"end":{"line":62,"column":3}}},"1":{"name":"(anonymous_1)","decl":{"start":{"line":67,"column":9},"end":{"line":67,"column":1}},"loc":{"start":{"line":67,"column":35},"end":{"line":78,"column":3}}},"2":{"name":"(anonymous_2)","decl":{"start":{"line":85,"column":9},"end":{"line":85,"column":1}},"loc":{"start":{"line":85,"column":66},"end":{"line":90,"column":3}}},"3":{"name":"(anonymous_3)","decl":{"start":{"line":92,"column":9},"end":{"line":92,"column":1}},"loc":{"start":{"line":92,"column":18},"end":{"line":281,"column":3}}},"4":{"name":"(anonymous_4)","decl":{"start":{"line":95,"column":9},"end":{"line":95,"column":10}},"loc":{"start":{"line":95,"column":35},"end":{"line":94,"column":6}}},"5":{"name":"(anonymous_5)","decl":{"start":{"line":96,"column":46},"end":{"line":96,"column":44}},"loc":{"start":{"line":96,"column":73},"end":{"line":96,"column":10}}},"6":{"name":"(anonymous_6)","decl":{"start":{"line":108,"column":15},"end":{"line":108,"column":16}},"loc":{"start":{"line":109,"column":16},"end":{"line":107,"column":12}}},"7":{"name":"(anonymous_7)","decl":{"start":{"line":110,"column":19},"end":{"line":110,"column":20}},"loc":{"start":{"line":110,"column":61},"end":{"line":109,"column":16}}},"8":{"name":"(anonymous_8)","decl":{"start":{"line":111,"column":55},"end":{"line":112,"column":21}},"loc":{"start":{"line":113,"column":25},"end":{"line":111,"column":20}}},"9":{"name":"(anonymous_9)","decl":{"start":{"line":157,"column":41},"end":{"line":157,"column":47}},"loc":{"start":{"line":157,"column":72},"end":{"line":157,"column":20}}},"10":{"name":"(anonymous_10)","decl":{"start":{"line":169,"column":25},"end":{"line":169,"column":26}},"loc":{"start":{"line":170,"column":26},"end":{"line":168,"column":22}}},"11":{"name":"(anonymous_11)","decl":{"start":{"line":234,"column":35},"end":{"line":234,"column":33}},"loc":{"start":{"line":235,"column":37},"end":{"line":234,"column":34}}}},"branchMap":{"0":{"loc":{"start":{"line":68,"column":4},"end":{"line":75,"column":5}},"type":"if","locations":[{"start":{"line":68,"column":4},"end":{"line":75,"column":5}},{"start":{"line":68,"column":4},"end":{"line":75,"column":5}}]},"1":{"loc":{"start":{"line":70,"column":8},"end":{"line":71,"column":10}},"type":"switch","locations":[{"start":{"line":70,"column":8},"end":{"line":71,"column":10}},{"start":{"line":72,"column":8},"end":{"line":73,"column":10}}]},"2":{"loc":{"start":{"line":202,"column":50},"end":{"line":202,"column":29}},"type":"cond-expr","locations":[{"start":{"line":202,"column":50},"end":{"line":202,"column":29}},{"start":{"line":202,"column":63},"end":{"line":170,"column":26}}]},"3":{"loc":{"start":{"line":232,"column":30},"end":{"line":231,"column":29}},"type":"cond-expr","locations":[{"start":{"line":232,"column":30},"end":{"line":231,"column":29}},{"start":{"line":267,"column":30},"end":{"line":170,"column":26}}]},"4":{"loc":{"start":{"line":231,"column":29},"end":{"line":231,"column":28}},"type":"binary-expr","locations":[{"start":{"line":231,"column":29},"end":{"line":231,"column":28}},{"start":{"line":231,"column":53},"end":{"line":231,"column":29}}]}},"s":{"0":0,"1":0,"2":0,"3":0,"4":0,"5":0,"6":0,"7":0,"8":0,"9":0,"10":0,"11":0,"12":0,"13":0,"14":0,"15":0,"16":0,"17":0,"18":0,"19":0,"20":0,"21":0,"22":0,"23":0,"24":0,"25":0,"26":0,"27":0,"28":0,"29":0,"30":0,"31":0,"32":0,"33":0,"34":0,"35":0,"36":0,"37":0,"38":0,"39":0},"f":{"0":0,"1":0,"2":0,"3":0,"4":0,"5":0,"6":0,"7":0,"8":0,"9":0,"10":0,"11":0},"b":{"0":[0,0],"1":[0,0],"2":[0,0],"3":[0,0],"4":[0,0]}}
,"/Users/mspaxman/code/workingrepos/seanforyou23-syndesis-react-poc/syndesis/src/modules/customizations/pages/ExtensionsPage.tsx": {"path":"/Users/mspaxman/code/workingrepos/seanforyou23-syndesis-react-poc/syndesis/src/modules/customizations/pages/ExtensionsPage.tsx","statementMap":{"0":{"start":{"line":1,"column":0},"end":{"line":null,"column":-1}},"1":{"start":{"line":3,"column":0},"end":{"line":null,"column":-1}},"2":{"start":{"line":11,"column":0},"end":{"line":null,"column":-1}},"3":{"start":{"line":12,"column":0},"end":{"line":null,"column":-1}},"4":{"start":{"line":13,"column":0},"end":{"line":null,"column":-1}},"5":{"start":{"line":14,"column":0},"end":{"line":null,"column":-1}},"6":{"start":{"line":15,"column":0},"end":{"line":null,"column":-1}},"7":{"start":{"line":16,"column":0},"end":{"line":null,"column":-1}},"8":{"start":{"line":17,"column":0},"end":{"line":null,"column":-1}},"9":{"start":{"line":25,"column":26},"end":{"line":25,"column":2}},"10":{"start":{"line":26,"column":2},"end":{"line":null,"column":-1}},"11":{"start":{"line":27,"column":25},"end":{"line":27,"column":4}},"12":{"start":{"line":28,"column":4},"end":{"line":null,"column":-1}},"13":{"start":{"line":29,"column":6},"end":{"line":28,"column":24}},"14":{"start":{"line":33,"column":2},"end":{"line":null,"column":-1}},"15":{"start":{"line":34,"column":4},"end":{"line":33,"column":79}},"16":{"start":{"line":35,"column":6},"end":{"line":null,"column":-1}},"17":{"start":{"line":39,"column":4},"end":{"line":null,"column":-1}},"18":{"start":{"line":42,"column":2},"end":{"line":null,"column":-1}},"19":{"start":{"line":45,"column":21},"end":{"line":45,"column":0}},"20":{"start":{"line":52,"column":35},"end":{"line":52,"column":0}},"21":{"start":{"line":54,"column":19},"end":{"line":54,"column":0}},"22":{"start":{"line":60,"column":31},"end":{"line":60,"column":0}},"23":{"start":{"line":64,"column":4},"end":{"line":null,"column":-1}},"24":{"start":{"line":69,"column":22},"end":{"line":69,"column":4}},"25":{"start":{"line":71,"column":4},"end":{"line":73,"column":5}},"26":{"start":{"line":72,"column":6},"end":{"line":null,"column":-1}},"27":{"start":{"line":75,"column":4},"end":{"line":null,"column":-1}},"28":{"start":{"line":84,"column":4},"end":{"line":null,"column":-1}},"29":{"start":{"line":87,"column":31},"end":{"line":87,"column":10}},"30":{"start":{"line":88,"column":12},"end":{"line":87,"column":62}},"31":{"start":{"line":91,"column":10},"end":{"line":null,"column":-1}},"32":{"start":{"line":94,"column":16},"end":{"line":92,"column":12}},"33":{"start":{"line":99,"column":46},"end":{"line":99,"column":20}},"34":{"start":{"line":106,"column":20},"end":{"line":null,"column":-1}},"35":{"start":{"line":109,"column":26},"end":{"line":107,"column":22}},"36":{"start":{"line":156,"column":34},"end":{"line":141,"column":30}},"37":{"start":{"line":158,"column":38},"end":{"line":156,"column":34}},"38":{"start":{"line":162,"column":40},"end":{"line":156,"column":34}}},"fnMap":{"0":{"name":"getFilteredAndSortedExtensions","decl":{"start":{"line":19,"column":9},"end":{"line":19,"column":0}},"loc":{"start":{"line":24,"column":2},"end":{"line":43,"column":1}}},"1":{"name":"(anonymous_1)","decl":{"start":{"line":26,"column":25},"end":{"line":26,"column":23}},"loc":{"start":{"line":26,"column":51},"end":{"line":26,"column":2}}},"2":{"name":"(anonymous_2)","decl":{"start":{"line":28,"column":50},"end":{"line":28,"column":48}},"loc":{"start":{"line":29,"column":6},"end":{"line":28,"column":24}}},"3":{"name":"(anonymous_3)","decl":{"start":{"line":33,"column":45},"end":{"line":33,"column":46}},"loc":{"start":{"line":33,"column":79},"end":{"line":33,"column":22}}},"4":{"name":"(anonymous_4)","decl":{"start":{"line":63,"column":9},"end":{"line":63,"column":1}},"loc":{"start":{"line":63,"column":58},"end":{"line":65,"column":3}}},"5":{"name":"(anonymous_5)","decl":{"start":{"line":67,"column":9},"end":{"line":67,"column":1}},"loc":{"start":{"line":67,"column":56},"end":{"line":76,"column":3}}},"6":{"name":"(anonymous_6)","decl":{"start":{"line":78,"column":9},"end":{"line":78,"column":1}},"loc":{"start":{"line":78,"column":43},"end":{"line":81,"column":3}}},"7":{"name":"(anonymous_7)","decl":{"start":{"line":83,"column":9},"end":{"line":83,"column":1}},"loc":{"start":{"line":83,"column":18},"end":{"line":223,"column":3}}},"8":{"name":"(anonymous_8)","decl":{"start":{"line":86,"column":9},"end":{"line":86,"column":10}},"loc":{"start":{"line":86,"column":34},"end":{"line":85,"column":6}}},"9":{"name":"(anonymous_9)","decl":{"start":{"line":87,"column":31},"end":{"line":87,"column":37}},"loc":{"start":{"line":87,"column":62},"end":{"line":87,"column":10}}},"10":{"name":"(anonymous_10)","decl":{"start":{"line":93,"column":15},"end":{"line":93,"column":16}},"loc":{"start":{"line":94,"column":16},"end":{"line":92,"column":12}}},"11":{"name":"(anonymous_11)","decl":{"start":{"line":98,"column":19},"end":{"line":98,"column":25}},"loc":{"start":{"line":98,"column":30},"end":{"line":94,"column":16}}},"12":{"name":"(anonymous_12)","decl":{"start":{"line":108,"column":25},"end":{"line":108,"column":26}},"loc":{"start":{"line":109,"column":26},"end":{"line":107,"column":22}}},"13":{"name":"(anonymous_13)","decl":{"start":{"line":155,"column":33},"end":{"line":156,"column":33}},"loc":{"start":{"line":156,"column":34},"end":{"line":141,"column":30}}},"14":{"name":"(anonymous_14)","decl":{"start":{"line":157,"column":45},"end":{"line":157,"column":43}},"loc":{"start":{"line":158,"column":38},"end":{"line":156,"column":34}}},"15":{"name":"(anonymous_15)","decl":{"start":{"line":161,"column":38},"end":{"line":161,"column":39}},"loc":{"start":{"line":162,"column":40},"end":{"line":156,"column":34}}}},"branchMap":{"0":{"loc":{"start":{"line":34,"column":4},"end":{"line":33,"column":79}},"type":"if","locations":[{"start":{"line":34,"column":4},"end":{"line":33,"column":79}},{"start":{"line":34,"column":4},"end":{"line":33,"column":79}}]},"1":{"loc":{"start":{"line":71,"column":4},"end":{"line":73,"column":5}},"type":"if","locations":[{"start":{"line":71,"column":4},"end":{"line":73,"column":5}},{"start":{"line":71,"column":4},"end":{"line":73,"column":5}}]}},"s":{"0":0,"1":0,"2":0,"3":0,"4":0,"5":0,"6":0,"7":0,"8":0,"9":0,"10":0,"11":0,"12":0,"13":0,"14":0,"15":0,"16":0,"17":0,"18":0,"19":0,"20":0,"21":0,"22":0,"23":0,"24":0,"25":0,"26":0,"27":0,"28":0,"29":0,"30":0,"31":0,"32":0,"33":0,"34":0,"35":0,"36":0,"37":0,"38":0},"f":{"0":0,"1":0,"2":0,"3":0,"4":0,"5":0,"6":0,"7":0,"8":0,"9":0,"10":0,"11":0,"12":0,"13":0,"14":0,"15":0},"b":{"0":[0,0],"1":[0,0]}}
,"/Users/mspaxman/code/workingrepos/seanforyou23-syndesis-react-poc/syndesis/src/modules/customizations/shared/CustomizationsNavBar.tsx": {"path":"/Users/mspaxman/code/workingrepos/seanforyou23-syndesis-react-poc/syndesis/src/modules/customizations/shared/CustomizationsNavBar.tsx","statementMap":{"0":{"start":{"line":1,"column":0},"end":{"line":null,"column":-1}},"1":{"start":{"line":2,"column":0},"end":{"line":null,"column":-1}},"2":{"start":{"line":3,"column":0},"end":{"line":null,"column":-1}},"3":{"start":{"line":4,"column":0},"end":{"line":null,"column":-1}},"4":{"start":{"line":17,"column":4},"end":{"line":null,"column":-1}},"5":{"start":{"line":20,"column":10},"end":{"line":18,"column":6}}},"fnMap":{"0":{"name":"(anonymous_0)","decl":{"start":{"line":16,"column":9},"end":{"line":16,"column":1}},"loc":{"start":{"line":16,"column":18},"end":{"line":39,"column":3}}},"1":{"name":"(anonymous_1)","decl":{"start":{"line":19,"column":9},"end":{"line":19,"column":10}},"loc":{"start":{"line":20,"column":10},"end":{"line":18,"column":6}}}},"branchMap":{},"s":{"0":0,"1":0,"2":0,"3":0,"4":0,"5":0},"f":{"0":0,"1":0},"b":{}}
,"/Users/mspaxman/code/workingrepos/seanforyou23-syndesis-react-poc/syndesis/src/modules/customizations/shared/ExtensionIntegrations.tsx": {"path":"/Users/mspaxman/code/workingrepos/seanforyou23-syndesis-react-poc/syndesis/src/modules/customizations/shared/ExtensionIntegrations.tsx","statementMap":{"0":{"start":{"line":1,"column":0},"end":{"line":null,"column":-1}},"1":{"start":{"line":2,"column":0},"end":{"line":null,"column":-1}},"2":{"start":{"line":7,"column":0},"end":{"line":null,"column":-1}},"3":{"start":{"line":8,"column":0},"end":{"line":null,"column":-1}},"4":{"start":{"line":9,"column":0},"end":{"line":null,"column":-1}},"5":{"start":{"line":10,"column":0},"end":{"line":null,"column":-1}},"6":{"start":{"line":25,"column":4},"end":{"line":27,"column":5}},"7":{"start":{"line":26,"column":6},"end":{"line":null,"column":-1}},"8":{"start":{"line":29,"column":4},"end":{"line":null,"column":-1}},"9":{"start":{"line":35,"column":4},"end":{"line":null,"column":-1}},"10":{"start":{"line":38,"column":10},"end":{"line":36,"column":6}},"11":{"start":{"line":45,"column":14},"end":{"line":38,"column":10}},"12":{"start":{"line":47,"column":18},"end":{"line":45,"column":14}}},"fnMap":{"0":{"name":"(anonymous_0)","decl":{"start":{"line":24,"column":9},"end":{"line":24,"column":1}},"loc":{"start":{"line":24,"column":47},"end":{"line":32,"column":3}}},"1":{"name":"(anonymous_1)","decl":{"start":{"line":34,"column":9},"end":{"line":34,"column":1}},"loc":{"start":{"line":34,"column":18},"end":{"line":61,"column":3}}},"2":{"name":"(anonymous_2)","decl":{"start":{"line":37,"column":9},"end":{"line":37,"column":10}},"loc":{"start":{"line":38,"column":10},"end":{"line":36,"column":6}}},"3":{"name":"(anonymous_3)","decl":{"start":{"line":44,"column":13},"end":{"line":45,"column":13}},"loc":{"start":{"line":45,"column":14},"end":{"line":38,"column":10}}},"4":{"name":"(anonymous_4)","decl":{"start":{"line":46,"column":17},"end":{"line":46,"column":18}},"loc":{"start":{"line":47,"column":18},"end":{"line":45,"column":14}}}},"branchMap":{"0":{"loc":{"start":{"line":25,"column":4},"end":{"line":27,"column":5}},"type":"if","locations":[{"start":{"line":25,"column":4},"end":{"line":27,"column":5}},{"start":{"line":25,"column":4},"end":{"line":27,"column":5}}]}},"s":{"0":0,"1":0,"2":0,"3":0,"4":0,"5":0,"6":0,"7":0,"8":0,"9":0,"10":0,"11":0,"12":0},"f":{"0":0,"1":0,"2":0,"3":0,"4":0},"b":{"0":[0,0]}}
[...]
,"/Users/mspaxman/code/workingrepos/seanforyou23-syndesis-react-poc/syndesis/src/modules/integrations/pages/integration/edit/editConnection/index.ts": {"path":"/Users/mspaxman/code/workingrepos/seanforyou23-syndesis-react-poc/syndesis/src/modules/integrations/pages/integration/edit/editConnection/index.ts","statementMap":{"0":{"start":{"line":1,"column":0},"end":{"line":null,"column":-1}},"1":{"start":{"line":2,"column":0},"end":{"line":null,"column":-1}}},"fnMap":{"0":{"name":"(anonymous_0)","decl":{"start":{"line":1,"column":0},"end":{"line":null,"column":-1}},"loc":{"start":{"line":1,"column":0},"end":{"line":null,"column":-1}}},"1":{"name":"(anonymous_2)","decl":{"start":{"line":2,"column":0},"end":{"line":null,"column":-1}},"loc":{"start":{"line":2,"column":0},"end":{"line":null,"column":-1}}}},"branchMap":{"0":{"loc":{"start":{"line":1,"column":0},"end":{"line":null,"column":-1}},"type":"if","locations":[{"start":{"line":1,"column":0},"end":{"line":null,"column":-1}},{"start":{"line":1,"column":0},"end":{"line":null,"column":-1}}]},"1":{"loc":{"start":{"line":2,"column":0},"end":{"line":null,"column":-1}},"type":"if","locations":[{"start":{"line":2,"column":0},"end":{"line":null,"column":-1}},{"start":{"line":2,"column":0},"end":{"line":null,"column":-1}}]}},"s":{"0":0,"1":0},"f":{"0":0,"1":0},"b":{"0":[0,0],"1":[0,0]}}
,"/Users/mspaxman/code/workingrepos/seanforyou23-syndesis-react-poc/syndesis/src/modules/integrations/pages/integration/edit/main/AddStepPage.tsx": {"path":"/Users/mspaxman/code/workingrepos/seanforyou23-syndesis-react-poc/syndesis/src/modules/integrations/pages/integration/edit/main/AddStepPage.tsx","statementMap":{"0":{"start":{"line":1,"column":0},"end":{"line":null,"column":-1}},"1":{"start":{"line":3,"column":0},"end":{"line":null,"column":-1}},"2":{"start":{"line":4,"column":0},"end":{"line":null,"column":-1}},"3":{"start":{"line":5,"column":0},"end":{"line":null,"column":-1}},"4":{"start":{"line":6,"column":0},"end":{"line":null,"column":-1}},"5":{"start":{"line":7,"column":0},"end":{"line":null,"column":-1}},"6":{"start":{"line":11,"column":0},"end":{"line":null,"column":-1}},"7":{"start":{"line":12,"column":0},"end":{"line":null,"column":-1}},"8":{"start":{"line":41,"column":4},"end":{"line":null,"column":-1}},"9":{"start":{"line":44,"column":10},"end":{"line":42,"column":6}},"10":{"start":{"line":57,"column":22},"end":{"line":55,"column":18}}},"fnMap":{"0":{"name":"(anonymous_0)","decl":{"start":{"line":40,"column":9},"end":{"line":40,"column":1}},"loc":{"start":{"line":40,"column":18},"end":{"line":84,"column":3}}},"1":{"name":"(anonymous_1)","decl":{"start":{"line":43,"column":9},"end":{"line":43,"column":10}},"loc":{"start":{"line":44,"column":10},"end":{"line":42,"column":6}}},"2":{"name":"(anonymous_2)","decl":{"start":{"line":56,"column":21},"end":{"line":56,"column":22}},"loc":{"start":{"line":57,"column":22},"end":{"line":55,"column":18}}}},"branchMap":{},"s":{"0":0,"1":0,"2":0,"3":0,"4":0,"5":0,"6":0,"7":0,"8":0,"9":0,"10":0},"f":{"0":0,"1":0,"2":0},"b":{}}
,"/Users/mspaxman/code/workingrepos/seanforyou23-syndesis-react-poc/syndesis/src/modules/integrations/pages/integration/edit/main/SaveIntegrationPage.tsx": {"path":"/Users/mspaxman/code/workingrepos/seanforyou23-syndesis-react-poc/syndesis/src/modules/integrations/pages/integration/edit/main/SaveIntegrationPage.tsx","statementMap":{"0":{"start":{"line":1,"column":0},"end":{"line":null,"column":-1}},"1":{"start":{"line":2,"column":0},"end":{"line":null,"column":-1}},"2":{"start":{"line":4,"column":0},"end":{"line":null,"column":-1}},"3":{"start":{"line":5,"column":0},"end":{"line":null,"column":-1}},"4":{"start":{"line":6,"column":0},"end":{"line":null,"column":-1}},"5":{"start":{"line":7,"column":0},"end":{"line":null,"column":-1}},"6":{"start":{"line":8,"column":0},"end":{"line":null,"column":-1}},"7":{"start":{"line":9,"column":0},"end":{"line":null,"column":-1}},"8":{"start":{"line":37,"column":4},"end":{"line":null,"column":-1}},"9":{"start":{"line":40,"column":10},"end":{"line":38,"column":6}},"10":{"start":{"line":42,"column":29},"end":{"line":42,"column":14}},"11":{"start":{"line":46,"column":43},"end":{"line":46,"column":16}},"12":{"start":{"line":48,"column":16},"end":{"line":null,"column":-1}},"13":{"start":{"line":49,"column":16},"end":{"line":45,"column":19}},"14":{"start":{"line":51,"column":16},"end":{"line":null,"column":-1}},"15":{"start":{"line":53,"column":50},"end":{"line":53,"column":14}},"16":{"start":{"line":65,"column":14},"end":{"line":null,"column":-1}},"17":{"start":{"line":82,"column":20},"end":{"line":66,"column":16}}},"fnMap":{"0":{"name":"(anonymous_0)","decl":{"start":{"line":36,"column":9},"end":{"line":36,"column":1}},"loc":{"start":{"line":36,"column":18},"end":{"line":115,"column":3}}},"1":{"name":"(anonymous_1)","decl":{"start":{"line":39,"column":9},"end":{"line":39,"column":10}},"loc":{"start":{"line":40,"column":10},"end":{"line":38,"column":6}}},"2":{"name":"(anonymous_2)","decl":{"start":{"line":41,"column":13},"end":{"line":41,"column":14}},"loc":{"start":{"line":41,"column":47},"end":{"line":40,"column":10}}},"3":{"name":"(anonymous_3)","decl":{"start":{"line":42,"column":29},"end":{"line":43,"column":15}},"loc":{"start":{"line":45,"column":19},"end":{"line":42,"column":14}}},"4":{"name":"(anonymous_4)","decl":{"start":{"line":75,"column":19},"end":{"line":75,"column":20}},"loc":{"start":{"line":82,"column":20},"end":{"line":66,"column":16}}}},"branchMap":{},"s":{"0":0,"1":0,"2":0,"3":0,"4":0,"5":0,"6":0,"7":0,"8":0,"9":0,"10":0,"11":0,"12":0,"13":0,"14":0,"15":0,"16":0,"17":0},"f":{"0":0,"1":0,"2":0,"3":0,"4":0},"b":{}}
,"/Users/mspaxman/code/workingrepos/seanforyou23-syndesis-react-poc/syndesis/src/modules/integrations/pages/integration/edit/main/index.ts": {"path":"/Users/mspaxman/code/workingrepos/seanforyou23-syndesis-react-poc/syndesis/src/modules/integrations/pages/integration/edit/main/index.ts","statementMap":{"0":{"start":{"line":1,"column":0},"end":{"line":null,"column":-1}},"1":{"start":{"line":2,"column":0},"end":{"line":null,"column":-1}}},"fnMap":{"0":{"name":"(anonymous_0)","decl":{"start":{"line":1,"column":0},"end":{"line":null,"column":-1}},"loc":{"start":{"line":1,"column":0},"end":{"line":null,"column":-1}}},"1":{"name":"(anonymous_2)","decl":{"start":{"line":2,"column":0},"end":{"line":null,"column":-1}},"loc":{"start":{"line":2,"column":0},"end":{"line":null,"column":-1}}}},"branchMap":{"0":{"loc":{"start":{"line":1,"column":0},"end":{"line":null,"column":-1}},"type":"if","locations":[{"start":{"line":1,"column":0},"end":{"line":null,"column":-1}},{"start":{"line":1,"column":0},"end":{"line":null,"column":-1}}]},"1":{"loc":{"start":{"line":2,"column":0},"end":{"line":null,"column":-1}},"type":"if","locations":[{"start":{"line":2,"column":0},"end":{"line":null,"column":-1}},{"start":{"line":2,"column":0},"end":{"line":null,"column":-1}}]}},"s":{"0":0,"1":0},"f":{"0":0,"1":0},"b":{"0":[0,0],"1":[0,0]}}
,"/Users/mspaxman/code/workingrepos/seanforyou23-syndesis-react-poc/syndesis/src/modules/integrations/shared/WithConfigurationForm.tsx": {"path":"/Users/mspaxman/code/workingrepos/seanforyou23-syndesis-react-poc/syndesis/src/modules/integrations/shared/WithConfigurationForm.tsx","statementMap":{"0":{"start":{"line":1,"column":0},"end":{"line":null,"column":-1}},"1":{"start":{"line":10,"column":0},"end":{"line":null,"column":-1}},"2":{"start":{"line":12,"column":0},"end":{"line":null,"column":-1}},"3":{"start":{"line":16,"column":0},"end":{"line":null,"column":-1}},"4":{"start":{"line":116,"column":4},"end":{"line":null,"column":-1}},"5":{"start":{"line":120,"column":4},"end":{"line":169,"column":5}},"6":{"start":{"line":121,"column":25},"end":{"line":121,"column":6}},"7":{"start":{"line":122,"column":20},"end":{"line":122,"column":6}},"8":{"start":{"line":123,"column":19},"end":{"line":123,"column":6}},"9":{"start":{"line":124,"column":25},"end":{"line":124,"column":6}},"10":{"start":{"line":126,"column":8},"end":{"line":125,"column":6}},"11":{"start":{"line":127,"column":21},"end":{"line":127,"column":6}},"12":{"start":{"line":131,"column":8},"end":{"line":null,"column":-1}},"13":{"start":{"line":136,"column":8},"end":{"line":null,"column":-1}},"14":{"start":{"line":138,"column":6},"end":{"line":null,"column":-1}},"15":{"start":{"line":147,"column":12},"end":{"line":139,"column":8}},"16":{"start":{"line":168,"column":6},"end":{"line":null,"column":-1}},"17":{"start":{"line":173,"column":23},"end":{"line":173,"column":4}},"18":{"start":{"line":174,"column":6},"end":{"line":null,"column":-1}},"19":{"start":{"line":180,"column":4},"end":{"line":null,"column":-1}},"20":{"start":{"line":197,"column":19},"end":{"line":197,"column":4}},"21":{"start":{"line":201,"column":4},"end":{"line":null,"column":-1}}},"fnMap":{"0":{"name":"(anonymous_0)","decl":{"start":{"line":115,"column":2},"end":{"line":115,"column":12}},"loc":{"start":{"line":115,"column":50},"end":{"line":117,"column":3}}},"1":{"name":"(anonymous_1)","decl":{"start":{"line":119,"column":9},"end":{"line":119,"column":1}},"loc":{"start":{"line":119,"column":69},"end":{"line":170,"column":3}}},"2":{"name":"(anonymous_2)","decl":{"start":{"line":127,"column":21},"end":{"line":128,"column":7}},"loc":{"start":{"line":130,"column":26},"end":{"line":127,"column":6}}},"3":{"name":"(anonymous_3)","decl":{"start":{"line":146,"column":11},"end":{"line":146,"column":12}},"loc":{"start":{"line":147,"column":12},"end":{"line":139,"column":8}}},"4":{"name":"(anonymous_4)","decl":{"start":{"line":172,"column":9},"end":{"line":172,"column":1}},"loc":{"start":{"line":172,"column":48},"end":{"line":194,"column":3}}},"5":{"name":"(anonymous_5)","decl":{"start":{"line":173,"column":23},"end":{"line":173,"column":28}},"loc":{"start":{"line":173,"column":29},"end":{"line":173,"column":4}}},"6":{"name":"(anonymous_6)","decl":{"start":{"line":196,"column":9},"end":{"line":196,"column":1}},"loc":{"start":{"line":196,"column":18},"end":{"line":205,"column":3}}}},"branchMap":{"0":{"loc":{"start":{"line":202,"column":6},"end":{"line":203,"column":5}},"type":"binary-expr","locations":[{"start":{"line":202,"column":6},"end":{"line":203,"column":5}},{"start":{"line":203,"column":6},"end":{"line":201,"column":4}}]}},"s":{"0":0,"1":0,"2":0,"3":0,"4":0,"5":0,"6":0,"7":0,"8":0,"9":0,"10":0,"11":0,"12":0,"13":0,"14":0,"15":0,"16":0,"17":0,"18":0,"19":0,"20":0,"21":0},"f":{"0":0,"1":0,"2":0,"3":0,"4":0,"5":0,"6":0},"b":{"0":[0,0]}}
,"/Users/mspaxman/code/workingrepos/seanforyou23-syndesis-react-poc/syndesis/src/modules/integrations/shared/index.ts": {"path":"/Users/mspaxman/code/workingrepos/seanforyou23-syndesis-react-poc/syndesis/src/modules/integrations/shared/index.ts","statementMap":{"0":{"start":{"line":1,"column":0},"end":{"line":null,"column":-1}}},"fnMap":{"0":{"name":"(anonymous_0)","decl":{"start":{"line":1,"column":0},"end":{"line":null,"column":-1}},"loc":{"start":{"line":1,"column":0},"end":{"line":null,"column":-1}}}},"branchMap":{"0":{"loc":{"start":{"line":1,"column":0},"end":{"line":null,"column":-1}},"type":"if","locations":[{"start":{"line":1,"column":0},"end":{"line":null,"column":-1}},{"start":{"line":1,"column":0},"end":{"line":null,"column":-1}}]}},"s":{"0":0},"f":{"0":0},"b":{"0":[0,0]}}
,"/Users/mspaxman/code/workingrepos/seanforyou23-syndesis-react-poc/syndesis/src/shared/ModuleLoader.tsx": {"path":"/Users/mspaxman/code/workingrepos/seanforyou23-syndesis-react-poc/syndesis/src/shared/ModuleLoader.tsx","statementMap":{"0":{"start":{"line":8,"column":4},"end":{"line":27,"column":5}},"1":{"start":{"line":9,"column":6},"end":{"line":9,"column":38}},"2":{"start":{"line":10,"column":6},"end":{"line":24,"column":8}},"3":{"start":{"line":13,"column":12},"end":{"line":21,"column":14}},"4":{"start":{"line":25,"column":11},"end":{"line":27,"column":5}},"5":{"start":{"line":26,"column":6},"end":{"line":26,"column":24}},"6":{"start":{"line":28,"column":4},"end":{"line":28,"column":16}}},"fnMap":{"0":{"name":"(anonymous_0)","decl":{"start":{"line":7,"column":2},"end":{"line":7,"column":3}},"loc":{"start":{"line":7,"column":18},"end":{"line":29,"column":3}},"line":7},"1":{"name":"(anonymous_1)","decl":{"start":{"line":12,"column":11},"end":{"line":12,"column":12}},"loc":{"start":{"line":13,"column":12},"end":{"line":21,"column":14}},"line":13}},"branchMap":{"0":{"loc":{"start":{"line":8,"column":4},"end":{"line":27,"column":5}},"type":"if","locations":[{"start":{"line":8,"column":4},"end":{"line":27,"column":5}},{"start":{"line":8,"column":4},"end":{"line":27,"column":5}}],"line":8},"1":{"loc":{"start":{"line":8,"column":8},"end":{"line":8,"column":47}},"type":"binary-expr","locations":[{"start":{"line":8,"column":8},"end":{"line":8,"column":24}},{"start":{"line":8,"column":28},"end":{"line":8,"column":47}}],"line":8},"2":{"loc":{"start":{"line":25,"column":11},"end":{"line":27,"column":5}},"type":"if","locations":[{"start":{"line":25,"column":11},"end":{"line":27,"column":5}},{"start":{"line":25,"column":11},"end":{"line":27,"column":5}}],"line":25}},"s":{"0":0,"1":0,"2":0,"3":0,"4":0,"5":0,"6":0},"f":{"0":0,"1":0},"b":{"0":[0,0],"1":[0,0],"2":[0,0]},"_coverageSchema":"332fd63041d2c1bcb487cc26dd0d5f7d97098a6c","hash":"df202f307f2a05a940e91c007bbeb3fdcd9dfa36"}
,"/Users/mspaxman/code/workingrepos/seanforyou23-syndesis-react-poc/syndesis/src/shared/PageNotFound.tsx": {"path":"/Users/mspaxman/code/workingrepos/seanforyou23-syndesis-react-poc/syndesis/src/shared/PageNotFound.tsx","statementMap":{"0":{"start":{"line":5,"column":38},"end":{"line":17,"column":1}},"1":{"start":{"line":6,"column":2},"end":{"line":16,"column":16}},"2":{"start":{"line":8,"column":6},"end":{"line":14,"column":8}}},"fnMap":{"0":{"name":"(anonymous_0)","decl":{"start":{"line":5,"column":38},"end":{"line":5,"column":39}},"loc":{"start":{"line":6,"column":2},"end":{"line":16,"column":16}},"line":6},"1":{"name":"(anonymous_1)","decl":{"start":{"line":7,"column":5},"end":{"line":7,"column":6}},"loc":{"start":{"line":8,"column":6},"end":{"line":14,"column":8}},"line":8}},"branchMap":{},"s":{"0":1,"1":0,"2":0},"f":{"0":0,"1":0},"b":{},"_coverageSchema":"332fd63041d2c1bcb487cc26dd0d5f7d97098a6c","hash":"f9bdc98880cf23b1e986a61da1ae47d2f2ba9ae3"}
,"/Users/mspaxman/code/workingrepos/seanforyou23-syndesis-react-poc/syndesis/src/shared/PageTitle.tsx": {"path":"/Users/mspaxman/code/workingrepos/seanforyou23-syndesis-react-poc/syndesis/src/shared/PageTitle.tsx","statementMap":{"0":{"start":{"line":20,"column":4},"end":{"line":29,"column":6}},"1":{"start":{"line":23,"column":10},"end":{"line":26,"column":19}}},"fnMap":{"0":{"name":"(anonymous_0)","decl":{"start":{"line":19,"column":2},"end":{"line":19,"column":3}},"loc":{"start":{"line":19,"column":18},"end":{"line":30,"column":3}},"line":19},"1":{"name":"(anonymous_1)","decl":{"start":{"line":22,"column":9},"end":{"line":22,"column":10}},"loc":{"start":{"line":23,"column":10},"end":{"line":26,"column":19}},"line":23}},"branchMap":{"0":{"loc":{"start":{"line":24,"column":45},"end":{"line":25,"column":24}},"type":"binary-expr","locations":[{"start":{"line":24,"column":45},"end":{"line":24,"column":57}},{"start":{"line":25,"column":14},"end":{"line":25,"column":24}}],"line":24}},"s":{"0":0,"1":0},"f":{"0":0,"1":0},"b":{"0":[0,0]},"_coverageSchema":"332fd63041d2c1bcb487cc26dd0d5f7d97098a6c","hash":"d0a39b57a15ec93746517469226faadaec14b960"}
,"/Users/mspaxman/code/workingrepos/seanforyou23-syndesis-react-poc/syndesis/src/shared/WithClosedNavigation.tsx": {"path":"/Users/mspaxman/code/workingrepos/seanforyou23-syndesis-react-poc/syndesis/src/shared/WithClosedNavigation.tsx","statementMap":{"0":{"start":{"line":17,"column":4},"end":{"line":17,"column":34}},"1":{"start":{"line":21,"column":4},"end":{"line":21,"column":34}},"2":{"start":{"line":25,"column":4},"end":{"line":25,"column":31}}},"fnMap":{"0":{"name":"(anonymous_0)","decl":{"start":{"line":16,"column":2},"end":{"line":16,"column":3}},"loc":{"start":{"line":16,"column":35},"end":{"line":18,"column":3}},"line":16},"1":{"name":"(anonymous_1)","decl":{"start":{"line":20,"column":2},"end":{"line":20,"column":3}},"loc":{"start":{"line":20,"column":38},"end":{"line":22,"column":3}},"line":20},"2":{"name":"(anonymous_2)","decl":{"start":{"line":24,"column":2},"end":{"line":24,"column":3}},"loc":{"start":{"line":24,"column":18},"end":{"line":26,"column":3}},"line":24}},"branchMap":{},"s":{"0":0,"1":0,"2":0},"f":{"0":0,"1":0,"2":0},"b":{},"_coverageSchema":"332fd63041d2c1bcb487cc26dd0d5f7d97098a6c","hash":"1f8762ed80f15a664613a2bcbec31052351e0c9c"}
,"/Users/mspaxman/code/workingrepos/seanforyou23-syndesis-react-poc/syndesis/src/shared/WithErrorBoundary.tsx": {"path":"/Users/mspaxman/code/workingrepos/seanforyou23-syndesis-react-poc/syndesis/src/shared/WithErrorBoundary.tsx","statementMap":{"0":{"start":{"line":21,"column":4},"end":{"line":24,"column":7}},"1":{"start":{"line":31,"column":4},"end":{"line":34,"column":7}},"2":{"start":{"line":38,"column":4},"end":{"line":62,"column":6}},"3":{"start":{"line":47,"column":12},"end":{"line":56,"column":14}}},"fnMap":{"0":{"name":"(anonymous_0)","decl":{"start":{"line":20,"column":2},"end":{"line":20,"column":3}},"loc":{"start":{"line":20,"column":75},"end":{"line":25,"column":3}},"line":20},"1":{"name":"(anonymous_1)","decl":{"start":{"line":27,"column":2},"end":{"line":27,"column":3}},"loc":{"start":{"line":30,"column":10},"end":{"line":35,"column":3}},"line":30},"2":{"name":"(anonymous_2)","decl":{"start":{"line":37,"column":2},"end":{"line":37,"column":3}},"loc":{"start":{"line":37,"column":18},"end":{"line":63,"column":3}},"line":37},"3":{"name":"(anonymous_3)","decl":{"start":{"line":46,"column":11},"end":{"line":46,"column":12}},"loc":{"start":{"line":47,"column":12},"end":{"line":56,"column":14}},"line":47}},"branchMap":{"0":{"loc":{"start":{"line":38,"column":11},"end":{"line":62,"column":5}},"type":"cond-expr","locations":[{"start":{"line":39,"column":6},"end":{"line":59,"column":7}},{"start":{"line":61,"column":6},"end":{"line":61,"column":25}}],"line":38},"1":{"loc":{"start":{"line":38,"column":11},"end":{"line":38,"column":51}},"type":"binary-expr","locations":[{"start":{"line":38,"column":11},"end":{"line":38,"column":27}},{"start":{"line":38,"column":31},"end":{"line":38,"column":51}}],"line":38},"2":{"loc":{"start":{"line":39,"column":6},"end":{"line":59,"column":7}},"type":"cond-expr","locations":[{"start":{"line":40,"column":8},"end":{"line":43,"column":10}},{"start":{"line":45,"column":8},"end":{"line":58,"column":22}}],"line":39}},"s":{"0":0,"1":0,"2":1,"3":0},"f":{"0":0,"1":0,"2":1,"3":0},"b":{"0":[0,1],"1":[1,0],"2":[0,0]},"_coverageSchema":"332fd63041d2c1bcb487cc26dd0d5f7d97098a6c","hash":"d9ce4e1833d8c788bb81076b41c88ea29709cf19"}
,"/Users/mspaxman/code/workingrepos/seanforyou23-syndesis-react-poc/syndesis/src/shared/index.ts": {"path":"/Users/mspaxman/code/workingrepos/seanforyou23-syndesis-react-poc/syndesis/src/shared/index.ts","statementMap":{},"fnMap":{},"branchMap":{},"s":{},"f":{},"b":{},"_coverageSchema":"332fd63041d2c1bcb487cc26dd0d5f7d97098a6c","hash":"180c61d15be0886c6728a30325592275458a7f2f"}
}
