TN:
SF:/Users/mspaxman/code/workingrepos/seanforyou23-syndesis-react-poc/syndesis/src/index.tsx
FN:19,(anonymous_0)
FNF:1
FNH:0
FNDA:0,(anonymous_0)
DA:1,0
DA:2,0
DA:3,0
DA:4,0
DA:5,0
DA:6,0
DA:7,0
DA:8,0
DA:9,0
DA:10,0
DA:11,0
DA:12,0
DA:13,0
DA:15,0
DA:20,0
DA:67,0
LF:16
LH:0
BRF:0
BRH:0
end_of_record
TN:
SF:/Users/mspaxman/code/workingrepos/seanforyou23-syndesis-react-poc/syndesis/src/registerServiceWorker.ts
FN:22,register
FN:36,(anonymous_1)
FN:45,(anonymous_2)
FN:59,registerValidSW
FN:62,(anonymous_4)
FN:63,(anonymous_5)
FN:66,(anonymous_6)
FN:85,(anonymous_7)
FN:90,checkValidServiceWorker
FN:93,(anonymous_9)
FN:100,(anonymous_10)
FN:101,(anonymous_11)
FN:110,(anonymous_12)
FN:117,unregister
FN:119,(anonymous_14)
FNF:15
FNH:0
FNDA:0,register
FNDA:0,(anonymous_1)
FNDA:0,(anonymous_2)
FNDA:0,registerValidSW
FNDA:0,(anonymous_4)
FNDA:0,(anonymous_5)
FNDA:0,(anonymous_6)
FNDA:0,(anonymous_7)
FNDA:0,checkValidServiceWorker
FNDA:0,(anonymous_9)
FNDA:0,(anonymous_10)
FNDA:0,(anonymous_11)
FNDA:0,(anonymous_12)
FNDA:0,unregister
FNDA:0,(anonymous_14)
DA:12,0
DA:23,0
DA:25,0
DA:29,0
DA:33,0
DA:36,0
DA:37,0
DA:39,0
DA:41,0
DA:45,0
DA:46,0
DA:53,0
DA:60,0
DA:63,0
DA:64,0
DA:65,0
DA:66,0
DA:67,0
DA:68,0
DA:73,0
DA:78,0
DA:86,0
DA:92,0
DA:95,0
DA:100,0
DA:101,0
DA:102,0
DA:107,0
DA:111,0
DA:118,0
DA:119,0
DA:120,0
LF:32
LH:0
BRDA:13,0,0,0
BRDA:13,0,1,0
BRDA:13,0,2,0
BRDA:23,1,0,0
BRDA:23,1,1,0
BRDA:23,2,0,0
BRDA:23,2,1,0
BRDA:29,3,0,0
BRDA:29,3,1,0
BRDA:39,4,0,0
BRDA:39,4,1,0
BRDA:65,5,0,0
BRDA:65,5,1,0
BRDA:67,6,0,0
BRDA:67,6,1,0
BRDA:68,7,0,0
BRDA:68,7,1,0
BRDA:95,8,0,0
BRDA:95,8,1,0
BRDA:96,9,0,0
BRDA:96,9,1,0
BRDA:118,10,0,0
BRDA:118,10,1,0
BRF:23
BRH:0
end_of_record
TN:
SF:/Users/mspaxman/code/workingrepos/seanforyou23-syndesis-react-poc/syndesis/src/setupProxy.js
FN:4,(anonymous_0)
FNF:1
FNH:0
FNDA:0,(anonymous_0)
DA:2,0
DA:4,0
DA:5,0
DA:6,0
LF:4
LH:0
BRDA:5,0,0,0
BRDA:5,0,1,0
BRDA:15,1,0,0
BRDA:15,1,1,0
BRF:4
BRH:0
end_of_record
TN:
SF:/Users/mspaxman/code/workingrepos/seanforyou23-syndesis-react-poc/syndesis/src/setupTests.ts
FNF:0
FNH:0
LF:0
LH:0
BRF:0
BRH:0
end_of_record
TN:
SF:/Users/mspaxman/code/workingrepos/seanforyou23-syndesis-react-poc/syndesis/src/app/App.tsx
FN:56,(anonymous_0)
FN:66,(anonymous_1)
FN:68,(anonymous_2)
FN:76,(anonymous_3)
FN:89,(anonymous_4)
FN:93,(anonymous_5)
FN:119,(anonymous_6)
FN:125,(anonymous_7)
FN:131,(anonymous_8)
FN:139,(anonymous_9)
FN:140,(anonymous_10)
FN:152,(anonymous_11)
FN:155,(anonymous_12)
FN:157,(anonymous_13)
FN:176,(anonymous_14)
FN:195,(anonymous_15)
FN:197,(anonymous_16)
FN:218,(anonymous_17)
FN:222,(anonymous_18)
FNF:19
FNH:12
FNDA:1,(anonymous_0)
FNDA:0,(anonymous_1)
FNDA:0,(anonymous_2)
FNDA:0,(anonymous_3)
FNDA:0,(anonymous_4)
FNDA:0,(anonymous_5)
FNDA:0,(anonymous_6)
FNDA:0,(anonymous_7)
FNDA:1,(anonymous_8)
FNDA:1,(anonymous_9)
FNDA:2,(anonymous_10)
FNDA:1,(anonymous_11)
FNDA:1,(anonymous_12)
FNDA:1,(anonymous_13)
FNDA:1,(anonymous_14)
FNDA:1,(anonymous_15)
FNDA:1,(anonymous_16)
FNDA:1,(anonymous_17)
FNDA:2,(anonymous_18)
DA:57,1
DA:58,1
DA:59,1
DA:60,1
DA:61,1
DA:62,1
DA:63,1
DA:67,0
DA:68,0
DA:71,0
DA:77,0
DA:97,0
DA:104,0
DA:106,0
DA:109,0
DA:111,0
DA:113,0
DA:115,0
DA:120,0
DA:126,0
DA:132,1
DA:140,1
DA:141,2
DA:153,1
DA:156,1
DA:158,1
DA:177,1
DA:196,1
DA:198,1
DA:219,1
DA:226,2
LF:31
LH:18
BRDA:97,0,0,0
BRDA:97,0,1,0
BRDA:98,1,0,0
BRDA:98,1,1,0
BRDA:98,1,2,0
BRDA:98,1,3,0
BRDA:98,1,4,0
BRDA:109,2,0,0
BRDA:109,2,1,0
BRDA:109,2,2,0
BRF:10
BRH:0
end_of_record
TN:
SF:/Users/mspaxman/code/workingrepos/seanforyou23-syndesis-react-poc/syndesis/src/app/AppContext.tsx
FNF:0
FNH:0
DA:18,1
DA:20,1
LF:2
LH:2
BRF:0
BRH:0
end_of_record
TN:
SF:/Users/mspaxman/code/workingrepos/seanforyou23-syndesis-react-poc/syndesis/src/app/WithConfig.tsx
FN:48,(anonymous_0)
FN:54,(anonymous_1)
FN:72,(anonymous_2)
FNF:3
FNH:0
FNDA:0,(anonymous_0)
FNDA:0,(anonymous_1)
FNDA:0,(anonymous_2)
DA:1,0
DA:48,0
DA:55,0
DA:56,0
DA:59,0
DA:60,0
DA:65,0
DA:73,0
LF:8
LH:0
BRF:0
BRH:0
end_of_record
TN:
SF:/Users/mspaxman/code/workingrepos/seanforyou23-syndesis-react-poc/syndesis/src/app/index.ts
FNF:0
FNH:0
LF:0
LH:0
BRF:0
BRH:0
end_of_record
TN:
SF:/Users/mspaxman/code/workingrepos/seanforyou23-syndesis-react-poc/syndesis/src/i18n/index.ts
FNF:0
FNH:0
DA:5,1
DA:40,1
LF:2
LH:2
BRDA:34,0,0,0
BRDA:34,0,1,1
BRF:2
BRH:1
end_of_record
TN:
SF:/Users/mspaxman/code/workingrepos/seanforyou23-syndesis-react-poc/syndesis/src/i18n/locales/index.ts
FNF:0
FNH:0
DA:17,1
DA:18,1
DA:21,1
DA:22,1
DA:25,1
DA:26,1
DA:29,1
DA:30,1
DA:33,1
DA:34,1
DA:37,1
DA:38,1
LF:12
LH:12
BRF:0
BRH:0
end_of_record
TN:
SF:/Users/mspaxman/code/workingrepos/seanforyou23-syndesis-react-poc/syndesis/src/modules/index.ts
FN:1,(anonymous_0)
FN:2,(anonymous_2)
FN:3,(anonymous_4)
FN:4,(anonymous_6)
FN:5,(anonymous_8)
FNF:5
FNH:0
FNDA:0,(anonymous_0)
FNDA:0,(anonymous_2)
FNDA:0,(anonymous_4)
FNDA:0,(anonymous_6)
FNDA:0,(anonymous_8)
DA:1,0
DA:2,0
DA:3,0
DA:4,0
DA:5,0
LF:5
LH:0
BRDA:1,0,0,0
BRDA:1,0,1,0
BRDA:2,1,0,0
BRDA:2,1,1,0
BRDA:3,2,0,0
BRDA:3,2,1,0
BRDA:4,3,0,0
BRDA:4,3,1,0
BRDA:5,4,0,0
BRDA:5,4,1,0
BRF:10
BRH:0
end_of_record
TN:
SF:/Users/mspaxman/code/workingrepos/seanforyou23-syndesis-react-poc/syndesis/src/modules/resolvers.ts
FNF:0
FNH:0
DA:1,0
DA:2,0
DA:3,0
DA:4,0
DA:5,0
LF:5
LH:0
BRF:0
BRH:0
end_of_record
TN:
SF:/Users/mspaxman/code/workingrepos/seanforyou23-syndesis-react-poc/syndesis/src/modules/routes.ts
FNF:0
FNH:0
DA:1,0
DA:2,0
DA:3,0
LF:3
LH:0
BRF:0
BRH:0
end_of_record
TN:
SF:/Users/mspaxman/code/workingrepos/seanforyou23-syndesis-react-poc/syndesis/src/modules/connections/ConnectionsApp.tsx
FN:9,(anonymous_0)
FNF:1
FNH:0
FNDA:0,(anonymous_0)
DA:1,0
DA:2,0
DA:3,0
DA:4,0
DA:5,0
DA:6,0
DA:10,0
LF:7
LH:0
BRF:0
BRH:0
end_of_record
TN:
SF:/Users/mspaxman/code/workingrepos/seanforyou23-syndesis-react-poc/syndesis/src/modules/connections/index.tsx
FN:7,(anonymous_0)
FNF:1
FNH:0
FNDA:0,(anonymous_0)
DA:1,0
DA:2,0
DA:3,0
DA:4,0
DA:8,0
LF:5
LH:0
BRF:0
BRH:0
end_of_record
TN:
SF:/Users/mspaxman/code/workingrepos/seanforyou23-syndesis-react-poc/syndesis/src/modules/connections/resolvers.ts
FN:12,(anonymous_0)
FNF:1
FNH:0
FNDA:0,(anonymous_0)
DA:3,0
DA:4,0
DA:12,0
LF:3
LH:0
BRF:0
BRH:0
end_of_record
TN:
SF:/Users/mspaxman/code/workingrepos/seanforyou23-syndesis-react-poc/syndesis/src/modules/connections/routes.ts
FNF:0
FNH:0
DA:2,0
LF:1
LH:0
BRF:0
BRH:0
end_of_record
TN:
SF:/Users/mspaxman/code/workingrepos/seanforyou23-syndesis-react-poc/syndesis/src/modules/connections/pages/ConnectionsPage.tsx
FN:6,getConnectionHref
FN:11,(anonymous_1)
FN:14,(anonymous_2)
FNF:3
FNH:0
FNDA:0,getConnectionHref
FNDA:0,(anonymous_1)
FNDA:0,(anonymous_2)
DA:1,0
DA:3,0
DA:4,0
DA:7,0
DA:12,0
DA:15,0
LF:6
LH:0
BRF:0
BRH:0
end_of_record
TN:
SF:/Users/mspaxman/code/workingrepos/seanforyou23-syndesis-react-poc/syndesis/src/modules/connections/pages/ConnectorFormPage.tsx
FN:16,(anonymous_0)
FN:22,(anonymous_1)
FN:24,(anonymous_2)
FNF:3
FNH:0
FNDA:0,(anonymous_0)
FNDA:0,(anonymous_1)
FNDA:0,(anonymous_2)
DA:2,0
DA:3,0
DA:4,0
DA:5,0
DA:17,0
DA:23,0
DA:25,0
LF:7
LH:0
BRDA:27,0,0,0
BRDA:27,0,1,0
BRDA:26,1,0,0
BRDA:26,1,1,0
BRDA:28,2,0,0
BRDA:28,2,1,0
BRF:6
BRH:0
end_of_record
TN:
SF:/Users/mspaxman/code/workingrepos/seanforyou23-syndesis-react-poc/syndesis/src/modules/connections/pages/ConnectorsPage.tsx
FN:13,getConnectionHref
FN:21,(anonymous_1)
FN:24,(anonymous_2)
FN:31,(anonymous_3)
FN:40,(anonymous_4)
FN:41,(anonymous_5)
FNF:6
FNH:0
FNDA:0,getConnectionHref
FNDA:0,(anonymous_1)
FNDA:0,(anonymous_2)
FNDA:0,(anonymous_3)
FNDA:0,(anonymous_4)
FNDA:0,(anonymous_5)
DA:1,0
DA:3,0
DA:9,0
DA:10,0
DA:11,0
DA:17,0
DA:22,0
DA:25,0
DA:32,0
DA:41,0
DA:42,0
LF:11
LH:0
BRDA:45,0,0,0
BRDA:45,0,1,0
BRF:2
BRH:0
end_of_record
TN:
SF:/Users/mspaxman/code/workingrepos/seanforyou23-syndesis-react-poc/syndesis/src/modules/connections/shared/Connections.tsx
FN:20,(anonymous_0)
FN:28,(anonymous_1)
FN:37,(anonymous_2)
FN:38,(anonymous_3)
FNF:4
FNH:0
FNDA:0,(anonymous_0)
FNDA:0,(anonymous_1)
FNDA:0,(anonymous_2)
FNDA:0,(anonymous_3)
DA:2,0
DA:8,0
DA:10,0
DA:21,0
DA:29,0
DA:38,0
DA:39,0
LF:7
LH:0
BRDA:42,0,0,0
BRDA:42,0,1,0
BRF:2
BRH:0
end_of_record
TN:
SF:/Users/mspaxman/code/workingrepos/seanforyou23-syndesis-react-poc/syndesis/src/modules/connections/shared/ConnectionsWithToolbar.tsx
FN:15,getFilteredAndSortedConnections
FN:22,(anonymous_1)
FN:25,(anonymous_2)
FN:30,(anonymous_3)
FN:68,(anonymous_4)
FN:71,(anonymous_5)
FN:76,(anonymous_6)
FNF:7
FNH:0
FNDA:0,getFilteredAndSortedConnections
FNDA:0,(anonymous_1)
FNDA:0,(anonymous_2)
FNDA:0,(anonymous_3)
FNDA:0,(anonymous_4)
FNDA:0,(anonymous_5)
FNDA:0,(anonymous_6)
DA:2,0
DA:8,0
DA:9,0
DA:10,0
DA:11,0
DA:12,0
DA:13,0
DA:21,0
DA:22,0
DA:23,0
DA:24,0
DA:25,0
DA:29,0
DA:31,0
DA:32,0
DA:33,0
DA:37,0
DA:40,0
DA:47,0
DA:49,0
DA:55,0
DA:69,0
DA:72,0
DA:77,0
DA:84,0
LF:25
LH:0
BRDA:31,0,0,0
BRDA:31,0,1,0
BRDA:32,1,0,0
BRDA:32,1,1,0
BRF:4
BRH:0
end_of_record
TN:
SF:/Users/mspaxman/code/workingrepos/seanforyou23-syndesis-react-poc/syndesis/src/modules/connections/shared/WithConnectorCreationForm.tsx
FN:7,loadModule
FN:28,(anonymous_1)
FN:34,(anonymous_2)
FN:52,(anonymous_3)
FNF:4
FNH:0
FNDA:0,loadModule
FNDA:0,(anonymous_1)
FNDA:0,(anonymous_2)
FNDA:0,(anonymous_3)
DA:1,0
DA:8,0
DA:10,0
DA:28,0
DA:35,0
DA:36,0
DA:39,0
DA:40,0
DA:45,0
DA:53,0
LF:10
LH:0
BRDA:9,0,0,0
BRF:1
BRH:0
end_of_record
TN:
SF:/Users/mspaxman/code/workingrepos/seanforyou23-syndesis-react-poc/syndesis/src/modules/connections/shared/index.ts
FN:1,(anonymous_0)
FN:2,(anonymous_2)
FN:3,(anonymous_4)
FNF:3
FNH:0
FNDA:0,(anonymous_0)
FNDA:0,(anonymous_2)
FNDA:0,(anonymous_4)
DA:1,0
DA:2,0
DA:3,0
LF:3
LH:0
BRDA:1,0,0,0
BRDA:1,0,1,0
BRDA:2,1,0,0
BRDA:2,1,1,0
BRDA:3,2,0,0
BRDA:3,2,1,0
BRF:6
BRH:0
end_of_record
TN:
SF:/Users/mspaxman/code/workingrepos/seanforyou23-syndesis-react-poc/syndesis/src/modules/customizations/CustomizationsApp.tsx
FN:10,(anonymous_0)
FNF:1
FNH:0
FNDA:0,(anonymous_0)
DA:1,0
DA:2,0
DA:3,0
DA:4,0
DA:5,0
DA:6,0
DA:7,0
DA:11,0
LF:8
LH:0
BRF:0
BRH:0
end_of_record
TN:
SF:/Users/mspaxman/code/workingrepos/seanforyou23-syndesis-react-poc/syndesis/src/modules/customizations/customizationsUtils.ts
FN:8,getExtensionTypeName
FNF:1
FNH:0
FNDA:0,getExtensionTypeName
DA:2,0
DA:9,0
DA:11,0
DA:12,0
DA:15,0
DA:16,0
DA:19,0
DA:20,0
DA:23,0
LF:9
LH:0
BRDA:11,0,0,0
BRDA:11,0,1,0
BRDA:15,1,0,0
BRDA:15,1,1,0
BRDA:19,2,0,0
BRDA:19,2,1,0
BRF:6
BRH:0
end_of_record
TN:
SF:/Users/mspaxman/code/workingrepos/seanforyou23-syndesis-react-poc/syndesis/src/modules/customizations/index.tsx
FN:7,(anonymous_0)
FNF:1
FNH:0
FNDA:0,(anonymous_0)
DA:1,0
DA:2,0
DA:3,0
DA:4,0
DA:8,0
LF:5
LH:0
BRF:0
BRH:0
end_of_record
TN:
SF:/Users/mspaxman/code/workingrepos/seanforyou23-syndesis-react-poc/syndesis/src/modules/customizations/resolvers.ts
FN:10,(anonymous_0)
FN:30,(anonymous_1)
FNF:2
FNH:0
FNDA:0,(anonymous_0)
FNDA:0,(anonymous_1)
DA:3,0
DA:4,0
DA:10,0
DA:30,0
LF:4
LH:0
BRF:0
BRH:0
end_of_record
TN:
SF:/Users/mspaxman/code/workingrepos/seanforyou23-syndesis-react-poc/syndesis/src/modules/customizations/routes.ts
FNF:0
FNH:0
DA:1,0
LF:1
LH:0
BRF:0
BRH:0
end_of_record
TN:
SF:/Users/mspaxman/code/workingrepos/seanforyou23-syndesis-react-poc/syndesis/src/modules/customizations/pages/ApiConnectorsPage.tsx
FN:22,getFilteredAndSortedApiConnectors
FN:29,(anonymous_1)
FN:31,(anonymous_2)
FN:36,(anonymous_3)
FN:66,(anonymous_4)
FN:70,(anonymous_5)
FN:80,(anonymous_6)
FN:85,(anonymous_7)
FN:90,(anonymous_8)
FN:93,(anonymous_9)
FN:98,(anonymous_10)
FN:108,(anonymous_11)
FN:153,(anonymous_12)
FN:155,(anonymous_13)
FN:158,(anonymous_14)
FNF:15
FNH:0
FNDA:0,getFilteredAndSortedApiConnectors
FNDA:0,(anonymous_1)
FNDA:0,(anonymous_2)
FNDA:0,(anonymous_3)
FNDA:0,(anonymous_4)
FNDA:0,(anonymous_5)
FNDA:0,(anonymous_6)
FNDA:0,(anonymous_7)
FNDA:0,(anonymous_8)
FNDA:0,(anonymous_9)
FNDA:0,(anonymous_10)
FNDA:0,(anonymous_11)
FNDA:0,(anonymous_12)
FNDA:0,(anonymous_13)
FNDA:0,(anonymous_14)
DA:1,0
DA:3,0
DA:11,0
DA:16,0
DA:17,0
DA:18,0
DA:19,0
DA:20,0
DA:28,0
DA:29,0
DA:30,0
DA:31,0
DA:32,0
DA:36,0
DA:37,0
DA:38,0
DA:42,0
DA:45,0
DA:48,0
DA:55,0
DA:57,0
DA:63,0
DA:67,0
DA:71,0
DA:73,0
DA:74,0
DA:77,0
DA:82,0
DA:87,0
DA:91,0
DA:94,0
DA:99,0
DA:106,0
DA:109,0
DA:154,0
DA:156,0
DA:159,0
LF:37
LH:0
BRDA:37,0,0,0
BRDA:37,0,1,0
BRDA:73,1,0,0
BRDA:73,1,1,0
BRF:4
BRH:0
end_of_record
TN:
SF:/Users/mspaxman/code/workingrepos/seanforyou23-syndesis-react-poc/syndesis/src/modules/customizations/pages/ExtensionDetailsPage.tsx
FN:39,(anonymous_0)
FN:55,(anonymous_1)
FN:59,(anonymous_2)
FN:63,(anonymous_3)
FN:66,(anonymous_4)
FN:69,(anonymous_5)
FN:70,(anonymous_6)
FN:81,(anonymous_7)
FN:88,(anonymous_8)
FN:90,(anonymous_9)
FN:187,(anonymous_10)
FNF:11
FNH:0
FNDA:0,(anonymous_0)
FNDA:0,(anonymous_1)
FNDA:0,(anonymous_2)
FNDA:0,(anonymous_3)
FNDA:0,(anonymous_4)
FNDA:0,(anonymous_5)
FNDA:0,(anonymous_6)
FNDA:0,(anonymous_7)
FNDA:0,(anonymous_8)
FNDA:0,(anonymous_9)
FNDA:0,(anonymous_10)
DA:1,0
DA:3,0
DA:11,0
DA:12,0
DA:13,0
DA:14,0
DA:15,0
DA:16,0
DA:17,0
DA:40,0
DA:41,0
DA:44,0
DA:45,0
DA:48,0
DA:49,0
DA:52,0
DA:56,0
DA:60,0
DA:64,0
DA:67,0
DA:70,0
DA:71,0
DA:74,0
DA:76,0
DA:82,0
DA:89,0
DA:91,0
DA:188,0
LF:28
LH:0
BRDA:40,0,0,0
BRDA:40,0,1,0
BRDA:44,1,0,0
BRDA:44,1,1,0
BRDA:48,2,0,0
BRDA:48,2,1,0
BRDA:132,3,0,0
BRDA:132,3,1,0
BRDA:136,4,0,0
BRDA:136,4,1,0
BRDA:172,5,0,0
BRDA:172,5,1,0
BRF:12
BRH:0
end_of_record
TN:
SF:/Users/mspaxman/code/workingrepos/seanforyou23-syndesis-react-poc/syndesis/src/modules/customizations/pages/ExtensionImportPage.tsx
FN:59,(anonymous_0)
FN:67,(anonymous_1)
FN:85,(anonymous_2)
FN:92,(anonymous_3)
FN:95,(anonymous_4)
FN:96,(anonymous_5)
FN:108,(anonymous_6)
FN:110,(anonymous_7)
FN:111,(anonymous_8)
FN:157,(anonymous_9)
FN:169,(anonymous_10)
FN:234,(anonymous_11)
FNF:12
FNH:0
FNDA:0,(anonymous_0)
FNDA:0,(anonymous_1)
FNDA:0,(anonymous_2)
FNDA:0,(anonymous_3)
FNDA:0,(anonymous_4)
FNDA:0,(anonymous_5)
FNDA:0,(anonymous_6)
FNDA:0,(anonymous_7)
FNDA:0,(anonymous_8)
FNDA:0,(anonymous_9)
FNDA:0,(anonymous_10)
FNDA:0,(anonymous_11)
DA:1,0
DA:3,0
DA:12,0
DA:13,0
DA:14,0
DA:15,0
DA:16,0
DA:17,0
DA:18,0
DA:19,0
DA:20,0
DA:60,0
DA:61,0
DA:68,0
DA:69,0
DA:71,0
DA:73,0
DA:77,0
DA:86,0
DA:93,0
DA:96,0
DA:97,0
DA:103,0
DA:104,0
DA:106,0
DA:109,0
DA:111,0
DA:114,0
DA:116,0
DA:126,0
DA:128,0
DA:134,0
DA:144,0
DA:157,0
DA:158,0
DA:159,0
DA:160,0
DA:167,0
DA:170,0
DA:235,0
LF:40
LH:0
BRDA:68,0,0,0
BRDA:68,0,1,0
BRDA:70,1,0,0
BRDA:70,1,1,0
BRDA:202,2,0,0
BRDA:202,2,1,0
BRDA:232,3,0,0
BRDA:232,3,1,0
BRDA:231,4,0,0
BRDA:231,4,1,0
BRF:10
BRH:0
end_of_record
TN:
SF:/Users/mspaxman/code/workingrepos/seanforyou23-syndesis-react-poc/syndesis/src/modules/customizations/pages/ExtensionsPage.tsx
FN:19,getFilteredAndSortedExtensions
FN:26,(anonymous_1)
FN:28,(anonymous_2)
FN:33,(anonymous_3)
FN:63,(anonymous_4)
FN:67,(anonymous_5)
FN:78,(anonymous_6)
FN:83,(anonymous_7)
FN:86,(anonymous_8)
FN:87,(anonymous_9)
FN:93,(anonymous_10)
FN:98,(anonymous_11)
FN:108,(anonymous_12)
FN:155,(anonymous_13)
FN:157,(anonymous_14)
FN:161,(anonymous_15)
FNF:16
FNH:0
FNDA:0,getFilteredAndSortedExtensions
FNDA:0,(anonymous_1)
FNDA:0,(anonymous_2)
FNDA:0,(anonymous_3)
FNDA:0,(anonymous_4)
FNDA:0,(anonymous_5)
FNDA:0,(anonymous_6)
FNDA:0,(anonymous_7)
FNDA:0,(anonymous_8)
FNDA:0,(anonymous_9)
FNDA:0,(anonymous_10)
FNDA:0,(anonymous_11)
FNDA:0,(anonymous_12)
FNDA:0,(anonymous_13)
FNDA:0,(anonymous_14)
FNDA:0,(anonymous_15)
DA:1,0
DA:3,0
DA:11,0
DA:12,0
DA:13,0
DA:14,0
DA:15,0
DA:16,0
DA:17,0
DA:25,0
DA:26,0
DA:27,0
DA:28,0
DA:29,0
DA:33,0
DA:34,0
DA:35,0
DA:39,0
DA:42,0
DA:45,0
DA:52,0
DA:54,0
DA:60,0
DA:64,0
DA:69,0
DA:71,0
DA:72,0
DA:75,0
DA:84,0
DA:87,0
DA:88,0
DA:91,0
DA:94,0
DA:99,0
DA:106,0
DA:109,0
DA:156,0
DA:158,0
DA:162,0
LF:39
LH:0
BRDA:34,0,0,0
BRDA:34,0,1,0
BRDA:71,1,0,0
BRDA:71,1,1,0
BRF:4
BRH:0
end_of_record
TN:
SF:/Users/mspaxman/code/workingrepos/seanforyou23-syndesis-react-poc/syndesis/src/modules/customizations/shared/CustomizationsNavBar.tsx
FN:16,(anonymous_0)
FN:19,(anonymous_1)
FNF:2
FNH:0
FNDA:0,(anonymous_0)
FNDA:0,(anonymous_1)
DA:1,0
DA:2,0
DA:3,0
DA:4,0
DA:17,0
DA:20,0
LF:6
LH:0
BRF:0
BRH:0
end_of_record
TN:
SF:/Users/mspaxman/code/workingrepos/seanforyou23-syndesis-react-poc/syndesis/src/modules/customizations/shared/ExtensionIntegrations.tsx
FN:24,(anonymous_0)
FN:34,(anonymous_1)
FN:37,(anonymous_2)
FN:44,(anonymous_3)
FN:46,(anonymous_4)
FNF:5
FNH:0
FNDA:0,(anonymous_0)
FNDA:0,(anonymous_1)
FNDA:0,(anonymous_2)
FNDA:0,(anonymous_3)
FNDA:0,(anonymous_4)
DA:1,0
DA:2,0
DA:7,0
DA:8,0
DA:9,0
DA:10,0
DA:25,0
DA:26,0
DA:29,0
DA:35,0
DA:38,0
DA:45,0
DA:47,0
LF:13
LH:0
BRDA:25,0,0,0
BRDA:25,0,1,0
BRF:2
BRH:0
end_of_record
TN:
SF:/Users/mspaxman/code/workingrepos/seanforyou23-syndesis-react-poc/syndesis/src/modules/dashboard/DashboardApp.tsx
FN:10,(anonymous_0)
FNF:1
FNH:0
FNDA:0,(anonymous_0)
DA:1,0
DA:2,0
DA:3,0
DA:11,0
LF:4
LH:0
BRF:0
BRH:0
end_of_record
TN:
SF:/Users/mspaxman/code/workingrepos/seanforyou23-syndesis-react-poc/syndesis/src/modules/dashboard/index.tsx
FN:7,(anonymous_0)
FN:12,(anonymous_2)
FN:15,(anonymous_3)
FNF:3
FNH:0
FNDA:0,(anonymous_0)
FNDA:0,(anonymous_2)
FNDA:0,(anonymous_3)
DA:1,0
DA:2,0
DA:3,0
DA:4,0
DA:6,0
DA:7,0
DA:13,0
DA:15,0
LF:8
LH:0
BRF:0
BRH:0
end_of_record
TN:
SF:/Users/mspaxman/code/workingrepos/seanforyou23-syndesis-react-poc/syndesis/src/modules/dashboard/resolvers.ts
FN:13,(anonymous_1)
FNF:1
FNH:0
FNDA:0,(anonymous_1)
DA:2,0
DA:3,0
DA:13,0
LF:3
LH:0
BRF:0
BRH:0
end_of_record
TN:
SF:/Users/mspaxman/code/workingrepos/seanforyou23-syndesis-react-poc/syndesis/src/modules/dashboard/routes.ts
FNF:0
FNH:0
DA:1,0
LF:1
LH:0
BRF:0
BRH:0
end_of_record
TN:
SF:/Users/mspaxman/code/workingrepos/seanforyou23-syndesis-react-poc/syndesis/src/modules/dashboard/pages/DashboardPage.tsx
FN:36,getIntegrationsCountsByState
FN:40,(anonymous_1)
FN:56,getTimestamp
FN:62,byTimestamp
FN:68,getRecentlyUpdatedIntegrations
FN:72,(anonymous_5)
FN:77,getTopIntegrations
FN:82,(anonymous_7)
FN:88,(anonymous_8)
FN:93,(anonymous_9)
FN:94,(anonymous_10)
FN:96,(anonymous_11)
FN:104,getConnectionHref
FN:110,(anonymous_14)
FN:112,(anonymous_15)
FN:114,(anonymous_16)
FN:127,(anonymous_17)
FN:227,(anonymous_18)
FN:228,(anonymous_19)
FNF:19
FNH:0
FNDA:0,getIntegrationsCountsByState
FNDA:0,(anonymous_1)
FNDA:0,getTimestamp
FNDA:0,byTimestamp
FNDA:0,getRecentlyUpdatedIntegrations
FNDA:0,(anonymous_5)
FNDA:0,getTopIntegrations
FNDA:0,(anonymous_7)
FNDA:0,(anonymous_8)
FNDA:0,(anonymous_9)
FNDA:0,(anonymous_10)
FNDA:0,(anonymous_11)
FNDA:0,getConnectionHref
FNDA:0,(anonymous_14)
FNDA:0,(anonymous_15)
FNDA:0,(anonymous_16)
FNDA:0,(anonymous_17)
FNDA:0,(anonymous_18)
FNDA:0,(anonymous_19)
DA:1,0
DA:11,0
DA:22,0
DA:23,0
DA:24,0
DA:25,0
DA:26,0
DA:27,0
DA:39,0
DA:41,0
DA:42,0
DA:57,0
DA:63,0
DA:64,0
DA:65,0
DA:71,0
DA:72,0
DA:81,0
DA:83,0
DA:89,0
DA:92,0
DA:93,0
DA:95,0
DA:96,0
DA:98,0
DA:105,0
DA:111,0
DA:113,0
DA:115,0
DA:118,0
DA:121,0
DA:125,0
DA:128,0
DA:228,0
DA:229,0
LF:35
LH:0
BRDA:41,0,0,0
BRDA:41,0,1,0
BRDA:58,1,0,0
BRDA:58,1,1,0
BRDA:63,2,0,0
BRDA:63,2,1,0
BRDA:64,3,0,0
BRDA:64,3,1,0
BRDA:79,4,0,0
BRDA:98,5,0,0
BRDA:98,5,1,0
BRDA:233,6,0,0
BRDA:233,6,1,0
BRF:13
BRH:0
end_of_record
TN:
SF:/Users/mspaxman/code/workingrepos/seanforyou23-syndesis-react-poc/syndesis/src/modules/data/DataApp.tsx
FN:12,(anonymous_0)
FNF:1
FNH:0
FNDA:0,(anonymous_0)
DA:1,0
DA:2,0
DA:3,0
DA:4,0
DA:5,0
DA:6,0
DA:7,0
DA:8,0
DA:9,0
DA:13,0
LF:10
LH:0
BRF:0
BRH:0
end_of_record
TN:
SF:/Users/mspaxman/code/workingrepos/seanforyou23-syndesis-react-poc/syndesis/src/modules/data/index.tsx
FN:6,(anonymous_0)
FN:11,(anonymous_2)
FNF:2
FNH:0
FNDA:0,(anonymous_0)
FNDA:0,(anonymous_2)
DA:1,0
DA:2,0
DA:3,0
DA:5,0
DA:6,0
DA:12,0
LF:6
LH:0
BRF:0
BRH:0
end_of_record
TN:
SF:/Users/mspaxman/code/workingrepos/seanforyou23-syndesis-react-poc/syndesis/src/modules/data/resolvers.ts
FN:11,(anonymous_0)
FN:22,(anonymous_1)
FN:33,(anonymous_2)
FN:44,(anonymous_3)
FNF:4
FNH:0
FNDA:0,(anonymous_0)
FNDA:0,(anonymous_1)
FNDA:0,(anonymous_2)
FNDA:0,(anonymous_3)
DA:3,0
DA:4,0
DA:11,0
DA:22,0
DA:33,0
DA:44,0
LF:6
LH:0
BRF:0
BRH:0
end_of_record
TN:
SF:/Users/mspaxman/code/workingrepos/seanforyou23-syndesis-react-poc/syndesis/src/modules/data/routes.ts
FNF:0
FNH:0
DA:1,0
LF:1
LH:0
BRF:0
BRH:0
end_of_record
TN:
SF:/Users/mspaxman/code/workingrepos/seanforyou23-syndesis-react-poc/syndesis/src/modules/data/pages/VirtualizationCreatePage.tsx
FN:12,(anonymous_0)
FN:39,(anonymous_1)
FN:50,(anonymous_2)
FN:53,(anonymous_3)
FN:54,(anonymous_4)
FN:64,(anonymous_5)
FN:94,(anonymous_6)
FNF:7
FNH:0
FNDA:0,(anonymous_0)
FNDA:0,(anonymous_1)
FNDA:0,(anonymous_2)
FNDA:0,(anonymous_3)
FNDA:0,(anonymous_4)
FNDA:0,(anonymous_5)
FNDA:0,(anonymous_6)
DA:1,0
DA:2,0
DA:3,0
DA:4,0
DA:5,0
DA:6,0
DA:7,0
DA:8,0
DA:9,0
DA:13,0
DA:39,0
DA:40,0
DA:42,0
DA:43,0
DA:45,0
DA:48,0
DA:52,0
DA:54,0
DA:55,0
DA:60,0
DA:62,0
DA:65,0
DA:95,0
LF:23
LH:0
BRDA:42,0,0,0
BRDA:42,0,1,0
BRF:2
BRH:0
end_of_record
TN:
SF:/Users/mspaxman/code/workingrepos/seanforyou23-syndesis-react-poc/syndesis/src/modules/data/pages/VirtualizationMetricsPage.tsx
FN:26,(anonymous_0)
FN:29,(anonymous_1)
FNF:2
FNH:0
FNDA:0,(anonymous_0)
FNDA:0,(anonymous_1)
DA:2,0
DA:3,0
DA:4,0
DA:27,0
DA:29,0
DA:33,0
LF:6
LH:0
BRF:0
BRH:0
end_of_record
TN:
SF:/Users/mspaxman/code/workingrepos/seanforyou23-syndesis-react-poc/syndesis/src/modules/data/pages/VirtualizationRelationshipPage.tsx
FN:27,(anonymous_0)
FN:30,(anonymous_1)
FNF:2
FNH:0
FNDA:0,(anonymous_0)
FNDA:0,(anonymous_1)
DA:2,0
DA:3,0
DA:4,0
DA:28,0
DA:30,0
DA:33,0
LF:6
LH:0
BRF:0
BRH:0
end_of_record
TN:
SF:/Users/mspaxman/code/workingrepos/seanforyou23-syndesis-react-poc/syndesis/src/modules/data/pages/VirtualizationSqlQueryPage.tsx
FN:26,(anonymous_0)
FN:29,(anonymous_1)
FNF:2
FNH:0
FNDA:0,(anonymous_0)
FNDA:0,(anonymous_1)
DA:2,0
DA:3,0
DA:4,0
DA:27,0
DA:29,0
DA:32,0
LF:6
LH:0
BRF:0
BRH:0
end_of_record
TN:
SF:/Users/mspaxman/code/workingrepos/seanforyou23-syndesis-react-poc/syndesis/src/modules/data/pages/VirtualizationViewsPage.tsx
FN:41,getFilteredAndSortedViews
FN:48,(anonymous_1)
FN:50,(anonymous_2)
FN:55,(anonymous_3)
FN:88,(anonymous_4)
FN:92,(anonymous_5)
FN:97,(anonymous_6)
FN:102,(anonymous_7)
FN:107,(anonymous_8)
FN:113,(anonymous_9)
FN:118,(anonymous_10)
FN:123,(anonymous_11)
FN:132,(anonymous_12)
FN:184,(anonymous_13)
FN:186,(anonymous_14)
FN:190,(anonymous_15)
FNF:16
FNH:0
FNDA:0,getFilteredAndSortedViews
FNDA:0,(anonymous_1)
FNDA:0,(anonymous_2)
FNDA:0,(anonymous_3)
FNDA:0,(anonymous_4)
FNDA:0,(anonymous_5)
FNDA:0,(anonymous_6)
FNDA:0,(anonymous_7)
FNDA:0,(anonymous_8)
FNDA:0,(anonymous_9)
FNDA:0,(anonymous_10)
FNDA:0,(anonymous_11)
FNDA:0,(anonymous_12)
FNDA:0,(anonymous_13)
FNDA:0,(anonymous_14)
FNDA:0,(anonymous_15)
DA:1,0
DA:4,0
DA:5,0
DA:6,0
DA:7,0
DA:9,0
DA:17,0
DA:22,0
DA:23,0
DA:47,0
DA:48,0
DA:49,0
DA:50,0
DA:51,0
DA:55,0
DA:56,0
DA:57,0
DA:61,0
DA:64,0
DA:67,0
DA:74,0
DA:76,0
DA:82,0
DA:89,0
DA:94,0
DA:99,0
DA:104,0
DA:108,0
DA:114,0
DA:119,0
DA:124,0
DA:130,0
DA:133,0
DA:185,0
DA:187,0
DA:194,0
LF:36
LH:0
BRDA:56,0,0,0
BRDA:56,0,1,0
BRF:2
BRH:0
end_of_record
TN:
SF:/Users/mspaxman/code/workingrepos/seanforyou23-syndesis-react-poc/syndesis/src/modules/data/pages/VirtualizationsPage.tsx
FN:17,getFilteredAndSortedVirtualizations
FN:24,(anonymous_1)
FN:27,(anonymous_2)
FN:33,(anonymous_3)
FN:67,getVirtualizationsHref
FN:72,(anonymous_5)
FN:76,(anonymous_6)
FN:81,(anonymous_7)
FN:86,(anonymous_8)
FN:91,(anonymous_9)
FN:95,(anonymous_10)
FN:100,(anonymous_11)
FN:104,(anonymous_12)
FN:108,(anonymous_13)
FN:114,(anonymous_14)
FN:119,(anonymous_15)
FN:129,(anonymous_16)
FN:186,(anonymous_17)
FN:188,(anonymous_18)
FNF:19
FNH:0
FNDA:0,getFilteredAndSortedVirtualizations
FNDA:0,(anonymous_1)
FNDA:0,(anonymous_2)
FNDA:0,(anonymous_3)
FNDA:0,getVirtualizationsHref
FNDA:0,(anonymous_5)
FNDA:0,(anonymous_6)
FNDA:0,(anonymous_7)
FNDA:0,(anonymous_8)
FNDA:0,(anonymous_9)
FNDA:0,(anonymous_10)
FNDA:0,(anonymous_11)
FNDA:0,(anonymous_12)
FNDA:0,(anonymous_13)
FNDA:0,(anonymous_14)
FNDA:0,(anonymous_15)
FNDA:0,(anonymous_16)
FNDA:0,(anonymous_17)
FNDA:0,(anonymous_18)
DA:1,0
DA:3,0
DA:11,0
DA:12,0
DA:13,0
DA:14,0
DA:15,0
DA:23,0
DA:24,0
DA:25,0
DA:26,0
DA:28,0
DA:32,0
DA:34,0
DA:35,0
DA:41,0
DA:47,0
DA:50,0
DA:57,0
DA:59,0
DA:65,0
DA:68,0
DA:73,0
DA:78,0
DA:83,0
DA:88,0
DA:92,0
DA:100,0
DA:101,0
DA:104,0
DA:105,0
DA:108,0
DA:109,0
DA:112,0
DA:115,0
DA:120,0
DA:127,0
DA:130,0
DA:187,0
DA:192,0
LF:40
LH:0
BRDA:34,0,0,0
BRDA:34,0,1,0
BRDA:202,1,0,0
BRDA:202,1,1,0
BRF:4
BRH:0
end_of_record
TN:
SF:/Users/mspaxman/code/workingrepos/seanforyou23-syndesis-react-poc/syndesis/src/modules/data/shared/HeaderView.tsx
FN:13,(anonymous_0)
FN:17,(anonymous_1)
FN:20,(anonymous_2)
FN:27,(anonymous_3)
FNF:4
FNH:0
FNDA:0,(anonymous_0)
FNDA:0,(anonymous_1)
FNDA:0,(anonymous_2)
FNDA:0,(anonymous_3)
DA:1,0
DA:2,0
DA:3,0
DA:4,0
DA:14,0
DA:18,0
DA:21,0
DA:28,0
LF:8
LH:0
BRF:0
BRH:0
end_of_record
TN:
SF:/Users/mspaxman/code/workingrepos/seanforyou23-syndesis-react-poc/syndesis/src/modules/data/shared/VirtualizationNavBar.tsx
FN:16,(anonymous_0)
FN:19,(anonymous_1)
FNF:2
FNH:0
FNDA:0,(anonymous_0)
FNDA:0,(anonymous_1)
DA:1,0
DA:2,0
DA:3,0
DA:4,0
DA:17,0
DA:20,0
LF:6
LH:0
BRF:0
BRH:0
end_of_record
TN:
SF:/Users/mspaxman/code/workingrepos/seanforyou23-syndesis-react-poc/syndesis/src/modules/integrations/IntegrationCreatorApp.tsx
FN:31,(anonymous_0)
FNF:1
FNH:0
FNDA:0,(anonymous_0)
DA:1,0
DA:2,0
DA:3,0
DA:4,0
DA:5,0
DA:6,0
DA:7,0
DA:8,0
DA:32,0
LF:9
LH:0
BRF:0
BRH:0
end_of_record
TN:
SF:/Users/mspaxman/code/workingrepos/seanforyou23-syndesis-react-poc/syndesis/src/modules/integrations/IntegrationEditorApp.tsx
FN:37,(anonymous_0)
FN:40,(anonymous_1)
FNF:2
FNH:0
FNDA:0,(anonymous_0)
FNDA:0,(anonymous_1)
DA:2,0
DA:3,0
DA:4,0
DA:5,0
DA:6,0
DA:7,0
DA:8,0
DA:9,0
DA:10,0
DA:38,0
DA:41,0
LF:11
LH:0
BRF:0
BRH:0
end_of_record
TN:
SF:/Users/mspaxman/code/workingrepos/seanforyou23-syndesis-react-poc/syndesis/src/modules/integrations/index.tsx
FN:26,(anonymous_0)
FNF:1
FNH:0
FNDA:0,(anonymous_0)
DA:1,0
DA:2,0
DA:3,0
DA:4,0
DA:5,0
DA:6,0
DA:27,0
LF:7
LH:0
BRF:0
BRH:0
end_of_record
TN:
SF:/Users/mspaxman/code/workingrepos/seanforyou23-syndesis-react-poc/syndesis/src/modules/integrations/resolvers.ts
FN:17,(anonymous_0)
FN:34,(anonymous_1)
FN:55,(anonymous_2)
FN:70,(anonymous_3)
FN:92,(anonymous_4)
FN:119,(anonymous_5)
FN:131,(anonymous_6)
FN:146,(anonymous_7)
FN:166,(anonymous_8)
FN:195,(anonymous_9)
FN:214,(anonymous_10)
FN:233,(anonymous_11)
FN:245,(anonymous_12)
FN:256,(anonymous_13)
FN:268,(anonymous_14)
FN:283,(anonymous_15)
FN:299,(anonymous_16)
FN:320,(anonymous_17)
FN:350,(anonymous_18)
FN:370,(anonymous_19)
FN:390,(anonymous_20)
FN:403,(anonymous_21)
FNF:22
FNH:0
FNDA:0,(anonymous_0)
FNDA:0,(anonymous_1)
FNDA:0,(anonymous_2)
FNDA:0,(anonymous_3)
FNDA:0,(anonymous_4)
FNDA:0,(anonymous_5)
FNDA:0,(anonymous_6)
FNDA:0,(anonymous_7)
FNDA:0,(anonymous_8)
FNDA:0,(anonymous_9)
FNDA:0,(anonymous_10)
FNDA:0,(anonymous_11)
FNDA:0,(anonymous_12)
FNDA:0,(anonymous_13)
FNDA:0,(anonymous_14)
FNDA:0,(anonymous_15)
FNDA:0,(anonymous_16)
FNDA:0,(anonymous_17)
FNDA:0,(anonymous_18)
FNDA:0,(anonymous_19)
FNDA:0,(anonymous_20)
FNDA:0,(anonymous_21)
DA:3,0
DA:4,0
DA:17,0
DA:34,0
DA:55,0
DA:70,0
DA:100,0
DA:119,0
DA:131,0
DA:146,0
DA:173,0
DA:195,0
DA:214,0
DA:233,0
DA:245,0
DA:256,0
DA:268,0
DA:283,0
DA:299,0
DA:327,0
DA:350,0
DA:370,0
DA:390,0
DA:403,0
LF:24
LH:0
BRF:0
BRH:0
end_of_record
TN:
SF:/Users/mspaxman/code/workingrepos/seanforyou23-syndesis-react-poc/syndesis/src/modules/integrations/routes.ts
FNF:0
FNH:0
DA:2,0
DA:8,0
LF:2
LH:0
BRF:0
BRH:0
end_of_record
TN:
SF:/Users/mspaxman/code/workingrepos/seanforyou23-syndesis-react-poc/syndesis/src/modules/integrations/components/IntegrationCreatorBreadcrumbs.tsx
FN:37,(anonymous_0)
FN:42,(anonymous_1)
FN:48,(anonymous_2)
FNF:3
FNH:0
FNDA:0,(anonymous_0)
FNDA:0,(anonymous_1)
FNDA:0,(anonymous_2)
DA:1,0
DA:2,0
DA:37,0
DA:38,0
DA:39,0
DA:43,0
DA:49,0
LF:7
LH:0
BRF:0
BRH:0
end_of_record
TN:
SF:/Users/mspaxman/code/workingrepos/seanforyou23-syndesis-react-poc/syndesis/src/modules/integrations/components/IntegrationEditorBreadcrumbs.tsx
FN:32,(anonymous_0)
FN:37,(anonymous_1)
FN:43,(anonymous_2)
FNF:3
FNH:0
FNDA:0,(anonymous_0)
FNDA:0,(anonymous_1)
FNDA:0,(anonymous_2)
DA:1,0
DA:2,0
DA:32,0
DA:33,0
DA:34,0
DA:38,0
DA:44,0
LF:7
LH:0
BRF:0
BRH:0
end_of_record
TN:
SF:/Users/mspaxman/code/workingrepos/seanforyou23-syndesis-react-poc/syndesis/src/modules/integrations/components/IntegrationEditorSidebar.tsx
FN:69,(anonymous_0)
FN:72,(anonymous_1)
FN:73,(anonymous_2)
FNF:3
FNH:0
FNDA:0,(anonymous_0)
FNDA:0,(anonymous_1)
FNDA:0,(anonymous_2)
DA:2,0
DA:7,0
DA:70,0
DA:73,0
DA:74,0
DA:76,0
DA:77,0
DA:78,0
DA:81,0
DA:90,0
LF:10
LH:0
BRDA:76,0,0,0
BRDA:76,0,1,0
BRDA:78,1,0,0
BRDA:78,1,1,0
BRDA:82,2,0,0
BRDA:82,2,1,0
BRDA:92,3,0,0
BRDA:92,3,1,0
BRDA:106,4,0,0
BRDA:106,4,1,0
BRF:10
BRH:0
end_of_record
TN:
SF:/Users/mspaxman/code/workingrepos/seanforyou23-syndesis-react-poc/syndesis/src/modules/integrations/components/IntegrationEditorStepAdder.tsx
FN:62,(anonymous_0)
FN:65,(anonymous_1)
FNF:2
FNH:0
FNDA:0,(anonymous_0)
FNDA:0,(anonymous_1)
DA:2,0
DA:9,0
DA:63,0
DA:66,0
LF:4
LH:0
BRDA:85,0,0,0
BRDA:85,0,1,0
BRF:2
BRH:0
end_of_record
TN:
SF:/Users/mspaxman/code/workingrepos/seanforyou23-syndesis-react-poc/syndesis/src/modules/integrations/components/Integrations.tsx
FN:24,(anonymous_0)
FN:27,(anonymous_1)
FN:29,(anonymous_2)
FN:31,(anonymous_3)
FN:39,(anonymous_4)
FN:41,(anonymous_5)
FN:51,(anonymous_6)
FN:55,(anonymous_7)
FN:59,(anonymous_8)
FN:63,(anonymous_9)
FNF:10
FNH:0
FNDA:0,(anonymous_0)
FNDA:0,(anonymous_1)
FNDA:0,(anonymous_2)
FNDA:0,(anonymous_3)
FNDA:0,(anonymous_4)
FNDA:0,(anonymous_5)
FNDA:0,(anonymous_6)
FNDA:0,(anonymous_7)
FNDA:0,(anonymous_8)
FNDA:0,(anonymous_9)
DA:1,0
DA:3,0
DA:11,0
DA:12,0
DA:13,0
DA:14,0
DA:15,0
DA:25,0
DA:28,0
DA:30,0
DA:32,0
DA:40,0
DA:42,0
DA:43,0
DA:49,0
DA:51,0
DA:53,0
DA:55,0
DA:57,0
DA:59,0
DA:61,0
DA:63,0
DA:65,0
DA:66,0
DA:67,0
DA:69,0
DA:70,0
DA:72,0
DA:73,0
DA:75,0
DA:76,0
DA:77,0
DA:141,0
LF:33
LH:0
BRDA:66,0,0,0
BRDA:66,0,1,0
BRDA:69,1,0,0
BRDA:69,1,1,0
BRDA:72,2,0,0
BRDA:72,2,1,0
BRDA:85,3,0,0
BRDA:85,3,1,0
BRDA:85,3,2,0
BRDA:91,4,0,0
BRDA:91,4,1,0
BRDA:98,5,0,0
BRDA:98,5,1,0
BRDA:102,6,0,0
BRDA:102,6,1,0
BRDA:145,7,0,0
BRDA:145,7,1,0
BRDA:145,7,2,0
BRDA:145,7,3,0
BRF:19
BRH:0
end_of_record
TN:
SF:/Users/mspaxman/code/workingrepos/seanforyou23-syndesis-react-poc/syndesis/src/modules/integrations/components/index.ts
FN:1,(anonymous_0)
FN:2,(anonymous_2)
FN:3,(anonymous_4)
FN:4,(anonymous_6)
FN:5,(anonymous_8)
FNF:5
FNH:0
FNDA:0,(anonymous_0)
FNDA:0,(anonymous_2)
FNDA:0,(anonymous_4)
FNDA:0,(anonymous_6)
FNDA:0,(anonymous_8)
DA:1,0
DA:2,0
DA:3,0
DA:4,0
DA:5,0
LF:5
LH:0
BRDA:1,0,0,0
BRDA:1,0,1,0
BRDA:2,1,0,0
BRDA:2,1,1,0
BRDA:3,2,0,0
BRDA:3,2,1,0
BRDA:4,3,0,0
BRDA:4,3,1,0
BRDA:5,4,0,0
BRDA:5,4,1,0
BRF:10
BRH:0
end_of_record
TN:
SF:/Users/mspaxman/code/workingrepos/seanforyou23-syndesis-react-poc/syndesis/src/modules/integrations/pages/IntegrationsPage.tsx
FN:17,getFilteredAndSortedIntegrations
FN:24,(anonymous_1)
FN:27,(anonymous_2)
FN:33,(anonymous_3)
FN:36,(anonymous_4)
FN:37,(anonymous_5)
FN:42,(anonymous_6)
FN:52,(anonymous_7)
FN:82,getFilterTypes
FN:87,(anonymous_9)
FN:110,(anonymous_10)
FN:113,(anonymous_11)
FN:115,(anonymous_12)
FN:117,(anonymous_13)
FN:122,(anonymous_14)
FNF:15
FNH:0
FNDA:0,getFilteredAndSortedIntegrations
FNDA:0,(anonymous_1)
FNDA:0,(anonymous_2)
FNDA:0,(anonymous_3)
FNDA:0,(anonymous_4)
FNDA:0,(anonymous_5)
FNDA:0,(anonymous_6)
FNDA:0,(anonymous_7)
FNDA:0,getFilterTypes
FNDA:0,(anonymous_9)
FNDA:0,(anonymous_10)
FNDA:0,(anonymous_11)
FNDA:0,(anonymous_12)
FNDA:0,(anonymous_13)
FNDA:0,(anonymous_14)
DA:1,0
DA:3,0
DA:9,0
DA:10,0
DA:11,0
DA:12,0
DA:13,0
DA:14,0
DA:15,0
DA:23,0
DA:24,0
DA:25,0
DA:26,0
DA:28,0
DA:29,0
DA:31,0
DA:32,0
DA:33,0
DA:36,0
DA:37,0
DA:41,0
DA:42,0
DA:46,0
DA:51,0
DA:53,0
DA:54,0
DA:55,0
DA:56,0
DA:58,0
DA:64,0
DA:67,0
DA:74,0
DA:83,0
DA:87,0
DA:95,0
DA:101,0
DA:107,0
DA:111,0
DA:114,0
DA:116,0
DA:118,0
DA:123,0
DA:130,0
LF:43
LH:0
BRDA:28,0,0,0
BRDA:28,0,1,0
BRDA:31,1,0,0
BRDA:31,1,1,0
BRDA:42,2,0,0
BRDA:42,2,1,0
BRDA:53,3,0,0
BRDA:53,3,1,0
BRDA:54,4,0,0
BRDA:54,4,1,0
BRDA:55,5,0,0
BRDA:55,5,1,0
BRF:12
BRH:0
end_of_record
TN:
SF:/Users/mspaxman/code/workingrepos/seanforyou23-syndesis-react-poc/syndesis/src/modules/integrations/pages/TestAtlasmapPage.tsx
FN:19,(anonymous_0)
FN:25,(anonymous_1)
FN:31,(anonymous_2)
FN:37,(anonymous_3)
FNF:4
FNH:0
FNDA:0,(anonymous_0)
FNDA:0,(anonymous_1)
FNDA:0,(anonymous_2)
FNDA:0,(anonymous_3)
DA:1,0
DA:6,0
DA:7,0
DA:19,0
DA:20,0
DA:21,0
DA:22,0
DA:26,0
DA:32,0
DA:38,0
LF:10
LH:0
BRF:0
BRH:0
end_of_record
TN:
SF:/Users/mspaxman/code/workingrepos/seanforyou23-syndesis-react-poc/syndesis/src/modules/integrations/pages/index.ts
FN:1,(anonymous_0)
FN:2,(anonymous_2)
FN:3,(anonymous_4)
FN:4,(anonymous_6)
FNF:4
FNH:0
FNDA:0,(anonymous_0)
FNDA:0,(anonymous_2)
FNDA:0,(anonymous_4)
FNDA:0,(anonymous_6)
DA:1,0
DA:2,0
DA:3,0
DA:4,0
LF:4
LH:0
BRDA:1,0,0,0
BRDA:1,0,1,0
BRDA:2,1,0,0
BRDA:2,1,1,0
BRDA:3,2,0,0
BRDA:3,2,1,0
BRDA:4,3,0,0
BRDA:4,3,1,0
BRF:8
BRH:0
end_of_record
TN:
SF:/Users/mspaxman/code/workingrepos/seanforyou23-syndesis-react-poc/syndesis/src/modules/integrations/pages/resolversHelpers.ts
FN:4,getCreateAddConnectionHref
FN:14,getCreateAddStepHref
FN:24,getCreateConfigureConnectionHrefCallback
FN:27,(anonymous_3)
FN:35,getCreateConfigureStepHrefCallback
FN:36,(anonymous_5)
FN:39,getEditAddConnectionHref
FN:49,getEditAddStepHref
FN:56,getEditConfigureConnectionHrefCallback
FN:59,(anonymous_9)
FN:67,getEditConfigureStepHrefCallback
FN:68,(anonymous_11)
FNF:12
FNH:0
FNDA:0,getCreateAddConnectionHref
FNDA:0,getCreateAddStepHref
FNDA:0,getCreateConfigureConnectionHrefCallback
FNDA:0,(anonymous_3)
FNDA:0,getCreateConfigureStepHrefCallback
FNDA:0,(anonymous_5)
FNDA:0,getEditAddConnectionHref
FNDA:0,getEditAddStepHref
FNDA:0,getEditConfigureConnectionHrefCallback
FNDA:0,(anonymous_9)
FNDA:0,getEditConfigureStepHrefCallback
FNDA:0,(anonymous_11)
DA:2,0
DA:8,0
DA:18,0
DA:27,0
DA:28,0
DA:36,0
DA:43,0
DA:50,0
DA:59,0
DA:60,0
DA:68,0
LF:11
LH:0
BRF:0
BRH:0
end_of_record
TN:
SF:/Users/mspaxman/code/workingrepos/seanforyou23-syndesis-react-poc/syndesis/src/modules/integrations/pages/create/index.ts
FNF:0
FNH:0
DA:1,0
DA:2,0
DA:3,0
DA:5,0
LF:4
LH:0
BRF:0
BRH:0
end_of_record
TN:
SF:/Users/mspaxman/code/workingrepos/seanforyou23-syndesis-react-poc/syndesis/src/modules/integrations/pages/create/configure/index.ts
FNF:0
FNH:0
DA:1,0
DA:2,0
DA:3,0
LF:3
LH:0
BRF:0
BRH:0
end_of_record
TN:
SF:/Users/mspaxman/code/workingrepos/seanforyou23-syndesis-react-poc/syndesis/src/modules/integrations/pages/create/configure/addConnection/ConfigureActionPage.tsx
FN:62,(anonymous_0)
FN:65,(anonymous_1)
FN:70,(anonymous_2)
FN:78,(anonymous_3)
FN:121,(anonymous_4)
FNF:5
FNH:0
FNDA:0,(anonymous_0)
FNDA:0,(anonymous_1)
FNDA:0,(anonymous_2)
FNDA:0,(anonymous_3)
FNDA:0,(anonymous_4)
DA:1,0
DA:3,0
DA:4,0
DA:5,0
DA:6,0
DA:7,0
DA:11,0
DA:12,0
DA:63,0
DA:66,0
DA:75,0
DA:76,0
DA:77,0
DA:78,0
DA:83,0
DA:93,0
DA:94,0
DA:105,0
DA:113,0
DA:122,0
LF:20
LH:0
BRDA:71,0,0,0
BRDA:84,1,0,0
BRDA:84,1,1,0
BRDA:86,2,0,0
BRDA:86,2,1,0
BRDA:93,3,0,0
BRDA:93,3,1,0
BRDA:129,4,0,0
BRDA:129,4,1,0
BRDA:133,5,0,0
BRDA:133,5,1,0
BRF:11
BRH:0
end_of_record
TN:
SF:/Users/mspaxman/code/workingrepos/seanforyou23-syndesis-react-poc/syndesis/src/modules/integrations/pages/create/configure/addConnection/SelectActionPage.tsx
FN:56,(anonymous_0)
FN:59,(anonymous_1)
FN:61,(anonymous_2)
FN:68,(anonymous_3)
FN:75,(anonymous_4)
FN:118,(anonymous_5)
FN:119,(anonymous_6)
FNF:7
FNH:0
FNDA:0,(anonymous_0)
FNDA:0,(anonymous_1)
FNDA:0,(anonymous_2)
FNDA:0,(anonymous_3)
FNDA:0,(anonymous_4)
FNDA:0,(anonymous_5)
FNDA:0,(anonymous_6)
DA:1,0
DA:3,0
DA:10,0
DA:11,0
DA:12,0
DA:13,0
DA:17,0
DA:57,0
DA:60,0
DA:62,0
DA:69,0
DA:76,0
DA:77,0
DA:118,0
DA:120,0
LF:15
LH:0
BRDA:83,0,0,0
BRDA:83,0,1,0
BRDA:94,1,0,0
BRDA:94,1,1,0
BRDA:101,2,0,0
BRDA:101,2,1,0
BRDA:124,3,0,0
BRDA:124,3,1,0
BRF:8
BRH:0
end_of_record
TN:
SF:/Users/mspaxman/code/workingrepos/seanforyou23-syndesis-react-poc/syndesis/src/modules/integrations/pages/create/configure/addConnection/SelectConnectionPage.tsx
FN:48,(anonymous_0)
FN:51,(anonymous_1)
FN:58,(anonymous_2)
FN:74,(anonymous_3)
FN:87,(anonymous_4)
FN:89,(anonymous_5)
FNF:6
FNH:0
FNDA:0,(anonymous_0)
FNDA:0,(anonymous_1)
FNDA:0,(anonymous_2)
FNDA:0,(anonymous_3)
FNDA:0,(anonymous_4)
FNDA:0,(anonymous_5)
DA:1,0
DA:3,0
DA:10,0
DA:11,0
DA:12,0
DA:13,0
DA:17,0
DA:49,0
DA:52,0
DA:59,0
DA:60,0
DA:75,0
DA:88,0
DA:90,0
LF:14
LH:0
BRDA:94,0,0,0
BRDA:94,0,1,0
BRF:2
BRH:0
end_of_record
TN:
SF:/Users/mspaxman/code/workingrepos/seanforyou23-syndesis-react-poc/syndesis/src/modules/integrations/pages/create/configure/addConnection/index.ts
FN:1,(anonymous_0)
FN:2,(anonymous_2)
FN:3,(anonymous_4)
FNF:3
FNH:0
FNDA:0,(anonymous_0)
FNDA:0,(anonymous_2)
FNDA:0,(anonymous_4)
DA:1,0
DA:2,0
DA:3,0
LF:3
LH:0
BRDA:1,0,0,0
BRDA:1,0,1,0
BRDA:2,1,0,0
BRDA:2,1,1,0
BRDA:3,2,0,0
BRDA:3,2,1,0
BRF:6
BRH:0
end_of_record
TN:
SF:/Users/mspaxman/code/workingrepos/seanforyou23-syndesis-react-poc/syndesis/src/modules/integrations/pages/create/configure/editConnection/ConfigureActionPage.tsx
FN:58,(anonymous_0)
FN:61,(anonymous_1)
FN:66,(anonymous_2)
FN:74,(anonymous_3)
FN:115,(anonymous_4)
FNF:5
FNH:0
FNDA:0,(anonymous_0)
FNDA:0,(anonymous_1)
FNDA:0,(anonymous_2)
FNDA:0,(anonymous_3)
FNDA:0,(anonymous_4)
DA:1,0
DA:3,0
DA:4,0
DA:5,0
DA:6,0
DA:7,0
DA:11,0
DA:12,0
DA:59,0
DA:62,0
DA:71,0
DA:72,0
DA:73,0
DA:74,0
DA:79,0
DA:87,0
DA:88,0
DA:99,0
DA:107,0
DA:116,0
LF:20
LH:0
BRDA:67,0,0,0
BRDA:80,1,0,0
BRDA:80,1,1,0
BRDA:87,2,0,0
BRDA:87,2,1,0
BRDA:123,3,0,0
BRDA:123,3,1,0
BRF:7
BRH:0
end_of_record
TN:
SF:/Users/mspaxman/code/workingrepos/seanforyou23-syndesis-react-poc/syndesis/src/modules/integrations/pages/create/configure/editConnection/SelectActionPage.tsx
FN:53,(anonymous_0)
FN:56,(anonymous_1)
FN:60,(anonymous_2)
FN:67,(anonymous_3)
FN:74,(anonymous_4)
FN:93,(anonymous_5)
FN:94,(anonymous_6)
FNF:7
FNH:0
FNDA:0,(anonymous_0)
FNDA:0,(anonymous_1)
FNDA:0,(anonymous_2)
FNDA:0,(anonymous_3)
FNDA:0,(anonymous_4)
FNDA:0,(anonymous_5)
FNDA:0,(anonymous_6)
DA:1,0
DA:3,0
DA:10,0
DA:11,0
DA:12,0
DA:13,0
DA:17,0
DA:54,0
DA:57,0
DA:58,0
DA:61,0
DA:68,0
DA:75,0
DA:93,0
DA:95,0
LF:15
LH:0
BRDA:90,0,0,0
BRDA:90,0,1,0
BRDA:99,1,0,0
BRDA:99,1,1,0
BRF:4
BRH:0
end_of_record
TN:
SF:/Users/mspaxman/code/workingrepos/seanforyou23-syndesis-react-poc/syndesis/src/modules/integrations/pages/create/configure/editConnection/index.ts
FN:1,(anonymous_0)
FN:2,(anonymous_2)
FNF:2
FNH:0
FNDA:0,(anonymous_0)
FNDA:0,(anonymous_2)
DA:1,0
DA:2,0
LF:2
LH:0
BRDA:1,0,0,0
BRDA:1,0,1,0
BRDA:2,1,0,0
BRDA:2,1,1,0
BRF:4
BRH:0
end_of_record
TN:
SF:/Users/mspaxman/code/workingrepos/seanforyou23-syndesis-react-poc/syndesis/src/modules/integrations/pages/create/configure/main/AddStepPage.tsx
FN:37,(anonymous_0)
FN:40,(anonymous_1)
FN:53,(anonymous_2)
FNF:3
FNH:0
FNDA:0,(anonymous_0)
FNDA:0,(anonymous_1)
FNDA:0,(anonymous_2)
DA:1,0
DA:3,0
DA:4,0
DA:5,0
DA:6,0
DA:7,0
DA:11,0
DA:12,0
DA:38,0
DA:41,0
DA:54,0
LF:11
LH:0
BRF:0
BRH:0
end_of_record
TN:
SF:/Users/mspaxman/code/workingrepos/seanforyou23-syndesis-react-poc/syndesis/src/modules/integrations/pages/create/configure/main/SaveIntegrationPage.tsx
FN:36,(anonymous_0)
FN:39,(anonymous_1)
FN:41,(anonymous_2)
FN:42,(anonymous_3)
FN:75,(anonymous_4)
FNF:5
FNH:0
FNDA:0,(anonymous_0)
FNDA:0,(anonymous_1)
FNDA:0,(anonymous_2)
FNDA:0,(anonymous_3)
FNDA:0,(anonymous_4)
DA:1,0
DA:2,0
DA:4,0
DA:5,0
DA:6,0
DA:7,0
DA:8,0
DA:9,0
DA:37,0
DA:40,0
DA:42,0
DA:46,0
DA:48,0
DA:49,0
DA:51,0
DA:53,0
DA:65,0
DA:82,0
LF:18
LH:0
BRF:0
BRH:0
end_of_record
TN:
SF:/Users/mspaxman/code/workingrepos/seanforyou23-syndesis-react-poc/syndesis/src/modules/integrations/pages/create/configure/main/index.ts
FN:1,(anonymous_0)
FN:2,(anonymous_2)
FNF:2
FNH:0
FNDA:0,(anonymous_0)
FNDA:0,(anonymous_2)
DA:1,0
DA:2,0
LF:2
LH:0
BRDA:1,0,0,0
BRDA:1,0,1,0
BRDA:2,1,0,0
BRDA:2,1,1,0
BRF:4
BRH:0
end_of_record
TN:
SF:/Users/mspaxman/code/workingrepos/seanforyou23-syndesis-react-poc/syndesis/src/modules/integrations/pages/create/finish/FinishActionPage.tsx
FN:57,(anonymous_0)
FN:60,(anonymous_1)
FN:65,(anonymous_2)
FN:74,(anonymous_3)
FN:121,(anonymous_4)
FN:129,(anonymous_5)
FN:130,(anonymous_6)
FNF:7
FNH:0
FNDA:0,(anonymous_0)
FNDA:0,(anonymous_1)
FNDA:0,(anonymous_2)
FNDA:0,(anonymous_3)
FNDA:0,(anonymous_4)
FNDA:0,(anonymous_5)
FNDA:0,(anonymous_6)
DA:1,0
DA:3,0
DA:13,0
DA:14,0
DA:15,0
DA:16,0
DA:17,0
DA:58,0
DA:64,0
DA:66,0
DA:75,0
DA:122,0
DA:129,0
DA:131,0
LF:14
LH:0
BRDA:95,0,0,0
BRDA:95,0,1,0
BRDA:102,1,0,0
BRDA:102,1,1,0
BRDA:105,2,0,0
BRDA:105,2,1,0
BRDA:135,3,0,0
BRDA:135,3,1,0
BRF:8
BRH:0
end_of_record
TN:
SF:/Users/mspaxman/code/workingrepos/seanforyou23-syndesis-react-poc/syndesis/src/modules/integrations/pages/create/finish/FinishConfigurationPage.tsx
FN:65,(anonymous_0)
FN:68,(anonymous_1)
FN:73,(anonymous_2)
FN:97,(anonymous_3)
FN:138,(anonymous_4)
FN:147,(anonymous_5)
FNF:6
FNH:0
FNDA:0,(anonymous_0)
FNDA:0,(anonymous_1)
FNDA:0,(anonymous_2)
FNDA:0,(anonymous_3)
FNDA:0,(anonymous_4)
FNDA:0,(anonymous_5)
DA:1,0
DA:3,0
DA:9,0
DA:10,0
DA:11,0
DA:12,0
DA:13,0
DA:14,0
DA:66,0
DA:69,0
DA:84,0
DA:85,0
DA:87,0
DA:88,0
DA:93,0
DA:97,0
DA:102,0
DA:110,0
DA:111,0
DA:123,0
DA:130,0
DA:139,0
DA:148,0
LF:23
LH:0
BRDA:74,0,0,0
BRDA:89,1,0,0
BRDA:89,1,1,0
BRDA:103,2,0,0
BRDA:103,2,1,0
BRDA:110,3,0,0
BRDA:110,3,1,0
BRF:7
BRH:0
end_of_record
TN:
SF:/Users/mspaxman/code/workingrepos/seanforyou23-syndesis-react-poc/syndesis/src/modules/integrations/pages/create/finish/FinishConnectionPage.tsx
FN:46,(anonymous_0)
FN:49,(anonymous_1)
FN:56,(anonymous_2)
FN:88,(anonymous_3)
FN:101,(anonymous_4)
FN:103,(anonymous_5)
FNF:6
FNH:0
FNDA:0,(anonymous_0)
FNDA:0,(anonymous_1)
FNDA:0,(anonymous_2)
FNDA:0,(anonymous_3)
FNDA:0,(anonymous_4)
FNDA:0,(anonymous_5)
DA:1,0
DA:3,0
DA:13,0
DA:14,0
DA:15,0
DA:16,0
DA:17,0
DA:47,0
DA:50,0
DA:57,0
DA:89,0
DA:102,0
DA:104,0
LF:13
LH:0
BRDA:108,0,0,0
BRDA:108,0,1,0
BRF:2
BRH:0
end_of_record
TN:
SF:/Users/mspaxman/code/workingrepos/seanforyou23-syndesis-react-poc/syndesis/src/modules/integrations/pages/create/finish/index.ts
FN:1,(anonymous_0)
FN:2,(anonymous_2)
FN:3,(anonymous_4)
FNF:3
FNH:0
FNDA:0,(anonymous_0)
FNDA:0,(anonymous_2)
FNDA:0,(anonymous_4)
DA:1,0
DA:2,0
DA:3,0
LF:3
LH:0
BRDA:1,0,0,0
BRDA:1,0,1,0
BRDA:2,1,0,0
BRDA:2,1,1,0
BRDA:3,2,0,0
BRDA:3,2,1,0
BRF:6
BRH:0
end_of_record
TN:
SF:/Users/mspaxman/code/workingrepos/seanforyou23-syndesis-react-poc/syndesis/src/modules/integrations/pages/create/start/StartActionPage.tsx
FN:53,(anonymous_0)
FN:56,(anonymous_1)
FN:59,(anonymous_2)
FN:66,(anonymous_3)
FN:75,(anonymous_4)
FN:123,(anonymous_5)
FN:124,(anonymous_6)
FNF:7
FNH:0
FNDA:0,(anonymous_0)
FNDA:0,(anonymous_1)
FNDA:0,(anonymous_2)
FNDA:0,(anonymous_3)
FNDA:0,(anonymous_4)
FNDA:0,(anonymous_5)
FNDA:0,(anonymous_6)
DA:1,0
DA:3,0
DA:13,0
DA:14,0
DA:15,0
DA:16,0
DA:17,0
DA:54,0
DA:57,0
DA:60,0
DA:67,0
DA:76,0
DA:123,0
DA:125,0
LF:14
LH:0
BRDA:56,0,0,0
BRDA:80,1,0,0
BRDA:80,1,1,0
BRDA:91,2,0,0
BRDA:91,2,1,0
BRDA:95,3,0,0
BRDA:95,3,1,0
BRDA:129,4,0,0
BRDA:129,4,1,0
BRF:9
BRH:0
end_of_record
TN:
SF:/Users/mspaxman/code/workingrepos/seanforyou23-syndesis-react-poc/syndesis/src/modules/integrations/pages/create/start/StartConfigurationPage.tsx
FN:61,(anonymous_0)
FN:64,(anonymous_1)
FN:69,(anonymous_2)
FN:90,(anonymous_3)
FN:131,(anonymous_4)
FN:140,(anonymous_5)
FNF:6
FNH:0
FNDA:0,(anonymous_0)
FNDA:0,(anonymous_1)
FNDA:0,(anonymous_2)
FNDA:0,(anonymous_3)
FNDA:0,(anonymous_4)
FNDA:0,(anonymous_5)
DA:1,0
DA:3,0
DA:9,0
DA:10,0
DA:11,0
DA:12,0
DA:13,0
DA:14,0
DA:62,0
DA:65,0
DA:78,0
DA:80,0
DA:81,0
DA:86,0
DA:90,0
DA:95,0
DA:103,0
DA:104,0
DA:114,0
DA:123,0
DA:132,0
DA:141,0
LF:22
LH:0
BRDA:70,0,0,0
BRDA:73,1,0,0
BRDA:82,2,0,0
BRDA:82,2,1,0
BRDA:96,3,0,0
BRDA:96,3,1,0
BRDA:103,4,0,0
BRDA:103,4,1,0
BRF:8
BRH:0
end_of_record
TN:
SF:/Users/mspaxman/code/workingrepos/seanforyou23-syndesis-react-poc/syndesis/src/modules/integrations/pages/create/start/StartConnectionPage.tsx
FN:26,(anonymous_0)
FN:32,(anonymous_1)
FN:58,(anonymous_2)
FN:73,(anonymous_3)
FN:75,(anonymous_4)
FNF:5
FNH:0
FNDA:0,(anonymous_0)
FNDA:0,(anonymous_1)
FNDA:0,(anonymous_2)
FNDA:0,(anonymous_3)
FNDA:0,(anonymous_4)
DA:1,0
DA:2,0
DA:12,0
DA:13,0
DA:14,0
DA:15,0
DA:16,0
DA:27,0
DA:33,0
DA:59,0
DA:74,0
DA:76,0
LF:12
LH:0
BRDA:80,0,0,0
BRDA:80,0,1,0
BRF:2
BRH:0
end_of_record
TN:
SF:/Users/mspaxman/code/workingrepos/seanforyou23-syndesis-react-poc/syndesis/src/modules/integrations/pages/create/start/index.ts
FN:1,(anonymous_0)
FN:2,(anonymous_2)
FN:3,(anonymous_4)
FNF:3
FNH:0
FNDA:0,(anonymous_0)
FNDA:0,(anonymous_2)
FNDA:0,(anonymous_4)
DA:1,0
DA:2,0
DA:3,0
LF:3
LH:0
BRDA:1,0,0,0
BRDA:1,0,1,0
BRDA:2,1,0,0
BRDA:2,1,1,0
BRDA:3,2,0,0
BRDA:3,2,1,0
BRF:6
BRH:0
end_of_record
TN:
SF:/Users/mspaxman/code/workingrepos/seanforyou23-syndesis-react-poc/syndesis/src/modules/integrations/pages/integration/index.ts
FNF:0
FNH:0
DA:1,0
DA:3,0
LF:2
LH:0
BRF:0
BRH:0
end_of_record
TN:
SF:/Users/mspaxman/code/workingrepos/seanforyou23-syndesis-react-poc/syndesis/src/modules/integrations/pages/integration/edit/index.ts
FNF:0
FNH:0
DA:1,0
DA:2,0
DA:3,0
LF:3
LH:0
BRF:0
BRH:0
end_of_record
TN:
SF:/Users/mspaxman/code/workingrepos/seanforyou23-syndesis-react-poc/syndesis/src/modules/integrations/pages/integration/edit/addConnection/ConfigureActionPage.tsx
FN:60,(anonymous_0)
FN:63,(anonymous_1)
FN:68,(anonymous_2)
FN:76,(anonymous_3)
FN:119,(anonymous_4)
FNF:5
FNH:0
FNDA:0,(anonymous_0)
FNDA:0,(anonymous_1)
FNDA:0,(anonymous_2)
FNDA:0,(anonymous_3)
FNDA:0,(anonymous_4)
DA:1,0
DA:3,0
DA:4,0
DA:5,0
DA:6,0
DA:7,0
DA:11,0
DA:12,0
DA:61,0
DA:64,0
DA:73,0
DA:74,0
DA:75,0
DA:76,0
DA:81,0
DA:91,0
DA:92,0
DA:103,0
DA:111,0
DA:120,0
LF:20
LH:0
BRDA:69,0,0,0
BRDA:82,1,0,0
BRDA:82,1,1,0
BRDA:84,2,0,0
BRDA:84,2,1,0
BRDA:91,3,0,0
BRDA:91,3,1,0
BRDA:127,4,0,0
BRDA:127,4,1,0
BRDA:131,5,0,0
BRDA:131,5,1,0
BRF:11
BRH:0
end_of_record
TN:
SF:/Users/mspaxman/code/workingrepos/seanforyou23-syndesis-react-poc/syndesis/src/modules/integrations/pages/integration/edit/addConnection/SelectActionPage.tsx
FN:53,(anonymous_0)
FN:56,(anonymous_1)
FN:58,(anonymous_2)
FN:65,(anonymous_3)
FN:72,(anonymous_4)
FN:115,(anonymous_5)
FN:116,(anonymous_6)
FNF:7
FNH:0
FNDA:0,(anonymous_0)
FNDA:0,(anonymous_1)
FNDA:0,(anonymous_2)
FNDA:0,(anonymous_3)
FNDA:0,(anonymous_4)
FNDA:0,(anonymous_5)
FNDA:0,(anonymous_6)
DA:1,0
DA:3,0
DA:10,0
DA:11,0
DA:12,0
DA:13,0
DA:17,0
DA:54,0
DA:57,0
DA:59,0
DA:66,0
DA:73,0
DA:74,0
DA:115,0
DA:117,0
LF:15
LH:0
BRDA:80,0,0,0
BRDA:80,0,1,0
BRDA:91,1,0,0
BRDA:91,1,1,0
BRDA:98,2,0,0
BRDA:98,2,1,0
BRDA:121,3,0,0
BRDA:121,3,1,0
BRF:8
BRH:0
end_of_record
TN:
SF:/Users/mspaxman/code/workingrepos/seanforyou23-syndesis-react-poc/syndesis/src/modules/integrations/pages/integration/edit/addConnection/SelectConnectionPage.tsx
FN:47,(anonymous_0)
FN:50,(anonymous_1)
FN:57,(anonymous_2)
FN:73,(anonymous_3)
FN:86,(anonymous_4)
FN:88,(anonymous_5)
FNF:6
FNH:0
FNDA:0,(anonymous_0)
FNDA:0,(anonymous_1)
FNDA:0,(anonymous_2)
FNDA:0,(anonymous_3)
FNDA:0,(anonymous_4)
FNDA:0,(anonymous_5)
DA:1,0
DA:3,0
DA:10,0
DA:11,0
DA:12,0
DA:13,0
DA:17,0
DA:48,0
DA:51,0
DA:58,0
DA:59,0
DA:74,0
DA:87,0
DA:89,0
LF:14
LH:0
BRDA:93,0,0,0
BRDA:93,0,1,0
BRF:2
BRH:0
end_of_record
TN:
SF:/Users/mspaxman/code/workingrepos/seanforyou23-syndesis-react-poc/syndesis/src/modules/integrations/pages/integration/edit/addConnection/index.ts
FN:1,(anonymous_0)
FN:2,(anonymous_2)
FN:3,(anonymous_4)
FNF:3
FNH:0
FNDA:0,(anonymous_0)
FNDA:0,(anonymous_2)
FNDA:0,(anonymous_4)
DA:1,0
DA:2,0
DA:3,0
LF:3
LH:0
BRDA:1,0,0,0
BRDA:1,0,1,0
BRDA:2,1,0,0
BRDA:2,1,1,0
BRDA:3,2,0,0
BRDA:3,2,1,0
BRF:6
BRH:0
end_of_record
TN:
SF:/Users/mspaxman/code/workingrepos/seanforyou23-syndesis-react-poc/syndesis/src/modules/integrations/pages/integration/edit/editConnection/ConfigureActionPage.tsx
FN:56,(anonymous_0)
FN:59,(anonymous_1)
FN:64,(anonymous_2)
FN:72,(anonymous_3)
FN:113,(anonymous_4)
FNF:5
FNH:0
FNDA:0,(anonymous_0)
FNDA:0,(anonymous_1)
FNDA:0,(anonymous_2)
FNDA:0,(anonymous_3)
FNDA:0,(anonymous_4)
DA:1,0
DA:3,0
DA:4,0
DA:5,0
DA:6,0
DA:7,0
DA:11,0
DA:12,0
DA:57,0
DA:60,0
DA:69,0
DA:70,0
DA:71,0
DA:72,0
DA:77,0
DA:85,0
DA:86,0
DA:97,0
DA:105,0
DA:114,0
LF:20
LH:0
BRDA:65,0,0,0
BRDA:78,1,0,0
BRDA:78,1,1,0
BRDA:85,2,0,0
BRDA:85,2,1,0
BRDA:121,3,0,0
BRDA:121,3,1,0
BRF:7
BRH:0
end_of_record
TN:
SF:/Users/mspaxman/code/workingrepos/seanforyou23-syndesis-react-poc/syndesis/src/modules/integrations/pages/integration/edit/editConnection/SelectActionPage.tsx
FN:52,(anonymous_0)
FN:55,(anonymous_1)
FN:59,(anonymous_2)
FN:66,(anonymous_3)
FN:73,(anonymous_4)
FN:92,(anonymous_5)
FN:93,(anonymous_6)
FNF:7
FNH:0
FNDA:0,(anonymous_0)
FNDA:0,(anonymous_1)
FNDA:0,(anonymous_2)
FNDA:0,(anonymous_3)
FNDA:0,(anonymous_4)
FNDA:0,(anonymous_5)
FNDA:0,(anonymous_6)
DA:1,0
DA:3,0
DA:10,0
DA:11,0
DA:12,0
DA:13,0
DA:17,0
DA:53,0
DA:56,0
DA:57,0
DA:60,0
DA:67,0
DA:74,0
DA:92,0
DA:94,0
LF:15
LH:0
BRDA:89,0,0,0
BRDA:89,0,1,0
BRDA:98,1,0,0
BRDA:98,1,1,0
BRF:4
BRH:0
end_of_record
TN:
SF:/Users/mspaxman/code/workingrepos/seanforyou23-syndesis-react-poc/syndesis/src/modules/integrations/pages/integration/edit/editConnection/index.ts
FN:1,(anonymous_0)
FN:2,(anonymous_2)
FNF:2
FNH:0
FNDA:0,(anonymous_0)
FNDA:0,(anonymous_2)
DA:1,0
DA:2,0
LF:2
LH:0
BRDA:1,0,0,0
BRDA:1,0,1,0
BRDA:2,1,0,0
BRDA:2,1,1,0
BRF:4
BRH:0
end_of_record
TN:
SF:/Users/mspaxman/code/workingrepos/seanforyou23-syndesis-react-poc/syndesis/src/modules/integrations/pages/integration/edit/main/AddStepPage.tsx
FN:40,(anonymous_0)
FN:43,(anonymous_1)
FN:56,(anonymous_2)
FNF:3
FNH:0
FNDA:0,(anonymous_0)
FNDA:0,(anonymous_1)
FNDA:0,(anonymous_2)
DA:1,0
DA:3,0
DA:4,0
DA:5,0
DA:6,0
DA:7,0
DA:11,0
DA:12,0
DA:41,0
DA:44,0
DA:57,0
LF:11
LH:0
BRF:0
BRH:0
end_of_record
TN:
SF:/Users/mspaxman/code/workingrepos/seanforyou23-syndesis-react-poc/syndesis/src/modules/integrations/pages/integration/edit/main/SaveIntegrationPage.tsx
FN:36,(anonymous_0)
FN:39,(anonymous_1)
FN:41,(anonymous_2)
FN:42,(anonymous_3)
FN:75,(anonymous_4)
FNF:5
FNH:0
FNDA:0,(anonymous_0)
FNDA:0,(anonymous_1)
FNDA:0,(anonymous_2)
FNDA:0,(anonymous_3)
FNDA:0,(anonymous_4)
DA:1,0
DA:2,0
DA:4,0
DA:5,0
DA:6,0
DA:7,0
DA:8,0
DA:9,0
DA:37,0
DA:40,0
DA:42,0
DA:46,0
DA:48,0
DA:49,0
DA:51,0
DA:53,0
DA:65,0
DA:82,0
LF:18
LH:0
BRF:0
BRH:0
end_of_record
TN:
SF:/Users/mspaxman/code/workingrepos/seanforyou23-syndesis-react-poc/syndesis/src/modules/integrations/pages/integration/edit/main/index.ts
FN:1,(anonymous_0)
FN:2,(anonymous_2)
FNF:2
FNH:0
FNDA:0,(anonymous_0)
FNDA:0,(anonymous_2)
DA:1,0
DA:2,0
LF:2
LH:0
BRDA:1,0,0,0
BRDA:1,0,1,0
BRDA:2,1,0,0
BRDA:2,1,1,0
BRF:4
BRH:0
end_of_record
TN:
SF:/Users/mspaxman/code/workingrepos/seanforyou23-syndesis-react-poc/syndesis/src/modules/integrations/shared/WithConfigurationForm.tsx
FN:115,(anonymous_0)
FN:119,(anonymous_1)
FN:127,(anonymous_2)
FN:146,(anonymous_3)
FN:172,(anonymous_4)
FN:173,(anonymous_5)
FN:196,(anonymous_6)
FNF:7
FNH:0
FNDA:0,(anonymous_0)
FNDA:0,(anonymous_1)
FNDA:0,(anonymous_2)
FNDA:0,(anonymous_3)
FNDA:0,(anonymous_4)
FNDA:0,(anonymous_5)
FNDA:0,(anonymous_6)
DA:1,0
DA:10,0
DA:12,0
DA:16,0
DA:116,0
DA:120,0
DA:121,0
DA:122,0
DA:123,0
DA:124,0
DA:126,0
DA:127,0
DA:131,0
DA:136,0
DA:138,0
DA:147,0
DA:168,0
DA:173,0
DA:174,0
DA:180,0
DA:197,0
DA:201,0
LF:22
LH:0
BRDA:202,0,0,0
BRDA:202,0,1,0
BRF:2
BRH:0
end_of_record
TN:
SF:/Users/mspaxman/code/workingrepos/seanforyou23-syndesis-react-poc/syndesis/src/modules/integrations/shared/index.ts
FN:1,(anonymous_0)
FNF:1
FNH:0
FNDA:0,(anonymous_0)
DA:1,0
LF:1
LH:0
BRDA:1,0,0,0
BRDA:1,0,1,0
BRF:2
BRH:0
end_of_record
TN:
SF:/Users/mspaxman/code/workingrepos/seanforyou23-syndesis-react-poc/syndesis/src/shared/ModuleLoader.tsx
FN:7,(anonymous_0)
FN:12,(anonymous_1)
FNF:2
FNH:0
FNDA:0,(anonymous_0)
FNDA:0,(anonymous_1)
DA:8,0
DA:9,0
DA:10,0
DA:13,0
DA:25,0
DA:26,0
DA:28,0
LF:7
LH:0
BRDA:8,0,0,0
BRDA:8,0,1,0
BRDA:8,1,0,0
BRDA:8,1,1,0
BRDA:25,2,0,0
BRDA:25,2,1,0
BRF:6
BRH:0
end_of_record
TN:
SF:/Users/mspaxman/code/workingrepos/seanforyou23-syndesis-react-poc/syndesis/src/shared/PageNotFound.tsx
FN:5,(anonymous_0)
FN:7,(anonymous_1)
FNF:2
FNH:0
FNDA:0,(anonymous_0)
FNDA:0,(anonymous_1)
DA:5,1
DA:6,0
DA:8,0
LF:3
LH:1
BRF:0
BRH:0
end_of_record
TN:
SF:/Users/mspaxman/code/workingrepos/seanforyou23-syndesis-react-poc/syndesis/src/shared/PageTitle.tsx
FN:19,(anonymous_0)
FN:22,(anonymous_1)
FNF:2
FNH:0
FNDA:0,(anonymous_0)
FNDA:0,(anonymous_1)
DA:20,0
DA:23,0
LF:2
LH:0
BRDA:24,0,0,0
BRDA:24,0,1,0
BRF:2
BRH:0
end_of_record
TN:
SF:/Users/mspaxman/code/workingrepos/seanforyou23-syndesis-react-poc/syndesis/src/shared/WithClosedNavigation.tsx
FN:16,(anonymous_0)
FN:20,(anonymous_1)
FN:24,(anonymous_2)
FNF:3
FNH:0
FNDA:0,(anonymous_0)
FNDA:0,(anonymous_1)
FNDA:0,(anonymous_2)
DA:17,0
DA:21,0
DA:25,0
LF:3
LH:0
BRF:0
BRH:0
end_of_record
TN:
SF:/Users/mspaxman/code/workingrepos/seanforyou23-syndesis-react-poc/syndesis/src/shared/WithErrorBoundary.tsx
FN:20,(anonymous_0)
FN:27,(anonymous_1)
FN:37,(anonymous_2)
FN:46,(anonymous_3)
FNF:4
FNH:1
FNDA:0,(anonymous_0)
FNDA:0,(anonymous_1)
FNDA:1,(anonymous_2)
FNDA:0,(anonymous_3)
DA:21,0
DA:31,0
DA:38,1
DA:47,0
LF:4
LH:1
BRDA:38,0,0,0
BRDA:38,0,1,1
BRDA:38,1,0,1
BRDA:38,1,1,0
BRDA:39,2,0,0
BRDA:39,2,1,0
BRF:6
BRH:2
end_of_record
TN:
SF:/Users/mspaxman/code/workingrepos/seanforyou23-syndesis-react-poc/syndesis/src/shared/index.ts
FNF:0
FNH:0
LF:0
LH:0
BRF:0
BRH:0
end_of_record
