TN:
SF:/Users/mspaxman/code/workingrepos/seanforyou23-syndesis-react-poc/packages/atlasmap-adapter/src/DataMapperAdapter.tsx
FN:17,(anonymous_0)
FN:27,(anonymous_1)
FN:45,(anonymous_2)
FN:52,(anonymous_3)
FN:58,(anonymous_4)
FN:66,(anonymous_5)
FN:70,(anonymous_6)
FN:76,(anonymous_7)
FN:84,(anonymous_8)
FN:99,(anonymous_9)
FN:122,(anonymous_10)
FN:155,(anonymous_11)
FNF:12
FNH:7
FNDA:1,(anonymous_0)
FNDA:1,(anonymous_1)
FNDA:1,(anonymous_2)
FNDA:1,(anonymous_3)
FNDA:0,(anonymous_4)
FNDA:0,(anonymous_5)
FNDA:1,(anonymous_6)
FNDA:0,(anonymous_7)
FNDA:0,(anonymous_8)
FNDA:0,(anonymous_9)
FNDA:1,(anonymous_10)
FNDA:2,(anonymous_11)
DA:5,1
DA:6,1
DA:9,1
DA:10,1
DA:11,1
DA:12,1
DA:13,1
DA:14,1
DA:17,1
DA:18,1
DA:19,1
DA:20,1
DA:21,1
DA:22,1
DA:23,1
DA:24,1
DA:25,1
DA:27,1
DA:28,1
DA:29,1
DA:30,1
DA:31,1
DA:38,1
DA:43,1
DA:46,1
DA:47,1
DA:48,1
DA:49,1
DA:54,1
DA:59,0
DA:60,0
DA:62,0
DA:67,0
DA:72,1
DA:77,0
DA:78,0
DA:79,0
DA:87,0
DA:88,0
DA:89,0
DA:92,0
DA:93,0
DA:94,0
DA:118,0
DA:149,1
DA:155,2
LF:46
LH:32
BRDA:17,0,0,1
BRDA:17,0,1,1
BRDA:27,1,0,1
BRDA:27,1,1,1
BRF:4
BRH:4
end_of_record
TN:
SF:/Users/mspaxman/code/workingrepos/seanforyou23-syndesis-react-poc/packages/atlasmap-adapter/src/index.ts
FNF:0
FNH:0
DA:1,1
LF:1
LH:1
BRF:0
BRH:0
end_of_record
