{"/Users/mspaxman/code/workingrepos/seanforyou23-syndesis-react-poc/packages/auto-form/src/AutoForm.tsx": {"path":"/Users/mspaxman/code/workingrepos/seanforyou23-syndesis-react-poc/packages/auto-form/src/AutoForm.tsx","statementMap":{"0":{"start":{"line":1,"column":0},"end":{"line":1,"column":32}},"1":{"start":{"line":2,"column":0},"end":{"line":2,"column":31}},"2":{"start":{"line":3,"column":0},"end":{"line":3,"column":44}},"3":{"start":{"line":56,"column":4},"end":{"line":108,"column":6}},"4":{"start":{"line":65,"column":12},"end":{"line":102,"column":null}},"5":{"start":{"line":81,"column":16},"end":{"line":102,"column":18}},"6":{"start":{"line":86,"column":24},"end":{"line":91,"column":26}},"7":{"start":{"line":51,"column":0},"end":{"line":51,"column":13}}},"fnMap":{"0":{"name":"(anonymous_0)","decl":{"start":{"line":55,"column":9},"end":{"line":55,"column":15}},"loc":{"start":{"line":55,"column":15},"end":{"line":109,"column":3}}},"1":{"name":"(anonymous_1)","decl":{"start":{"line":64,"column":11},"end":{"line":64,"column":12}},"loc":{"start":{"line":65,"column":12},"end":{"line":102,"column":null}}},"2":{"name":"(anonymous_2)","decl":{"start":{"line":70,"column":15},"end":{"line":70,"column":16}},"loc":{"start":{"line":81,"column":16},"end":{"line":102,"column":18}}},"3":{"name":"(anonymous_3)","decl":{"start":{"line":85,"column":34},"end":{"line":85,"column":42}},"loc":{"start":{"line":86,"column":24},"end":{"line":91,"column":26}}}},"branchMap":{"0":{"loc":{"start":{"line":90,"column":34},"end":{"line":90,"column":40}},"type":"binary-expr","locations":[{"start":{"line":90,"column":34},"end":{"line":90,"column":40}},{"start":{"line":90,"column":44},"end":{"line":90,"column":46}}]}},"s":{"0":5,"1":5,"2":5,"3":18,"4":18,"5":26,"6":88,"7":5},"f":{"0":18,"1":18,"2":26,"3":88},"b":{"0":[88,0]}}
,"/Users/mspaxman/code/workingrepos/seanforyou23-syndesis-react-poc/packages/auto-form/src/FormBuilder.tsx": {"path":"/Users/mspaxman/code/workingrepos/seanforyou23-syndesis-react-poc/packages/auto-form/src/FormBuilder.tsx","statementMap":{"0":{"start":{"line":2,"column":0},"end":{"line":2,"column":31}},"1":{"start":{"line":3,"column":0},"end":{"line":3,"column":31}},"2":{"start":{"line":5,"column":0},"end":{"line":5,"column":null}},"3":{"start":{"line":46,"column":9},"end":{"line":71,"column":4}},"4":{"start":{"line":48,"column":17},"end":{"line":48,"column":49}},"5":{"start":{"line":55,"column":21},"end":{"line":60,"column":5}},"6":{"start":{"line":57,"column":8},"end":{"line":57,"column":47}},"7":{"start":{"line":59,"column":6},"end":{"line":59,"column":23}},"8":{"start":{"line":61,"column":4},"end":{"line":70,"column":6}},"9":{"start":{"line":74,"column":19},"end":{"line":74,"column":71}},"10":{"start":{"line":75,"column":26},"end":{"line":77,"column":null}},"11":{"start":{"line":79,"column":4},"end":{"line":84,"column":7}},"12":{"start":{"line":91,"column":4},"end":{"line":98,"column":16}},"13":{"start":{"line":92,"column":19},"end":{"line":92,"column":34}},"14":{"start":{"line":93,"column":18},"end":{"line":93,"column":60}},"15":{"start":{"line":95,"column":8},"end":{"line":95,"column":59}},"16":{"start":{"line":97,"column":6},"end":{"line":97,"column":41}},"17":{"start":{"line":105,"column":4},"end":{"line":116,"column":9}},"18":{"start":{"line":113,"column":24},"end":{"line":113,"column":36}},"19":{"start":{"line":114,"column":24},"end":{"line":114,"column":36}},"20":{"start":{"line":115,"column":8},"end":{"line":115,"column":31}},"21":{"start":{"line":125,"column":15},"end":{"line":125,"column":38}},"22":{"start":{"line":130,"column":8},"end":{"line":130,"column":24}},"23":{"start":{"line":131,"column":8},"end":{"line":131,"column":14}},"24":{"start":{"line":133,"column":8},"end":{"line":133,"column":22}},"25":{"start":{"line":134,"column":8},"end":{"line":134,"column":14}},"26":{"start":{"line":136,"column":8},"end":{"line":136,"column":26}},"27":{"start":{"line":139,"column":6},"end":{"line":139,"column":22}},"28":{"start":{"line":142,"column":6},"end":{"line":142,"column":24}},"29":{"start":{"line":144,"column":4},"end":{"line":144,"column":16}},"30":{"start":{"line":159,"column":8},"end":{"line":159,"column":21}},"31":{"start":{"line":161,"column":8},"end":{"line":161,"column":33}},"32":{"start":{"line":175,"column":6},"end":{"line":175,"column":19}},"33":{"start":{"line":179,"column":8},"end":{"line":179,"column":35}},"34":{"start":{"line":182,"column":8},"end":{"line":182,"column":60}},"35":{"start":{"line":184,"column":8},"end":{"line":184,"column":21}},"36":{"start":{"line":38,"column":0},"end":{"line":38,"column":13}}},"fnMap":{"0":{"name":"(anonymous_0)","decl":{"start":{"line":38,"column":0},"end":{"line":38,"column":13}},"loc":{"start":{"line":38,"column":0},"end":{"line":187,"column":1}}},"1":{"name":"(anonymous_1)","decl":{"start":{"line":46,"column":20},"end":{"line":46,"column":21}},"loc":{"start":{"line":46,"column":54},"end":{"line":71,"column":3}}},"2":{"name":"(anonymous_2)","decl":{"start":{"line":55,"column":21},"end":{"line":55,"column":22}},"loc":{"start":{"line":55,"column":36},"end":{"line":60,"column":5}}},"3":{"name":"(anonymous_3)","decl":{"start":{"line":73,"column":9},"end":{"line":73,"column":15}},"loc":{"start":{"line":73,"column":15},"end":{"line":85,"column":3}}},"4":{"name":"(anonymous_4)","decl":{"start":{"line":90,"column":10},"end":{"line":90,"column":24}},"loc":{"start":{"line":90,"column":71},"end":{"line":99,"column":3}}},"5":{"name":"(anonymous_5)","decl":{"start":{"line":91,"column":42},"end":{"line":91,"column":43}},"loc":{"start":{"line":91,"column":63},"end":{"line":98,"column":5}}},"6":{"name":"(anonymous_6)","decl":{"start":{"line":104,"column":10},"end":{"line":104,"column":34}},"loc":{"start":{"line":104,"column":62},"end":{"line":117,"column":3}}},"7":{"name":"(anonymous_8)","decl":{"start":{"line":112,"column":12},"end":{"line":112,"column":13}},"loc":{"start":{"line":112,"column":21},"end":{"line":116,"column":7}}},"8":{"name":"(anonymous_9)","decl":{"start":{"line":124,"column":10},"end":{"line":124,"column":21}},"loc":{"start":{"line":124,"column":54},"end":{"line":145,"column":3}}},"9":{"name":"(anonymous_10)","decl":{"start":{"line":154,"column":10},"end":{"line":154,"column":25}},"loc":{"start":{"line":154,"column":58},"end":{"line":163,"column":3}}},"10":{"name":"(anonymous_11)","decl":{"start":{"line":173,"column":10},"end":{"line":173,"column":22}},"loc":{"start":{"line":173,"column":71},"end":{"line":186,"column":3}}}},"branchMap":{"0":{"loc":{"start":{"line":56,"column":10},"end":{"line":56,"column":33}},"type":"binary-expr","locations":[{"start":{"line":56,"column":10},"end":{"line":56,"column":33}},{"start":{"line":56,"column":37},"end":{"line":56,"column":43}}]},"1":{"loc":{"start":{"line":68,"column":19},"end":{"line":68,"column":42}},"type":"binary-expr","locations":[{"start":{"line":68,"column":19},"end":{"line":68,"column":42}},{"start":{"line":68,"column":46},"end":{"line":68,"column":64}}]},"2":{"loc":{"start":{"line":113,"column":24},"end":{"line":113,"column":31}},"type":"binary-expr","locations":[{"start":{"line":113,"column":24},"end":{"line":113,"column":31}},{"start":{"line":113,"column":35},"end":{"line":113,"column":36}}]},"3":{"loc":{"start":{"line":114,"column":24},"end":{"line":114,"column":31}},"type":"binary-expr","locations":[{"start":{"line":114,"column":24},"end":{"line":114,"column":31}},{"start":{"line":114,"column":35},"end":{"line":114,"column":36}}]},"4":{"loc":{"start":{"line":125,"column":15},"end":{"line":125,"column":28}},"type":"binary-expr","locations":[{"start":{"line":125,"column":15},"end":{"line":125,"column":28}},{"start":{"line":125,"column":32},"end":{"line":125,"column":38}}]},"5":{"loc":{"start":{"line":127,"column":6},"end":{"line":127,"column":17}},"type":"switch","locations":[{"start":{"line":127,"column":6},"end":{"line":127,"column":17}},{"start":{"line":128,"column":6},"end":{"line":128,"column":21}},{"start":{"line":129,"column":6},"end":{"line":131,"column":14}},{"start":{"line":132,"column":6},"end":{"line":134,"column":14}},{"start":{"line":135,"column":6},"end":{"line":136,"column":26}}]},"6":{"loc":{"start":{"line":138,"column":8},"end":{"line":138,"column":21}},"type":"binary-expr","locations":[{"start":{"line":138,"column":8},"end":{"line":138,"column":21}},{"start":{"line":138,"column":25},"end":{"line":138,"column":45}}]},"7":{"loc":{"start":{"line":156,"column":6},"end":{"line":156,"column":21}},"type":"switch","locations":[{"start":{"line":156,"column":6},"end":{"line":156,"column":21}},{"start":{"line":157,"column":6},"end":{"line":157,"column":22}},{"start":{"line":158,"column":6},"end":{"line":159,"column":21}},{"start":{"line":160,"column":6},"end":{"line":161,"column":33}}]},"8":{"loc":{"start":{"line":174,"column":8},"end":{"line":174,"column":27}},"type":"binary-expr","locations":[{"start":{"line":174,"column":8},"end":{"line":174,"column":27}},{"start":{"line":174,"column":31},"end":{"line":174,"column":45}}]},"9":{"loc":{"start":{"line":178,"column":6},"end":{"line":179,"column":35}},"type":"switch","locations":[{"start":{"line":178,"column":6},"end":{"line":179,"column":35}},{"start":{"line":180,"column":6},"end":{"line":180,"column":21}},{"start":{"line":181,"column":6},"end":{"line":182,"column":60}},{"start":{"line":183,"column":6},"end":{"line":184,"column":21}}]}},"s":{"0":5,"1":5,"2":5,"3":18,"4":88,"5":88,"6":0,"7":24,"8":88,"9":18,"10":18,"11":18,"12":18,"13":40,"14":40,"15":40,"16":40,"17":18,"18":22,"19":22,"20":22,"21":128,"22":0,"23":0,"24":11,"25":11,"26":4,"27":10,"28":6,"29":128,"30":4,"31":36,"32":61,"33":2,"34":4,"35":13,"36":5},"f":{"0":18,"1":88,"2":24,"3":18,"4":18,"5":40,"6":18,"7":22,"8":128,"9":40,"10":80},"b":{"0":[24,2],"1":[88,74],"2":[22,22],"3":[22,22],"4":[128,21],"5":[0,0,0,11,4],"6":[128,10],"7":[4,4,4,36],"8":[80,19],"9":[2,4,4,13]}}
,"/Users/mspaxman/code/workingrepos/seanforyou23-syndesis-react-poc/packages/auto-form/src/index.ts": {"path":"/Users/mspaxman/code/workingrepos/seanforyou23-syndesis-react-poc/packages/auto-form/src/index.ts","statementMap":{"0":{"start":{"line":1,"column":0},"end":{"line":1,"column":27}}},"fnMap":{},"branchMap":{},"s":{"0":5},"f":{},"b":{}}
,"/Users/mspaxman/code/workingrepos/seanforyou23-syndesis-react-poc/packages/auto-form/src/widgets/FormCheckboxComponent.tsx": {"path":"/Users/mspaxman/code/workingrepos/seanforyou23-syndesis-react-poc/packages/auto-form/src/widgets/FormCheckboxComponent.tsx","statementMap":{"0":{"start":{"line":1,"column":0},"end":{"line":1,"column":66}},"1":{"start":{"line":2,"column":0},"end":{"line":2,"column":31}},"2":{"start":{"line":4,"column":0},"end":{"line":4,"column":47}},"3":{"start":{"line":6,"column":13},"end":{"line":27,"column":2}},"4":{"start":{"line":9,"column":2},"end":{"line":25,"column":null}}},"fnMap":{"0":{"name":"(anonymous_0)","decl":{"start":{"line":8,"column":4},"end":{"line":8,"column":9}},"loc":{"start":{"line":9,"column":2},"end":{"line":25,"column":null}}}},"branchMap":{"0":{"loc":{"start":{"line":18,"column":16},"end":{"line":18,"column":39}},"type":"binary-expr","locations":[{"start":{"line":18,"column":16},"end":{"line":18,"column":39}},{"start":{"line":18,"column":43},"end":{"line":18,"column":66}}]}},"s":{"0":5,"1":5,"2":5,"3":5,"4":6},"f":{"0":6},"b":{"0":[6,4]}}
,"/Users/mspaxman/code/workingrepos/seanforyou23-syndesis-react-poc/packages/auto-form/src/widgets/FormHiddenComponent.tsx": {"path":"/Users/mspaxman/code/workingrepos/seanforyou23-syndesis-react-poc/packages/auto-form/src/widgets/FormHiddenComponent.tsx","statementMap":{"0":{"start":{"line":1,"column":0},"end":{"line":1,"column":31}},"1":{"start":{"line":4,"column":13},"end":{"line":20,"column":2}},"2":{"start":{"line":8,"column":2},"end":{"line":18,"column":null}}},"fnMap":{"0":{"name":"(anonymous_0)","decl":{"start":{"line":6,"column":4},"end":{"line":6,"column":9}},"loc":{"start":{"line":8,"column":2},"end":{"line":18,"column":null}}}},"branchMap":{"0":{"loc":{"start":{"line":15,"column":5},"end":{"line":15,"column":41}},"type":"binary-expr","locations":[{"start":{"line":15,"column":5},"end":{"line":15,"column":41}},{"start":{"line":16,"column":6},"end":{"line":16,"column":41}},{"start":{"line":17,"column":8},"end":{"line":17,"column":74}}]}},"s":{"0":5,"1":5,"2":0},"f":{"0":0},"b":{"0":[0,0,0]}}
,"/Users/mspaxman/code/workingrepos/seanforyou23-syndesis-react-poc/packages/auto-form/src/widgets/FormInputComponent.tsx": {"path":"/Users/mspaxman/code/workingrepos/seanforyou23-syndesis-react-poc/packages/auto-form/src/widgets/FormInputComponent.tsx","statementMap":{"0":{"start":{"line":1,"column":0},"end":{"line":1,"column":null}},"1":{"start":{"line":7,"column":0},"end":{"line":7,"column":31}},"2":{"start":{"line":9,"column":0},"end":{"line":9,"column":47}},"3":{"start":{"line":11,"column":13},"end":{"line":32,"column":2}},"4":{"start":{"line":14,"column":2},"end":{"line":30,"column":null}}},"fnMap":{"0":{"name":"(anonymous_0)","decl":{"start":{"line":13,"column":4},"end":{"line":13,"column":9}},"loc":{"start":{"line":14,"column":2},"end":{"line":30,"column":null}}}},"branchMap":{"0":{"loc":{"start":{"line":22,"column":16},"end":{"line":22,"column":39}},"type":"binary-expr","locations":[{"start":{"line":22,"column":16},"end":{"line":22,"column":39}},{"start":{"line":22,"column":43},"end":{"line":22,"column":66}}]},"1":{"loc":{"start":{"line":24,"column":12},"end":{"line":24,"column":22}},"type":"binary-expr","locations":[{"start":{"line":24,"column":12},"end":{"line":24,"column":22}},{"start":{"line":24,"column":26},"end":{"line":24,"column":32}}]}},"s":{"0":5,"1":5,"2":5,"3":5,"4":74},"f":{"0":74},"b":{"0":[74,30],"1":[74,0]}}
,"/Users/mspaxman/code/workingrepos/seanforyou23-syndesis-react-poc/packages/auto-form/src/widgets/FormSelectComponent.tsx": {"path":"/Users/mspaxman/code/workingrepos/seanforyou23-syndesis-react-poc/packages/auto-form/src/widgets/FormSelectComponent.tsx","statementMap":{"0":{"start":{"line":1,"column":0},"end":{"line":1,"column":null}},"1":{"start":{"line":7,"column":0},"end":{"line":7,"column":31}},"2":{"start":{"line":9,"column":0},"end":{"line":9,"column":47}},"3":{"start":{"line":11,"column":13},"end":{"line":37,"column":2}},"4":{"start":{"line":14,"column":2},"end":{"line":35,"column":null}},"5":{"start":{"line":27,"column":10},"end":{"line":28,"column":null}}},"fnMap":{"0":{"name":"(anonymous_0)","decl":{"start":{"line":13,"column":4},"end":{"line":13,"column":9}},"loc":{"start":{"line":14,"column":2},"end":{"line":35,"column":null}}},"1":{"name":"(anonymous_1)","decl":{"start":{"line":26,"column":32},"end":{"line":26,"column":33}},"loc":{"start":{"line":27,"column":10},"end":{"line":28,"column":null}}}},"branchMap":{"0":{"loc":{"start":{"line":22,"column":16},"end":{"line":22,"column":39}},"type":"binary-expr","locations":[{"start":{"line":22,"column":16},"end":{"line":22,"column":39}},{"start":{"line":22,"column":43},"end":{"line":22,"column":66}}]},"1":{"loc":{"start":{"line":25,"column":7},"end":{"line":25,"column":26}},"type":"binary-expr","locations":[{"start":{"line":25,"column":7},"end":{"line":25,"column":26}},{"start":{"line":26,"column":8},"end":{"line":30,"column":10}}]}},"s":{"0":5,"1":5,"2":5,"3":5,"4":6,"5":36},"f":{"0":6,"1":36},"b":{"0":[6,4],"1":[6,6]}}
,"/Users/mspaxman/code/workingrepos/seanforyou23-syndesis-react-poc/packages/auto-form/src/widgets/FormTextAreaComponent.tsx": {"path":"/Users/mspaxman/code/workingrepos/seanforyou23-syndesis-react-poc/packages/auto-form/src/widgets/FormTextAreaComponent.tsx","statementMap":{"0":{"start":{"line":1,"column":0},"end":{"line":1,"column":null}},"1":{"start":{"line":7,"column":0},"end":{"line":7,"column":31}},"2":{"start":{"line":9,"column":0},"end":{"line":9,"column":47}},"3":{"start":{"line":11,"column":13},"end":{"line":30,"column":2}},"4":{"start":{"line":14,"column":2},"end":{"line":28,"column":null}}},"fnMap":{"0":{"name":"(anonymous_0)","decl":{"start":{"line":13,"column":4},"end":{"line":13,"column":9}},"loc":{"start":{"line":14,"column":2},"end":{"line":28,"column":null}}}},"branchMap":{"0":{"loc":{"start":{"line":22,"column":16},"end":{"line":22,"column":39}},"type":"binary-expr","locations":[{"start":{"line":22,"column":16},"end":{"line":22,"column":39}},{"start":{"line":22,"column":43},"end":{"line":22,"column":66}}]}},"s":{"0":5,"1":5,"2":5,"3":5,"4":2},"f":{"0":2},"b":{"0":[2,2]}}
,"/Users/mspaxman/code/workingrepos/seanforyou23-syndesis-react-poc/packages/auto-form/src/widgets/helpers.ts": {"path":"/Users/mspaxman/code/workingrepos/seanforyou23-syndesis-react-poc/packages/auto-form/src/widgets/helpers.ts","statementMap":{"0":{"start":{"line":4,"column":2},"end":{"line":8,"column":11}},"1":{"start":{"line":3,"column":0},"end":{"line":3,"column":16}}},"fnMap":{"0":{"name":"getValidationState","decl":{"start":{"line":3,"column":16},"end":{"line":3,"column":34}},"loc":{"start":{"line":3,"column":64},"end":{"line":9,"column":1}}}},"branchMap":{"0":{"loc":{"start":{"line":5,"column":6},"end":{"line":5,"column":13}},"type":"cond-expr","locations":[{"start":{"line":5,"column":6},"end":{"line":5,"column":13}},{"start":{"line":6,"column":6},"end":{"line":8,"column":10}}]},"1":{"loc":{"start":{"line":4,"column":9},"end":{"line":4,"column":33}},"type":"binary-expr","locations":[{"start":{"line":4,"column":9},"end":{"line":4,"column":33}},{"start":{"line":4,"column":37},"end":{"line":4,"column":60}}]},"2":{"loc":{"start":{"line":7,"column":6},"end":{"line":7,"column":15}},"type":"cond-expr","locations":[{"start":{"line":7,"column":6},"end":{"line":7,"column":15}},{"start":{"line":8,"column":6},"end":{"line":8,"column":10}}]}},"s":{"0":88,"1":5},"f":{"0":88},"b":{"0":[0,88],"1":[88,48],"2":[48,40]}}
,"/Users/mspaxman/code/workingrepos/seanforyou23-syndesis-react-poc/packages/auto-form/src/widgets/index.ts": {"path":"/Users/mspaxman/code/workingrepos/seanforyou23-syndesis-react-poc/packages/auto-form/src/widgets/index.ts","statementMap":{"0":{"start":{"line":1,"column":0},"end":{"line":1,"column":37}},"1":{"start":{"line":2,"column":0},"end":{"line":2,"column":38}},"2":{"start":{"line":3,"column":0},"end":{"line":3,"column":40}},"3":{"start":{"line":4,"column":0},"end":{"line":4,"column":40}},"4":{"start":{"line":5,"column":0},"end":{"line":5,"column":38}}},"fnMap":{},"branchMap":{},"s":{"0":5,"1":5,"2":5,"3":5,"4":5},"f":{},"b":{}}
}
