TN:
SF:/Users/mspaxman/code/workingrepos/seanforyou23-syndesis-react-poc/packages/auto-form/src/AutoForm.tsx
FN:55,(anonymous_0)
FN:64,(anonymous_1)
FN:70,(anonymous_2)
FN:85,(anonymous_3)
FNF:4
FNH:4
FNDA:18,(anonymous_0)
FNDA:18,(anonymous_1)
FNDA:26,(anonymous_2)
FNDA:88,(anonymous_3)
DA:1,5
DA:2,5
DA:3,5
DA:51,5
DA:56,18
DA:65,18
DA:81,26
DA:86,88
LF:8
LH:8
BRDA:90,0,0,88
BRDA:90,0,1,0
BRF:2
BRH:1
end_of_record
TN:
SF:/Users/mspaxman/code/workingrepos/seanforyou23-syndesis-react-poc/packages/auto-form/src/FormBuilder.tsx
FN:38,(anonymous_0)
FN:46,(anonymous_1)
FN:55,(anonymous_2)
FN:73,(anonymous_3)
FN:90,(anonymous_4)
FN:91,(anonymous_5)
FN:104,(anonymous_6)
FN:112,(anonymous_8)
FN:124,(anonymous_9)
FN:154,(anonymous_10)
FN:173,(anonymous_11)
FNF:11
FNH:11
FNDA:18,(anonymous_0)
FNDA:88,(anonymous_1)
FNDA:24,(anonymous_2)
FNDA:18,(anonymous_3)
FNDA:18,(anonymous_4)
FNDA:40,(anonymous_5)
FNDA:18,(anonymous_6)
FNDA:22,(anonymous_8)
FNDA:128,(anonymous_9)
FNDA:40,(anonymous_10)
FNDA:80,(anonymous_11)
DA:2,5
DA:3,5
DA:5,5
DA:38,5
DA:46,18
DA:48,88
DA:55,88
DA:57,0
DA:59,24
DA:61,88
DA:74,18
DA:75,18
DA:79,18
DA:91,18
DA:92,40
DA:93,40
DA:95,40
DA:97,40
DA:105,18
DA:113,22
DA:114,22
DA:115,22
DA:125,128
DA:130,0
DA:131,0
DA:133,11
DA:134,11
DA:136,4
DA:139,10
DA:142,6
DA:144,128
DA:159,4
DA:161,36
DA:175,61
DA:179,2
DA:182,4
DA:184,13
LF:37
LH:34
BRDA:56,0,0,24
BRDA:56,0,1,2
BRDA:68,1,0,88
BRDA:68,1,1,74
BRDA:113,2,0,22
BRDA:113,2,1,22
BRDA:114,3,0,22
BRDA:114,3,1,22
BRDA:125,4,0,128
BRDA:125,4,1,21
BRDA:127,5,0,0
BRDA:127,5,1,0
BRDA:127,5,2,0
BRDA:127,5,3,11
BRDA:127,5,4,4
BRDA:138,6,0,128
BRDA:138,6,1,10
BRDA:156,7,0,4
BRDA:156,7,1,4
BRDA:156,7,2,4
BRDA:156,7,3,36
BRDA:174,8,0,80
BRDA:174,8,1,19
BRDA:178,9,0,2
BRDA:178,9,1,4
BRDA:178,9,2,4
BRDA:178,9,3,13
BRF:27
BRH:24
end_of_record
TN:
SF:/Users/mspaxman/code/workingrepos/seanforyou23-syndesis-react-poc/packages/auto-form/src/index.ts
FNF:0
FNH:0
DA:1,5
LF:1
LH:1
BRF:0
BRH:0
end_of_record
TN:
SF:/Users/mspaxman/code/workingrepos/seanforyou23-syndesis-react-poc/packages/auto-form/src/widgets/FormCheckboxComponent.tsx
FN:8,(anonymous_0)
FNF:1
FNH:1
FNDA:6,(anonymous_0)
DA:1,5
DA:2,5
DA:4,5
DA:6,5
DA:9,6
LF:5
LH:5
BRDA:18,0,0,6
BRDA:18,0,1,4
BRF:2
BRH:2
end_of_record
TN:
SF:/Users/mspaxman/code/workingrepos/seanforyou23-syndesis-react-poc/packages/auto-form/src/widgets/FormHiddenComponent.tsx
FN:6,(anonymous_0)
FNF:1
FNH:0
FNDA:0,(anonymous_0)
DA:1,5
DA:4,5
DA:8,0
LF:3
LH:2
BRDA:15,0,0,0
BRDA:15,0,1,0
BRDA:15,0,2,0
BRF:3
BRH:0
end_of_record
TN:
SF:/Users/mspaxman/code/workingrepos/seanforyou23-syndesis-react-poc/packages/auto-form/src/widgets/FormInputComponent.tsx
FN:13,(anonymous_0)
FNF:1
FNH:1
FNDA:74,(anonymous_0)
DA:1,5
DA:7,5
DA:9,5
DA:11,5
DA:14,74
LF:5
LH:5
BRDA:22,0,0,74
BRDA:22,0,1,30
BRDA:24,1,0,74
BRDA:24,1,1,0
BRF:4
BRH:3
end_of_record
TN:
SF:/Users/mspaxman/code/workingrepos/seanforyou23-syndesis-react-poc/packages/auto-form/src/widgets/FormSelectComponent.tsx
FN:13,(anonymous_0)
FN:26,(anonymous_1)
FNF:2
FNH:2
FNDA:6,(anonymous_0)
FNDA:36,(anonymous_1)
DA:1,5
DA:7,5
DA:9,5
DA:11,5
DA:14,6
DA:27,36
LF:6
LH:6
BRDA:22,0,0,6
BRDA:22,0,1,4
BRDA:25,1,0,6
BRDA:25,1,1,6
BRF:4
BRH:4
end_of_record
TN:
SF:/Users/mspaxman/code/workingrepos/seanforyou23-syndesis-react-poc/packages/auto-form/src/widgets/FormTextAreaComponent.tsx
FN:13,(anonymous_0)
FNF:1
FNH:1
FNDA:2,(anonymous_0)
DA:1,5
DA:7,5
DA:9,5
DA:11,5
DA:14,2
LF:5
LH:5
BRDA:22,0,0,2
BRDA:22,0,1,2
BRF:2
BRH:2
end_of_record
TN:
SF:/Users/mspaxman/code/workingrepos/seanforyou23-syndesis-react-poc/packages/auto-form/src/widgets/helpers.ts
FN:3,getValidationState
FNF:1
FNH:1
FNDA:88,getValidationState
DA:3,5
DA:4,88
LF:2
LH:2
BRDA:5,0,0,0
BRDA:5,0,1,88
BRDA:4,1,0,88
BRDA:4,1,1,48
BRDA:7,2,0,48
BRDA:7,2,1,40
BRF:6
BRH:5
end_of_record
TN:
SF:/Users/mspaxman/code/workingrepos/seanforyou23-syndesis-react-poc/packages/auto-form/src/widgets/index.ts
FNF:0
FNH:0
DA:1,5
DA:2,5
DA:3,5
DA:4,5
DA:5,5
LF:5
LH:5
BRF:0
BRH:0
end_of_record
