{"/Users/mspaxman/code/workingrepos/seanforyou23-syndesis-react-poc/packages/utils/src/OptionalIntUtil.ts": {"path":"/Users/mspaxman/code/workingrepos/seanforyou23-syndesis-react-poc/packages/utils/src/OptionalIntUtil.ts","statementMap":{"0":{"start":{"line":9,"column":2},"end":{"line":9,"column":41}},"1":{"start":{"line":8,"column":0},"end":{"line":8,"column":16}},"2":{"start":{"line":22,"column":18},"end":{"line":22,"column":32}},"3":{"start":{"line":23,"column":4},"end":{"line":23,"column":40}},"4":{"start":{"line":26,"column":2},"end":{"line":26,"column":22}},"5":{"start":{"line":17,"column":0},"end":{"line":17,"column":16}},"6":{"start":{"line":36,"column":2},"end":{"line":36,"column":65}},"7":{"start":{"line":33,"column":0},"end":{"line":33,"column":16}}},"fnMap":{"0":{"name":"createOptionalInt","decl":{"start":{"line":8,"column":16},"end":{"line":8,"column":33}},"loc":{"start":{"line":8,"column":47},"end":{"line":10,"column":1}}},"1":{"name":"optionalIntValue","decl":{"start":{"line":17,"column":16},"end":{"line":17,"column":32}},"loc":{"start":{"line":19,"column":26},"end":{"line":27,"column":1}}},"2":{"name":"optionalIntHasValue","decl":{"start":{"line":33,"column":16},"end":{"line":33,"column":35}},"loc":{"start":{"line":34,"column":35},"end":{"line":37,"column":1}}}},"branchMap":{"0":{"loc":{"start":{"line":19,"column":25},"end":{"line":19,"column":26}},"type":"default-arg","locations":[{"start":{"line":19,"column":25},"end":{"line":19,"column":26}}]},"1":{"loc":{"start":{"line":21,"column":6},"end":{"line":21,"column":14}},"type":"binary-expr","locations":[{"start":{"line":21,"column":6},"end":{"line":21,"column":14}},{"start":{"line":21,"column":18},"end":{"line":21,"column":34}}]},"2":{"loc":{"start":{"line":23,"column":19},"end":{"line":23,"column":24}},"type":"cond-expr","locations":[{"start":{"line":23,"column":19},"end":{"line":23,"column":24}},{"start":{"line":23,"column":27},"end":{"line":23,"column":39}}]},"3":{"loc":{"start":{"line":36,"column":40},"end":{"line":36,"column":56}},"type":"cond-expr","locations":[{"start":{"line":36,"column":40},"end":{"line":36,"column":56}},{"start":{"line":36,"column":59},"end":{"line":36,"column":64}}]},"4":{"loc":{"start":{"line":36,"column":9},"end":{"line":36,"column":17}},"type":"binary-expr","locations":[{"start":{"line":36,"column":9},"end":{"line":36,"column":17}},{"start":{"line":36,"column":21},"end":{"line":36,"column":37}}]}},"s":{"0":0,"1":1,"2":0,"3":0,"4":0,"5":1,"6":0,"7":1},"f":{"0":0,"1":0,"2":0},"b":{"0":[0],"1":[0,0],"2":[0,0],"3":[0,0],"4":[0,0]}}
,"/Users/mspaxman/code/workingrepos/seanforyou23-syndesis-react-poc/packages/utils/src/WithListViewToolbarHelpers.tsx": {"path":"/Users/mspaxman/code/workingrepos/seanforyou23-syndesis-react-poc/packages/utils/src/WithListViewToolbarHelpers.tsx","statementMap":{"0":{"start":{"line":2,"column":0},"end":{"line":2,"column":31}},"1":{"start":{"line":37,"column":4},"end":{"line":37,"column":17}},"2":{"start":{"line":48,"column":9},"end":{"line":50,"column":4}},"3":{"start":{"line":49,"column":4},"end":{"line":49,"column":78}},"4":{"start":{"line":52,"column":9},"end":{"line":61,"column":4}},"5":{"start":{"line":53,"column":48},"end":{"line":53,"column":58}},"6":{"start":{"line":56,"column":6},"end":{"line":56,"column":42}},"7":{"start":{"line":57,"column":6},"end":{"line":57,"column":64}},"8":{"start":{"line":58,"column":6},"end":{"line":58,"column":33}},"9":{"start":{"line":59,"column":6},"end":{"line":59,"column":32}},"10":{"start":{"line":63,"column":9},"end":{"line":74,"column":4}},"11":{"start":{"line":64,"column":30},"end":{"line":64,"column":40}},"12":{"start":{"line":65,"column":4},"end":{"line":73,"column":7}},"13":{"start":{"line":76,"column":9},"end":{"line":81,"column":4}},"14":{"start":{"line":77,"column":34},"end":{"line":77,"column":44}},"15":{"start":{"line":79,"column":6},"end":{"line":79,"column":73}},"16":{"start":{"line":83,"column":9},"end":{"line":93,"column":4}},"17":{"start":{"line":87,"column":34},"end":{"line":87,"column":44}},"18":{"start":{"line":89,"column":4},"end":{"line":89,"column":55}},"19":{"start":{"line":91,"column":6},"end":{"line":91,"column":69}},"20":{"start":{"line":95,"column":9},"end":{"line":106,"column":4}},"21":{"start":{"line":96,"column":30},"end":{"line":96,"column":40}},"22":{"start":{"line":98,"column":18},"end":{"line":98,"column":47}},"23":{"start":{"line":104,"column":6},"end":{"line":104,"column":48}},"24":{"start":{"line":108,"column":9},"end":{"line":111,"column":4}},"25":{"start":{"line":109,"column":4},"end":{"line":109,"column":27}},"26":{"start":{"line":110,"column":4},"end":{"line":110,"column":41}},"27":{"start":{"line":113,"column":9},"end":{"line":117,"column":4}},"28":{"start":{"line":114,"column":32},"end":{"line":114,"column":42}},"29":{"start":{"line":116,"column":4},"end":{"line":116,"column":57}},"30":{"start":{"line":119,"column":9},"end":{"line":128,"column":4}},"31":{"start":{"line":120,"column":32},"end":{"line":120,"column":42}},"32":{"start":{"line":123,"column":6},"end":{"line":126,"column":9}},"33":{"start":{"line":38,"column":4},"end":{"line":45,"column":6}},"34":{"start":{"line":131,"column":4},"end":{"line":142,"column":7}},"35":{"start":{"line":32,"column":0},"end":{"line":32,"column":13}}},"fnMap":{"0":{"name":"(anonymous_0)","decl":{"start":{"line":36,"column":2},"end":{"line":36,"column":14}},"loc":{"start":{"line":36,"column":53},"end":{"line":46,"column":3}}},"1":{"name":"(anonymous_1)","decl":{"start":{"line":48,"column":32},"end":{"line":48,"column":33}},"loc":{"start":{"line":48,"column":49},"end":{"line":50,"column":3}}},"2":{"name":"(anonymous_2)","decl":{"start":{"line":52,"column":27},"end":{"line":52,"column":28}},"loc":{"start":{"line":52,"column":55},"end":{"line":61,"column":3}}},"3":{"name":"(anonymous_3)","decl":{"start":{"line":63,"column":25},"end":{"line":63,"column":26}},"loc":{"start":{"line":63,"column":58},"end":{"line":74,"column":3}}},"4":{"name":"(anonymous_4)","decl":{"start":{"line":76,"column":30},"end":{"line":76,"column":31}},"loc":{"start":{"line":76,"column":58},"end":{"line":81,"column":3}}},"5":{"name":"(anonymous_5)","decl":{"start":{"line":83,"column":33},"end":{"line":83,"column":34}},"loc":{"start":{"line":86,"column":7},"end":{"line":93,"column":3}}},"6":{"name":"(anonymous_6)","decl":{"start":{"line":95,"column":26},"end":{"line":95,"column":27}},"loc":{"start":{"line":95,"column":52},"end":{"line":106,"column":3}}},"7":{"name":"(anonymous_7)","decl":{"start":{"line":108,"column":26},"end":{"line":108,"column":27}},"loc":{"start":{"line":108,"column":73},"end":{"line":111,"column":3}}},"8":{"name":"(anonymous_8)","decl":{"start":{"line":113,"column":40},"end":{"line":113,"column":43}},"loc":{"start":{"line":113,"column":45},"end":{"line":117,"column":3}}},"9":{"name":"(anonymous_9)","decl":{"start":{"line":119,"column":35},"end":{"line":119,"column":36}},"loc":{"start":{"line":119,"column":56},"end":{"line":128,"column":3}}},"10":{"name":"(anonymous_10)","decl":{"start":{"line":130,"column":9},"end":{"line":130,"column":15}},"loc":{"start":{"line":130,"column":15},"end":{"line":143,"column":3}}}},"branchMap":{"0":{"loc":{"start":{"line":55,"column":8},"end":{"line":55,"column":32}},"type":"binary-expr","locations":[{"start":{"line":55,"column":8},"end":{"line":55,"column":32}},{"start":{"line":55,"column":36},"end":{"line":55,"column":48}},{"start":{"line":55,"column":52},"end":{"line":55,"column":75}}]}},"s":{"0":1,"1":0,"2":0,"3":0,"4":0,"5":0,"6":0,"7":0,"8":0,"9":0,"10":0,"11":0,"12":0,"13":0,"14":0,"15":0,"16":0,"17":0,"18":0,"19":0,"20":0,"21":0,"22":0,"23":0,"24":0,"25":0,"26":0,"27":0,"28":0,"29":0,"30":0,"31":0,"32":0,"33":0,"34":0,"35":1},"f":{"0":0,"1":0,"2":0,"3":0,"4":0,"5":0,"6":0,"7":0,"8":0,"9":0,"10":0},"b":{"0":[0,0,0]}}
,"/Users/mspaxman/code/workingrepos/seanforyou23-syndesis-react-poc/packages/utils/src/WithLoader.tsx": {"path":"/Users/mspaxman/code/workingrepos/seanforyou23-syndesis-react-poc/packages/utils/src/WithLoader.tsx","statementMap":{"0":{"start":{"line":1,"column":0},"end":{"line":1,"column":31}},"1":{"start":{"line":65,"column":4},"end":{"line":65,"column":17}},"2":{"start":{"line":66,"column":4},"end":{"line":68,"column":6}},"3":{"start":{"line":72,"column":4},"end":{"line":74,"column":7}},"4":{"start":{"line":79,"column":6},"end":{"line":79,"column":24}},"5":{"start":{"line":85,"column":6},"end":{"line":85,"column":38}},"6":{"start":{"line":88,"column":6},"end":{"line":88,"column":39}},"7":{"start":{"line":90,"column":4},"end":{"line":90,"column":33}},"8":{"start":{"line":94,"column":4},"end":{"line":94,"column":24}},"9":{"start":{"line":95,"column":4},"end":{"line":99,"column":28}},"10":{"start":{"line":96,"column":6},"end":{"line":98,"column":9}},"11":{"start":{"line":104,"column":6},"end":{"line":104,"column":37}},"12":{"start":{"line":105,"column":6},"end":{"line":105,"column":35}},"13":{"start":{"line":58,"column":16},"end":{"line":60,"column":4}},"14":{"start":{"line":54,"column":0},"end":{"line":54,"column":13}}},"fnMap":{"0":{"name":"(anonymous_0)","decl":{"start":{"line":64,"column":2},"end":{"line":64,"column":14}},"loc":{"start":{"line":64,"column":37},"end":{"line":69,"column":3}}},"1":{"name":"(anonymous_1)","decl":{"start":{"line":71,"column":9},"end":{"line":71,"column":34}},"loc":{"start":{"line":71,"column":62},"end":{"line":75,"column":3}}},"2":{"name":"(anonymous_2)","decl":{"start":{"line":77,"column":9},"end":{"line":77,"column":27}},"loc":{"start":{"line":77,"column":55},"end":{"line":81,"column":3}}},"3":{"name":"(anonymous_3)","decl":{"start":{"line":83,"column":9},"end":{"line":83,"column":15}},"loc":{"start":{"line":83,"column":15},"end":{"line":91,"column":3}}},"4":{"name":"(anonymous_4)","decl":{"start":{"line":93,"column":12},"end":{"line":93,"column":22}},"loc":{"start":{"line":93,"column":22},"end":{"line":100,"column":3}}},"5":{"name":"(anonymous_5)","decl":{"start":{"line":95,"column":41},"end":{"line":95,"column":44}},"loc":{"start":{"line":95,"column":46},"end":{"line":99,"column":5}}},"6":{"name":"(anonymous_6)","decl":{"start":{"line":102,"column":12},"end":{"line":102,"column":24}},"loc":{"start":{"line":102,"column":24},"end":{"line":107,"column":3}}}},"branchMap":{"0":{"loc":{"start":{"line":78,"column":8},"end":{"line":78,"column":27}},"type":"binary-expr","locations":[{"start":{"line":78,"column":8},"end":{"line":78,"column":27}},{"start":{"line":78,"column":31},"end":{"line":78,"column":48}}]}},"s":{"0":1,"1":0,"2":0,"3":0,"4":0,"5":0,"6":0,"7":0,"8":0,"9":0,"10":0,"11":0,"12":0,"13":1,"14":1},"f":{"0":0,"1":0,"2":0,"3":0,"4":0,"5":0,"6":0},"b":{"0":[0,0]}}
,"/Users/mspaxman/code/workingrepos/seanforyou23-syndesis-react-poc/packages/utils/src/WithRouteData.tsx": {"path":"/Users/mspaxman/code/workingrepos/seanforyou23-syndesis-react-poc/packages/utils/src/WithRouteData.tsx","statementMap":{"0":{"start":{"line":1,"column":0},"end":{"line":1,"column":31}},"1":{"start":{"line":2,"column":0},"end":{"line":2,"column":57}},"2":{"start":{"line":25,"column":4},"end":{"line":36,"column":6}},"3":{"start":{"line":29,"column":12},"end":{"line":29,"column":58}},"4":{"start":{"line":31,"column":28},"end":{"line":31,"column":51}},"5":{"start":{"line":32,"column":27},"end":{"line":32,"column":52}},"6":{"start":{"line":33,"column":10},"end":{"line":33,"column":59}},"7":{"start":{"line":21,"column":0},"end":{"line":21,"column":13}}},"fnMap":{"0":{"name":"(anonymous_0)","decl":{"start":{"line":24,"column":9},"end":{"line":24,"column":15}},"loc":{"start":{"line":24,"column":15},"end":{"line":37,"column":3}}},"1":{"name":"(anonymous_1)","decl":{"start":{"line":27,"column":9},"end":{"line":27,"column":14}},"loc":{"start":{"line":27,"column":17},"end":{"line":34,"column":9}}}},"branchMap":{},"s":{"0":1,"1":1,"2":0,"3":0,"4":0,"5":0,"6":0,"7":1},"f":{"0":0,"1":0},"b":{}}
,"/Users/mspaxman/code/workingrepos/seanforyou23-syndesis-react-poc/packages/utils/src/WithRouter.tsx": {"path":"/Users/mspaxman/code/workingrepos/seanforyou23-syndesis-react-poc/packages/utils/src/WithRouter.tsx","statementMap":{"0":{"start":{"line":1,"column":0},"end":{"line":1,"column":31}},"1":{"start":{"line":2,"column":0},"end":{"line":2,"column":63}},"2":{"start":{"line":10,"column":35},"end":{"line":10,"column":45}},"3":{"start":{"line":11,"column":4},"end":{"line":11,"column":27}},"4":{"start":{"line":8,"column":0},"end":{"line":8,"column":13}},"5":{"start":{"line":15,"column":13},"end":{"line":15,"column":71}}},"fnMap":{"0":{"name":"(anonymous_0)","decl":{"start":{"line":9,"column":9},"end":{"line":9,"column":15}},"loc":{"start":{"line":9,"column":15},"end":{"line":12,"column":3}}}},"branchMap":{},"s":{"0":1,"1":1,"2":1,"3":1,"4":1,"5":1},"f":{"0":1},"b":{}}
,"/Users/mspaxman/code/workingrepos/seanforyou23-syndesis-react-poc/packages/utils/src/getConnectionIcon.ts": {"path":"/Users/mspaxman/code/workingrepos/seanforyou23-syndesis-react-poc/packages/utils/src/getConnectionIcon.ts","statementMap":{"0":{"start":{"line":7,"column":2},"end":{"line":9,"column":59}},"1":{"start":{"line":3,"column":0},"end":{"line":3,"column":16}}},"fnMap":{"0":{"name":"getConnectionIcon","decl":{"start":{"line":3,"column":16},"end":{"line":3,"column":33}},"loc":{"start":{"line":5,"column":31},"end":{"line":10,"column":1}}}},"branchMap":{"0":{"loc":{"start":{"line":8,"column":6},"end":{"line":8,"column":22}},"type":"cond-expr","locations":[{"start":{"line":8,"column":6},"end":{"line":8,"column":22}},{"start":{"line":9,"column":6},"end":{"line":9,"column":58}}]},"1":{"loc":{"start":{"line":7,"column":10},"end":{"line":7,"column":25}},"type":"binary-expr","locations":[{"start":{"line":7,"column":10},"end":{"line":7,"column":25}},{"start":{"line":7,"column":29},"end":{"line":7,"column":31}}]}},"s":{"0":0,"1":1},"f":{"0":0},"b":{"0":[0,0],"1":[0,0]}}
,"/Users/mspaxman/code/workingrepos/seanforyou23-syndesis-react-poc/packages/utils/src/index.ts": {"path":"/Users/mspaxman/code/workingrepos/seanforyou23-syndesis-react-poc/packages/utils/src/index.ts","statementMap":{"0":{"start":{"line":1,"column":0},"end":{"line":1,"column":36}},"1":{"start":{"line":2,"column":0},"end":{"line":2,"column":22}},"2":{"start":{"line":3,"column":0},"end":{"line":3,"column":31}},"3":{"start":{"line":4,"column":0},"end":{"line":4,"column":45}},"4":{"start":{"line":5,"column":0},"end":{"line":5,"column":34}},"5":{"start":{"line":6,"column":0},"end":{"line":6,"column":29}},"6":{"start":{"line":7,"column":0},"end":{"line":7,"column":32}},"7":{"start":{"line":8,"column":0},"end":{"line":8,"column":29}}},"fnMap":{},"branchMap":{},"s":{"0":1,"1":1,"2":1,"3":1,"4":1,"5":1,"6":1,"7":1},"f":{},"b":{}}
,"/Users/mspaxman/code/workingrepos/seanforyou23-syndesis-react-poc/packages/utils/src/key.ts": {"path":"/Users/mspaxman/code/workingrepos/seanforyou23-syndesis-react-poc/packages/utils/src/key.ts","statementMap":{"0":{"start":{"line":2,"column":2},"end":{"line":2,"column":68}},"1":{"start":{"line":3,"column":29},"end":{"line":3,"column":31}},"2":{"start":{"line":4,"column":20},"end":{"line":4,"column":21}},"3":{"start":{"line":18,"column":17},"end":{"line":18,"column":18}},"4":{"start":{"line":19,"column":6},"end":{"line":19,"column":53}},"5":{"start":{"line":24,"column":15},"end":{"line":24,"column":17}},"6":{"start":{"line":25,"column":20},"end":{"line":25,"column":40}},"7":{"start":{"line":32,"column":17},"end":{"line":32,"column":18}},"8":{"start":{"line":33,"column":6},"end":{"line":33,"column":22}},"9":{"start":{"line":35,"column":8},"end":{"line":35,"column":26}},"10":{"start":{"line":37,"column":8},"end":{"line":37,"column":14}},"11":{"start":{"line":42,"column":15},"end":{"line":42,"column":16}},"12":{"start":{"line":43,"column":4},"end":{"line":43,"column":53}},"13":{"start":{"line":49,"column":27},"end":{"line":49,"column":36}},"14":{"start":{"line":50,"column":15},"end":{"line":50,"column":16}},"15":{"start":{"line":51,"column":4},"end":{"line":51,"column":63}},"16":{"start":{"line":52,"column":4},"end":{"line":52,"column":61}},"17":{"start":{"line":55,"column":2},"end":{"line":55,"column":28}},"18":{"start":{"line":56,"column":2},"end":{"line":56,"column":16}},"19":{"start":{"line":15,"column":0},"end":{"line":15,"column":16}}},"fnMap":{"0":{"name":"key","decl":{"start":{"line":15,"column":16},"end":{"line":15,"column":19}},"loc":{"start":{"line":15,"column":19},"end":{"line":57,"column":1}}}},"branchMap":{},"s":{"0":1,"1":1,"2":1,"3":0,"4":0,"5":0,"6":0,"7":0,"8":0,"9":0,"10":0,"11":0,"12":0,"13":0,"14":0,"15":0,"16":0,"17":0,"18":0,"19":1},"f":{"0":0},"b":{}}
,"/Users/mspaxman/code/workingrepos/seanforyou23-syndesis-react-poc/packages/utils/src/makeResolver.ts": {"path":"/Users/mspaxman/code/workingrepos/seanforyou23-syndesis-react-poc/packages/utils/src/makeResolver.ts","statementMap":{"0":{"start":{"line":1,"column":0},"end":{"line":1,"column":37}},"1":{"start":{"line":18,"column":2},"end":{"line":24,"column":4}},"2":{"start":{"line":19,"column":30},"end":{"line":19,"column":42}},"3":{"start":{"line":20,"column":4},"end":{"line":23,"column":6}},"4":{"start":{"line":17,"column":0},"end":{"line":17,"column":16}},"5":{"start":{"line":33,"column":2},"end":{"line":33,"column":30}},"6":{"start":{"line":33,"column":15},"end":{"line":33,"column":29}},"7":{"start":{"line":32,"column":0},"end":{"line":32,"column":16}}},"fnMap":{"0":{"name":"makeResolver","decl":{"start":{"line":17,"column":16},"end":{"line":17,"column":28}},"loc":{"start":{"line":17,"column":74},"end":{"line":25,"column":1}}},"1":{"name":"(anonymous_1)","decl":{"start":{"line":18,"column":9},"end":{"line":18,"column":10}},"loc":{"start":{"line":18,"column":21},"end":{"line":24,"column":3}}},"2":{"name":"makeResolverNoParams","decl":{"start":{"line":32,"column":16},"end":{"line":32,"column":36}},"loc":{"start":{"line":32,"column":50},"end":{"line":34,"column":1}}},"3":{"name":"(anonymous_3)","decl":{"start":{"line":33,"column":9},"end":{"line":33,"column":12}},"loc":{"start":{"line":33,"column":15},"end":{"line":33,"column":29}}}},"branchMap":{},"s":{"0":1,"1":0,"2":0,"3":0,"4":1,"5":0,"6":0,"7":1},"f":{"0":0,"1":0,"2":0,"3":0},"b":{}}
}
