TN:
SF:/Users/mspaxman/code/workingrepos/seanforyou23-syndesis-react-poc/packages/utils/src/OptionalIntUtil.ts
FN:8,createOptionalInt
FN:17,optionalIntValue
FN:33,optionalIntHasValue
FNF:3
FNH:0
FNDA:0,createOptionalInt
FNDA:0,optionalIntValue
FNDA:0,optionalIntHasValue
DA:8,1
DA:9,0
DA:17,1
DA:22,0
DA:23,0
DA:26,0
DA:33,1
DA:36,0
LF:8
LH:3
BRDA:19,0,0,0
BRDA:21,1,0,0
BRDA:21,1,1,0
BRDA:23,2,0,0
BRDA:23,2,1,0
BRDA:36,3,0,0
BRDA:36,3,1,0
BRDA:36,4,0,0
BRDA:36,4,1,0
BRF:9
BRH:0
end_of_record
TN:
SF:/Users/mspaxman/code/workingrepos/seanforyou23-syndesis-react-poc/packages/utils/src/WithListViewToolbarHelpers.tsx
FN:36,(anonymous_0)
FN:48,(anonymous_1)
FN:52,(anonymous_2)
FN:63,(anonymous_3)
FN:76,(anonymous_4)
FN:83,(anonymous_5)
FN:95,(anonymous_6)
FN:108,(anonymous_7)
FN:113,(anonymous_8)
FN:119,(anonymous_9)
FN:130,(anonymous_10)
FNF:11
FNH:0
FNDA:0,(anonymous_0)
FNDA:0,(anonymous_1)
FNDA:0,(anonymous_2)
FNDA:0,(anonymous_3)
FNDA:0,(anonymous_4)
FNDA:0,(anonymous_5)
FNDA:0,(anonymous_6)
FNDA:0,(anonymous_7)
FNDA:0,(anonymous_8)
FNDA:0,(anonymous_9)
FNDA:0,(anonymous_10)
DA:2,1
DA:32,1
DA:37,0
DA:38,0
DA:48,0
DA:49,0
DA:52,0
DA:53,0
DA:56,0
DA:57,0
DA:58,0
DA:59,0
DA:63,0
DA:64,0
DA:65,0
DA:76,0
DA:77,0
DA:79,0
DA:83,0
DA:87,0
DA:89,0
DA:91,0
DA:95,0
DA:96,0
DA:98,0
DA:104,0
DA:108,0
DA:109,0
DA:110,0
DA:113,0
DA:114,0
DA:116,0
DA:119,0
DA:120,0
DA:123,0
DA:131,0
LF:36
LH:2
BRDA:55,0,0,0
BRDA:55,0,1,0
BRDA:55,0,2,0
BRF:3
BRH:0
end_of_record
TN:
SF:/Users/mspaxman/code/workingrepos/seanforyou23-syndesis-react-poc/packages/utils/src/WithLoader.tsx
FN:64,(anonymous_0)
FN:71,(anonymous_1)
FN:77,(anonymous_2)
FN:83,(anonymous_3)
FN:93,(anonymous_4)
FN:95,(anonymous_5)
FN:102,(anonymous_6)
FNF:7
FNH:0
FNDA:0,(anonymous_0)
FNDA:0,(anonymous_1)
FNDA:0,(anonymous_2)
FNDA:0,(anonymous_3)
FNDA:0,(anonymous_4)
FNDA:0,(anonymous_5)
FNDA:0,(anonymous_6)
DA:1,1
DA:54,1
DA:58,1
DA:65,0
DA:66,0
DA:72,0
DA:79,0
DA:85,0
DA:88,0
DA:90,0
DA:94,0
DA:95,0
DA:96,0
DA:104,0
DA:105,0
LF:15
LH:3
BRDA:78,0,0,0
BRDA:78,0,1,0
BRF:2
BRH:0
end_of_record
TN:
SF:/Users/mspaxman/code/workingrepos/seanforyou23-syndesis-react-poc/packages/utils/src/WithRouteData.tsx
FN:24,(anonymous_0)
FN:27,(anonymous_1)
FNF:2
FNH:0
FNDA:0,(anonymous_0)
FNDA:0,(anonymous_1)
DA:1,1
DA:2,1
DA:21,1
DA:25,0
DA:29,0
DA:31,0
DA:32,0
DA:33,0
LF:8
LH:3
BRF:0
BRH:0
end_of_record
TN:
SF:/Users/mspaxman/code/workingrepos/seanforyou23-syndesis-react-poc/packages/utils/src/WithRouter.tsx
FN:9,(anonymous_0)
FNF:1
FNH:1
FNDA:1,(anonymous_0)
DA:1,1
DA:2,1
DA:8,1
DA:10,1
DA:11,1
DA:15,1
LF:6
LH:6
BRF:0
BRH:0
end_of_record
TN:
SF:/Users/mspaxman/code/workingrepos/seanforyou23-syndesis-react-poc/packages/utils/src/getConnectionIcon.ts
FN:3,getConnectionIcon
FNF:1
FNH:0
FNDA:0,getConnectionIcon
DA:3,1
DA:7,0
LF:2
LH:1
BRDA:8,0,0,0
BRDA:8,0,1,0
BRDA:7,1,0,0
BRDA:7,1,1,0
BRF:4
BRH:0
end_of_record
TN:
SF:/Users/mspaxman/code/workingrepos/seanforyou23-syndesis-react-poc/packages/utils/src/index.ts
FNF:0
FNH:0
DA:1,1
DA:2,1
DA:3,1
DA:4,1
DA:5,1
DA:6,1
DA:7,1
DA:8,1
LF:8
LH:8
BRF:0
BRH:0
end_of_record
TN:
SF:/Users/mspaxman/code/workingrepos/seanforyou23-syndesis-react-poc/packages/utils/src/key.ts
FN:15,key
FNF:1
FNH:0
FNDA:0,key
DA:2,1
DA:3,1
DA:4,1
DA:15,1
DA:18,0
DA:19,0
DA:24,0
DA:25,0
DA:32,0
DA:33,0
DA:35,0
DA:37,0
DA:42,0
DA:43,0
DA:49,0
DA:50,0
DA:51,0
DA:52,0
DA:55,0
DA:56,0
LF:20
LH:4
BRF:0
BRH:0
end_of_record
TN:
SF:/Users/mspaxman/code/workingrepos/seanforyou23-syndesis-react-poc/packages/utils/src/makeResolver.ts
FN:17,makeResolver
FN:18,(anonymous_1)
FN:32,makeResolverNoParams
FN:33,(anonymous_3)
FNF:4
FNH:0
FNDA:0,makeResolver
FNDA:0,(anonymous_1)
FNDA:0,makeResolverNoParams
FNDA:0,(anonymous_3)
DA:1,1
DA:17,1
DA:18,0
DA:19,0
DA:20,0
DA:32,1
DA:33,0
LF:7
LH:3
BRF:0
BRH:0
end_of_record
