{"/Users/mspaxman/code/workingrepos/seanforyou23-syndesis-react-poc/packages/ui/src/index.ts": {"path":"/Users/mspaxman/code/workingrepos/seanforyou23-syndesis-react-poc/packages/ui/src/index.ts","statementMap":{"0":{"start":{"line":1,"column":0},"end":{"line":1,"column":21}},"1":{"start":{"line":3,"column":0},"end":{"line":3,"column":29}},"2":{"start":{"line":4,"column":0},"end":{"line":4,"column":32}},"3":{"start":{"line":5,"column":0},"end":{"line":5,"column":28}},"4":{"start":{"line":6,"column":0},"end":{"line":6,"column":23}},"5":{"start":{"line":7,"column":0},"end":{"line":7,"column":30}},"6":{"start":{"line":8,"column":0},"end":{"line":8,"column":25}},"7":{"start":{"line":9,"column":0},"end":{"line":9,"column":25}}},"fnMap":{},"branchMap":{},"s":{"0":1,"1":1,"2":1,"3":1,"4":1,"5":1,"6":1,"7":1},"f":{},"b":{}}
,"/Users/mspaxman/code/workingrepos/seanforyou23-syndesis-react-poc/packages/ui/src/Connection/ConnectionCard.tsx": {"path":"/Users/mspaxman/code/workingrepos/seanforyou23-syndesis-react-poc/packages/ui/src/Connection/ConnectionCard.tsx","statementMap":{"0":{"start":{"line":2,"column":0},"end":{"line":2,"column":40}},"1":{"start":{"line":3,"column":0},"end":{"line":3,"column":31}},"2":{"start":{"line":4,"column":0},"end":{"line":4,"column":40}},"3":{"start":{"line":6,"column":0},"end":{"line":6,"column":30}},"4":{"start":{"line":17,"column":4},"end":{"line":38,"column":6}},"5":{"start":{"line":15,"column":0},"end":{"line":15,"column":13}}},"fnMap":{"0":{"name":"(anonymous_0)","decl":{"start":{"line":16,"column":9},"end":{"line":16,"column":15}},"loc":{"start":{"line":16,"column":15},"end":{"line":39,"column":3}}}},"branchMap":{},"s":{"0":3,"1":3,"2":3,"3":3,"4":1,"5":3},"f":{"0":1},"b":{}}
,"/Users/mspaxman/code/workingrepos/seanforyou23-syndesis-react-poc/packages/ui/src/Connection/ConnectionSkeleton.tsx": {"path":"/Users/mspaxman/code/workingrepos/seanforyou23-syndesis-react-poc/packages/ui/src/Connection/ConnectionSkeleton.tsx","statementMap":{"0":{"start":{"line":1,"column":0},"end":{"line":1,"column":52}},"1":{"start":{"line":2,"column":0},"end":{"line":2,"column":31}},"2":{"start":{"line":3,"column":0},"end":{"line":3,"column":49}},"3":{"start":{"line":5,"column":13},"end":{"line":25,"column":2}},"4":{"start":{"line":6,"column":2},"end":{"line":23,"column":null}}},"fnMap":{"0":{"name":"(anonymous_0)","decl":{"start":{"line":5,"column":34},"end":{"line":5,"column":35}},"loc":{"start":{"line":6,"column":2},"end":{"line":23,"column":null}}}},"branchMap":{},"s":{"0":3,"1":3,"2":3,"3":3,"4":0},"f":{"0":0},"b":{}}
,"/Users/mspaxman/code/workingrepos/seanforyou23-syndesis-react-poc/packages/ui/src/Connection/ConnectionsGrid.tsx": {"path":"/Users/mspaxman/code/workingrepos/seanforyou23-syndesis-react-poc/packages/ui/src/Connection/ConnectionsGrid.tsx","statementMap":{"0":{"start":{"line":1,"column":0},"end":{"line":1,"column":44}},"1":{"start":{"line":2,"column":0},"end":{"line":2,"column":31}},"2":{"start":{"line":6,"column":4},"end":{"line":10,"column":6}},"3":{"start":{"line":4,"column":0},"end":{"line":4,"column":13}}},"fnMap":{"0":{"name":"(anonymous_0)","decl":{"start":{"line":5,"column":9},"end":{"line":5,"column":15}},"loc":{"start":{"line":5,"column":15},"end":{"line":11,"column":3}}}},"branchMap":{},"s":{"0":3,"1":3,"2":0,"3":3},"f":{"0":0},"b":{}}
,"/Users/mspaxman/code/workingrepos/seanforyou23-syndesis-react-poc/packages/ui/src/Connection/ConnectionsGridCell.tsx": {"path":"/Users/mspaxman/code/workingrepos/seanforyou23-syndesis-react-poc/packages/ui/src/Connection/ConnectionsGridCell.tsx","statementMap":{"0":{"start":{"line":1,"column":0},"end":{"line":1,"column":44}},"1":{"start":{"line":2,"column":0},"end":{"line":2,"column":31}},"2":{"start":{"line":6,"column":4},"end":{"line":10,"column":6}},"3":{"start":{"line":4,"column":0},"end":{"line":4,"column":13}}},"fnMap":{"0":{"name":"(anonymous_0)","decl":{"start":{"line":5,"column":9},"end":{"line":5,"column":15}},"loc":{"start":{"line":5,"column":15},"end":{"line":11,"column":3}}}},"branchMap":{},"s":{"0":3,"1":3,"2":0,"3":3},"f":{"0":0},"b":{}}
,"/Users/mspaxman/code/workingrepos/seanforyou23-syndesis-react-poc/packages/ui/src/Connection/ConnectionsListView.tsx": {"path":"/Users/mspaxman/code/workingrepos/seanforyou23-syndesis-react-poc/packages/ui/src/Connection/ConnectionsListView.tsx","statementMap":{"0":{"start":{"line":1,"column":0},"end":{"line":1,"column":31}},"1":{"start":{"line":2,"column":0},"end":{"line":2,"column":50}},"2":{"start":{"line":3,"column":0},"end":{"line":3,"column":67}},"3":{"start":{"line":14,"column":4},"end":{"line":25,"column":6}},"4":{"start":{"line":10,"column":0},"end":{"line":10,"column":13}}},"fnMap":{"0":{"name":"(anonymous_0)","decl":{"start":{"line":13,"column":9},"end":{"line":13,"column":15}},"loc":{"start":{"line":13,"column":15},"end":{"line":26,"column":3}}}},"branchMap":{},"s":{"0":3,"1":3,"2":3,"3":1,"4":3},"f":{"0":1},"b":{}}
,"/Users/mspaxman/code/workingrepos/seanforyou23-syndesis-react-poc/packages/ui/src/Connection/index.ts": {"path":"/Users/mspaxman/code/workingrepos/seanforyou23-syndesis-react-poc/packages/ui/src/Connection/index.ts","statementMap":{"0":{"start":{"line":1,"column":0},"end":{"line":1,"column":33}},"1":{"start":{"line":2,"column":0},"end":{"line":2,"column":34}},"2":{"start":{"line":3,"column":0},"end":{"line":3,"column":38}},"3":{"start":{"line":4,"column":0},"end":{"line":4,"column":37}},"4":{"start":{"line":5,"column":0},"end":{"line":5,"column":38}}},"fnMap":{},"branchMap":{},"s":{"0":3,"1":3,"2":3,"3":3,"4":3},"f":{},"b":{}}
,"/Users/mspaxman/code/workingrepos/seanforyou23-syndesis-react-poc/packages/ui/src/Customization/ApiConnectorDetail.tsx": {"path":"/Users/mspaxman/code/workingrepos/seanforyou23-syndesis-react-poc/packages/ui/src/Customization/ApiConnectorDetail.tsx","statementMap":{"0":{"start":{"line":1,"column":0},"end":{"line":1,"column":null}},"1":{"start":{"line":8,"column":0},"end":{"line":8,"column":31}},"2":{"start":{"line":9,"column":0},"end":{"line":9,"column":66}},"3":{"start":{"line":10,"column":0},"end":{"line":10,"column":54}},"4":{"start":{"line":11,"column":0},"end":{"line":11,"column":58}},"5":{"start":{"line":23,"column":4},"end":{"line":46,"column":6}},"6":{"start":{"line":19,"column":0},"end":{"line":19,"column":13}}},"fnMap":{"0":{"name":"(anonymous_0)","decl":{"start":{"line":22,"column":9},"end":{"line":22,"column":15}},"loc":{"start":{"line":22,"column":15},"end":{"line":47,"column":3}}}},"branchMap":{},"s":{"0":5,"1":5,"2":5,"3":5,"4":5,"5":0,"6":5},"f":{"0":0},"b":{}}
,"/Users/mspaxman/code/workingrepos/seanforyou23-syndesis-react-poc/packages/ui/src/Customization/ApiConnectorDetailCard.tsx": {"path":"/Users/mspaxman/code/workingrepos/seanforyou23-syndesis-react-poc/packages/ui/src/Customization/ApiConnectorDetailCard.tsx","statementMap":{"0":{"start":{"line":1,"column":0},"end":{"line":1,"column":50}},"1":{"start":{"line":2,"column":0},"end":{"line":2,"column":31}},"2":{"start":{"line":3,"column":0},"end":{"line":3,"column":38}},"3":{"start":{"line":15,"column":4},"end":{"line":38,"column":6}},"4":{"start":{"line":11,"column":0},"end":{"line":11,"column":13}}},"fnMap":{"0":{"name":"(anonymous_0)","decl":{"start":{"line":14,"column":9},"end":{"line":14,"column":15}},"loc":{"start":{"line":14,"column":15},"end":{"line":39,"column":3}}}},"branchMap":{},"s":{"0":5,"1":5,"2":5,"3":0,"4":5},"f":{"0":0},"b":{}}
,"/Users/mspaxman/code/workingrepos/seanforyou23-syndesis-react-poc/packages/ui/src/Customization/ApiConnectorInfo.tsx": {"path":"/Users/mspaxman/code/workingrepos/seanforyou23-syndesis-react-poc/packages/ui/src/Customization/ApiConnectorInfo.tsx","statementMap":{"0":{"start":{"line":1,"column":0},"end":{"line":1,"column":31}},"1":{"start":{"line":5,"column":4},"end":{"line":5,"column":57}},"2":{"start":{"line":3,"column":0},"end":{"line":3,"column":13}}},"fnMap":{"0":{"name":"(anonymous_0)","decl":{"start":{"line":4,"column":9},"end":{"line":4,"column":15}},"loc":{"start":{"line":4,"column":15},"end":{"line":6,"column":3}}}},"branchMap":{},"s":{"0":5,"1":0,"2":5},"f":{"0":0},"b":{}}
,"/Users/mspaxman/code/workingrepos/seanforyou23-syndesis-react-poc/packages/ui/src/Customization/ApiConnectorListItem.tsx": {"path":"/Users/mspaxman/code/workingrepos/seanforyou23-syndesis-react-poc/packages/ui/src/Customization/ApiConnectorListItem.tsx","statementMap":{"0":{"start":{"line":1,"column":0},"end":{"line":1,"column":null}},"1":{"start":{"line":8,"column":0},"end":{"line":8,"column":31}},"2":{"start":{"line":29,"column":4},"end":{"line":29,"column":17}},"3":{"start":{"line":30,"column":4},"end":{"line":30,"column":53}},"4":{"start":{"line":31,"column":4},"end":{"line":31,"column":55}},"5":{"start":{"line":35,"column":4},"end":{"line":41,"column":6}},"6":{"start":{"line":45,"column":4},"end":{"line":51,"column":6}},"7":{"start":{"line":55,"column":4},"end":{"line":55,"column":51}},"8":{"start":{"line":59,"column":4},"end":{"line":59,"column":52}},"9":{"start":{"line":63,"column":4},"end":{"line":108,"column":6}},"10":{"start":{"line":25,"column":0},"end":{"line":25,"column":13}}},"fnMap":{"0":{"name":"(anonymous_0)","decl":{"start":{"line":28,"column":2},"end":{"line":28,"column":21}},"loc":{"start":{"line":28,"column":54},"end":{"line":32,"column":3}}},"1":{"name":"(anonymous_1)","decl":{"start":{"line":34,"column":9},"end":{"line":34,"column":25}},"loc":{"start":{"line":34,"column":25},"end":{"line":42,"column":3}}},"2":{"name":"(anonymous_2)","decl":{"start":{"line":44,"column":9},"end":{"line":44,"column":26}},"loc":{"start":{"line":44,"column":26},"end":{"line":52,"column":3}}},"3":{"name":"(anonymous_3)","decl":{"start":{"line":54,"column":9},"end":{"line":54,"column":21}},"loc":{"start":{"line":54,"column":21},"end":{"line":56,"column":3}}},"4":{"name":"(anonymous_4)","decl":{"start":{"line":58,"column":9},"end":{"line":58,"column":22}},"loc":{"start":{"line":58,"column":22},"end":{"line":60,"column":3}}},"5":{"name":"(anonymous_5)","decl":{"start":{"line":62,"column":9},"end":{"line":62,"column":15}},"loc":{"start":{"line":62,"column":15},"end":{"line":109,"column":3}}}},"branchMap":{"0":{"loc":{"start":{"line":38,"column":12},"end":{"line":38,"column":36}},"type":"cond-expr","locations":[{"start":{"line":38,"column":12},"end":{"line":38,"column":36}},{"start":{"line":39,"column":12},"end":{"line":39,"column":33}}]},"1":{"loc":{"start":{"line":48,"column":12},"end":{"line":48,"column":37}},"type":"cond-expr","locations":[{"start":{"line":48,"column":12},"end":{"line":48,"column":37}},{"start":{"line":49,"column":12},"end":{"line":49,"column":34}}]},"2":{"loc":{"start":{"line":90,"column":14},"end":{"line":90,"column":48}},"type":"cond-expr","locations":[{"start":{"line":90,"column":14},"end":{"line":90,"column":48}},{"start":{"line":91,"column":14},"end":{"line":91,"column":16}}]},"3":{"loc":{"start":{"line":97,"column":12},"end":{"line":102,"column":null}},"type":"cond-expr","locations":[{"start":{"line":97,"column":12},"end":{"line":102,"column":null}},{"start":{"line":104,"column":14},"end":{"line":104,"column":18}}]}},"s":{"0":5,"1":5,"2":0,"3":0,"4":0,"5":0,"6":0,"7":0,"8":0,"9":0,"10":5},"f":{"0":0,"1":0,"2":0,"3":0,"4":0,"5":0},"b":{"0":[0,0],"1":[0,0],"2":[0,0],"3":[0,0]}}
,"/Users/mspaxman/code/workingrepos/seanforyou23-syndesis-react-poc/packages/ui/src/Customization/ApiConnectorListSkeleton.tsx": {"path":"/Users/mspaxman/code/workingrepos/seanforyou23-syndesis-react-poc/packages/ui/src/Customization/ApiConnectorListSkeleton.tsx","statementMap":{"0":{"start":{"line":3,"column":0},"end":{"line":3,"column":31}},"1":{"start":{"line":4,"column":0},"end":{"line":4,"column":49}},"2":{"start":{"line":11,"column":13},"end":{"line":37,"column":2}},"3":{"start":{"line":14,"column":2},"end":{"line":35,"column":null}}},"fnMap":{"0":{"name":"(anonymous_0)","decl":{"start":{"line":13,"column":4},"end":{"line":13,"column":5}},"loc":{"start":{"line":14,"column":2},"end":{"line":35,"column":null}}}},"branchMap":{},"s":{"0":5,"1":5,"2":5,"3":0},"f":{"0":0},"b":{}}
,"/Users/mspaxman/code/workingrepos/seanforyou23-syndesis-react-poc/packages/ui/src/Customization/ApiConnectorListView.tsx": {"path":"/Users/mspaxman/code/workingrepos/seanforyou23-syndesis-react-poc/packages/ui/src/Customization/ApiConnectorListView.tsx","statementMap":{"0":{"start":{"line":1,"column":0},"end":{"line":1,"column":null}},"1":{"start":{"line":7,"column":0},"end":{"line":7,"column":31}},"2":{"start":{"line":8,"column":0},"end":{"line":8,"column":50}},"3":{"start":{"line":9,"column":0},"end":{"line":9,"column":67}},"4":{"start":{"line":26,"column":4},"end":{"line":74,"column":6}},"5":{"start":{"line":78,"column":4},"end":{"line":84,"column":6}},"6":{"start":{"line":22,"column":0},"end":{"line":22,"column":13}}},"fnMap":{"0":{"name":"(anonymous_0)","decl":{"start":{"line":25,"column":9},"end":{"line":25,"column":15}},"loc":{"start":{"line":25,"column":15},"end":{"line":75,"column":3}}},"1":{"name":"(anonymous_1)","decl":{"start":{"line":77,"column":10},"end":{"line":77,"column":35}},"loc":{"start":{"line":77,"column":35},"end":{"line":85,"column":3}}}},"branchMap":{"0":{"loc":{"start":{"line":49,"column":12},"end":{"line":49,"column":54}},"type":"cond-expr","locations":[{"start":{"line":49,"column":12},"end":{"line":49,"column":54}},{"start":{"line":51,"column":12},"end":{"line":69,"column":null}}]},"1":{"loc":{"start":{"line":81,"column":12},"end":{"line":81,"column":52}},"type":"cond-expr","locations":[{"start":{"line":81,"column":12},"end":{"line":81,"column":52}},{"start":{"line":82,"column":12},"end":{"line":82,"column":49}}]}},"s":{"0":5,"1":5,"2":5,"3":5,"4":0,"5":0,"6":5},"f":{"0":0,"1":0},"b":{"0":[0,0],"1":[0,0]}}
,"/Users/mspaxman/code/workingrepos/seanforyou23-syndesis-react-poc/packages/ui/src/Customization/ApiConnectorReview.tsx": {"path":"/Users/mspaxman/code/workingrepos/seanforyou23-syndesis-react-poc/packages/ui/src/Customization/ApiConnectorReview.tsx","statementMap":{"0":{"start":{"line":1,"column":0},"end":{"line":1,"column":31}},"1":{"start":{"line":5,"column":4},"end":{"line":5,"column":59}},"2":{"start":{"line":3,"column":0},"end":{"line":3,"column":13}}},"fnMap":{"0":{"name":"(anonymous_0)","decl":{"start":{"line":4,"column":9},"end":{"line":4,"column":15}},"loc":{"start":{"line":4,"column":15},"end":{"line":6,"column":3}}}},"branchMap":{},"s":{"0":5,"1":0,"2":5},"f":{"0":0},"b":{}}
,"/Users/mspaxman/code/workingrepos/seanforyou23-syndesis-react-poc/packages/ui/src/Customization/ExtensionDetail.tsx": {"path":"/Users/mspaxman/code/workingrepos/seanforyou23-syndesis-react-poc/packages/ui/src/Customization/ExtensionDetail.tsx","statementMap":{"0":{"start":{"line":1,"column":0},"end":{"line":1,"column":null}},"1":{"start":{"line":11,"column":0},"end":{"line":11,"column":31}},"2":{"start":{"line":12,"column":0},"end":{"line":12,"column":53}},"3":{"start":{"line":13,"column":0},"end":{"line":13,"column":31}},"4":{"start":{"line":116,"column":4},"end":{"line":116,"column":17}},"5":{"start":{"line":118,"column":4},"end":{"line":120,"column":6}},"6":{"start":{"line":122,"column":4},"end":{"line":122,"column":45}},"7":{"start":{"line":123,"column":4},"end":{"line":123,"column":45}},"8":{"start":{"line":124,"column":4},"end":{"line":124,"column":61}},"9":{"start":{"line":128,"column":4},"end":{"line":130,"column":7}},"10":{"start":{"line":134,"column":4},"end":{"line":136,"column":7}},"11":{"start":{"line":139,"column":4},"end":{"line":139,"column":26}},"12":{"start":{"line":143,"column":4},"end":{"line":149,"column":6}},"13":{"start":{"line":153,"column":4},"end":{"line":159,"column":6}},"14":{"start":{"line":163,"column":4},"end":{"line":165,"column":7}},"15":{"start":{"line":169,"column":4},"end":{"line":231,"column":6}},"16":{"start":{"line":111,"column":0},"end":{"line":111,"column":13}}},"fnMap":{"0":{"name":"(anonymous_0)","decl":{"start":{"line":115,"column":2},"end":{"line":115,"column":21}},"loc":{"start":{"line":115,"column":49},"end":{"line":125,"column":3}}},"1":{"name":"(anonymous_1)","decl":{"start":{"line":127,"column":9},"end":{"line":127,"column":17}},"loc":{"start":{"line":127,"column":17},"end":{"line":131,"column":3}}},"2":{"name":"(anonymous_2)","decl":{"start":{"line":133,"column":9},"end":{"line":133,"column":17}},"loc":{"start":{"line":133,"column":17},"end":{"line":140,"column":3}}},"3":{"name":"(anonymous_3)","decl":{"start":{"line":142,"column":9},"end":{"line":142,"column":25}},"loc":{"start":{"line":142,"column":25},"end":{"line":150,"column":3}}},"4":{"name":"(anonymous_4)","decl":{"start":{"line":152,"column":9},"end":{"line":152,"column":25}},"loc":{"start":{"line":152,"column":25},"end":{"line":160,"column":3}}},"5":{"name":"(anonymous_5)","decl":{"start":{"line":162,"column":9},"end":{"line":162,"column":25}},"loc":{"start":{"line":162,"column":25},"end":{"line":166,"column":3}}},"6":{"name":"(anonymous_6)","decl":{"start":{"line":168,"column":9},"end":{"line":168,"column":15}},"loc":{"start":{"line":168,"column":15},"end":{"line":232,"column":3}}}},"branchMap":{"0":{"loc":{"start":{"line":146,"column":12},"end":{"line":146,"column":36}},"type":"cond-expr","locations":[{"start":{"line":146,"column":12},"end":{"line":146,"column":36}},{"start":{"line":147,"column":12},"end":{"line":147,"column":33}}]},"1":{"loc":{"start":{"line":156,"column":12},"end":{"line":156,"column":36}},"type":"cond-expr","locations":[{"start":{"line":156,"column":12},"end":{"line":156,"column":36}},{"start":{"line":157,"column":12},"end":{"line":157,"column":33}}]}},"s":{"0":5,"1":5,"2":5,"3":5,"4":2,"5":2,"6":2,"7":2,"8":2,"9":0,"10":1,"11":1,"12":4,"13":4,"14":1,"15":4,"16":5},"f":{"0":2,"1":0,"2":1,"3":4,"4":4,"5":1,"6":4},"b":{"0":[4,0],"1":[4,0]}}
,"/Users/mspaxman/code/workingrepos/seanforyou23-syndesis-react-poc/packages/ui/src/Customization/ExtensionImportCard.tsx": {"path":"/Users/mspaxman/code/workingrepos/seanforyou23-syndesis-react-poc/packages/ui/src/Customization/ExtensionImportCard.tsx","statementMap":{"0":{"start":{"line":1,"column":0},"end":{"line":1,"column":47}},"1":{"start":{"line":2,"column":0},"end":{"line":2,"column":31}},"2":{"start":{"line":3,"column":0},"end":{"line":3,"column":58}},"3":{"start":{"line":77,"column":4},"end":{"line":103,"column":6}},"4":{"start":{"line":73,"column":0},"end":{"line":73,"column":13}}},"fnMap":{"0":{"name":"(anonymous_0)","decl":{"start":{"line":76,"column":9},"end":{"line":76,"column":15}},"loc":{"start":{"line":76,"column":15},"end":{"line":104,"column":3}}}},"branchMap":{"0":{"loc":{"start":{"line":85,"column":12},"end":{"line":86,"column":null}},"type":"cond-expr","locations":[{"start":{"line":85,"column":12},"end":{"line":86,"column":null}},{"start":{"line":88,"column":14},"end":{"line":88,"column":18}}]}},"s":{"0":5,"1":5,"2":5,"3":0,"4":5},"f":{"0":0},"b":{"0":[0,0]}}
,"/Users/mspaxman/code/workingrepos/seanforyou23-syndesis-react-poc/packages/ui/src/Customization/ExtensionImportReview.tsx": {"path":"/Users/mspaxman/code/workingrepos/seanforyou23-syndesis-react-poc/packages/ui/src/Customization/ExtensionImportReview.tsx","statementMap":{"0":{"start":{"line":1,"column":0},"end":{"line":1,"column":48}},"1":{"start":{"line":2,"column":0},"end":{"line":2,"column":31}},"2":{"start":{"line":3,"column":0},"end":{"line":3,"column":50}},"3":{"start":{"line":4,"column":0},"end":{"line":4,"column":37}},"4":{"start":{"line":103,"column":4},"end":{"line":103,"column":17}},"5":{"start":{"line":104,"column":4},"end":{"line":104,"column":53}},"6":{"start":{"line":109,"column":6},"end":{"line":109,"column":26}},"7":{"start":{"line":112,"column":4},"end":{"line":143,"column":6}},"8":{"start":{"line":116,"column":14},"end":{"line":138,"column":null}},"9":{"start":{"line":147,"column":4},"end":{"line":147,"column":55}},"10":{"start":{"line":151,"column":4},"end":{"line":217,"column":6}},"11":{"start":{"line":99,"column":0},"end":{"line":99,"column":13}}},"fnMap":{"0":{"name":"(anonymous_0)","decl":{"start":{"line":102,"column":2},"end":{"line":102,"column":21}},"loc":{"start":{"line":102,"column":55},"end":{"line":105,"column":3}}},"1":{"name":"(anonymous_1)","decl":{"start":{"line":107,"column":9},"end":{"line":107,"column":19}},"loc":{"start":{"line":107,"column":19},"end":{"line":144,"column":3}}},"2":{"name":"(anonymous_2)","decl":{"start":{"line":115,"column":35},"end":{"line":115,"column":36}},"loc":{"start":{"line":116,"column":14},"end":{"line":138,"column":null}}},"3":{"name":"(anonymous_3)","decl":{"start":{"line":146,"column":9},"end":{"line":146,"column":21}},"loc":{"start":{"line":146,"column":21},"end":{"line":148,"column":3}}},"4":{"name":"(anonymous_4)","decl":{"start":{"line":150,"column":9},"end":{"line":150,"column":15}},"loc":{"start":{"line":150,"column":15},"end":{"line":218,"column":3}}}},"branchMap":{"0":{"loc":{"start":{"line":115,"column":12},"end":{"line":139,"column":null}},"type":"cond-expr","locations":[{"start":{"line":115,"column":12},"end":{"line":139,"column":null}},{"start":{"line":141,"column":12},"end":{"line":141,"column":16}}]},"1":{"loc":{"start":{"line":117,"column":16},"end":{"line":124,"column":null}},"type":"cond-expr","locations":[{"start":{"line":117,"column":16},"end":{"line":124,"column":null}},{"start":{"line":127,"column":16},"end":{"line":137,"column":null}}]},"2":{"loc":{"start":{"line":178,"column":16},"end":{"line":178,"column":47}},"type":"cond-expr","locations":[{"start":{"line":178,"column":16},"end":{"line":178,"column":47}},{"start":{"line":179,"column":16},"end":{"line":179,"column":20}}]}},"s":{"0":5,"1":5,"2":5,"3":5,"4":2,"5":2,"6":0,"7":2,"8":5,"9":2,"10":2,"11":5},"f":{"0":2,"1":2,"2":5,"3":2,"4":2},"b":{"0":[2,0],"1":[2,3],"2":[1,1]}}
,"/Users/mspaxman/code/workingrepos/seanforyou23-syndesis-react-poc/packages/ui/src/Customization/ExtensionIntegrationsTable.tsx": {"path":"/Users/mspaxman/code/workingrepos/seanforyou23-syndesis-react-poc/packages/ui/src/Customization/ExtensionIntegrationsTable.tsx","statementMap":{"0":{"start":{"line":1,"column":0},"end":{"line":1,"column":46}},"1":{"start":{"line":2,"column":0},"end":{"line":2,"column":31}},"2":{"start":{"line":21,"column":25},"end":{"line":22,"column":null}},"3":{"start":{"line":22,"column":6},"end":{"line":22,"column":44}},"4":{"start":{"line":25,"column":33},"end":{"line":38,"column":5}},"5":{"start":{"line":30,"column":22},"end":{"line":30,"column":68}},"6":{"start":{"line":30,"column":28},"end":{"line":30,"column":68}},"7":{"start":{"line":31,"column":6},"end":{"line":37,"column":8}},"8":{"start":{"line":43,"column":4},"end":{"line":64,"column":6}},"9":{"start":{"line":56,"column":42},"end":{"line":56,"column":74}},"10":{"start":{"line":68,"column":4},"end":{"line":68,"column":50}},"11":{"start":{"line":72,"column":4},"end":{"line":91,"column":6}},"12":{"start":{"line":17,"column":0},"end":{"line":17,"column":13}}},"fnMap":{"0":{"name":"(anonymous_0)","decl":{"start":{"line":20,"column":9},"end":{"line":20,"column":19}},"loc":{"start":{"line":20,"column":19},"end":{"line":65,"column":3}}},"1":{"name":"(anonymous_1)","decl":{"start":{"line":21,"column":25},"end":{"line":21,"column":26}},"loc":{"start":{"line":22,"column":6},"end":{"line":22,"column":44}}},"2":{"name":"(anonymous_2)","decl":{"start":{"line":25,"column":33},"end":{"line":25,"column":null}},"loc":{"start":{"line":28,"column":8},"end":{"line":38,"column":5}}},"3":{"name":"(anonymous_3)","decl":{"start":{"line":30,"column":22},"end":{"line":30,"column":25}},"loc":{"start":{"line":30,"column":28},"end":{"line":30,"column":68}}},"4":{"name":"(anonymous_4)","decl":{"start":{"line":56,"column":23},"end":{"line":56,"column":24}},"loc":{"start":{"line":56,"column":42},"end":{"line":56,"column":74}}},"5":{"name":"(anonymous_5)","decl":{"start":{"line":67,"column":9},"end":{"line":67,"column":30}},"loc":{"start":{"line":67,"column":52},"end":{"line":69,"column":3}}},"6":{"name":"(anonymous_6)","decl":{"start":{"line":71,"column":9},"end":{"line":71,"column":15}},"loc":{"start":{"line":71,"column":15},"end":{"line":92,"column":3}}}},"branchMap":{"0":{"loc":{"start":{"line":78,"column":14},"end":{"line":85,"column":null}},"type":"cond-expr","locations":[{"start":{"line":78,"column":14},"end":{"line":85,"column":null}},{"start":{"line":87,"column":16},"end":{"line":87,"column":20}}]}},"s":{"0":5,"1":5,"2":0,"3":0,"4":0,"5":0,"6":0,"7":0,"8":0,"9":0,"10":0,"11":0,"12":5},"f":{"0":0,"1":0,"2":0,"3":0,"4":0,"5":0,"6":0},"b":{"0":[0,0]}}
,"/Users/mspaxman/code/workingrepos/seanforyou23-syndesis-react-poc/packages/ui/src/Customization/ExtensionListItem.tsx": {"path":"/Users/mspaxman/code/workingrepos/seanforyou23-syndesis-react-poc/packages/ui/src/Customization/ExtensionListItem.tsx","statementMap":{"0":{"start":{"line":2,"column":0},"end":{"line":2,"column":null}},"1":{"start":{"line":9,"column":0},"end":{"line":9,"column":31}},"2":{"start":{"line":10,"column":0},"end":{"line":10,"column":39}},"3":{"start":{"line":11,"column":0},"end":{"line":11,"column":53}},"4":{"start":{"line":44,"column":4},"end":{"line":44,"column":17}},"5":{"start":{"line":46,"column":4},"end":{"line":48,"column":6}},"6":{"start":{"line":50,"column":4},"end":{"line":50,"column":45}},"7":{"start":{"line":51,"column":4},"end":{"line":51,"column":45}},"8":{"start":{"line":52,"column":4},"end":{"line":52,"column":61}},"9":{"start":{"line":53,"column":4},"end":{"line":53,"column":53}},"10":{"start":{"line":57,"column":4},"end":{"line":59,"column":7}},"11":{"start":{"line":63,"column":4},"end":{"line":65,"column":7}},"12":{"start":{"line":68,"column":4},"end":{"line":68,"column":48}},"13":{"start":{"line":72,"column":4},"end":{"line":78,"column":6}},"14":{"start":{"line":82,"column":4},"end":{"line":88,"column":6}},"15":{"start":{"line":92,"column":4},"end":{"line":98,"column":6}},"16":{"start":{"line":103,"column":6},"end":{"line":103,"column":50}},"17":{"start":{"line":108,"column":4},"end":{"line":110,"column":7}},"18":{"start":{"line":114,"column":4},"end":{"line":182,"column":6}},"19":{"start":{"line":39,"column":0},"end":{"line":39,"column":13}}},"fnMap":{"0":{"name":"(anonymous_0)","decl":{"start":{"line":43,"column":2},"end":{"line":43,"column":21}},"loc":{"start":{"line":43,"column":51},"end":{"line":54,"column":3}}},"1":{"name":"(anonymous_1)","decl":{"start":{"line":56,"column":9},"end":{"line":56,"column":17}},"loc":{"start":{"line":56,"column":17},"end":{"line":60,"column":3}}},"2":{"name":"(anonymous_2)","decl":{"start":{"line":62,"column":9},"end":{"line":62,"column":17}},"loc":{"start":{"line":62,"column":17},"end":{"line":69,"column":3}}},"3":{"name":"(anonymous_3)","decl":{"start":{"line":71,"column":9},"end":{"line":71,"column":25}},"loc":{"start":{"line":71,"column":25},"end":{"line":79,"column":3}}},"4":{"name":"(anonymous_4)","decl":{"start":{"line":81,"column":9},"end":{"line":81,"column":26}},"loc":{"start":{"line":81,"column":26},"end":{"line":89,"column":3}}},"5":{"name":"(anonymous_5)","decl":{"start":{"line":91,"column":9},"end":{"line":91,"column":25}},"loc":{"start":{"line":91,"column":25},"end":{"line":99,"column":3}}},"6":{"name":"(anonymous_6)","decl":{"start":{"line":101,"column":9},"end":{"line":101,"column":21}},"loc":{"start":{"line":101,"column":21},"end":{"line":105,"column":3}}},"7":{"name":"(anonymous_7)","decl":{"start":{"line":107,"column":9},"end":{"line":107,"column":25}},"loc":{"start":{"line":107,"column":25},"end":{"line":111,"column":3}}},"8":{"name":"(anonymous_8)","decl":{"start":{"line":113,"column":9},"end":{"line":113,"column":15}},"loc":{"start":{"line":113,"column":15},"end":{"line":183,"column":3}}}},"branchMap":{"0":{"loc":{"start":{"line":75,"column":12},"end":{"line":75,"column":36}},"type":"cond-expr","locations":[{"start":{"line":75,"column":12},"end":{"line":75,"column":36}},{"start":{"line":76,"column":12},"end":{"line":76,"column":33}}]},"1":{"loc":{"start":{"line":85,"column":12},"end":{"line":85,"column":37}},"type":"cond-expr","locations":[{"start":{"line":85,"column":12},"end":{"line":85,"column":37}},{"start":{"line":86,"column":12},"end":{"line":86,"column":34}}]},"2":{"loc":{"start":{"line":95,"column":12},"end":{"line":95,"column":36}},"type":"cond-expr","locations":[{"start":{"line":95,"column":12},"end":{"line":95,"column":36}},{"start":{"line":96,"column":12},"end":{"line":96,"column":33}}]},"3":{"loc":{"start":{"line":163,"column":16},"end":{"line":163,"column":47}},"type":"cond-expr","locations":[{"start":{"line":163,"column":16},"end":{"line":163,"column":47}},{"start":{"line":164,"column":16},"end":{"line":164,"column":18}}]},"4":{"loc":{"start":{"line":170,"column":14},"end":{"line":175,"column":null}},"type":"cond-expr","locations":[{"start":{"line":170,"column":14},"end":{"line":175,"column":null}},{"start":{"line":177,"column":16},"end":{"line":177,"column":20}}]}},"s":{"0":5,"1":5,"2":5,"3":5,"4":0,"5":0,"6":0,"7":0,"8":0,"9":0,"10":0,"11":0,"12":0,"13":0,"14":0,"15":0,"16":0,"17":0,"18":0,"19":5},"f":{"0":0,"1":0,"2":0,"3":0,"4":0,"5":0,"6":0,"7":0,"8":0},"b":{"0":[0,0],"1":[0,0],"2":[0,0],"3":[0,0],"4":[0,0]}}
,"/Users/mspaxman/code/workingrepos/seanforyou23-syndesis-react-poc/packages/ui/src/Customization/ExtensionListSkeleton.tsx": {"path":"/Users/mspaxman/code/workingrepos/seanforyou23-syndesis-react-poc/packages/ui/src/Customization/ExtensionListSkeleton.tsx","statementMap":{"0":{"start":{"line":3,"column":0},"end":{"line":3,"column":31}},"1":{"start":{"line":4,"column":0},"end":{"line":4,"column":49}},"2":{"start":{"line":11,"column":13},"end":{"line":37,"column":2}},"3":{"start":{"line":14,"column":2},"end":{"line":35,"column":null}}},"fnMap":{"0":{"name":"(anonymous_0)","decl":{"start":{"line":13,"column":4},"end":{"line":13,"column":5}},"loc":{"start":{"line":14,"column":2},"end":{"line":35,"column":null}}}},"branchMap":{},"s":{"0":5,"1":5,"2":5,"3":0},"f":{"0":0},"b":{}}
,"/Users/mspaxman/code/workingrepos/seanforyou23-syndesis-react-poc/packages/ui/src/Customization/ExtensionListView.tsx": {"path":"/Users/mspaxman/code/workingrepos/seanforyou23-syndesis-react-poc/packages/ui/src/Customization/ExtensionListView.tsx","statementMap":{"0":{"start":{"line":1,"column":0},"end":{"line":1,"column":null}},"1":{"start":{"line":7,"column":0},"end":{"line":7,"column":31}},"2":{"start":{"line":8,"column":0},"end":{"line":8,"column":50}},"3":{"start":{"line":9,"column":0},"end":{"line":9,"column":67}},"4":{"start":{"line":27,"column":4},"end":{"line":33,"column":6}},"5":{"start":{"line":37,"column":4},"end":{"line":79,"column":6}},"6":{"start":{"line":23,"column":0},"end":{"line":23,"column":13}}},"fnMap":{"0":{"name":"(anonymous_0)","decl":{"start":{"line":26,"column":9},"end":{"line":26,"column":25}},"loc":{"start":{"line":26,"column":25},"end":{"line":34,"column":3}}},"1":{"name":"(anonymous_1)","decl":{"start":{"line":36,"column":9},"end":{"line":36,"column":15}},"loc":{"start":{"line":36,"column":15},"end":{"line":80,"column":3}}}},"branchMap":{"0":{"loc":{"start":{"line":30,"column":12},"end":{"line":30,"column":49}},"type":"cond-expr","locations":[{"start":{"line":30,"column":12},"end":{"line":30,"column":49}},{"start":{"line":31,"column":12},"end":{"line":31,"column":46}}]},"1":{"loc":{"start":{"line":54,"column":12},"end":{"line":54,"column":54}},"type":"cond-expr","locations":[{"start":{"line":54,"column":12},"end":{"line":54,"column":54}},{"start":{"line":56,"column":12},"end":{"line":74,"column":null}}]}},"s":{"0":5,"1":5,"2":5,"3":5,"4":0,"5":0,"6":5},"f":{"0":0,"1":0},"b":{"0":[0,0],"1":[0,0]}}
,"/Users/mspaxman/code/workingrepos/seanforyou23-syndesis-react-poc/packages/ui/src/Customization/ExtensionOverview.tsx": {"path":"/Users/mspaxman/code/workingrepos/seanforyou23-syndesis-react-poc/packages/ui/src/Customization/ExtensionOverview.tsx","statementMap":{"0":{"start":{"line":1,"column":0},"end":{"line":1,"column":40}},"1":{"start":{"line":2,"column":0},"end":{"line":2,"column":31}},"2":{"start":{"line":3,"column":0},"end":{"line":3,"column":33}},"3":{"start":{"line":54,"column":4},"end":{"line":93,"column":6}},"4":{"start":{"line":50,"column":0},"end":{"line":50,"column":13}}},"fnMap":{"0":{"name":"(anonymous_0)","decl":{"start":{"line":53,"column":9},"end":{"line":53,"column":15}},"loc":{"start":{"line":53,"column":15},"end":{"line":94,"column":3}}}},"branchMap":{"0":{"loc":{"start":{"line":70,"column":16},"end":{"line":70,"column":47}},"type":"cond-expr","locations":[{"start":{"line":70,"column":16},"end":{"line":70,"column":47}},{"start":{"line":71,"column":16},"end":{"line":71,"column":20}}]},"1":{"loc":{"start":{"line":88,"column":16},"end":{"line":88,"column":45}},"type":"cond-expr","locations":[{"start":{"line":88,"column":16},"end":{"line":88,"column":45}},{"start":{"line":89,"column":16},"end":{"line":89,"column":20}}]}},"s":{"0":5,"1":5,"2":5,"3":2,"4":5},"f":{"0":2},"b":{"0":[1,1],"1":[1,1]}}
,"/Users/mspaxman/code/workingrepos/seanforyou23-syndesis-react-poc/packages/ui/src/Customization/ExtensionSupports.tsx": {"path":"/Users/mspaxman/code/workingrepos/seanforyou23-syndesis-react-poc/packages/ui/src/Customization/ExtensionSupports.tsx","statementMap":{"0":{"start":{"line":1,"column":0},"end":{"line":1,"column":39}},"1":{"start":{"line":2,"column":0},"end":{"line":2,"column":31}},"2":{"start":{"line":20,"column":4},"end":{"line":36,"column":6}},"3":{"start":{"line":27,"column":18},"end":{"line":28,"column":null}},"4":{"start":{"line":16,"column":0},"end":{"line":16,"column":13}}},"fnMap":{"0":{"name":"(anonymous_0)","decl":{"start":{"line":19,"column":9},"end":{"line":19,"column":15}},"loc":{"start":{"line":19,"column":15},"end":{"line":37,"column":3}}},"1":{"name":"(anonymous_1)","decl":{"start":{"line":26,"column":16},"end":{"line":26,"column":17}},"loc":{"start":{"line":27,"column":18},"end":{"line":28,"column":null}}}},"branchMap":{"0":{"loc":{"start":{"line":23,"column":10},"end":{"line":32,"column":null}},"type":"cond-expr","locations":[{"start":{"line":23,"column":10},"end":{"line":32,"column":null}},{"start":{"line":34,"column":12},"end":{"line":34,"column":16}}]}},"s":{"0":5,"1":5,"2":2,"3":4,"4":5},"f":{"0":2,"1":4},"b":{"0":[1,1]}}
,"/Users/mspaxman/code/workingrepos/seanforyou23-syndesis-react-poc/packages/ui/src/Customization/index.ts": {"path":"/Users/mspaxman/code/workingrepos/seanforyou23-syndesis-react-poc/packages/ui/src/Customization/index.ts","statementMap":{"0":{"start":{"line":1,"column":0},"end":{"line":1,"column":37}},"1":{"start":{"line":2,"column":0},"end":{"line":2,"column":41}},"2":{"start":{"line":3,"column":0},"end":{"line":3,"column":35}},"3":{"start":{"line":4,"column":0},"end":{"line":4,"column":37}},"4":{"start":{"line":5,"column":0},"end":{"line":5,"column":39}},"5":{"start":{"line":6,"column":0},"end":{"line":6,"column":43}},"6":{"start":{"line":7,"column":0},"end":{"line":7,"column":39}},"7":{"start":{"line":8,"column":0},"end":{"line":8,"column":34}},"8":{"start":{"line":9,"column":0},"end":{"line":9,"column":38}},"9":{"start":{"line":10,"column":0},"end":{"line":10,"column":40}},"10":{"start":{"line":11,"column":0},"end":{"line":11,"column":45}},"11":{"start":{"line":12,"column":0},"end":{"line":12,"column":36}},"12":{"start":{"line":13,"column":0},"end":{"line":13,"column":40}},"13":{"start":{"line":14,"column":0},"end":{"line":14,"column":36}},"14":{"start":{"line":15,"column":0},"end":{"line":15,"column":36}},"15":{"start":{"line":16,"column":0},"end":{"line":16,"column":36}}},"fnMap":{},"branchMap":{},"s":{"0":5,"1":5,"2":5,"3":5,"4":5,"5":5,"6":5,"7":5,"8":5,"9":5,"10":5,"11":5,"12":5,"13":5,"14":5,"15":5},"f":{},"b":{}}
,"/Users/mspaxman/code/workingrepos/seanforyou23-syndesis-react-poc/packages/ui/src/Dashboard/AggregatedMetricCard.tsx": {"path":"/Users/mspaxman/code/workingrepos/seanforyou23-syndesis-react-poc/packages/ui/src/Dashboard/AggregatedMetricCard.tsx","statementMap":{"0":{"start":{"line":1,"column":0},"end":{"line":1,"column":null}},"1":{"start":{"line":8,"column":0},"end":{"line":8,"column":31}},"2":{"start":{"line":20,"column":4},"end":{"line":42,"column":6}},"3":{"start":{"line":16,"column":0},"end":{"line":16,"column":13}}},"fnMap":{"0":{"name":"(anonymous_0)","decl":{"start":{"line":19,"column":9},"end":{"line":19,"column":15}},"loc":{"start":{"line":19,"column":15},"end":{"line":43,"column":3}}}},"branchMap":{},"s":{"0":2,"1":2,"2":3,"3":2},"f":{"0":3},"b":{}}
,"/Users/mspaxman/code/workingrepos/seanforyou23-syndesis-react-poc/packages/ui/src/Dashboard/ConnectionsMetric.tsx": {"path":"/Users/mspaxman/code/workingrepos/seanforyou23-syndesis-react-poc/packages/ui/src/Dashboard/ConnectionsMetric.tsx","statementMap":{"0":{"start":{"line":1,"column":0},"end":{"line":1,"column":40}},"1":{"start":{"line":2,"column":0},"end":{"line":2,"column":31}},"2":{"start":{"line":12,"column":4},"end":{"line":16,"column":6}},"3":{"start":{"line":8,"column":0},"end":{"line":8,"column":13}}},"fnMap":{"0":{"name":"(anonymous_0)","decl":{"start":{"line":11,"column":9},"end":{"line":11,"column":15}},"loc":{"start":{"line":11,"column":15},"end":{"line":17,"column":3}}}},"branchMap":{},"s":{"0":2,"1":2,"2":0,"3":2},"f":{"0":0},"b":{}}
,"/Users/mspaxman/code/workingrepos/seanforyou23-syndesis-react-poc/packages/ui/src/Dashboard/Dashboard.tsx": {"path":"/Users/mspaxman/code/workingrepos/seanforyou23-syndesis-react-poc/packages/ui/src/Dashboard/Dashboard.tsx","statementMap":{"0":{"start":{"line":1,"column":0},"end":{"line":1,"column":50}},"1":{"start":{"line":2,"column":0},"end":{"line":2,"column":31}},"2":{"start":{"line":3,"column":0},"end":{"line":3,"column":40}},"3":{"start":{"line":4,"column":0},"end":{"line":4,"column":50}},"4":{"start":{"line":5,"column":0},"end":{"line":5,"column":25}},"5":{"start":{"line":30,"column":4},"end":{"line":109,"column":6}},"6":{"start":{"line":28,"column":0},"end":{"line":28,"column":13}}},"fnMap":{"0":{"name":"(anonymous_0)","decl":{"start":{"line":29,"column":9},"end":{"line":29,"column":15}},"loc":{"start":{"line":29,"column":15},"end":{"line":110,"column":3}}}},"branchMap":{},"s":{"0":2,"1":2,"2":2,"3":2,"4":2,"5":0,"6":2},"f":{"0":0},"b":{}}
,"/Users/mspaxman/code/workingrepos/seanforyou23-syndesis-react-poc/packages/ui/src/Dashboard/IntegrationBoard.tsx": {"path":"/Users/mspaxman/code/workingrepos/seanforyou23-syndesis-react-poc/packages/ui/src/Dashboard/IntegrationBoard.tsx","statementMap":{"0":{"start":{"line":1,"column":0},"end":{"line":1,"column":64}},"1":{"start":{"line":2,"column":0},"end":{"line":2,"column":31}},"2":{"start":{"line":43,"column":4},"end":{"line":65,"column":6}},"3":{"start":{"line":16,"column":0},"end":{"line":16,"column":13}}},"fnMap":{"0":{"name":"(anonymous_0)","decl":{"start":{"line":19,"column":9},"end":{"line":19,"column":15}},"loc":{"start":{"line":19,"column":15},"end":{"line":66,"column":3}}}},"branchMap":{},"s":{"0":2,"1":2,"2":0,"3":2},"f":{"0":0},"b":{}}
,"/Users/mspaxman/code/workingrepos/seanforyou23-syndesis-react-poc/packages/ui/src/Dashboard/RecentUpdatesCard.tsx": {"path":"/Users/mspaxman/code/workingrepos/seanforyou23-syndesis-react-poc/packages/ui/src/Dashboard/RecentUpdatesCard.tsx","statementMap":{"0":{"start":{"line":1,"column":0},"end":{"line":1,"column":40}},"1":{"start":{"line":2,"column":0},"end":{"line":2,"column":31}},"2":{"start":{"line":10,"column":4},"end":{"line":17,"column":6}},"3":{"start":{"line":8,"column":0},"end":{"line":8,"column":13}}},"fnMap":{"0":{"name":"(anonymous_0)","decl":{"start":{"line":9,"column":9},"end":{"line":9,"column":15}},"loc":{"start":{"line":9,"column":15},"end":{"line":18,"column":3}}}},"branchMap":{},"s":{"0":2,"1":2,"2":0,"3":2},"f":{"0":0},"b":{}}
,"/Users/mspaxman/code/workingrepos/seanforyou23-syndesis-react-poc/packages/ui/src/Dashboard/RecentUpdatesItem.tsx": {"path":"/Users/mspaxman/code/workingrepos/seanforyou23-syndesis-react-poc/packages/ui/src/Dashboard/RecentUpdatesItem.tsx","statementMap":{"0":{"start":{"line":1,"column":0},"end":{"line":1,"column":40}},"1":{"start":{"line":2,"column":0},"end":{"line":2,"column":31}},"2":{"start":{"line":3,"column":0},"end":{"line":3,"column":51}},"3":{"start":{"line":15,"column":13},"end":{"line":35,"column":2}},"4":{"start":{"line":23,"column":2},"end":{"line":33,"column":null}}},"fnMap":{"0":{"name":"(anonymous_0)","decl":{"start":{"line":15,"column":78},"end":{"line":15,"column":79}},"loc":{"start":{"line":23,"column":2},"end":{"line":33,"column":null}}}},"branchMap":{},"s":{"0":2,"1":2,"2":2,"3":2,"4":0},"f":{"0":0},"b":{}}
,"/Users/mspaxman/code/workingrepos/seanforyou23-syndesis-react-poc/packages/ui/src/Dashboard/RecentUpdatesSkeleton.tsx": {"path":"/Users/mspaxman/code/workingrepos/seanforyou23-syndesis-react-poc/packages/ui/src/Dashboard/RecentUpdatesSkeleton.tsx","statementMap":{"0":{"start":{"line":1,"column":0},"end":{"line":1,"column":31}},"1":{"start":{"line":2,"column":0},"end":{"line":2,"column":49}},"2":{"start":{"line":4,"column":13},"end":{"line":33,"column":2}},"3":{"start":{"line":5,"column":2},"end":{"line":31,"column":null}}},"fnMap":{"0":{"name":"(anonymous_0)","decl":{"start":{"line":4,"column":37},"end":{"line":4,"column":38}},"loc":{"start":{"line":5,"column":2},"end":{"line":31,"column":null}}}},"branchMap":{},"s":{"0":2,"1":2,"2":2,"3":0},"f":{"0":0},"b":{}}
,"/Users/mspaxman/code/workingrepos/seanforyou23-syndesis-react-poc/packages/ui/src/Dashboard/TopIntegrationsCard.tsx": {"path":"/Users/mspaxman/code/workingrepos/seanforyou23-syndesis-react-poc/packages/ui/src/Dashboard/TopIntegrationsCard.tsx","statementMap":{"0":{"start":{"line":1,"column":0},"end":{"line":1,"column":50}},"1":{"start":{"line":2,"column":0},"end":{"line":2,"column":31}},"2":{"start":{"line":4,"column":0},"end":{"line":4,"column":31}},"3":{"start":{"line":17,"column":4},"end":{"line":34,"column":6}},"4":{"start":{"line":13,"column":0},"end":{"line":13,"column":13}}},"fnMap":{"0":{"name":"(anonymous_0)","decl":{"start":{"line":16,"column":9},"end":{"line":16,"column":15}},"loc":{"start":{"line":16,"column":15},"end":{"line":35,"column":3}}}},"branchMap":{},"s":{"0":2,"1":2,"2":2,"3":0,"4":2},"f":{"0":0},"b":{}}
,"/Users/mspaxman/code/workingrepos/seanforyou23-syndesis-react-poc/packages/ui/src/Dashboard/UptimeMetric.tsx": {"path":"/Users/mspaxman/code/workingrepos/seanforyou23-syndesis-react-poc/packages/ui/src/Dashboard/UptimeMetric.tsx","statementMap":{"0":{"start":{"line":1,"column":0},"end":{"line":1,"column":40}},"1":{"start":{"line":2,"column":0},"end":{"line":2,"column":31}},"2":{"start":{"line":11,"column":24},"end":{"line":11,"column":50}},"3":{"start":{"line":12,"column":25},"end":{"line":12,"column":53}},"4":{"start":{"line":13,"column":4},"end":{"line":21,"column":6}},"5":{"start":{"line":9,"column":0},"end":{"line":9,"column":13}}},"fnMap":{"0":{"name":"(anonymous_0)","decl":{"start":{"line":10,"column":9},"end":{"line":10,"column":15}},"loc":{"start":{"line":10,"column":15},"end":{"line":22,"column":3}}}},"branchMap":{},"s":{"0":2,"1":2,"2":0,"3":0,"4":0,"5":2},"f":{"0":0},"b":{}}
,"/Users/mspaxman/code/workingrepos/seanforyou23-syndesis-react-poc/packages/ui/src/Dashboard/index.ts": {"path":"/Users/mspaxman/code/workingrepos/seanforyou23-syndesis-react-poc/packages/ui/src/Dashboard/index.ts","statementMap":{"0":{"start":{"line":1,"column":0},"end":{"line":1,"column":39}},"1":{"start":{"line":2,"column":0},"end":{"line":2,"column":36}},"2":{"start":{"line":3,"column":0},"end":{"line":3,"column":28}},"3":{"start":{"line":4,"column":0},"end":{"line":4,"column":35}},"4":{"start":{"line":5,"column":0},"end":{"line":5,"column":36}},"5":{"start":{"line":6,"column":0},"end":{"line":6,"column":36}},"6":{"start":{"line":7,"column":0},"end":{"line":7,"column":40}},"7":{"start":{"line":8,"column":0},"end":{"line":8,"column":38}},"8":{"start":{"line":9,"column":0},"end":{"line":9,"column":31}}},"fnMap":{},"branchMap":{},"s":{"0":2,"1":2,"2":2,"3":2,"4":2,"5":2,"6":2,"7":2,"8":2},"f":{},"b":{}}
,"/Users/mspaxman/code/workingrepos/seanforyou23-syndesis-react-poc/packages/ui/src/Data/index.ts": {"path":"/Users/mspaxman/code/workingrepos/seanforyou23-syndesis-react-poc/packages/ui/src/Data/index.ts","statementMap":{"0":{"start":{"line":1,"column":0},"end":{"line":1,"column":53}},"1":{"start":{"line":2,"column":0},"end":{"line":2,"column":49}},"2":{"start":{"line":3,"column":0},"end":{"line":3,"column":57}},"3":{"start":{"line":4,"column":0},"end":{"line":4,"column":57}},"4":{"start":{"line":5,"column":0},"end":{"line":5,"column":53}},"5":{"start":{"line":6,"column":0},"end":{"line":6,"column":61}},"6":{"start":{"line":7,"column":0},"end":{"line":7,"column":62}},"7":{"start":{"line":8,"column":0},"end":{"line":8,"column":68}}},"fnMap":{},"branchMap":{},"s":{"0":1,"1":1,"2":1,"3":1,"4":1,"5":1,"6":1,"7":1},"f":{},"b":{}}
,"/Users/mspaxman/code/workingrepos/seanforyou23-syndesis-react-poc/packages/ui/src/Data/Virtualizations/VirtualizationList.tsx": {"path":"/Users/mspaxman/code/workingrepos/seanforyou23-syndesis-react-poc/packages/ui/src/Data/Virtualizations/VirtualizationList.tsx","statementMap":{"0":{"start":{"line":2,"column":0},"end":{"line":2,"column":null}},"1":{"start":{"line":9,"column":0},"end":{"line":9,"column":31}},"2":{"start":{"line":10,"column":0},"end":{"line":10,"column":53}},"3":{"start":{"line":11,"column":0},"end":{"line":11,"column":70}},"4":{"start":{"line":35,"column":4},"end":{"line":35,"column":17}},"5":{"start":{"line":36,"column":4},"end":{"line":36,"column":53}},"6":{"start":{"line":40,"column":4},"end":{"line":46,"column":6}},"7":{"start":{"line":50,"column":4},"end":{"line":56,"column":6}},"8":{"start":{"line":60,"column":4},"end":{"line":60,"column":28}},"9":{"start":{"line":64,"column":4},"end":{"line":116,"column":6}},"10":{"start":{"line":31,"column":0},"end":{"line":31,"column":13}}},"fnMap":{"0":{"name":"(anonymous_0)","decl":{"start":{"line":34,"column":2},"end":{"line":34,"column":21}},"loc":{"start":{"line":34,"column":52},"end":{"line":37,"column":3}}},"1":{"name":"(anonymous_1)","decl":{"start":{"line":39,"column":9},"end":{"line":39,"column":39}},"loc":{"start":{"line":39,"column":39},"end":{"line":47,"column":3}}},"2":{"name":"(anonymous_2)","decl":{"start":{"line":49,"column":9},"end":{"line":49,"column":39}},"loc":{"start":{"line":49,"column":39},"end":{"line":57,"column":3}}},"3":{"name":"(anonymous_3)","decl":{"start":{"line":59,"column":9},"end":{"line":59,"column":21}},"loc":{"start":{"line":59,"column":21},"end":{"line":61,"column":3}}},"4":{"name":"(anonymous_4)","decl":{"start":{"line":63,"column":9},"end":{"line":63,"column":15}},"loc":{"start":{"line":63,"column":15},"end":{"line":117,"column":3}}}},"branchMap":{"0":{"loc":{"start":{"line":43,"column":12},"end":{"line":43,"column":54}},"type":"cond-expr","locations":[{"start":{"line":43,"column":12},"end":{"line":43,"column":54}},{"start":{"line":44,"column":12},"end":{"line":44,"column":51}}]},"1":{"loc":{"start":{"line":53,"column":12},"end":{"line":53,"column":36}},"type":"cond-expr","locations":[{"start":{"line":53,"column":12},"end":{"line":53,"column":36}},{"start":{"line":54,"column":12},"end":{"line":54,"column":33}}]},"2":{"loc":{"start":{"line":95,"column":10},"end":{"line":95,"column":52}},"type":"cond-expr","locations":[{"start":{"line":95,"column":10},"end":{"line":95,"column":52}},{"start":{"line":97,"column":10},"end":{"line":112,"column":null}}]}},"s":{"0":1,"1":1,"2":1,"3":1,"4":0,"5":0,"6":0,"7":0,"8":0,"9":0,"10":1},"f":{"0":0,"1":0,"2":0,"3":0,"4":0},"b":{"0":[0,0],"1":[0,0],"2":[0,0]}}
,"/Users/mspaxman/code/workingrepos/seanforyou23-syndesis-react-poc/packages/ui/src/Data/Virtualizations/VirtualizationListItem.tsx": {"path":"/Users/mspaxman/code/workingrepos/seanforyou23-syndesis-react-poc/packages/ui/src/Data/Virtualizations/VirtualizationListItem.tsx","statementMap":{"0":{"start":{"line":2,"column":0},"end":{"line":2,"column":null}},"1":{"start":{"line":12,"column":0},"end":{"line":12,"column":31}},"2":{"start":{"line":13,"column":0},"end":{"line":13,"column":42}},"3":{"start":{"line":14,"column":0},"end":{"line":14,"column":56}},"4":{"start":{"line":15,"column":0},"end":{"line":15,"column":null}},"5":{"start":{"line":23,"column":0},"end":{"line":23,"column":76}},"6":{"start":{"line":24,"column":0},"end":{"line":24,"column":88}},"7":{"start":{"line":64,"column":4},"end":{"line":64,"column":17}},"8":{"start":{"line":65,"column":4},"end":{"line":67,"column":6}},"9":{"start":{"line":68,"column":4},"end":{"line":68,"column":53}},"10":{"start":{"line":69,"column":4},"end":{"line":69,"column":53}},"11":{"start":{"line":70,"column":4},"end":{"line":70,"column":53}},"12":{"start":{"line":71,"column":4},"end":{"line":71,"column":59}},"13":{"start":{"line":72,"column":4},"end":{"line":72,"column":55}},"14":{"start":{"line":73,"column":4},"end":{"line":73,"column":61}},"15":{"start":{"line":77,"column":4},"end":{"line":81,"column":6}},"16":{"start":{"line":85,"column":4},"end":{"line":87,"column":7}},"17":{"start":{"line":91,"column":4},"end":{"line":93,"column":7}},"18":{"start":{"line":97,"column":6},"end":{"line":97,"column":57}},"19":{"start":{"line":103,"column":6},"end":{"line":103,"column":55}},"20":{"start":{"line":108,"column":6},"end":{"line":108,"column":57}},"21":{"start":{"line":114,"column":6},"end":{"line":114,"column":58}},"22":{"start":{"line":120,"column":6},"end":{"line":120,"column":56}},"23":{"start":{"line":125,"column":4},"end":{"line":127,"column":7}},"24":{"start":{"line":132,"column":6},"end":{"line":132,"column":65}},"25":{"start":{"line":134,"column":6},"end":{"line":139,"column":15}},"26":{"start":{"line":140,"column":4},"end":{"line":224,"column":6}},"27":{"start":{"line":59,"column":0},"end":{"line":59,"column":13}}},"fnMap":{"0":{"name":"(anonymous_0)","decl":{"start":{"line":63,"column":2},"end":{"line":63,"column":21}},"loc":{"start":{"line":63,"column":56},"end":{"line":74,"column":3}}},"1":{"name":"(anonymous_1)","decl":{"start":{"line":76,"column":9},"end":{"line":76,"column":23}},"loc":{"start":{"line":76,"column":23},"end":{"line":82,"column":3}}},"2":{"name":"(anonymous_2)","decl":{"start":{"line":84,"column":9},"end":{"line":84,"column":21}},"loc":{"start":{"line":84,"column":21},"end":{"line":88,"column":3}}},"3":{"name":"(anonymous_3)","decl":{"start":{"line":90,"column":9},"end":{"line":90,"column":21}},"loc":{"start":{"line":90,"column":21},"end":{"line":99,"column":3}}},"4":{"name":"(anonymous_4)","decl":{"start":{"line":101,"column":9},"end":{"line":101,"column":19}},"loc":{"start":{"line":101,"column":19},"end":{"line":105,"column":3}}},"5":{"name":"(anonymous_5)","decl":{"start":{"line":106,"column":9},"end":{"line":106,"column":21}},"loc":{"start":{"line":106,"column":21},"end":{"line":110,"column":3}}},"6":{"name":"(anonymous_6)","decl":{"start":{"line":112,"column":9},"end":{"line":112,"column":22}},"loc":{"start":{"line":112,"column":22},"end":{"line":116,"column":3}}},"7":{"name":"(anonymous_7)","decl":{"start":{"line":118,"column":9},"end":{"line":118,"column":24}},"loc":{"start":{"line":118,"column":24},"end":{"line":122,"column":3}}},"8":{"name":"(anonymous_8)","decl":{"start":{"line":124,"column":9},"end":{"line":124,"column":25}},"loc":{"start":{"line":124,"column":25},"end":{"line":128,"column":3}}},"9":{"name":"(anonymous_9)","decl":{"start":{"line":130,"column":9},"end":{"line":130,"column":15}},"loc":{"start":{"line":130,"column":15},"end":{"line":225,"column":3}}}},"branchMap":{"0":{"loc":{"start":{"line":79,"column":34},"end":{"line":79,"column":56}},"type":"cond-expr","locations":[{"start":{"line":79,"column":34},"end":{"line":79,"column":56}},{"start":{"line":79,"column":59},"end":{"line":79,"column":78}}]},"1":{"loc":{"start":{"line":132,"column":53},"end":{"line":132,"column":57}},"type":"cond-expr","locations":[{"start":{"line":132,"column":53},"end":{"line":132,"column":57}},{"start":{"line":132,"column":60},"end":{"line":132,"column":65}}]},"2":{"loc":{"start":{"line":138,"column":10},"end":{"line":138,"column":14}},"type":"cond-expr","locations":[{"start":{"line":138,"column":10},"end":{"line":138,"column":14}},{"start":{"line":139,"column":10},"end":{"line":139,"column":15}}]},"3":{"loc":{"start":{"line":134,"column":6},"end":{"line":134,"column":51}},"type":"binary-expr","locations":[{"start":{"line":134,"column":6},"end":{"line":134,"column":51}},{"start":{"line":135,"column":6},"end":{"line":135,"column":54}},{"start":{"line":136,"column":6},"end":{"line":136,"column":52}},{"start":{"line":137,"column":6},"end":{"line":137,"column":52}}]},"4":{"loc":{"start":{"line":155,"column":16},"end":{"line":158,"column":null}},"type":"cond-expr","locations":[{"start":{"line":155,"column":16},"end":{"line":158,"column":null}},{"start":{"line":161,"column":16},"end":{"line":165,"column":null}}]},"5":{"loc":{"start":{"line":187,"column":34},"end":{"line":187,"column":54}},"type":"cond-expr","locations":[{"start":{"line":187,"column":34},"end":{"line":187,"column":54}},{"start":{"line":187,"column":57},"end":{"line":187,"column":75}}]},"6":{"loc":{"start":{"line":191,"column":22},"end":{"line":191,"column":46}},"type":"cond-expr","locations":[{"start":{"line":191,"column":22},"end":{"line":191,"column":46}},{"start":{"line":192,"column":22},"end":{"line":192,"column":44}}]},"7":{"loc":{"start":{"line":200,"column":16},"end":{"line":200,"column":52}},"type":"cond-expr","locations":[{"start":{"line":200,"column":16},"end":{"line":200,"column":52}},{"start":{"line":201,"column":16},"end":{"line":201,"column":18}}]},"8":{"loc":{"start":{"line":206,"column":14},"end":{"line":211,"column":null}},"type":"cond-expr","locations":[{"start":{"line":206,"column":14},"end":{"line":211,"column":null}},{"start":{"line":214,"column":14},"end":{"line":214,"column":48}}]},"9":{"loc":{"start":{"line":220,"column":12},"end":{"line":220,"column":54}},"type":"cond-expr","locations":[{"start":{"line":220,"column":12},"end":{"line":220,"column":54}},{"start":{"line":221,"column":14},"end":{"line":221,"column":18}}]}},"s":{"0":1,"1":1,"2":1,"3":1,"4":1,"5":1,"6":1,"7":0,"8":0,"9":0,"10":0,"11":0,"12":0,"13":0,"14":0,"15":0,"16":0,"17":0,"18":0,"19":0,"20":0,"21":0,"22":0,"23":0,"24":0,"25":0,"26":0,"27":1},"f":{"0":0,"1":0,"2":0,"3":0,"4":0,"5":0,"6":0,"7":0,"8":0,"9":0},"b":{"0":[0,0],"1":[0,0],"2":[0,0],"3":[0,0,0,0],"4":[0,0],"5":[0,0],"6":[0,0],"7":[0,0],"8":[0,0],"9":[0,0]}}
,"/Users/mspaxman/code/workingrepos/seanforyou23-syndesis-react-poc/packages/ui/src/Data/Virtualizations/VirtualizationListSkeleton.tsx": {"path":"/Users/mspaxman/code/workingrepos/seanforyou23-syndesis-react-poc/packages/ui/src/Data/Virtualizations/VirtualizationListSkeleton.tsx","statementMap":{"0":{"start":{"line":3,"column":0},"end":{"line":3,"column":31}},"1":{"start":{"line":4,"column":0},"end":{"line":4,"column":49}},"2":{"start":{"line":11,"column":13},"end":{"line":37,"column":2}},"3":{"start":{"line":14,"column":2},"end":{"line":35,"column":null}}},"fnMap":{"0":{"name":"(anonymous_0)","decl":{"start":{"line":13,"column":4},"end":{"line":13,"column":5}},"loc":{"start":{"line":14,"column":2},"end":{"line":35,"column":null}}}},"branchMap":{},"s":{"0":1,"1":1,"2":1,"3":0},"f":{"0":0},"b":{}}
,"/Users/mspaxman/code/workingrepos/seanforyou23-syndesis-react-poc/packages/ui/src/Data/Virtualizations/VirtualizationPublishStatus.tsx": {"path":"/Users/mspaxman/code/workingrepos/seanforyou23-syndesis-react-poc/packages/ui/src/Data/Virtualizations/VirtualizationPublishStatus.tsx","statementMap":{"0":{"start":{"line":1,"column":0},"end":{"line":1,"column":41}},"1":{"start":{"line":2,"column":0},"end":{"line":2,"column":31}},"2":{"start":{"line":3,"column":0},"end":{"line":3,"column":null}},"3":{"start":{"line":27,"column":6},"end":{"line":31,"column":19}},"4":{"start":{"line":32,"column":16},"end":{"line":32,"column":25}},"5":{"start":{"line":35,"column":8},"end":{"line":35,"column":41}},"6":{"start":{"line":36,"column":8},"end":{"line":36,"column":14}},"7":{"start":{"line":39,"column":8},"end":{"line":39,"column":43}},"8":{"start":{"line":40,"column":8},"end":{"line":40,"column":14}},"9":{"start":{"line":42,"column":8},"end":{"line":42,"column":37}},"10":{"start":{"line":43,"column":8},"end":{"line":43,"column":14}},"11":{"start":{"line":47,"column":8},"end":{"line":47,"column":26}},"12":{"start":{"line":48,"column":8},"end":{"line":48,"column":14}},"13":{"start":{"line":50,"column":4},"end":{"line":50,"column":51}},"14":{"start":{"line":22,"column":0},"end":{"line":22,"column":13}}},"fnMap":{"0":{"name":"(anonymous_0)","decl":{"start":{"line":25,"column":9},"end":{"line":25,"column":15}},"loc":{"start":{"line":25,"column":15},"end":{"line":51,"column":3}}}},"branchMap":{"0":{"loc":{"start":{"line":28,"column":10},"end":{"line":28,"column":18}},"type":"cond-expr","locations":[{"start":{"line":28,"column":10},"end":{"line":28,"column":18}},{"start":{"line":29,"column":10},"end":{"line":31,"column":19}}]},"1":{"loc":{"start":{"line":30,"column":10},"end":{"line":30,"column":19}},"type":"cond-expr","locations":[{"start":{"line":30,"column":10},"end":{"line":30,"column":19}},{"start":{"line":31,"column":10},"end":{"line":31,"column":19}}]},"2":{"loc":{"start":{"line":34,"column":6},"end":{"line":36,"column":14}},"type":"switch","locations":[{"start":{"line":34,"column":6},"end":{"line":36,"column":14}},{"start":{"line":37,"column":6},"end":{"line":37,"column":21}},{"start":{"line":38,"column":6},"end":{"line":40,"column":14}},{"start":{"line":41,"column":6},"end":{"line":43,"column":14}},{"start":{"line":44,"column":6},"end":{"line":44,"column":21}},{"start":{"line":45,"column":6},"end":{"line":45,"column":23}},{"start":{"line":46,"column":6},"end":{"line":48,"column":14}}]}},"s":{"0":1,"1":1,"2":1,"3":0,"4":0,"5":0,"6":0,"7":0,"8":0,"9":0,"10":0,"11":0,"12":0,"13":0,"14":1},"f":{"0":0},"b":{"0":[0,0],"1":[0,0],"2":[0,0,0,0,0,0,0]}}
,"/Users/mspaxman/code/workingrepos/seanforyou23-syndesis-react-poc/packages/ui/src/Data/Virtualizations/VirtualizationPublishStatusDetail.tsx": {"path":"/Users/mspaxman/code/workingrepos/seanforyou23-syndesis-react-poc/packages/ui/src/Data/Virtualizations/VirtualizationPublishStatusDetail.tsx","statementMap":{"0":{"start":{"line":1,"column":0},"end":{"line":1,"column":49}},"1":{"start":{"line":2,"column":0},"end":{"line":2,"column":31}},"2":{"start":{"line":14,"column":4},"end":{"line":24,"column":6}},"3":{"start":{"line":10,"column":0},"end":{"line":10,"column":13}}},"fnMap":{"0":{"name":"(anonymous_0)","decl":{"start":{"line":13,"column":9},"end":{"line":13,"column":15}},"loc":{"start":{"line":13,"column":15},"end":{"line":25,"column":3}}}},"branchMap":{"0":{"loc":{"start":{"line":18,"column":9},"end":{"line":18,"column":26}},"type":"binary-expr","locations":[{"start":{"line":18,"column":9},"end":{"line":18,"column":26}},{"start":{"line":19,"column":10},"end":{"line":20,"column":null}}]}},"s":{"0":1,"1":1,"2":0,"3":1},"f":{"0":0},"b":{"0":[0,0]}}
,"/Users/mspaxman/code/workingrepos/seanforyou23-syndesis-react-poc/packages/ui/src/Data/Virtualizations/models.ts": {"path":"/Users/mspaxman/code/workingrepos/seanforyou23-syndesis-react-poc/packages/ui/src/Data/Virtualizations/models.ts","statementMap":{"0":{"start":{"line":1,"column":13},"end":{"line":1,"column":35}},"1":{"start":{"line":2,"column":13},"end":{"line":2,"column":37}},"2":{"start":{"line":3,"column":13},"end":{"line":3,"column":41}},"3":{"start":{"line":4,"column":13},"end":{"line":4,"column":35}},"4":{"start":{"line":5,"column":13},"end":{"line":5,"column":37}},"5":{"start":{"line":6,"column":13},"end":{"line":6,"column":33}},"6":{"start":{"line":7,"column":13},"end":{"line":7,"column":31}},"7":{"start":{"line":8,"column":13},"end":{"line":8,"column":37}},"8":{"start":{"line":21,"column":13},"end":{"line":21,"column":27}},"9":{"start":{"line":22,"column":13},"end":{"line":22,"column":31}}},"fnMap":{},"branchMap":{},"s":{"0":1,"1":1,"2":1,"3":1,"4":1,"5":1,"6":1,"7":1,"8":1,"9":1},"f":{},"b":{}}
,"/Users/mspaxman/code/workingrepos/seanforyou23-syndesis-react-poc/packages/ui/src/Data/Virtualizations/Views/ViewList.tsx": {"path":"/Users/mspaxman/code/workingrepos/seanforyou23-syndesis-react-poc/packages/ui/src/Data/Virtualizations/Views/ViewList.tsx","statementMap":{"0":{"start":{"line":2,"column":0},"end":{"line":2,"column":null}},"1":{"start":{"line":9,"column":0},"end":{"line":9,"column":31}},"2":{"start":{"line":10,"column":0},"end":{"line":10,"column":45}},"3":{"start":{"line":11,"column":0},"end":{"line":11,"column":73}},"4":{"start":{"line":30,"column":4},"end":{"line":30,"column":17}},"5":{"start":{"line":105,"column":10},"end":{"line":107,"column":4}},"6":{"start":{"line":106,"column":4},"end":{"line":106,"column":32}},"7":{"start":{"line":34,"column":4},"end":{"line":82,"column":6}},"8":{"start":{"line":86,"column":4},"end":{"line":92,"column":6}},"9":{"start":{"line":96,"column":4},"end":{"line":102,"column":6}},"10":{"start":{"line":28,"column":0},"end":{"line":28,"column":13}}},"fnMap":{"0":{"name":"(anonymous_0)","decl":{"start":{"line":29,"column":2},"end":{"line":29,"column":21}},"loc":{"start":{"line":29,"column":43},"end":{"line":31,"column":3}}},"1":{"name":"(anonymous_1)","decl":{"start":{"line":105,"column":29},"end":{"line":105,"column":32}},"loc":{"start":{"line":105,"column":34},"end":{"line":107,"column":3}}},"2":{"name":"(anonymous_2)","decl":{"start":{"line":33,"column":9},"end":{"line":33,"column":15}},"loc":{"start":{"line":33,"column":15},"end":{"line":83,"column":3}}},"3":{"name":"(anonymous_3)","decl":{"start":{"line":85,"column":10},"end":{"line":85,"column":30}},"loc":{"start":{"line":85,"column":30},"end":{"line":93,"column":3}}},"4":{"name":"(anonymous_4)","decl":{"start":{"line":95,"column":10},"end":{"line":95,"column":30}},"loc":{"start":{"line":95,"column":30},"end":{"line":103,"column":3}}}},"branchMap":{"0":{"loc":{"start":{"line":61,"column":10},"end":{"line":61,"column":52}},"type":"cond-expr","locations":[{"start":{"line":61,"column":10},"end":{"line":61,"column":52}},{"start":{"line":63,"column":10},"end":{"line":78,"column":null}}]},"1":{"loc":{"start":{"line":89,"column":12},"end":{"line":89,"column":40}},"type":"cond-expr","locations":[{"start":{"line":89,"column":12},"end":{"line":89,"column":40}},{"start":{"line":90,"column":12},"end":{"line":90,"column":37}}]},"2":{"loc":{"start":{"line":99,"column":12},"end":{"line":99,"column":40}},"type":"cond-expr","locations":[{"start":{"line":99,"column":12},"end":{"line":99,"column":40}},{"start":{"line":100,"column":12},"end":{"line":100,"column":37}}]}},"s":{"0":1,"1":1,"2":1,"3":1,"4":0,"5":0,"6":0,"7":0,"8":0,"9":0,"10":1},"f":{"0":0,"1":0,"2":0,"3":0,"4":0},"b":{"0":[0,0],"1":[0,0],"2":[0,0]}}
,"/Users/mspaxman/code/workingrepos/seanforyou23-syndesis-react-poc/packages/ui/src/Data/Virtualizations/Views/ViewListItem.tsx": {"path":"/Users/mspaxman/code/workingrepos/seanforyou23-syndesis-react-poc/packages/ui/src/Data/Virtualizations/Views/ViewListItem.tsx","statementMap":{"0":{"start":{"line":1,"column":0},"end":{"line":1,"column":null}},"1":{"start":{"line":10,"column":0},"end":{"line":10,"column":31}},"2":{"start":{"line":89,"column":10},"end":{"line":93,"column":4}},"3":{"start":{"line":91,"column":6},"end":{"line":91,"column":45}},"4":{"start":{"line":95,"column":10},"end":{"line":99,"column":4}},"5":{"start":{"line":97,"column":6},"end":{"line":97,"column":47}},"6":{"start":{"line":26,"column":4},"end":{"line":68,"column":6}},"7":{"start":{"line":72,"column":4},"end":{"line":78,"column":6}},"8":{"start":{"line":82,"column":4},"end":{"line":86,"column":6}},"9":{"start":{"line":24,"column":0},"end":{"line":24,"column":13}}},"fnMap":{"0":{"name":"(anonymous_0)","decl":{"start":{"line":24,"column":0},"end":{"line":24,"column":13}},"loc":{"start":{"line":24,"column":0},"end":{"line":100,"column":1}}},"1":{"name":"(anonymous_1)","decl":{"start":{"line":89,"column":23},"end":{"line":89,"column":26}},"loc":{"start":{"line":89,"column":28},"end":{"line":93,"column":3}}},"2":{"name":"(anonymous_2)","decl":{"start":{"line":95,"column":25},"end":{"line":95,"column":28}},"loc":{"start":{"line":95,"column":30},"end":{"line":99,"column":3}}},"3":{"name":"(anonymous_3)","decl":{"start":{"line":25,"column":9},"end":{"line":25,"column":15}},"loc":{"start":{"line":25,"column":15},"end":{"line":69,"column":3}}},"4":{"name":"(anonymous_4)","decl":{"start":{"line":71,"column":10},"end":{"line":71,"column":26}},"loc":{"start":{"line":71,"column":26},"end":{"line":79,"column":3}}},"5":{"name":"(anonymous_5)","decl":{"start":{"line":81,"column":10},"end":{"line":81,"column":24}},"loc":{"start":{"line":81,"column":24},"end":{"line":87,"column":3}}}},"branchMap":{"0":{"loc":{"start":{"line":50,"column":39},"end":{"line":50,"column":65}},"type":"cond-expr","locations":[{"start":{"line":50,"column":39},"end":{"line":50,"column":65}},{"start":{"line":50,"column":68},"end":{"line":50,"column":70}}]},"1":{"loc":{"start":{"line":55,"column":12},"end":{"line":60,"column":null}},"type":"cond-expr","locations":[{"start":{"line":55,"column":12},"end":{"line":60,"column":null}},{"start":{"line":63,"column":12},"end":{"line":63,"column":42}}]},"2":{"loc":{"start":{"line":75,"column":12},"end":{"line":75,"column":36}},"type":"cond-expr","locations":[{"start":{"line":75,"column":12},"end":{"line":75,"column":36}},{"start":{"line":76,"column":12},"end":{"line":76,"column":33}}]},"3":{"loc":{"start":{"line":84,"column":34},"end":{"line":84,"column":56}},"type":"cond-expr","locations":[{"start":{"line":84,"column":34},"end":{"line":84,"column":56}},{"start":{"line":84,"column":59},"end":{"line":84,"column":78}}]}},"s":{"0":1,"1":1,"2":0,"3":0,"4":0,"5":0,"6":0,"7":0,"8":0,"9":1},"f":{"0":0,"1":0,"2":0,"3":0,"4":0,"5":0},"b":{"0":[0,0],"1":[0,0],"2":[0,0],"3":[0,0]}}
,"/Users/mspaxman/code/workingrepos/seanforyou23-syndesis-react-poc/packages/ui/src/Data/Virtualizations/Views/ViewListSkeleton.tsx": {"path":"/Users/mspaxman/code/workingrepos/seanforyou23-syndesis-react-poc/packages/ui/src/Data/Virtualizations/Views/ViewListSkeleton.tsx","statementMap":{"0":{"start":{"line":3,"column":0},"end":{"line":3,"column":31}},"1":{"start":{"line":4,"column":0},"end":{"line":4,"column":49}},"2":{"start":{"line":11,"column":13},"end":{"line":37,"column":2}},"3":{"start":{"line":14,"column":2},"end":{"line":35,"column":null}}},"fnMap":{"0":{"name":"(anonymous_0)","decl":{"start":{"line":13,"column":4},"end":{"line":13,"column":5}},"loc":{"start":{"line":14,"column":2},"end":{"line":35,"column":null}}}},"branchMap":{},"s":{"0":1,"1":1,"2":1,"3":0},"f":{"0":0},"b":{}}
,"/Users/mspaxman/code/workingrepos/seanforyou23-syndesis-react-poc/packages/ui/src/Integration/IntegrationActionSelectorCard.tsx": {"path":"/Users/mspaxman/code/workingrepos/seanforyou23-syndesis-react-poc/packages/ui/src/Integration/IntegrationActionSelectorCard.tsx","statementMap":{"0":{"start":{"line":3,"column":0},"end":{"line":3,"column":31}},"1":{"start":{"line":10,"column":13},"end":{"line":17,"column":2}},"2":{"start":{"line":13,"column":2},"end":{"line":15,"column":null}}},"fnMap":{"0":{"name":"(anonymous_0)","decl":{"start":{"line":12,"column":4},"end":{"line":12,"column":5}},"loc":{"start":{"line":13,"column":2},"end":{"line":15,"column":null}}}},"branchMap":{},"s":{"0":4,"1":4,"2":0},"f":{"0":0},"b":{}}
,"/Users/mspaxman/code/workingrepos/seanforyou23-syndesis-react-poc/packages/ui/src/Integration/IntegrationDetailDescription.tsx": {"path":"/Users/mspaxman/code/workingrepos/seanforyou23-syndesis-react-poc/packages/ui/src/Integration/IntegrationDetailDescription.tsx","statementMap":{"0":{"start":{"line":1,"column":0},"end":{"line":1,"column":40}},"1":{"start":{"line":2,"column":0},"end":{"line":2,"column":31}},"2":{"start":{"line":12,"column":4},"end":{"line":21,"column":6}},"3":{"start":{"line":8,"column":0},"end":{"line":8,"column":13}}},"fnMap":{"0":{"name":"(anonymous_0)","decl":{"start":{"line":11,"column":9},"end":{"line":11,"column":15}},"loc":{"start":{"line":11,"column":15},"end":{"line":22,"column":3}}}},"branchMap":{"0":{"loc":{"start":{"line":15,"column":10},"end":{"line":17,"column":null}},"type":"cond-expr","locations":[{"start":{"line":15,"column":10},"end":{"line":17,"column":null}},{"start":{"line":19,"column":12},"end":{"line":19,"column":16}}]}},"s":{"0":4,"1":4,"2":0,"3":4},"f":{"0":0},"b":{"0":[0,0]}}
,"/Users/mspaxman/code/workingrepos/seanforyou23-syndesis-react-poc/packages/ui/src/Integration/IntegrationDetailEditableName.tsx": {"path":"/Users/mspaxman/code/workingrepos/seanforyou23-syndesis-react-poc/packages/ui/src/Integration/IntegrationDetailEditableName.tsx","statementMap":{"0":{"start":{"line":1,"column":0},"end":{"line":1,"column":40}},"1":{"start":{"line":2,"column":0},"end":{"line":2,"column":31}},"2":{"start":{"line":12,"column":4},"end":{"line":21,"column":6}},"3":{"start":{"line":8,"column":0},"end":{"line":8,"column":13}}},"fnMap":{"0":{"name":"(anonymous_0)","decl":{"start":{"line":11,"column":9},"end":{"line":11,"column":15}},"loc":{"start":{"line":11,"column":15},"end":{"line":22,"column":3}}}},"branchMap":{"0":{"loc":{"start":{"line":15,"column":10},"end":{"line":17,"column":null}},"type":"cond-expr","locations":[{"start":{"line":15,"column":10},"end":{"line":17,"column":null}},{"start":{"line":19,"column":12},"end":{"line":19,"column":16}}]}},"s":{"0":4,"1":4,"2":0,"3":4},"f":{"0":0},"b":{"0":[0,0]}}
,"/Users/mspaxman/code/workingrepos/seanforyou23-syndesis-react-poc/packages/ui/src/Integration/IntegrationDetailHistoryListView.tsx": {"path":"/Users/mspaxman/code/workingrepos/seanforyou23-syndesis-react-poc/packages/ui/src/Integration/IntegrationDetailHistoryListView.tsx","statementMap":{"0":{"start":{"line":1,"column":0},"end":{"line":1,"column":72}},"1":{"start":{"line":2,"column":0},"end":{"line":2,"column":31}},"2":{"start":{"line":4,"column":0},"end":{"line":4,"column":48}},"3":{"start":{"line":18,"column":4},"end":{"line":66,"column":6}},"4":{"start":{"line":14,"column":0},"end":{"line":14,"column":13}}},"fnMap":{"0":{"name":"(anonymous_0)","decl":{"start":{"line":17,"column":9},"end":{"line":17,"column":15}},"loc":{"start":{"line":17,"column":15},"end":{"line":67,"column":3}}}},"branchMap":{"0":{"loc":{"start":{"line":25,"column":10},"end":{"line":45,"column":null}},"type":"cond-expr","locations":[{"start":{"line":25,"column":10},"end":{"line":45,"column":null}},{"start":{"line":47,"column":12},"end":{"line":47,"column":16}}]},"1":{"loc":{"start":{"line":50,"column":10},"end":{"line":62,"column":null}},"type":"cond-expr","locations":[{"start":{"line":50,"column":10},"end":{"line":62,"column":null}},{"start":{"line":64,"column":12},"end":{"line":64,"column":16}}]},"2":{"loc":{"start":{"line":60,"column":16},"end":{"line":60,"column":58}},"type":"cond-expr","locations":[{"start":{"line":60,"column":16},"end":{"line":60,"column":58}},{"start":{"line":61,"column":18},"end":{"line":61,"column":22}}]}},"s":{"0":4,"1":4,"2":4,"3":0,"4":4},"f":{"0":0},"b":{"0":[0,0],"1":[0,0],"2":[0,0]}}
,"/Users/mspaxman/code/workingrepos/seanforyou23-syndesis-react-poc/packages/ui/src/Integration/IntegrationDetailHistoryListViewItem.tsx": {"path":"/Users/mspaxman/code/workingrepos/seanforyou23-syndesis-react-poc/packages/ui/src/Integration/IntegrationDetailHistoryListViewItem.tsx","statementMap":{"0":{"start":{"line":1,"column":0},"end":{"line":1,"column":null}},"1":{"start":{"line":8,"column":0},"end":{"line":8,"column":31}},"2":{"start":{"line":23,"column":4},"end":{"line":56,"column":6}},"3":{"start":{"line":19,"column":0},"end":{"line":19,"column":13}}},"fnMap":{"0":{"name":"(anonymous_0)","decl":{"start":{"line":22,"column":9},"end":{"line":22,"column":15}},"loc":{"start":{"line":22,"column":15},"end":{"line":57,"column":3}}}},"branchMap":{},"s":{"0":4,"1":4,"2":0,"3":4},"f":{"0":0},"b":{}}
,"/Users/mspaxman/code/workingrepos/seanforyou23-syndesis-react-poc/packages/ui/src/Integration/IntegrationDetailInfo.tsx": {"path":"/Users/mspaxman/code/workingrepos/seanforyou23-syndesis-react-poc/packages/ui/src/Integration/IntegrationDetailInfo.tsx","statementMap":{"0":{"start":{"line":1,"column":0},"end":{"line":1,"column":31}},"1":{"start":{"line":3,"column":0},"end":{"line":3,"column":80}},"2":{"start":{"line":5,"column":0},"end":{"line":5,"column":37}},"3":{"start":{"line":16,"column":4},"end":{"line":28,"column":6}},"4":{"start":{"line":12,"column":0},"end":{"line":12,"column":13}}},"fnMap":{"0":{"name":"(anonymous_0)","decl":{"start":{"line":15,"column":9},"end":{"line":15,"column":15}},"loc":{"start":{"line":15,"column":15},"end":{"line":29,"column":3}}}},"branchMap":{"0":{"loc":{"start":{"line":20,"column":10},"end":{"line":22,"column":null}},"type":"cond-expr","locations":[{"start":{"line":20,"column":10},"end":{"line":22,"column":null}},{"start":{"line":25,"column":10},"end":{"line":25,"column":19}}]}},"s":{"0":4,"1":4,"2":4,"3":0,"4":4},"f":{"0":0},"b":{"0":[0,0]}}
,"/Users/mspaxman/code/workingrepos/seanforyou23-syndesis-react-poc/packages/ui/src/Integration/IntegrationEditorActionsListItem.tsx": {"path":"/Users/mspaxman/code/workingrepos/seanforyou23-syndesis-react-poc/packages/ui/src/Integration/IntegrationEditorActionsListItem.tsx","statementMap":{"0":{"start":{"line":1,"column":0},"end":{"line":1,"column":44}},"1":{"start":{"line":2,"column":0},"end":{"line":2,"column":31}},"2":{"start":{"line":14,"column":4},"end":{"line":21,"column":6}},"3":{"start":{"line":10,"column":0},"end":{"line":10,"column":13}}},"fnMap":{"0":{"name":"(anonymous_0)","decl":{"start":{"line":13,"column":9},"end":{"line":13,"column":15}},"loc":{"start":{"line":13,"column":15},"end":{"line":22,"column":3}}}},"branchMap":{},"s":{"0":4,"1":4,"2":0,"3":4},"f":{"0":0},"b":{}}
,"/Users/mspaxman/code/workingrepos/seanforyou23-syndesis-react-poc/packages/ui/src/Integration/IntegrationEditorChooseAction.tsx": {"path":"/Users/mspaxman/code/workingrepos/seanforyou23-syndesis-react-poc/packages/ui/src/Integration/IntegrationEditorChooseAction.tsx","statementMap":{"0":{"start":{"line":1,"column":0},"end":{"line":1,"column":44}},"1":{"start":{"line":2,"column":0},"end":{"line":2,"column":31}},"2":{"start":{"line":3,"column":0},"end":{"line":3,"column":38}},"3":{"start":{"line":26,"column":4},"end":{"line":36,"column":6}},"4":{"start":{"line":22,"column":0},"end":{"line":22,"column":13}}},"fnMap":{"0":{"name":"(anonymous_0)","decl":{"start":{"line":25,"column":9},"end":{"line":25,"column":15}},"loc":{"start":{"line":25,"column":15},"end":{"line":37,"column":3}}}},"branchMap":{},"s":{"0":4,"1":4,"2":4,"3":0,"4":4},"f":{"0":0},"b":{}}
,"/Users/mspaxman/code/workingrepos/seanforyou23-syndesis-react-poc/packages/ui/src/Integration/IntegrationEditorChooseConnection.tsx": {"path":"/Users/mspaxman/code/workingrepos/seanforyou23-syndesis-react-poc/packages/ui/src/Integration/IntegrationEditorChooseConnection.tsx","statementMap":{"0":{"start":{"line":1,"column":0},"end":{"line":1,"column":44}},"1":{"start":{"line":2,"column":0},"end":{"line":2,"column":31}},"2":{"start":{"line":3,"column":0},"end":{"line":3,"column":38}},"3":{"start":{"line":27,"column":4},"end":{"line":37,"column":6}},"4":{"start":{"line":23,"column":0},"end":{"line":23,"column":13}}},"fnMap":{"0":{"name":"(anonymous_0)","decl":{"start":{"line":26,"column":9},"end":{"line":26,"column":15}},"loc":{"start":{"line":26,"column":15},"end":{"line":38,"column":3}}}},"branchMap":{},"s":{"0":4,"1":4,"2":4,"3":0,"4":4},"f":{"0":0},"b":{}}
,"/Users/mspaxman/code/workingrepos/seanforyou23-syndesis-react-poc/packages/ui/src/Integration/IntegrationEditorConnectionsListItem.tsx": {"path":"/Users/mspaxman/code/workingrepos/seanforyou23-syndesis-react-poc/packages/ui/src/Integration/IntegrationEditorConnectionsListItem.tsx","statementMap":{"0":{"start":{"line":1,"column":0},"end":{"line":1,"column":44}},"1":{"start":{"line":2,"column":0},"end":{"line":2,"column":31}},"2":{"start":{"line":15,"column":4},"end":{"line":23,"column":6}},"3":{"start":{"line":11,"column":0},"end":{"line":11,"column":13}}},"fnMap":{"0":{"name":"(anonymous_0)","decl":{"start":{"line":14,"column":9},"end":{"line":14,"column":15}},"loc":{"start":{"line":14,"column":15},"end":{"line":24,"column":3}}}},"branchMap":{},"s":{"0":4,"1":4,"2":0,"3":4},"f":{"0":0},"b":{}}
,"/Users/mspaxman/code/workingrepos/seanforyou23-syndesis-react-poc/packages/ui/src/Integration/IntegrationEditorForm.tsx": {"path":"/Users/mspaxman/code/workingrepos/seanforyou23-syndesis-react-poc/packages/ui/src/Integration/IntegrationEditorForm.tsx","statementMap":{"0":{"start":{"line":1,"column":0},"end":{"line":1,"column":31}},"1":{"start":{"line":2,"column":0},"end":{"line":2,"column":38}},"2":{"start":{"line":35,"column":4},"end":{"line":56,"column":6}},"3":{"start":{"line":31,"column":0},"end":{"line":31,"column":13}}},"fnMap":{"0":{"name":"(anonymous_0)","decl":{"start":{"line":34,"column":9},"end":{"line":34,"column":15}},"loc":{"start":{"line":34,"column":15},"end":{"line":57,"column":3}}}},"branchMap":{"0":{"loc":{"start":{"line":46,"column":15},"end":{"line":46,"column":39}},"type":"binary-expr","locations":[{"start":{"line":46,"column":15},"end":{"line":46,"column":39}},{"start":{"line":47,"column":16},"end":{"line":47,"column":79}}]}},"s":{"0":4,"1":4,"2":0,"3":4},"f":{"0":0},"b":{"0":[0,0]}}
,"/Users/mspaxman/code/workingrepos/seanforyou23-syndesis-react-poc/packages/ui/src/Integration/IntegrationEditorLayout.tsx": {"path":"/Users/mspaxman/code/workingrepos/seanforyou23-syndesis-react-poc/packages/ui/src/Integration/IntegrationEditorLayout.tsx","statementMap":{"0":{"start":{"line":3,"column":0},"end":{"line":3,"column":36}},"1":{"start":{"line":5,"column":0},"end":{"line":5,"column":31}},"2":{"start":{"line":6,"column":0},"end":{"line":6,"column":47}},"3":{"start":{"line":7,"column":0},"end":{"line":7,"column":39}},"4":{"start":{"line":60,"column":13},"end":{"line":127,"column":2}},"5":{"start":{"line":76,"column":2},"end":{"line":126,"column":4}}},"fnMap":{"0":{"name":"(anonymous_0)","decl":{"start":{"line":62,"column":4},"end":{"line":62,"column":5}},"loc":{"start":{"line":75,"column":36},"end":{"line":127,"column":1}}}},"branchMap":{"0":{"loc":{"start":{"line":74,"column":15},"end":{"line":74,"column":20}},"type":"default-arg","locations":[{"start":{"line":74,"column":15},"end":{"line":74,"column":20}}]},"1":{"loc":{"start":{"line":106,"column":20},"end":{"line":106,"column":33}},"type":"binary-expr","locations":[{"start":{"line":106,"column":20},"end":{"line":106,"column":33}},{"start":{"line":106,"column":37},"end":{"line":106,"column":51}}]},"2":{"loc":{"start":{"line":108,"column":27},"end":{"line":108,"column":63}},"type":"cond-expr","locations":[{"start":{"line":108,"column":27},"end":{"line":108,"column":63}},{"start":{"line":108,"column":66},"end":{"line":108,"column":70}}]},"3":{"loc":{"start":{"line":110,"column":12},"end":{"line":110,"column":18}},"type":"cond-expr","locations":[{"start":{"line":110,"column":12},"end":{"line":110,"column":18}},{"start":{"line":112,"column":12},"end":{"line":113,"column":null}}]}},"s":{"0":4,"1":4,"2":4,"3":4,"4":4,"5":0},"f":{"0":0},"b":{"0":[0],"1":[0,0],"2":[0,0],"3":[0,0]}}
,"/Users/mspaxman/code/workingrepos/seanforyou23-syndesis-react-poc/packages/ui/src/Integration/IntegrationEditorNothingToConfigure.tsx": {"path":"/Users/mspaxman/code/workingrepos/seanforyou23-syndesis-react-poc/packages/ui/src/Integration/IntegrationEditorNothingToConfigure.tsx","statementMap":{"0":{"start":{"line":1,"column":0},"end":{"line":1,"column":31}},"1":{"start":{"line":2,"column":0},"end":{"line":2,"column":38}},"2":{"start":{"line":29,"column":4},"end":{"line":48,"column":6}},"3":{"start":{"line":25,"column":0},"end":{"line":25,"column":13}}},"fnMap":{"0":{"name":"(anonymous_0)","decl":{"start":{"line":28,"column":9},"end":{"line":28,"column":15}},"loc":{"start":{"line":28,"column":15},"end":{"line":49,"column":3}}}},"branchMap":{},"s":{"0":4,"1":4,"2":0,"3":4},"f":{"0":0},"b":{}}
[...]
n":2},"end":{"line":64,"column":null}}},"1":{"name":"(anonymous_1)","decl":{"start":{"line":40,"column":21},"end":{"line":40,"column":22}},"loc":{"start":{"line":41,"column":10},"end":{"line":47,"column":null}}},"2":{"name":"(anonymous_2)","decl":{"start":{"line":53,"column":22},"end":{"line":53,"column":23}},"loc":{"start":{"line":54,"column":10},"end":{"line":60,"column":null}}}},"branchMap":{"0":{"loc":{"start":{"line":19,"column":10},"end":{"line":19,"column":15}},"type":"default-arg","locations":[{"start":{"line":19,"column":10},"end":{"line":19,"column":15}}]},"1":{"loc":{"start":{"line":23,"column":13},"end":{"line":23,"column":15}},"type":"default-arg","locations":[{"start":{"line":23,"column":13},"end":{"line":23,"column":15}}]},"2":{"loc":{"start":{"line":24,"column":18},"end":{"line":24,"column":19}},"type":"default-arg","locations":[{"start":{"line":24,"column":18},"end":{"line":24,"column":19}}]},"3":{"loc":{"start":{"line":27,"column":26},"end":{"line":27,"column":46}},"type":"cond-expr","locations":[{"start":{"line":27,"column":26},"end":{"line":27,"column":46}},{"start":{"line":27,"column":49},"end":{"line":27,"column":65}}]},"4":{"loc":{"start":{"line":28,"column":17},"end":{"line":28,"column":25}},"type":"cond-expr","locations":[{"start":{"line":28,"column":17},"end":{"line":28,"column":25}},{"start":{"line":28,"column":28},"end":{"line":28,"column":null}}]},"5":{"loc":{"start":{"line":29,"column":21},"end":{"line":29,"column":31}},"type":"cond-expr","locations":[{"start":{"line":29,"column":21},"end":{"line":29,"column":31}},{"start":{"line":29,"column":34},"end":{"line":29,"column":36}}]},"6":{"loc":{"start":{"line":33,"column":48},"end":{"line":33,"column":54}},"type":"cond-expr","locations":[{"start":{"line":33,"column":48},"end":{"line":33,"column":54}},{"start":{"line":33,"column":57},"end":{"line":33,"column":59}}]},"7":{"loc":{"start":{"line":36,"column":48},"end":{"line":36,"column":54}},"type":"cond-expr","locations":[{"start":{"line":36,"column":48},"end":{"line":36,"column":54}},{"start":{"line":36,"column":57},"end":{"line":36,"column":59}}]},"8":{"loc":{"start":{"line":39,"column":7},"end":{"line":39,"column":13}},"type":"binary-expr","locations":[{"start":{"line":39,"column":7},"end":{"line":39,"column":13}},{"start":{"line":40,"column":8},"end":{"line":49,"column":10}}]},"9":{"loc":{"start":{"line":43,"column":38},"end":{"line":43,"column":46}},"type":"cond-expr","locations":[{"start":{"line":43,"column":38},"end":{"line":43,"column":46}},{"start":{"line":43,"column":49},"end":{"line":43,"column":null}}]},"10":{"loc":{"start":{"line":51,"column":5},"end":{"line":51,"column":10}},"type":"binary-expr","locations":[{"start":{"line":51,"column":5},"end":{"line":51,"column":10}},{"start":{"line":51,"column":14},"end":{"line":51,"column":22}},{"start":{"line":52,"column":6},"end":{"line":62,"column":null}}]},"11":{"loc":{"start":{"line":56,"column":38},"end":{"line":56,"column":46}},"type":"cond-expr","locations":[{"start":{"line":56,"column":38},"end":{"line":56,"column":46}},{"start":{"line":56,"column":49},"end":{"line":56,"column":null}}]}},"s":{"0":10,"1":10,"2":0,"3":0,"4":0},"f":{"0":0,"1":0,"2":0},"b":{"0":[0],"1":[0],"2":[0],"3":[0,0],"4":[0,0],"5":[0,0],"6":[0,0],"7":[0,0],"8":[0,0],"9":[0,0],"10":[0,0,0],"11":[0,0]}}
,"/Users/mspaxman/code/workingrepos/seanforyou23-syndesis-react-poc/packages/ui/src/Layout/WizardSteps.tsx": {"path":"/Users/mspaxman/code/workingrepos/seanforyou23-syndesis-react-poc/packages/ui/src/Layout/WizardSteps.tsx","statementMap":{"0":{"start":{"line":1,"column":0},"end":{"line":1,"column":31}},"1":{"start":{"line":15,"column":4},"end":{"line":30,"column":6}},"2":{"start":{"line":13,"column":0},"end":{"line":13,"column":13}}},"fnMap":{"0":{"name":"(anonymous_0)","decl":{"start":{"line":14,"column":9},"end":{"line":14,"column":15}},"loc":{"start":{"line":14,"column":15},"end":{"line":31,"column":3}}}},"branchMap":{"0":{"loc":{"start":{"line":19,"column":32},"end":{"line":19,"column":40}},"type":"cond-expr","locations":[{"start":{"line":19,"column":32},"end":{"line":19,"column":40}},{"start":{"line":19,"column":43},"end":{"line":19,"column":null}}]},"1":{"loc":{"start":{"line":25,"column":64},"end":{"line":25,"column":66}},"type":"cond-expr","locations":[{"start":{"line":25,"column":64},"end":{"line":25,"column":66}},{"start":{"line":25,"column":69},"end":{"line":25,"column":77}}]}},"s":{"0":10,"1":0,"2":10},"f":{"0":0},"b":{"0":[0,0],"1":[0,0]}}
,"/Users/mspaxman/code/workingrepos/seanforyou23-syndesis-react-poc/packages/ui/src/Layout/index.ts": {"path":"/Users/mspaxman/code/workingrepos/seanforyou23-syndesis-react-poc/packages/ui/src/Layout/index.ts","statementMap":{"0":{"start":{"line":1,"column":0},"end":{"line":1,"column":28}},"1":{"start":{"line":2,"column":0},"end":{"line":2,"column":29}},"2":{"start":{"line":3,"column":0},"end":{"line":3,"column":29}},"3":{"start":{"line":4,"column":0},"end":{"line":4,"column":29}},"4":{"start":{"line":5,"column":0},"end":{"line":5,"column":28}},"5":{"start":{"line":6,"column":0},"end":{"line":6,"column":25}},"6":{"start":{"line":7,"column":0},"end":{"line":7,"column":28}},"7":{"start":{"line":8,"column":0},"end":{"line":8,"column":36}},"8":{"start":{"line":9,"column":0},"end":{"line":9,"column":25}},"9":{"start":{"line":10,"column":0},"end":{"line":10,"column":29}},"10":{"start":{"line":11,"column":0},"end":{"line":11,"column":29}},"11":{"start":{"line":12,"column":0},"end":{"line":12,"column":30}}},"fnMap":{},"branchMap":{},"s":{"0":10,"1":10,"2":10,"3":10,"4":10,"5":10,"6":10,"7":10,"8":10,"9":10,"10":10,"11":10},"f":{},"b":{}}
,"/Users/mspaxman/code/workingrepos/seanforyou23-syndesis-react-poc/packages/ui/src/Shared/DeleteConfirmationDialog.tsx": {"path":"/Users/mspaxman/code/workingrepos/seanforyou23-syndesis-react-poc/packages/ui/src/Shared/DeleteConfirmationDialog.tsx","statementMap":{"0":{"start":{"line":1,"column":0},"end":{"line":1,"column":55}},"1":{"start":{"line":2,"column":0},"end":{"line":2,"column":31}},"2":{"start":{"line":56,"column":4},"end":{"line":78,"column":6}},"3":{"start":{"line":52,"column":0},"end":{"line":52,"column":13}}},"fnMap":{"0":{"name":"(anonymous_0)","decl":{"start":{"line":55,"column":9},"end":{"line":55,"column":15}},"loc":{"start":{"line":55,"column":15},"end":{"line":79,"column":3}}}},"branchMap":{"0":{"loc":{"start":{"line":70,"column":12},"end":{"line":70,"column":50}},"type":"cond-expr","locations":[{"start":{"line":70,"column":12},"end":{"line":70,"column":50}},{"start":{"line":72,"column":12},"end":{"line":72,"column":21}}]}},"s":{"0":10,"1":10,"2":4,"3":10},"f":{"0":4},"b":{"0":[0,4]}}
,"/Users/mspaxman/code/workingrepos/seanforyou23-syndesis-react-poc/packages/ui/src/Shared/DndFileChooser.tsx": {"path":"/Users/mspaxman/code/workingrepos/seanforyou23-syndesis-react-poc/packages/ui/src/Shared/DndFileChooser.tsx","statementMap":{"0":{"start":{"line":1,"column":0},"end":{"line":1,"column":46}},"1":{"start":{"line":2,"column":0},"end":{"line":2,"column":31}},"2":{"start":{"line":3,"column":0},"end":{"line":3,"column":38}},"3":{"start":{"line":4,"column":0},"end":{"line":4,"column":48}},"4":{"start":{"line":5,"column":0},"end":{"line":5,"column":30}},"5":{"start":{"line":105,"column":4},"end":{"line":105,"column":17}},"6":{"start":{"line":108,"column":4},"end":{"line":111,"column":6}},"7":{"start":{"line":113,"column":4},"end":{"line":113,"column":67}},"8":{"start":{"line":114,"column":4},"end":{"line":114,"column":67}},"9":{"start":{"line":123,"column":6},"end":{"line":123,"column":63}},"10":{"start":{"line":128,"column":6},"end":{"line":134,"column":8}},"11":{"start":{"line":131,"column":12},"end":{"line":131,"column":44}},"12":{"start":{"line":138,"column":4},"end":{"line":138,"column":73}},"13":{"start":{"line":146,"column":6},"end":{"line":151,"column":8}},"14":{"start":{"line":154,"column":6},"end":{"line":159,"column":8}},"15":{"start":{"line":163,"column":4},"end":{"line":163,"column":25}},"16":{"start":{"line":171,"column":4},"end":{"line":171,"column":59}},"17":{"start":{"line":172,"column":4},"end":{"line":172,"column":47}},"18":{"start":{"line":180,"column":26},"end":{"line":184,"column":7}},"19":{"start":{"line":189,"column":4},"end":{"line":193,"column":7}},"20":{"start":{"line":197,"column":4},"end":{"line":249,"column":6}},"21":{"start":{"line":206,"column":10},"end":{"line":245,"column":null}},"22":{"start":{"line":100,"column":16},"end":{"line":102,"column":4}},"23":{"start":{"line":95,"column":0},"end":{"line":95,"column":13}}},"fnMap":{"0":{"name":"(anonymous_0)","decl":{"start":{"line":104,"column":2},"end":{"line":104,"column":21}},"loc":{"start":{"line":104,"column":48},"end":{"line":115,"column":3}}},"1":{"name":"(anonymous_1)","decl":{"start":{"line":120,"column":9},"end":{"line":120,"column":31}},"loc":{"start":{"line":120,"column":31},"end":{"line":139,"column":3}}},"2":{"name":"(anonymous_2)","decl":{"start":{"line":130,"column":32},"end":{"line":130,"column":33}},"loc":{"start":{"line":131,"column":12},"end":{"line":131,"column":44}}},"3":{"name":"(anonymous_3)","decl":{"start":{"line":144,"column":9},"end":{"line":144,"column":25}},"loc":{"start":{"line":144,"column":25},"end":{"line":164,"column":3}}},"4":{"name":"(anonymous_4)","decl":{"start":{"line":170,"column":9},"end":{"line":170,"column":28}},"loc":{"start":{"line":170,"column":50},"end":{"line":173,"column":3}}},"5":{"name":"(anonymous_5)","decl":{"start":{"line":179,"column":9},"end":{"line":179,"column":28}},"loc":{"start":{"line":179,"column":50},"end":{"line":194,"column":3}}},"6":{"name":"(anonymous_7)","decl":{"start":{"line":196,"column":9},"end":{"line":196,"column":15}},"loc":{"start":{"line":196,"column":15},"end":{"line":250,"column":3}}},"7":{"name":"(anonymous_8)","decl":{"start":{"line":205,"column":9},"end":{"line":205,"column":10}},"loc":{"start":{"line":206,"column":10},"end":{"line":245,"column":null}}}},"branchMap":{"0":{"loc":{"start":{"line":239,"column":16},"end":{"line":242,"column":null}},"type":"cond-expr","locations":[{"start":{"line":239,"column":16},"end":{"line":242,"column":null}},{"start":{"line":244,"column":18},"end":{"line":244,"column":22}}]}},"s":{"0":10,"1":10,"2":10,"3":10,"4":10,"5":0,"6":0,"7":0,"8":0,"9":0,"10":0,"11":0,"12":0,"13":0,"14":0,"15":0,"16":0,"17":0,"18":0,"19":0,"20":0,"21":0,"22":10,"23":10},"f":{"0":0,"1":0,"2":0,"3":0,"4":0,"5":0,"6":0,"7":0},"b":{"0":[0,0]}}
,"/Users/mspaxman/code/workingrepos/seanforyou23-syndesis-react-poc/packages/ui/src/Shared/ListViewToolbar.tsx": {"path":"/Users/mspaxman/code/workingrepos/seanforyou23-syndesis-react-poc/packages/ui/src/Shared/ListViewToolbar.tsx","statementMap":{"0":{"start":{"line":1,"column":0},"end":{"line":1,"column":70}},"1":{"start":{"line":2,"column":0},"end":{"line":2,"column":31}},"2":{"start":{"line":3,"column":0},"end":{"line":3,"column":31}},"3":{"start":{"line":108,"column":9},"end":{"line":132,"column":4}},"4":{"start":{"line":109,"column":48},"end":{"line":109,"column":58}},"5":{"start":{"line":111,"column":6},"end":{"line":111,"column":18}},"6":{"start":{"line":114,"column":6},"end":{"line":120,"column":8}},"7":{"start":{"line":122,"column":6},"end":{"line":130,"column":8}},"8":{"start":{"line":61,"column":4},"end":{"line":105,"column":6}},"9":{"start":{"line":91,"column":18},"end":{"line":96,"column":null}},"10":{"start":{"line":59,"column":0},"end":{"line":59,"column":13}}},"fnMap":{"0":{"name":"(anonymous_0)","decl":{"start":{"line":59,"column":0},"end":{"line":59,"column":13}},"loc":{"start":{"line":59,"column":0},"end":{"line":133,"column":1}}},"1":{"name":"(anonymous_1)","decl":{"start":{"line":108,"column":23},"end":{"line":108,"column":26}},"loc":{"start":{"line":108,"column":28},"end":{"line":132,"column":3}}},"2":{"name":"(anonymous_2)","decl":{"start":{"line":60,"column":9},"end":{"line":60,"column":15}},"loc":{"start":{"line":60,"column":15},"end":{"line":106,"column":3}}},"3":{"name":"(anonymous_3)","decl":{"start":{"line":90,"column":46},"end":{"line":90,"column":47}},"loc":{"start":{"line":91,"column":18},"end":{"line":96,"column":null}}}},"branchMap":{"0":{"loc":{"start":{"line":86,"column":11},"end":{"line":86,"column":35}},"type":"binary-expr","locations":[{"start":{"line":86,"column":11},"end":{"line":86,"column":35}},{"start":{"line":86,"column":39},"end":{"line":86,"column":74}},{"start":{"line":87,"column":12},"end":{"line":100,"column":null}}]}},"s":{"0":10,"1":10,"2":10,"3":1,"4":1,"5":0,"6":0,"7":1,"8":1,"9":0,"10":10},"f":{"0":1,"1":1,"2":1,"3":0},"b":{"0":[1,1,0]}}
,"/Users/mspaxman/code/workingrepos/seanforyou23-syndesis-react-poc/packages/ui/src/Shared/LogViewer.tsx": {"path":"/Users/mspaxman/code/workingrepos/seanforyou23-syndesis-react-poc/packages/ui/src/Shared/LogViewer.tsx","statementMap":{"0":{"start":{"line":1,"column":0},"end":{"line":1,"column":52}},"1":{"start":{"line":2,"column":0},"end":{"line":2,"column":31}},"2":{"start":{"line":3,"column":0},"end":{"line":3,"column":null}},"3":{"start":{"line":10,"column":0},"end":{"line":10,"column":25}},"4":{"start":{"line":52,"column":4},"end":{"line":52,"column":17}},"5":{"start":{"line":43,"column":9},"end":{"line":47,"column":4}},"6":{"start":{"line":99,"column":9},"end":{"line":112,"column":4}},"7":{"start":{"line":100,"column":4},"end":{"line":110,"column":null}},"8":{"start":{"line":114,"column":9},"end":{"line":118,"column":4}},"9":{"start":{"line":115,"column":4},"end":{"line":117,"column":7}},"10":{"start":{"line":53,"column":4},"end":{"line":56,"column":7}},"11":{"start":{"line":36,"column":4},"end":{"line":40,"column":6}},"12":{"start":{"line":60,"column":4},"end":{"line":96,"column":6}},"13":{"start":{"line":69,"column":16},"end":{"line":79,"column":null}},"14":{"start":{"line":28,"column":16},"end":{"line":30,"column":4}},"15":{"start":{"line":24,"column":0},"end":{"line":24,"column":13}}},"fnMap":{"0":{"name":"(anonymous_0)","decl":{"start":{"line":51,"column":2},"end":{"line":51,"column":21}},"loc":{"start":{"line":51,"column":43},"end":{"line":57,"column":3}}},"1":{"name":"(anonymous_1)","decl":{"start":{"line":99,"column":38},"end":{"line":99,"column":39}},"loc":{"start":{"line":100,"column":4},"end":{"line":110,"column":null}}},"2":{"name":"(anonymous_2)","decl":{"start":{"line":114,"column":24},"end":{"line":114,"column":27}},"loc":{"start":{"line":114,"column":29},"end":{"line":118,"column":3}}},"3":{"name":"(anonymous_3)","decl":{"start":{"line":32,"column":9},"end":{"line":32,"column":15}},"loc":{"start":{"line":34,"column":26},"end":{"line":41,"column":3}}},"4":{"name":"(anonymous_4)","decl":{"start":{"line":59,"column":9},"end":{"line":59,"column":15}},"loc":{"start":{"line":59,"column":15},"end":{"line":97,"column":3}}},"5":{"name":"(anonymous_5)","decl":{"start":{"line":68,"column":15},"end":{"line":68,"column":16}},"loc":{"start":{"line":69,"column":16},"end":{"line":79,"column":null}}}},"branchMap":{"0":{"loc":{"start":{"line":39,"column":42},"end":{"line":39,"column":53}},"type":"cond-expr","locations":[{"start":{"line":39,"column":42},"end":{"line":39,"column":53}},{"start":{"line":39,"column":56},"end":{"line":39,"column":75}}]},"1":{"loc":{"start":{"line":71,"column":26},"end":{"line":71,"column":43}},"type":"binary-expr","locations":[{"start":{"line":71,"column":26},"end":{"line":71,"column":43}},{"start":{"line":71,"column":47},"end":{"line":71,"column":53}}]},"2":{"loc":{"start":{"line":77,"column":46},"end":{"line":77,"column":66}},"type":"cond-expr","locations":[{"start":{"line":77,"column":46},"end":{"line":77,"column":66}},{"start":{"line":77,"column":69},"end":{"line":77,"column":71}}]},"3":{"loc":{"start":{"line":79,"column":25},"end":{"line":79,"column":41}},"type":"binary-expr","locations":[{"start":{"line":79,"column":25},"end":{"line":79,"column":41}},{"start":{"line":79,"column":45},"end":{"line":79,"column":50}}]}},"s":{"0":10,"1":10,"2":10,"3":10,"4":0,"5":0,"6":0,"7":0,"8":0,"9":0,"10":0,"11":0,"12":0,"13":0,"14":10,"15":10},"f":{"0":0,"1":0,"2":0,"3":0,"4":0,"5":0},"b":{"0":[0,0],"1":[0,0],"2":[0,0],"3":[0,0]}}
,"/Users/mspaxman/code/workingrepos/seanforyou23-syndesis-react-poc/packages/ui/src/Shared/Notifications.tsx": {"path":"/Users/mspaxman/code/workingrepos/seanforyou23-syndesis-react-poc/packages/ui/src/Shared/Notifications.tsx","statementMap":{"0":{"start":{"line":1,"column":0},"end":{"line":1,"column":null}},"1":{"start":{"line":5,"column":0},"end":{"line":5,"column":31}},"2":{"start":{"line":6,"column":0},"end":{"line":6,"column":48}},"3":{"start":{"line":24,"column":4},"end":{"line":45,"column":6}},"4":{"start":{"line":27,"column":10},"end":{"line":41,"column":null}},"5":{"start":{"line":22,"column":0},"end":{"line":22,"column":13}}},"fnMap":{"0":{"name":"(anonymous_0)","decl":{"start":{"line":23,"column":9},"end":{"line":23,"column":15}},"loc":{"start":{"line":23,"column":15},"end":{"line":46,"column":3}}},"1":{"name":"(anonymous_1)","decl":{"start":{"line":26,"column":38},"end":{"line":26,"column":50}},"loc":{"start":{"line":27,"column":10},"end":{"line":41,"column":null}}}},"branchMap":{},"s":{"0":10,"1":10,"2":10,"3":0,"4":0,"5":10},"f":{"0":0,"1":0},"b":{}}
,"/Users/mspaxman/code/workingrepos/seanforyou23-syndesis-react-poc/packages/ui/src/Shared/UnrecoverableError.tsx": {"path":"/Users/mspaxman/code/workingrepos/seanforyou23-syndesis-react-poc/packages/ui/src/Shared/UnrecoverableError.tsx","statementMap":{"0":{"start":{"line":1,"column":0},"end":{"line":1,"column":46}},"1":{"start":{"line":2,"column":0},"end":{"line":2,"column":33}},"2":{"start":{"line":3,"column":0},"end":{"line":3,"column":31}},"3":{"start":{"line":4,"column":0},"end":{"line":4,"column":50}},"4":{"start":{"line":17,"column":13},"end":{"line":67,"column":2}},"5":{"start":{"line":27,"column":44},"end":{"line":27,"column":59}},"6":{"start":{"line":28,"column":26},"end":{"line":28,"column":64}},"7":{"start":{"line":28,"column":32},"end":{"line":28,"column":64}},"8":{"start":{"line":29,"column":2},"end":{"line":66,"column":4}}},"fnMap":{"0":{"name":"(anonymous_0)","decl":{"start":{"line":17,"column":70},"end":{"line":17,"column":71}},"loc":{"start":{"line":26,"column":5},"end":{"line":67,"column":1}}},"1":{"name":"(anonymous_1)","decl":{"start":{"line":28,"column":26},"end":{"line":28,"column":29}},"loc":{"start":{"line":28,"column":32},"end":{"line":28,"column":64}}}},"branchMap":{"0":{"loc":{"start":{"line":42,"column":11},"end":{"line":42,"column":16}},"type":"binary-expr","locations":[{"start":{"line":42,"column":11},"end":{"line":42,"column":16}},{"start":{"line":43,"column":12},"end":{"line":44,"column":null}}]},"1":{"loc":{"start":{"line":56,"column":9},"end":{"line":56,"column":22}},"type":"binary-expr","locations":[{"start":{"line":56,"column":9},"end":{"line":56,"column":22}},{"start":{"line":56,"column":26},"end":{"line":56,"column":31}},{"start":{"line":57,"column":10},"end":{"line":61,"column":null}}]},"2":{"loc":{"start":{"line":61,"column":13},"end":{"line":61,"column":22}},"type":"binary-expr","locations":[{"start":{"line":61,"column":13},"end":{"line":61,"column":22}},{"start":{"line":61,"column":26},"end":{"line":61,"column":63}}]}},"s":{"0":10,"1":10,"2":10,"3":10,"4":10,"5":0,"6":0,"7":0,"8":0},"f":{"0":0,"1":0},"b":{"0":[0,0],"1":[0,0,0],"2":[0,0]}}
,"/Users/mspaxman/code/workingrepos/seanforyou23-syndesis-react-poc/packages/ui/src/Shared/index.ts": {"path":"/Users/mspaxman/code/workingrepos/seanforyou23-syndesis-react-poc/packages/ui/src/Shared/index.ts","statementMap":{"0":{"start":{"line":1,"column":0},"end":{"line":1,"column":43}},"1":{"start":{"line":2,"column":0},"end":{"line":2,"column":33}},"2":{"start":{"line":3,"column":0},"end":{"line":3,"column":34}},"3":{"start":{"line":4,"column":0},"end":{"line":4,"column":28}},"4":{"start":{"line":5,"column":0},"end":{"line":5,"column":32}},"5":{"start":{"line":6,"column":0},"end":{"line":6,"column":37}}},"fnMap":{},"branchMap":{},"s":{"0":10,"1":10,"2":10,"3":10,"4":10,"5":10},"f":{},"b":{}}
}
