TN:
SF:/Users/mspaxman/code/workingrepos/seanforyou23-syndesis-react-poc/packages/ui/src/index.ts
FNF:0
FNH:0
DA:1,1
DA:3,1
DA:4,1
DA:5,1
DA:6,1
DA:7,1
DA:8,1
DA:9,1
LF:8
LH:8
BRF:0
BRH:0
end_of_record
TN:
SF:/Users/mspaxman/code/workingrepos/seanforyou23-syndesis-react-poc/packages/ui/src/Connection/ConnectionCard.tsx
FN:16,(anonymous_0)
FNF:1
FNH:1
FNDA:1,(anonymous_0)
DA:2,3
DA:3,3
DA:4,3
DA:6,3
DA:15,3
DA:17,1
LF:6
LH:6
BRF:0
BRH:0
end_of_record
TN:
SF:/Users/mspaxman/code/workingrepos/seanforyou23-syndesis-react-poc/packages/ui/src/Connection/ConnectionSkeleton.tsx
FN:5,(anonymous_0)
FNF:1
FNH:0
FNDA:0,(anonymous_0)
DA:1,3
DA:2,3
DA:3,3
DA:5,3
DA:6,0
LF:5
LH:4
BRF:0
BRH:0
end_of_record
TN:
SF:/Users/mspaxman/code/workingrepos/seanforyou23-syndesis-react-poc/packages/ui/src/Connection/ConnectionsGrid.tsx
FN:5,(anonymous_0)
FNF:1
FNH:0
FNDA:0,(anonymous_0)
DA:1,3
DA:2,3
DA:4,3
DA:6,0
LF:4
LH:3
BRF:0
BRH:0
end_of_record
TN:
SF:/Users/mspaxman/code/workingrepos/seanforyou23-syndesis-react-poc/packages/ui/src/Connection/ConnectionsGridCell.tsx
FN:5,(anonymous_0)
FNF:1
FNH:0
FNDA:0,(anonymous_0)
DA:1,3
DA:2,3
DA:4,3
DA:6,0
LF:4
LH:3
BRF:0
BRH:0
end_of_record
TN:
SF:/Users/mspaxman/code/workingrepos/seanforyou23-syndesis-react-poc/packages/ui/src/Connection/ConnectionsListView.tsx
FN:13,(anonymous_0)
FNF:1
FNH:1
FNDA:1,(anonymous_0)
DA:1,3
DA:2,3
DA:3,3
DA:10,3
DA:14,1
LF:5
LH:5
BRF:0
BRH:0
end_of_record
TN:
SF:/Users/mspaxman/code/workingrepos/seanforyou23-syndesis-react-poc/packages/ui/src/Connection/index.ts
FNF:0
FNH:0
DA:1,3
DA:2,3
DA:3,3
DA:4,3
DA:5,3
LF:5
LH:5
BRF:0
BRH:0
end_of_record
TN:
SF:/Users/mspaxman/code/workingrepos/seanforyou23-syndesis-react-poc/packages/ui/src/Customization/ApiConnectorDetail.tsx
FN:22,(anonymous_0)
FNF:1
FNH:0
FNDA:0,(anonymous_0)
DA:1,5
DA:8,5
DA:9,5
DA:10,5
DA:11,5
DA:19,5
DA:23,0
LF:7
LH:6
BRF:0
BRH:0
end_of_record
TN:
SF:/Users/mspaxman/code/workingrepos/seanforyou23-syndesis-react-poc/packages/ui/src/Customization/ApiConnectorDetailCard.tsx
FN:14,(anonymous_0)
FNF:1
FNH:0
FNDA:0,(anonymous_0)
DA:1,5
DA:2,5
DA:3,5
DA:11,5
DA:15,0
LF:5
LH:4
BRF:0
BRH:0
end_of_record
TN:
SF:/Users/mspaxman/code/workingrepos/seanforyou23-syndesis-react-poc/packages/ui/src/Customization/ApiConnectorInfo.tsx
FN:4,(anonymous_0)
FNF:1
FNH:0
FNDA:0,(anonymous_0)
DA:1,5
DA:3,5
DA:5,0
LF:3
LH:2
BRF:0
BRH:0
end_of_record
TN:
SF:/Users/mspaxman/code/workingrepos/seanforyou23-syndesis-react-poc/packages/ui/src/Customization/ApiConnectorListItem.tsx
FN:28,(anonymous_0)
FN:34,(anonymous_1)
FN:44,(anonymous_2)
FN:54,(anonymous_3)
FN:58,(anonymous_4)
FN:62,(anonymous_5)
FNF:6
FNH:0
FNDA:0,(anonymous_0)
FNDA:0,(anonymous_1)
FNDA:0,(anonymous_2)
FNDA:0,(anonymous_3)
FNDA:0,(anonymous_4)
FNDA:0,(anonymous_5)
DA:1,5
DA:8,5
DA:25,5
DA:29,0
DA:30,0
DA:31,0
DA:35,0
DA:45,0
DA:55,0
DA:59,0
DA:63,0
LF:11
LH:3
BRDA:38,0,0,0
BRDA:38,0,1,0
BRDA:48,1,0,0
BRDA:48,1,1,0
BRDA:90,2,0,0
BRDA:90,2,1,0
BRDA:97,3,0,0
BRDA:97,3,1,0
BRF:8
BRH:0
end_of_record
TN:
SF:/Users/mspaxman/code/workingrepos/seanforyou23-syndesis-react-poc/packages/ui/src/Customization/ApiConnectorListSkeleton.tsx
FN:13,(anonymous_0)
FNF:1
FNH:0
FNDA:0,(anonymous_0)
DA:3,5
DA:4,5
DA:11,5
DA:14,0
LF:4
LH:3
BRF:0
BRH:0
end_of_record
TN:
SF:/Users/mspaxman/code/workingrepos/seanforyou23-syndesis-react-poc/packages/ui/src/Customization/ApiConnectorListView.tsx
FN:25,(anonymous_0)
FN:77,(anonymous_1)
FNF:2
FNH:0
FNDA:0,(anonymous_0)
FNDA:0,(anonymous_1)
DA:1,5
DA:7,5
DA:8,5
DA:9,5
DA:22,5
DA:26,0
DA:78,0
LF:7
LH:5
BRDA:49,0,0,0
BRDA:49,0,1,0
BRDA:81,1,0,0
BRDA:81,1,1,0
BRF:4
BRH:0
end_of_record
TN:
SF:/Users/mspaxman/code/workingrepos/seanforyou23-syndesis-react-poc/packages/ui/src/Customization/ApiConnectorReview.tsx
FN:4,(anonymous_0)
FNF:1
FNH:0
FNDA:0,(anonymous_0)
DA:1,5
DA:3,5
DA:5,0
LF:3
LH:2
BRF:0
BRH:0
end_of_record
TN:
SF:/Users/mspaxman/code/workingrepos/seanforyou23-syndesis-react-poc/packages/ui/src/Customization/ExtensionDetail.tsx
FN:115,(anonymous_0)
FN:127,(anonymous_1)
FN:133,(anonymous_2)
FN:142,(anonymous_3)
FN:152,(anonymous_4)
FN:162,(anonymous_5)
FN:168,(anonymous_6)
FNF:7
FNH:6
FNDA:2,(anonymous_0)
FNDA:0,(anonymous_1)
FNDA:1,(anonymous_2)
FNDA:4,(anonymous_3)
FNDA:4,(anonymous_4)
FNDA:1,(anonymous_5)
FNDA:4,(anonymous_6)
DA:1,5
DA:11,5
DA:12,5
DA:13,5
DA:111,5
DA:116,2
DA:118,2
DA:122,2
DA:123,2
DA:124,2
DA:128,0
DA:134,1
DA:139,1
DA:143,4
DA:153,4
DA:163,1
DA:169,4
LF:17
LH:16
BRDA:146,0,0,4
BRDA:146,0,1,0
BRDA:156,1,0,4
BRDA:156,1,1,0
BRF:4
BRH:2
end_of_record
TN:
SF:/Users/mspaxman/code/workingrepos/seanforyou23-syndesis-react-poc/packages/ui/src/Customization/ExtensionImportCard.tsx
FN:76,(anonymous_0)
FNF:1
FNH:0
FNDA:0,(anonymous_0)
DA:1,5
DA:2,5
DA:3,5
DA:73,5
DA:77,0
LF:5
LH:4
BRDA:85,0,0,0
BRDA:85,0,1,0
BRF:2
BRH:0
end_of_record
TN:
SF:/Users/mspaxman/code/workingrepos/seanforyou23-syndesis-react-poc/packages/ui/src/Customization/ExtensionImportReview.tsx
FN:102,(anonymous_0)
FN:107,(anonymous_1)
FN:115,(anonymous_2)
FN:146,(anonymous_3)
FN:150,(anonymous_4)
FNF:5
FNH:5
FNDA:2,(anonymous_0)
FNDA:2,(anonymous_1)
FNDA:5,(anonymous_2)
FNDA:2,(anonymous_3)
FNDA:2,(anonymous_4)
DA:1,5
DA:2,5
DA:3,5
DA:4,5
DA:99,5
DA:103,2
DA:104,2
DA:109,0
DA:112,2
DA:116,5
DA:147,2
DA:151,2
LF:12
LH:11
BRDA:115,0,0,2
BRDA:115,0,1,0
BRDA:117,1,0,2
BRDA:117,1,1,3
BRDA:178,2,0,1
BRDA:178,2,1,1
BRF:6
BRH:5
end_of_record
TN:
SF:/Users/mspaxman/code/workingrepos/seanforyou23-syndesis-react-poc/packages/ui/src/Customization/ExtensionIntegrationsTable.tsx
FN:20,(anonymous_0)
FN:21,(anonymous_1)
FN:25,(anonymous_2)
FN:30,(anonymous_3)
FN:56,(anonymous_4)
FN:67,(anonymous_5)
FN:71,(anonymous_6)
FNF:7
FNH:0
FNDA:0,(anonymous_0)
FNDA:0,(anonymous_1)
FNDA:0,(anonymous_2)
FNDA:0,(anonymous_3)
FNDA:0,(anonymous_4)
FNDA:0,(anonymous_5)
FNDA:0,(anonymous_6)
DA:1,5
DA:2,5
DA:17,5
DA:21,0
DA:22,0
DA:25,0
DA:30,0
DA:31,0
DA:43,0
DA:56,0
DA:68,0
DA:72,0
LF:12
LH:3
BRDA:78,0,0,0
BRDA:78,0,1,0
BRF:2
BRH:0
end_of_record
TN:
SF:/Users/mspaxman/code/workingrepos/seanforyou23-syndesis-react-poc/packages/ui/src/Customization/ExtensionListItem.tsx
FN:43,(anonymous_0)
FN:56,(anonymous_1)
FN:62,(anonymous_2)
FN:71,(anonymous_3)
FN:81,(anonymous_4)
FN:91,(anonymous_5)
FN:101,(anonymous_6)
FN:107,(anonymous_7)
FN:113,(anonymous_8)
FNF:9
FNH:0
FNDA:0,(anonymous_0)
FNDA:0,(anonymous_1)
FNDA:0,(anonymous_2)
FNDA:0,(anonymous_3)
FNDA:0,(anonymous_4)
FNDA:0,(anonymous_5)
FNDA:0,(anonymous_6)
FNDA:0,(anonymous_7)
FNDA:0,(anonymous_8)
DA:2,5
DA:9,5
DA:10,5
DA:11,5
DA:39,5
DA:44,0
DA:46,0
DA:50,0
DA:51,0
DA:52,0
DA:53,0
DA:57,0
DA:63,0
DA:68,0
DA:72,0
DA:82,0
DA:92,0
DA:103,0
DA:108,0
DA:114,0
LF:20
LH:5
BRDA:75,0,0,0
BRDA:75,0,1,0
BRDA:85,1,0,0
BRDA:85,1,1,0
BRDA:95,2,0,0
BRDA:95,2,1,0
BRDA:163,3,0,0
BRDA:163,3,1,0
BRDA:170,4,0,0
BRDA:170,4,1,0
BRF:10
BRH:0
end_of_record
TN:
SF:/Users/mspaxman/code/workingrepos/seanforyou23-syndesis-react-poc/packages/ui/src/Customization/ExtensionListSkeleton.tsx
FN:13,(anonymous_0)
FNF:1
FNH:0
FNDA:0,(anonymous_0)
DA:3,5
DA:4,5
DA:11,5
DA:14,0
LF:4
LH:3
BRF:0
BRH:0
end_of_record
TN:
SF:/Users/mspaxman/code/workingrepos/seanforyou23-syndesis-react-poc/packages/ui/src/Customization/ExtensionListView.tsx
FN:26,(anonymous_0)
FN:36,(anonymous_1)
FNF:2
FNH:0
FNDA:0,(anonymous_0)
FNDA:0,(anonymous_1)
DA:1,5
DA:7,5
DA:8,5
DA:9,5
DA:23,5
DA:27,0
DA:37,0
LF:7
LH:5
BRDA:30,0,0,0
BRDA:30,0,1,0
BRDA:54,1,0,0
BRDA:54,1,1,0
BRF:4
BRH:0
end_of_record
TN:
SF:/Users/mspaxman/code/workingrepos/seanforyou23-syndesis-react-poc/packages/ui/src/Customization/ExtensionOverview.tsx
FN:53,(anonymous_0)
FNF:1
FNH:1
FNDA:2,(anonymous_0)
DA:1,5
DA:2,5
DA:3,5
DA:50,5
DA:54,2
LF:5
LH:5
BRDA:70,0,0,1
BRDA:70,0,1,1
BRDA:88,1,0,1
BRDA:88,1,1,1
BRF:4
BRH:4
end_of_record
TN:
SF:/Users/mspaxman/code/workingrepos/seanforyou23-syndesis-react-poc/packages/ui/src/Customization/ExtensionSupports.tsx
FN:19,(anonymous_0)
FN:26,(anonymous_1)
FNF:2
FNH:2
FNDA:2,(anonymous_0)
FNDA:4,(anonymous_1)
DA:1,5
DA:2,5
DA:16,5
DA:20,2
DA:27,4
LF:5
LH:5
BRDA:23,0,0,1
BRDA:23,0,1,1
BRF:2
BRH:2
end_of_record
TN:
SF:/Users/mspaxman/code/workingrepos/seanforyou23-syndesis-react-poc/packages/ui/src/Customization/index.ts
FNF:0
FNH:0
DA:1,5
DA:2,5
DA:3,5
DA:4,5
DA:5,5
DA:6,5
DA:7,5
DA:8,5
DA:9,5
DA:10,5
DA:11,5
DA:12,5
DA:13,5
DA:14,5
DA:15,5
DA:16,5
LF:16
LH:16
BRF:0
BRH:0
end_of_record
TN:
SF:/Users/mspaxman/code/workingrepos/seanforyou23-syndesis-react-poc/packages/ui/src/Dashboard/AggregatedMetricCard.tsx
FN:19,(anonymous_0)
FNF:1
FNH:1
FNDA:3,(anonymous_0)
DA:1,2
DA:8,2
DA:16,2
DA:20,3
LF:4
LH:4
BRF:0
BRH:0
end_of_record
TN:
SF:/Users/mspaxman/code/workingrepos/seanforyou23-syndesis-react-poc/packages/ui/src/Dashboard/ConnectionsMetric.tsx
FN:11,(anonymous_0)
FNF:1
FNH:0
FNDA:0,(anonymous_0)
DA:1,2
DA:2,2
DA:8,2
DA:12,0
LF:4
LH:3
BRF:0
BRH:0
end_of_record
TN:
SF:/Users/mspaxman/code/workingrepos/seanforyou23-syndesis-react-poc/packages/ui/src/Dashboard/Dashboard.tsx
FN:29,(anonymous_0)
FNF:1
FNH:0
FNDA:0,(anonymous_0)
DA:1,2
DA:2,2
DA:3,2
DA:4,2
DA:5,2
DA:28,2
DA:30,0
LF:7
LH:6
BRF:0
BRH:0
end_of_record
TN:
SF:/Users/mspaxman/code/workingrepos/seanforyou23-syndesis-react-poc/packages/ui/src/Dashboard/IntegrationBoard.tsx
FN:19,(anonymous_0)
FNF:1
FNH:0
FNDA:0,(anonymous_0)
DA:1,2
DA:2,2
DA:16,2
DA:43,0
LF:4
LH:3
BRF:0
BRH:0
end_of_record
TN:
SF:/Users/mspaxman/code/workingrepos/seanforyou23-syndesis-react-poc/packages/ui/src/Dashboard/RecentUpdatesCard.tsx
FN:9,(anonymous_0)
FNF:1
FNH:0
FNDA:0,(anonymous_0)
DA:1,2
DA:2,2
DA:8,2
DA:10,0
LF:4
LH:3
BRF:0
BRH:0
end_of_record
TN:
SF:/Users/mspaxman/code/workingrepos/seanforyou23-syndesis-react-poc/packages/ui/src/Dashboard/RecentUpdatesItem.tsx
FN:15,(anonymous_0)
FNF:1
FNH:0
FNDA:0,(anonymous_0)
DA:1,2
DA:2,2
DA:3,2
DA:15,2
DA:23,0
LF:5
LH:4
BRF:0
BRH:0
end_of_record
TN:
SF:/Users/mspaxman/code/workingrepos/seanforyou23-syndesis-react-poc/packages/ui/src/Dashboard/RecentUpdatesSkeleton.tsx
FN:4,(anonymous_0)
FNF:1
FNH:0
FNDA:0,(anonymous_0)
DA:1,2
DA:2,2
DA:4,2
DA:5,0
LF:4
LH:3
BRF:0
BRH:0
end_of_record
TN:
SF:/Users/mspaxman/code/workingrepos/seanforyou23-syndesis-react-poc/packages/ui/src/Dashboard/TopIntegrationsCard.tsx
FN:16,(anonymous_0)
FNF:1
FNH:0
FNDA:0,(anonymous_0)
DA:1,2
DA:2,2
DA:4,2
DA:13,2
DA:17,0
LF:5
LH:4
BRF:0
BRH:0
end_of_record
TN:
SF:/Users/mspaxman/code/workingrepos/seanforyou23-syndesis-react-poc/packages/ui/src/Dashboard/UptimeMetric.tsx
FN:10,(anonymous_0)
FNF:1
FNH:0
FNDA:0,(anonymous_0)
DA:1,2
DA:2,2
DA:9,2
DA:11,0
DA:12,0
DA:13,0
LF:6
LH:3
BRF:0
BRH:0
end_of_record
TN:
SF:/Users/mspaxman/code/workingrepos/seanforyou23-syndesis-react-poc/packages/ui/src/Dashboard/index.ts
FNF:0
FNH:0
DA:1,2
DA:2,2
DA:3,2
DA:4,2
DA:5,2
DA:6,2
DA:7,2
DA:8,2
DA:9,2
LF:9
LH:9
BRF:0
BRH:0
end_of_record
TN:
SF:/Users/mspaxman/code/workingrepos/seanforyou23-syndesis-react-poc/packages/ui/src/Data/index.ts
FNF:0
FNH:0
DA:1,1
DA:2,1
DA:3,1
DA:4,1
DA:5,1
DA:6,1
DA:7,1
DA:8,1
LF:8
LH:8
BRF:0
BRH:0
end_of_record
TN:
SF:/Users/mspaxman/code/workingrepos/seanforyou23-syndesis-react-poc/packages/ui/src/Data/Virtualizations/VirtualizationList.tsx
FN:34,(anonymous_0)
FN:39,(anonymous_1)
FN:49,(anonymous_2)
FN:59,(anonymous_3)
FN:63,(anonymous_4)
FNF:5
FNH:0
FNDA:0,(anonymous_0)
FNDA:0,(anonymous_1)
FNDA:0,(anonymous_2)
FNDA:0,(anonymous_3)
FNDA:0,(anonymous_4)
DA:2,1
DA:9,1
DA:10,1
DA:11,1
DA:31,1
DA:35,0
DA:36,0
DA:40,0
DA:50,0
DA:60,0
DA:64,0
LF:11
LH:5
BRDA:43,0,0,0
BRDA:43,0,1,0
BRDA:53,1,0,0
BRDA:53,1,1,0
BRDA:95,2,0,0
BRDA:95,2,1,0
BRF:6
BRH:0
end_of_record
TN:
SF:/Users/mspaxman/code/workingrepos/seanforyou23-syndesis-react-poc/packages/ui/src/Data/Virtualizations/VirtualizationListItem.tsx
FN:63,(anonymous_0)
FN:76,(anonymous_1)
FN:84,(anonymous_2)
FN:90,(anonymous_3)
FN:101,(anonymous_4)
FN:106,(anonymous_5)
FN:112,(anonymous_6)
FN:118,(anonymous_7)
FN:124,(anonymous_8)
FN:130,(anonymous_9)
FNF:10
FNH:0
FNDA:0,(anonymous_0)
FNDA:0,(anonymous_1)
FNDA:0,(anonymous_2)
FNDA:0,(anonymous_3)
FNDA:0,(anonymous_4)
FNDA:0,(anonymous_5)
FNDA:0,(anonymous_6)
FNDA:0,(anonymous_7)
FNDA:0,(anonymous_8)
FNDA:0,(anonymous_9)
DA:2,1
DA:12,1
DA:13,1
DA:14,1
DA:15,1
DA:23,1
DA:24,1
DA:59,1
DA:64,0
DA:65,0
DA:68,0
DA:69,0
DA:70,0
DA:71,0
DA:72,0
DA:73,0
DA:77,0
DA:85,0
DA:91,0
DA:97,0
DA:103,0
DA:108,0
DA:114,0
DA:120,0
DA:125,0
DA:132,0
DA:134,0
DA:140,0
LF:28
LH:8
BRDA:79,0,0,0
BRDA:79,0,1,0
BRDA:132,1,0,0
BRDA:132,1,1,0
BRDA:138,2,0,0
BRDA:138,2,1,0
BRDA:134,3,0,0
BRDA:134,3,1,0
BRDA:134,3,2,0
BRDA:134,3,3,0
BRDA:155,4,0,0
BRDA:155,4,1,0
BRDA:187,5,0,0
BRDA:187,5,1,0
BRDA:191,6,0,0
BRDA:191,6,1,0
BRDA:200,7,0,0
BRDA:200,7,1,0
BRDA:206,8,0,0
BRDA:206,8,1,0
BRDA:220,9,0,0
BRDA:220,9,1,0
BRF:22
BRH:0
end_of_record
TN:
SF:/Users/mspaxman/code/workingrepos/seanforyou23-syndesis-react-poc/packages/ui/src/Data/Virtualizations/VirtualizationListSkeleton.tsx
FN:13,(anonymous_0)
FNF:1
FNH:0
FNDA:0,(anonymous_0)
DA:3,1
DA:4,1
DA:11,1
DA:14,0
LF:4
LH:3
BRF:0
BRH:0
end_of_record
TN:
SF:/Users/mspaxman/code/workingrepos/seanforyou23-syndesis-react-poc/packages/ui/src/Data/Virtualizations/VirtualizationPublishStatus.tsx
FN:25,(anonymous_0)
FNF:1
FNH:0
FNDA:0,(anonymous_0)
DA:1,1
DA:2,1
DA:3,1
DA:22,1
DA:27,0
DA:32,0
DA:35,0
DA:36,0
DA:39,0
DA:40,0
DA:42,0
DA:43,0
DA:47,0
DA:48,0
DA:50,0
LF:15
LH:4
BRDA:28,0,0,0
BRDA:28,0,1,0
BRDA:30,1,0,0
BRDA:30,1,1,0
BRDA:34,2,0,0
BRDA:34,2,1,0
BRDA:34,2,2,0
BRDA:34,2,3,0
BRDA:34,2,4,0
BRDA:34,2,5,0
BRDA:34,2,6,0
BRF:11
BRH:0
end_of_record
TN:
SF:/Users/mspaxman/code/workingrepos/seanforyou23-syndesis-react-poc/packages/ui/src/Data/Virtualizations/VirtualizationPublishStatusDetail.tsx
FN:13,(anonymous_0)
FNF:1
FNH:0
FNDA:0,(anonymous_0)
DA:1,1
DA:2,1
DA:10,1
DA:14,0
LF:4
LH:3
BRDA:18,0,0,0
BRDA:18,0,1,0
BRF:2
BRH:0
end_of_record
TN:
SF:/Users/mspaxman/code/workingrepos/seanforyou23-syndesis-react-poc/packages/ui/src/Data/Virtualizations/models.ts
FNF:0
FNH:0
DA:1,1
DA:2,1
DA:3,1
DA:4,1
DA:5,1
DA:6,1
DA:7,1
DA:8,1
DA:21,1
DA:22,1
LF:10
LH:10
BRF:0
BRH:0
end_of_record
TN:
SF:/Users/mspaxman/code/workingrepos/seanforyou23-syndesis-react-poc/packages/ui/src/Data/Virtualizations/Views/ViewList.tsx
FN:29,(anonymous_0)
FN:105,(anonymous_1)
FN:33,(anonymous_2)
FN:85,(anonymous_3)
FN:95,(anonymous_4)
FNF:5
FNH:0
FNDA:0,(anonymous_0)
FNDA:0,(anonymous_1)
FNDA:0,(anonymous_2)
FNDA:0,(anonymous_3)
FNDA:0,(anonymous_4)
DA:2,1
DA:9,1
DA:10,1
DA:11,1
DA:28,1
DA:30,0
DA:34,0
DA:86,0
DA:96,0
DA:105,0
DA:106,0
LF:11
LH:5
BRDA:61,0,0,0
BRDA:61,0,1,0
BRDA:89,1,0,0
BRDA:89,1,1,0
BRDA:99,2,0,0
BRDA:99,2,1,0
BRF:6
BRH:0
end_of_record
TN:
SF:/Users/mspaxman/code/workingrepos/seanforyou23-syndesis-react-poc/packages/ui/src/Data/Virtualizations/Views/ViewListItem.tsx
FN:24,(anonymous_0)
FN:89,(anonymous_1)
FN:95,(anonymous_2)
FN:25,(anonymous_3)
FN:71,(anonymous_4)
FN:81,(anonymous_5)
FNF:6
FNH:0
FNDA:0,(anonymous_0)
FNDA:0,(anonymous_1)
FNDA:0,(anonymous_2)
FNDA:0,(anonymous_3)
FNDA:0,(anonymous_4)
FNDA:0,(anonymous_5)
DA:1,1
DA:10,1
DA:24,1
DA:26,0
DA:72,0
DA:82,0
DA:89,0
DA:91,0
DA:95,0
DA:97,0
LF:10
LH:3
BRDA:50,0,0,0
BRDA:50,0,1,0
BRDA:55,1,0,0
BRDA:55,1,1,0
BRDA:75,2,0,0
BRDA:75,2,1,0
BRDA:84,3,0,0
BRDA:84,3,1,0
BRF:8
BRH:0
end_of_record
TN:
SF:/Users/mspaxman/code/workingrepos/seanforyou23-syndesis-react-poc/packages/ui/src/Data/Virtualizations/Views/ViewListSkeleton.tsx
FN:13,(anonymous_0)
FNF:1
FNH:0
FNDA:0,(anonymous_0)
DA:3,1
DA:4,1
DA:11,1
DA:14,0
LF:4
LH:3
BRF:0
BRH:0
end_of_record
TN:
SF:/Users/mspaxman/code/workingrepos/seanforyou23-syndesis-react-poc/packages/ui/src/Integration/IntegrationActionSelectorCard.tsx
FN:12,(anonymous_0)
FNF:1
FNH:0
FNDA:0,(anonymous_0)
DA:3,4
DA:10,4
DA:13,0
LF:3
LH:2
BRF:0
BRH:0
end_of_record
TN:
SF:/Users/mspaxman/code/workingrepos/seanforyou23-syndesis-react-poc/packages/ui/src/Integration/IntegrationDetailDescription.tsx
FN:11,(anonymous_0)
FNF:1
FNH:0
FNDA:0,(anonymous_0)
DA:1,4
DA:2,4
DA:8,4
DA:12,0
LF:4
LH:3
BRDA:15,0,0,0
BRDA:15,0,1,0
BRF:2
BRH:0
end_of_record
TN:
SF:/Users/mspaxman/code/workingrepos/seanforyou23-syndesis-react-poc/packages/ui/src/Integration/IntegrationDetailEditableName.tsx
FN:11,(anonymous_0)
FNF:1
FNH:0
FNDA:0,(anonymous_0)
DA:1,4
DA:2,4
DA:8,4
DA:12,0
LF:4
LH:3
BRDA:15,0,0,0
BRDA:15,0,1,0
BRF:2
BRH:0
end_of_record
TN:
SF:/Users/mspaxman/code/workingrepos/seanforyou23-syndesis-react-poc/packages/ui/src/Integration/IntegrationDetailHistoryListView.tsx
FN:17,(anonymous_0)
FNF:1
FNH:0
FNDA:0,(anonymous_0)
DA:1,4
DA:2,4
DA:4,4
DA:14,4
DA:18,0
LF:5
LH:4
BRDA:25,0,0,0
BRDA:25,0,1,0
BRDA:50,1,0,0
BRDA:50,1,1,0
BRDA:60,2,0,0
BRDA:60,2,1,0
BRF:6
BRH:0
end_of_record
TN:
SF:/Users/mspaxman/code/workingrepos/seanforyou23-syndesis-react-poc/packages/ui/src/Integration/IntegrationDetailHistoryListViewItem.tsx
FN:22,(anonymous_0)
FNF:1
FNH:0
FNDA:0,(anonymous_0)
DA:1,4
DA:8,4
DA:19,4
DA:23,0
LF:4
LH:3
BRF:0
BRH:0
end_of_record
TN:
SF:/Users/mspaxman/code/workingrepos/seanforyou23-syndesis-react-poc/packages/ui/src/Integration/IntegrationDetailInfo.tsx
FN:15,(anonymous_0)
FNF:1
FNH:0
FNDA:0,(anonymous_0)
DA:1,4
DA:3,4
DA:5,4
DA:12,4
DA:16,0
LF:5
LH:4
BRDA:20,0,0,0
BRDA:20,0,1,0
BRF:2
BRH:0
end_of_record
TN:
SF:/Users/mspaxman/code/workingrepos/seanforyou23-syndesis-react-poc/packages/ui/src/Integration/IntegrationEditorActionsListItem.tsx
FN:13,(anonymous_0)
FNF:1
FNH:0
FNDA:0,(anonymous_0)
DA:1,4
DA:2,4
DA:10,4
DA:14,0
LF:4
LH:3
BRF:0
BRH:0
end_of_record
TN:
SF:/Users/mspaxman/code/workingrepos/seanforyou23-syndesis-react-poc/packages/ui/src/Integration/IntegrationEditorChooseAction.tsx
FN:25,(anonymous_0)
FNF:1
FNH:0
FNDA:0,(anonymous_0)
DA:1,4
DA:2,4
DA:3,4
DA:22,4
DA:26,0
LF:5
LH:4
BRF:0
BRH:0
end_of_record
TN:
SF:/Users/mspaxman/code/workingrepos/seanforyou23-syndesis-react-poc/packages/ui/src/Integration/IntegrationEditorChooseConnection.tsx
FN:26,(anonymous_0)
FNF:1
FNH:0
FNDA:0,(anonymous_0)
DA:1,4
DA:2,4
DA:3,4
DA:23,4
DA:27,0
LF:5
LH:4
BRF:0
BRH:0
end_of_record
TN:
SF:/Users/mspaxman/code/workingrepos/seanforyou23-syndesis-react-poc/packages/ui/src/Integration/IntegrationEditorConnectionsListItem.tsx
FN:14,(anonymous_0)
FNF:1
FNH:0
FNDA:0,(anonymous_0)
DA:1,4
DA:2,4
DA:11,4
DA:15,0
LF:4
LH:3
BRF:0
BRH:0
end_of_record
TN:
SF:/Users/mspaxman/code/workingrepos/seanforyou23-syndesis-react-poc/packages/ui/src/Integration/IntegrationEditorForm.tsx
FN:34,(anonymous_0)
FNF:1
FNH:0
FNDA:0,(anonymous_0)
DA:1,4
DA:2,4
DA:31,4
DA:35,0
LF:4
LH:3
BRDA:46,0,0,0
BRDA:46,0,1,0
BRF:2
BRH:0
end_of_record
TN:
SF:/Users/mspaxman/code/workingrepos/seanforyou23-syndesis-react-poc/packages/ui/src/Integration/IntegrationEditorLayout.tsx
FN:62,(anonymous_0)
FNF:1
FNH:0
FNDA:0,(anonymous_0)
DA:3,4
DA:5,4
DA:6,4
DA:7,4
DA:60,4
DA:76,0
LF:6
LH:5
BRDA:74,0,0,0
BRDA:106,1,0,0
BRDA:106,1,1,0
BRDA:108,2,0,0
BRDA:108,2,1,0
BRDA:110,3,0,0
BRDA:110,3,1,0
BRF:7
BRH:0
end_of_record
TN:
SF:/Users/mspaxman/code/workingrepos/seanforyou23-syndesis-react-poc/packages/ui/src/Integration/IntegrationEditorNothingToConfigure.tsx
FN:28,(anonymous_0)
FNF:1
FNH:0
FNDA:0,(anonymous_0)
DA:1,4
DA:2,4
DA:25,4
DA:29,0
LF:4
LH:3
BRF:0
BRH:0
end_of_record
TN:
SF:/Users/mspaxman/code/workingrepos/seanforyou23-syndesis-react-poc/packages/ui/src/Integration/IntegrationEditorStepsList.tsx
FN:5,(anonymous_0)
FNF:1
FNH:0
FNDA:0,(anonymous_0)
DA:1,4
DA:2,4
DA:4,4
DA:6,0
LF:4
LH:3
BRF:0
BRH:0
end_of_record
TN:
SF:/Users/mspaxman/code/workingrepos/seanforyou23-syndesis-react-poc/packages/ui/src/Integration/IntegrationEditorStepsListItem.tsx
FN:14,(anonymous_0)
FNF:1
FNH:0
FNDA:0,(anonymous_0)
DA:1,4
DA:2,4
DA:11,4
DA:15,0
LF:4
LH:3
BRF:0
BRH:0
end_of_record
TN:
SF:/Users/mspaxman/code/workingrepos/seanforyou23-syndesis-react-poc/packages/ui/src/Integration/IntegrationFlowAddStep.tsx
FN:35,(anonymous_0)
FN:42,(anonymous_1)
FN:48,(anonymous_2)
FN:54,(anonymous_3)
FN:60,(anonymous_4)
FNF:5
FNH:0
FNDA:0,(anonymous_0)
FNDA:0,(anonymous_1)
FNDA:0,(anonymous_2)
FNDA:0,(anonymous_3)
FNDA:0,(anonymous_4)
DA:2,4
DA:3,4
DA:4,4
DA:5,4
DA:20,4
DA:24,4
DA:28,0
DA:33,0
DA:36,0
DA:37,0
DA:38,0
DA:39,0
DA:43,0
DA:49,0
DA:55,0
DA:61,0
LF:16
LH:6
BRDA:76,0,0,0
BRDA:76,0,1,0
BRDA:80,1,0,0
BRDA:80,1,1,0
BRDA:88,2,0,0
BRDA:88,2,1,0
BRDA:88,2,2,0
BRDA:91,3,0,0
BRDA:91,3,1,0
BRDA:91,3,2,0
BRF:10
BRH:0
end_of_record
TN:
SF:/Users/mspaxman/code/workingrepos/seanforyou23-syndesis-react-poc/packages/ui/src/Integration/IntegrationFlowStep.tsx
FN:34,(anonymous_0)
FNF:1
FNH:0
FNDA:0,(anonymous_0)
DA:1,4
DA:2,4
DA:3,4
DA:4,4
DA:27,4
DA:30,4
DA:36,0
DA:39,0
DA:41,0
LF:9
LH:6
BRDA:49,0,0,0
BRDA:49,0,1,0
BRF:2
BRH:0
end_of_record
TN:
SF:/Users/mspaxman/code/workingrepos/seanforyou23-syndesis-react-poc/packages/ui/src/Integration/IntegrationFlowStepDetails.tsx
FN:5,(anonymous_0)
FN:9,(anonymous_1)
FN:22,(anonymous_2)
FN:68,(anonymous_3)
FNF:4
FNH:0
FNDA:0,(anonymous_0)
FNDA:0,(anonymous_1)
FNDA:0,(anonymous_2)
FNDA:0,(anonymous_3)
DA:1,4
DA:2,4
DA:3,4
DA:5,4
DA:6,0
DA:9,4
DA:10,0
DA:22,4
DA:30,0
DA:61,4
DA:64,4
DA:69,0
LF:12
LH:8
BRF:0
BRH:0
end_of_record
TN:
SF:/Users/mspaxman/code/workingrepos/seanforyou23-syndesis-react-poc/packages/ui/src/Integration/IntegrationFlowStepGeneric.tsx
FN:36,(anonymous_0)
FN:51,(anonymous_1)
FNF:2
FNH:0
FNDA:0,(anonymous_0)
FNDA:0,(anonymous_1)
DA:3,4
DA:4,4
DA:8,4
DA:34,4
DA:44,0
DA:52,0
LF:6
LH:4
BRDA:38,0,0,0
BRF:1
BRH:0
end_of_record
TN:
SF:/Users/mspaxman/code/workingrepos/seanforyou23-syndesis-react-poc/packages/ui/src/Integration/IntegrationFlowStepWithOverview.tsx
FN:46,(anonymous_0)
FN:63,(anonymous_1)
FNF:2
FNH:0
FNDA:0,(anonymous_0)
FNDA:0,(anonymous_1)
DA:3,4
DA:4,4
DA:8,4
DA:44,4
DA:56,0
DA:64,0
LF:6
LH:4
BRDA:50,0,0,0
BRF:1
BRH:0
end_of_record
TN:
SF:/Users/mspaxman/code/workingrepos/seanforyou23-syndesis-react-poc/packages/ui/src/Integration/IntegrationIcon.tsx
FN:12,(anonymous_0)
FNF:1
FNH:0
FNDA:0,(anonymous_0)
DA:3,4
DA:4,4
DA:10,4
DA:13,0
LF:4
LH:3
BRF:0
BRH:0
end_of_record
TN:
SF:/Users/mspaxman/code/workingrepos/seanforyou23-syndesis-react-poc/packages/ui/src/Integration/IntegrationProgress.tsx
FN:17,(anonymous_0)
FNF:1
FNH:1
FNDA:5,(anonymous_0)
DA:1,4
DA:2,4
DA:4,4
DA:14,4
DA:18,5
LF:5
LH:5
BRDA:25,0,0,5
BRDA:25,0,1,2
BRF:2
BRH:2
end_of_record
TN:
SF:/Users/mspaxman/code/workingrepos/seanforyou23-syndesis-react-poc/packages/ui/src/Integration/IntegrationStatus.tsx
FN:21,(anonymous_0)
FNF:1
FNH:0
FNDA:0,(anonymous_0)
DA:1,4
DA:2,4
DA:3,4
DA:18,4
DA:23,0
DA:29,0
DA:32,0
DA:33,0
DA:35,0
DA:36,0
DA:38,0
DA:39,0
DA:41,0
LF:13
LH:4
BRDA:24,0,0,0
BRDA:24,0,1,0
BRDA:27,1,0,0
BRDA:27,1,1,0
BRDA:25,2,0,0
BRDA:25,2,1,0
BRDA:31,3,0,0
BRDA:31,3,1,0
BRDA:31,3,2,0
BRF:9
BRH:0
end_of_record
TN:
SF:/Users/mspaxman/code/workingrepos/seanforyou23-syndesis-react-poc/packages/ui/src/Integration/IntegrationStatusDetail.tsx
FN:23,(anonymous_0)
FNF:1
FNH:1
FNDA:3,(anonymous_0)
DA:1,4
DA:2,4
DA:3,4
DA:4,4
DA:6,4
DA:20,4
DA:24,3
DA:27,2
DA:28,2
DA:30,1
DA:31,1
DA:33,3
LF:12
LH:12
BRDA:26,0,0,2
BRDA:26,0,1,1
BRDA:39,1,0,1
BRDA:39,1,1,2
BRDA:38,2,0,3
BRDA:38,2,1,1
BRDA:38,2,2,1
BRF:7
BRH:7
end_of_record
TN:
SF:/Users/mspaxman/code/workingrepos/seanforyou23-syndesis-react-poc/packages/ui/src/Integration/IntegrationStepsHorizontalView.tsx
FN:18,(anonymous_0)
FN:34,(anonymous_1)
FNF:2
FNH:0
FNDA:0,(anonymous_0)
FNDA:0,(anonymous_1)
DA:1,4
DA:2,4
DA:4,4
DA:15,4
DA:19,0
DA:35,0
LF:6
LH:4
BRDA:25,0,0,0
BRDA:25,0,1,0
BRDA:24,1,0,0
BRDA:24,1,1,0
BRDA:33,2,0,0
BRDA:33,2,1,0
BRF:6
BRH:0
end_of_record
TN:
SF:/Users/mspaxman/code/workingrepos/seanforyou23-syndesis-react-poc/packages/ui/src/Integration/IntegrationVerticalFlow.tsx
FN:38,(anonymous_0)
FN:43,(anonymous_1)
FN:51,(anonymous_2)
FNF:3
FNH:0
FNDA:0,(anonymous_0)
FNDA:0,(anonymous_1)
FNDA:0,(anonymous_2)
DA:1,4
DA:2,4
DA:3,4
DA:4,4
DA:26,4
DA:30,4
DA:34,0
DA:39,0
DA:40,0
DA:44,0
DA:45,0
DA:46,0
DA:52,0
LF:13
LH:6
BRDA:45,0,0,0
BRDA:45,0,1,0
BRF:2
BRH:0
end_of_record
TN:
SF:/Users/mspaxman/code/workingrepos/seanforyou23-syndesis-react-poc/packages/ui/src/Integration/IntegrationsList.tsx
FN:5,(anonymous_0)
FNF:1
FNH:0
FNDA:0,(anonymous_0)
DA:1,4
DA:2,4
DA:4,4
DA:6,0
LF:4
LH:3
BRF:0
BRH:0
end_of_record
TN:
SF:/Users/mspaxman/code/workingrepos/seanforyou23-syndesis-react-poc/packages/ui/src/Integration/IntegrationsListItem.tsx
FN:33,(anonymous_0)
FNF:1
FNH:0
FNDA:0,(anonymous_0)
DA:1,4
DA:2,4
DA:3,4
DA:4,4
DA:5,4
DA:30,4
DA:34,0
LF:7
LH:6
BRDA:40,0,0,0
BRDA:40,0,1,0
BRDA:51,1,0,0
BRDA:51,1,1,0
BRF:4
BRH:0
end_of_record
TN:
SF:/Users/mspaxman/code/workingrepos/seanforyou23-syndesis-react-poc/packages/ui/src/Integration/IntegrationsListItemActions.tsx
FN:21,(anonymous_0)
FN:29,(anonymous_1)
FNF:2
FNH:0
FNDA:0,(anonymous_0)
FNDA:0,(anonymous_1)
DA:2,4
DA:3,4
DA:4,4
DA:5,4
DA:18,4
DA:22,0
DA:30,0
LF:7
LH:5
BRDA:32,0,0,0
BRDA:32,0,1,0
BRF:2
BRH:0
end_of_record
TN:
SF:/Users/mspaxman/code/workingrepos/seanforyou23-syndesis-react-poc/packages/ui/src/Integration/IntegrationsListItemUnreadable.tsx
FN:13,(anonymous_0)
FN:14,(anonymous_1)
FNF:2
FNH:0
FNDA:0,(anonymous_0)
FNDA:0,(anonymous_1)
DA:1,4
DA:2,4
DA:3,4
DA:11,4
DA:14,0
DA:15,0
LF:6
LH:4
BRF:0
BRH:0
end_of_record
TN:
SF:/Users/mspaxman/code/workingrepos/seanforyou23-syndesis-react-poc/packages/ui/src/Integration/IntegrationsListSkeleton.tsx
FN:4,getRandom
FN:8,(anonymous_1)
FN:42,(anonymous_2)
FNF:3
FNH:0
FNDA:0,getRandom
FNDA:0,(anonymous_1)
FNDA:0,(anonymous_2)
DA:1,4
DA:2,4
DA:5,0
DA:8,4
DA:9,0
DA:41,4
DA:43,0
LF:7
LH:4
BRF:0
BRH:0
end_of_record
TN:
SF:/Users/mspaxman/code/workingrepos/seanforyou23-syndesis-react-poc/packages/ui/src/Integration/IntegrationsListView.tsx
FN:15,(anonymous_0)
FNF:1
FNH:0
FNDA:0,(anonymous_0)
DA:1,4
DA:2,4
DA:3,4
DA:12,4
DA:16,0
LF:5
LH:4
BRF:0
BRH:0
end_of_record
TN:
SF:/Users/mspaxman/code/workingrepos/seanforyou23-syndesis-react-poc/packages/ui/src/Integration/index.ts
FNF:0
FNH:0
DA:1,4
DA:2,4
DA:3,4
DA:4,4
DA:5,4
DA:6,4
DA:7,4
DA:8,4
DA:9,4
DA:10,4
DA:11,4
DA:12,4
DA:13,4
DA:14,4
DA:15,4
DA:16,4
DA:17,4
DA:18,4
DA:19,4
DA:20,4
DA:21,4
DA:22,4
DA:23,4
DA:24,4
DA:25,4
DA:26,4
DA:27,4
DA:28,4
DA:29,4
DA:30,4
DA:31,4
DA:32,4
LF:32
LH:32
BRF:0
BRH:0
end_of_record
TN:
SF:/Users/mspaxman/code/workingrepos/seanforyou23-syndesis-react-poc/packages/ui/src/Integration/models.ts
FNF:0
FNH:0
DA:2,4
DA:3,4
DA:4,4
DA:5,4
DA:14,4
DA:15,4
LF:6
LH:6
BRF:0
BRH:0
end_of_record
TN:
SF:/Users/mspaxman/code/workingrepos/seanforyou23-syndesis-react-poc/packages/ui/src/Layout/AppLayout.tsx
FN:18,(anonymous_0)
FNF:1
FNH:1
FNDA:3,(anonymous_0)
DA:1,10
DA:2,10
DA:17,10
DA:19,3
LF:4
LH:4
BRF:0
BRH:0
end_of_record
TN:
SF:/Users/mspaxman/code/workingrepos/seanforyou23-syndesis-react-poc/packages/ui/src/Layout/AppTopMenu.tsx
FN:17,(anonymous_0)
FNF:1
FNH:0
FNDA:0,(anonymous_0)
DA:3,10
DA:4,10
DA:17,10
DA:21,0
LF:4
LH:3
BRF:0
BRH:0
end_of_record
TN:
SF:/Users/mspaxman/code/workingrepos/seanforyou23-syndesis-react-poc/packages/ui/src/Layout/Breadcrumb.tsx
FN:13,(anonymous_0)
FN:21,(anonymous_1)
FNF:2
FNH:0
FNDA:0,(anonymous_0)
FNDA:0,(anonymous_1)
DA:3,10
DA:4,10
DA:13,10
DA:14,0
DA:22,0
LF:5
LH:3
BRDA:23,0,0,0
BRDA:23,0,1,0
BRF:2
BRH:0
end_of_record
TN:
SF:/Users/mspaxman/code/workingrepos/seanforyou23-syndesis-react-poc/packages/ui/src/Layout/ButtonLink.tsx
FN:25,(anonymous_0)
FNF:1
FNH:1
FNDA:3,(anonymous_0)
DA:3,10
DA:5,10
DA:6,10
DA:25,10
DA:35,3
DA:40,3
LF:6
LH:6
BRDA:30,0,0,0
BRDA:41,1,0,3
BRDA:41,1,1,0
BRDA:48,2,0,0
BRDA:48,2,1,0
BRDA:48,2,2,0
BRF:6
BRH:1
end_of_record
TN:
SF:/Users/mspaxman/code/workingrepos/seanforyou23-syndesis-react-poc/packages/ui/src/Layout/Container.tsx
FN:11,(anonymous_0)
FNF:1
FNH:1
FNDA:5,(anonymous_0)
DA:3,10
DA:4,10
DA:11,10
DA:16,5
LF:4
LH:4
BRF:0
BRH:0
end_of_record
TN:
SF:/Users/mspaxman/code/workingrepos/seanforyou23-syndesis-react-poc/packages/ui/src/Layout/Loader.tsx
FN:22,(anonymous_0)
FNF:1
FNH:0
FNDA:0,(anonymous_0)
DA:1,10
DA:2,10
DA:3,10
DA:5,10
DA:14,10
DA:15,10
DA:23,0
LF:7
LH:6
BRF:0
BRH:0
end_of_record
TN:
SF:/Users/mspaxman/code/workingrepos/seanforyou23-syndesis-react-poc/packages/ui/src/Layout/PfNavLink.tsx
FN:20,joinClassnames
FN:21,(anonymous_1)
FN:24,(anonymous_2)
FN:43,(anonymous_3)
FNF:4
FNH:0
FNDA:0,joinClassnames
FNDA:0,(anonymous_1)
FNDA:0,(anonymous_2)
FNDA:0,(anonymous_3)
DA:2,10
DA:3,10
DA:4,10
DA:21,0
DA:24,10
DA:38,0
DA:41,0
DA:43,0
DA:50,0
DA:54,0
DA:57,0
DA:59,0
DA:67,0
LF:13
LH:4
BRDA:25,0,0,0
BRDA:38,1,0,0
BRDA:38,1,1,0
BRDA:41,2,0,0
BRDA:41,2,1,0
BRDA:51,3,0,0
BRDA:51,3,1,0
BRDA:55,4,0,0
BRDA:55,4,1,0
BRDA:57,5,0,0
BRDA:57,5,1,0
BRF:11
BRH:0
end_of_record
TN:
SF:/Users/mspaxman/code/workingrepos/seanforyou23-syndesis-react-poc/packages/ui/src/Layout/PfVerticalNavItem.tsx
FN:19,PfVerticalNavItem
FN:36,(anonymous_1)
FNF:2
FNH:2
FNDA:5,PfVerticalNavItem
FNDA:5,(anonymous_1)
DA:1,10
DA:2,10
DA:3,10
DA:4,10
DA:5,10
DA:31,5
DA:34,5
DA:36,5
DA:43,5
DA:47,5
DA:69,5
DA:80,10
DA:82,10
LF:13
LH:13
BRDA:31,0,0,0
BRDA:31,0,1,5
BRDA:34,1,0,5
BRDA:34,1,1,5
BRDA:44,2,0,0
BRDA:44,2,1,5
BRF:6
BRH:4
end_of_record
TN:
SF:/Users/mspaxman/code/workingrepos/seanforyou23-syndesis-react-poc/packages/ui/src/Layout/TabBar.tsx
FN:8,(anonymous_0)
FNF:1
FNH:0
FNDA:0,(anonymous_0)
DA:1,10
DA:2,10
DA:8,10
DA:12,0
LF:4
LH:3
BRF:0
BRH:0
end_of_record
TN:
SF:/Users/mspaxman/code/workingrepos/seanforyou23-syndesis-react-poc/packages/ui/src/Layout/TabBarItem.tsx
FN:13,(anonymous_0)
FNF:1
FNH:0
FNDA:0,(anonymous_0)
DA:4,10
DA:5,10
DA:13,10
DA:17,0
LF:4
LH:3
BRF:0
BRH:0
end_of_record
TN:
SF:/Users/mspaxman/code/workingrepos/seanforyou23-syndesis-react-poc/packages/ui/src/Layout/WizardStep.tsx
FN:16,(anonymous_0)
FN:40,(anonymous_1)
FN:53,(anonymous_2)
FNF:3
FNH:0
FNDA:0,(anonymous_0)
FNDA:0,(anonymous_1)
FNDA:0,(anonymous_2)
DA:3,10
DA:16,10
DA:26,0
DA:41,0
DA:54,0
LF:5
LH:2
BRDA:19,0,0,0
BRDA:23,1,0,0
BRDA:24,2,0,0
BRDA:27,3,0,0
BRDA:27,3,1,0
BRDA:28,4,0,0
BRDA:28,4,1,0
BRDA:29,5,0,0
BRDA:29,5,1,0
BRDA:33,6,0,0
BRDA:33,6,1,0
BRDA:36,7,0,0
BRDA:36,7,1,0
BRDA:39,8,0,0
BRDA:39,8,1,0
BRDA:43,9,0,0
BRDA:43,9,1,0
BRDA:51,10,0,0
BRDA:51,10,1,0
BRDA:51,10,2,0
BRDA:56,11,0,0
BRDA:56,11,1,0
BRF:22
BRH:0
end_of_record
TN:
SF:/Users/mspaxman/code/workingrepos/seanforyou23-syndesis-react-poc/packages/ui/src/Layout/WizardSteps.tsx
FN:14,(anonymous_0)
FNF:1
FNH:0
FNDA:0,(anonymous_0)
DA:1,10
DA:13,10
DA:15,0
LF:3
LH:2
BRDA:19,0,0,0
BRDA:19,0,1,0
BRDA:25,1,0,0
BRDA:25,1,1,0
BRF:4
BRH:0
end_of_record
TN:
SF:/Users/mspaxman/code/workingrepos/seanforyou23-syndesis-react-poc/packages/ui/src/Layout/index.ts
FNF:0
FNH:0
DA:1,10
DA:2,10
DA:3,10
DA:4,10
DA:5,10
DA:6,10
DA:7,10
DA:8,10
DA:9,10
DA:10,10
DA:11,10
DA:12,10
LF:12
LH:12
BRF:0
BRH:0
end_of_record
TN:
SF:/Users/mspaxman/code/workingrepos/seanforyou23-syndesis-react-poc/packages/ui/src/Shared/DeleteConfirmationDialog.tsx
FN:55,(anonymous_0)
FNF:1
FNH:1
FNDA:4,(anonymous_0)
DA:1,10
DA:2,10
DA:52,10
DA:56,4
LF:4
LH:4
BRDA:70,0,0,0
BRDA:70,0,1,4
BRF:2
BRH:1
end_of_record
TN:
SF:/Users/mspaxman/code/workingrepos/seanforyou23-syndesis-react-poc/packages/ui/src/Shared/DndFileChooser.tsx
FN:104,(anonymous_0)
FN:120,(anonymous_1)
FN:130,(anonymous_2)
FN:144,(anonymous_3)
FN:170,(anonymous_4)
FN:179,(anonymous_5)
FN:196,(anonymous_7)
FN:205,(anonymous_8)
FNF:8
FNH:0
FNDA:0,(anonymous_0)
FNDA:0,(anonymous_1)
FNDA:0,(anonymous_2)
FNDA:0,(anonymous_3)
FNDA:0,(anonymous_4)
FNDA:0,(anonymous_5)
FNDA:0,(anonymous_7)
FNDA:0,(anonymous_8)
DA:1,10
DA:2,10
DA:3,10
DA:4,10
DA:5,10
DA:95,10
DA:100,10
DA:105,0
DA:108,0
DA:113,0
DA:114,0
DA:123,0
DA:128,0
DA:131,0
DA:138,0
DA:146,0
DA:154,0
DA:163,0
DA:171,0
DA:172,0
DA:180,0
DA:189,0
DA:197,0
DA:206,0
LF:24
LH:7
BRDA:239,0,0,0
BRDA:239,0,1,0
BRF:2
BRH:0
end_of_record
TN:
SF:/Users/mspaxman/code/workingrepos/seanforyou23-syndesis-react-poc/packages/ui/src/Shared/ListViewToolbar.tsx
FN:59,(anonymous_0)
FN:108,(anonymous_1)
FN:60,(anonymous_2)
FN:90,(anonymous_3)
FNF:4
FNH:3
FNDA:1,(anonymous_0)
FNDA:1,(anonymous_1)
FNDA:1,(anonymous_2)
FNDA:0,(anonymous_3)
DA:1,10
DA:2,10
DA:3,10
DA:59,10
DA:61,1
DA:91,0
DA:108,1
DA:109,1
DA:111,0
DA:114,0
DA:122,1
LF:11
LH:8
BRDA:86,0,0,1
BRDA:86,0,1,1
BRDA:86,0,2,0
BRF:3
BRH:2
end_of_record
TN:
SF:/Users/mspaxman/code/workingrepos/seanforyou23-syndesis-react-poc/packages/ui/src/Shared/LogViewer.tsx
FN:51,(anonymous_0)
FN:99,(anonymous_1)
FN:114,(anonymous_2)
FN:32,(anonymous_3)
FN:59,(anonymous_4)
FN:68,(anonymous_5)
FNF:6
FNH:0
FNDA:0,(anonymous_0)
FNDA:0,(anonymous_1)
FNDA:0,(anonymous_2)
FNDA:0,(anonymous_3)
FNDA:0,(anonymous_4)
FNDA:0,(anonymous_5)
DA:1,10
DA:2,10
DA:3,10
DA:10,10
DA:24,10
DA:28,10
DA:36,0
DA:43,0
DA:52,0
DA:53,0
DA:60,0
DA:69,0
DA:99,0
DA:100,0
DA:114,0
DA:115,0
LF:16
LH:6
BRDA:39,0,0,0
BRDA:39,0,1,0
BRDA:71,1,0,0
BRDA:71,1,1,0
BRDA:77,2,0,0
BRDA:77,2,1,0
BRDA:79,3,0,0
BRDA:79,3,1,0
BRF:8
BRH:0
end_of_record
TN:
SF:/Users/mspaxman/code/workingrepos/seanforyou23-syndesis-react-poc/packages/ui/src/Shared/Notifications.tsx
FN:23,(anonymous_0)
FN:26,(anonymous_1)
FNF:2
FNH:0
FNDA:0,(anonymous_0)
FNDA:0,(anonymous_1)
DA:1,10
DA:5,10
DA:6,10
DA:22,10
DA:24,0
DA:27,0
LF:6
LH:4
BRF:0
BRH:0
end_of_record
TN:
SF:/Users/mspaxman/code/workingrepos/seanforyou23-syndesis-react-poc/packages/ui/src/Shared/UnrecoverableError.tsx
FN:17,(anonymous_0)
FN:28,(anonymous_1)
FNF:2
FNH:0
FNDA:0,(anonymous_0)
FNDA:0,(anonymous_1)
DA:1,10
DA:2,10
DA:3,10
DA:4,10
DA:17,10
DA:27,0
DA:28,0
DA:29,0
LF:8
LH:5
BRDA:42,0,0,0
BRDA:42,0,1,0
BRDA:56,1,0,0
BRDA:56,1,1,0
BRDA:56,1,2,0
BRDA:61,2,0,0
BRDA:61,2,1,0
BRF:7
BRH:0
end_of_record
TN:
SF:/Users/mspaxman/code/workingrepos/seanforyou23-syndesis-react-poc/packages/ui/src/Shared/index.ts
FNF:0
FNH:0
DA:1,10
DA:2,10
DA:3,10
DA:4,10
DA:5,10
DA:6,10
LF:6
LH:6
BRF:0
BRH:0
end_of_record
